[qbdi-host] native-init stage=nSign-entry android-api=36 context=unidbg@0x5026735c params=unidbg@0x10f7f7de hmac=unidbg@0x73a8da0f
[qbdi-host] native-init stage=entry caller=0xcbc30 context=unidbg@0xe4fff3c8 flags=0x51183fffffd1e
[qbdi-host] native-init stage=select-0x2b state=0xdceadccbe705fd3c context=unidbg@0xe4fff3c8
[qbdi-host] native-init stage=wrapper-entry context=unidbg@0xe4fff3c8 flags=0x51183fffffd1e
[qbdi-host] native-init stage=correction-call code=0x2b context=unidbg@0xe4fff3c8
[qbdi-host] native-init stage=before-flag-set context=unidbg@0xe4fff3c8 flags=0x51183fffffd1e
[qbdi-host] native-init stage=after-flag-set context=unidbg@0xe4fff3c8 flags=0x51183fffffd1f
[qbdi-host] native-init stage=exit context=unidbg@0xe4fff3c8 flags=0x2051983fffffd1f
[qbdi-host] native-init stage=public-source-probe-call path=/data/app/~~7_posD2Xt1__e0e3j-WT5Q==/local.qbdi.adjustreference-g0OvN03MKCT_ocLhy-EC4Q==/base.apk result=unidbg@0xe4fff2d4 initial=0x0
[qbdi-host] native-hmac offset=0xe6c0 lr=0xcbd48 x0=unidbg@0xfffe1640 x1=unidbg@0xe4fff2d4 x2=unidbg@0xe4fff3c8 x3=unidbg@0x5026735c x4=unidbg@0x73a8da0f x5=unidbg@0xa6 status0=-127248
[qbdi-host] native-hmac offset=0xe6c4 lr=0xcbd48 x0=unidbg@0xfffe1640 x1=unidbg@0xe4fff2d4 x2=unidbg@0xe4fff3c8 x3=unidbg@0x5026735c x4=unidbg@0x73a8da0f x5=unidbg@0xa6 status0=-1
[qbdi-host] native-hmac offset=0xe754 lr=0xcbd48 x0=unidbg@0xe4fff3c8 x1=unidbg@0xe4fff2d4 x2=unidbg@0xe4fff3c8 x3=unidbg@0x5026735c x4=unidbg@0x73a8da0f x5=unidbg@0xa6 status0=-1
[qbdi-host] native-hmac offset=0xe758 lr=0xe758 x0=unidbg@0xe4fff3c8 x1=unidbg@0xe4fff2d4 x2=unidbg@0xe4fff3c8 x3=unidbg@0x5026735c x4=unidbg@0x73a8da0f x5=unidbg@0xa6 status0=-1
[qbdi-host] native-hmac offset=0xee84 lr=0xe758 x0=unidbg@0xfffe1640 x1=unidbg@0xe4fff2d4 x2=unidbg@0xe4fff3c8 x3=unidbg@0x5026735c x4=unidbg@0xe4fff228 x5=unidbg@0xa6 status0=-127248
[qbdi-host] native-hmac offset=0xee88 lr=0xee88 x0=unidbg@0x1 x1=unidbg@0x1046d517 x2=unidbg@0x9b7c7a7ca26efd5e x3=unidbg@0xae3d031031c3afc4 x4=unidbg@0x9affff1cdb2c520f x5=unidbg@0x937c2e25e72252cc status0=-1
[qbdi-host] native-hmac offset=0xed70 lr=0xee88 x0=unidbg@0xe4fff2d4 x1=unidbg@0xfffe1640 x2=unidbg@0x10f7f7de x3=unidbg@0xe4fff200 x4=unidbg@0x9affff1cdb2c520f x5=unidbg@0x937c2e25e72252cc status0=0
[qbdi-host] native-hmac offset=0xed74 lr=0xed74 x0=null x1=unidbg@0xfffffffffa8d36d4 x2=unidbg@0x3a63c45d x3=RW@0x12484af0[libsigner.so]0x144af0 x4=unidbg@0x9affff1cdb2c520f x5=unidbg@0x937c2e25e72252cc status0=-1
[qbdi-host] native-hmac offset=0xeec4 lr=0xed74 x0=unidbg@0xe4fff2d4 x1=unidbg@0xfffe1640 x2=unidbg@0x5505ae1a x3=unidbg@0xe4fff1f8 x4=unidbg@0x9affff1cdb2c520f x5=unidbg@0x937c2e25e72252cc status0=0
[qbdi-host] native-hmac offset=0xeec8 lr=0xeec8 x0=null x1=unidbg@0xffffffff83d61724 x2=unidbg@0xffffffff8b04c6b3 x3=RW@0x12484954[libsigner.so]0x144954 x4=unidbg@0x9affff1cdb2c520f x5=unidbg@0x937c2e25e72252cc status0=-1
[qbdi-host] native-hmac offset=0xf0a4 lr=0xeec8 x0=unidbg@0xfffe1640 x1=unidbg@0xe4fff2d4 x2=unidbg@0x73cd37c0 x3=unidbg@0x416c58f5 x4=unidbg@0xe4fff208 x5=unidbg@0xe4fff218 status0=-127248
[qbdi-host] native-hmac offset=0xf0a8 lr=0xf0a8 x0=unidbg@0x1 x1=unidbg@0x2bb3058 x2=null x3=unidbg@0x20 x4=RW@0x12318640 x5=RW@0x122202b0[libc.so]0xe02b0 status0=-1
[qbdi-host] native-hmac offset=0xedac lr=0xf0a8 x0=unidbg@0xe4fff3c8 x1=unidbg@0xe4fff2d4 x2=null x3=unidbg@0x20 x4=RW@0x12318640 x5=RW@0x122202b0[libc.so]0xe02b0 status0=-1
[qbdi-host] native-hmac offset=0xedb0 lr=0xedb0 x0=unidbg@0xe4fff3c8 x1=unidbg@0xe4fff2d4 x2=null x3=unidbg@0x20 x4=RW@0x12318640 x5=RW@0x122202b0[libc.so]0xe02b0 status0=-1
[qbdi-host] native-hmac offset=0xedcc lr=0xedb0 x0=unidbg@0xe4fff2d4 x1=unidbg@0xfffe1640 x2=unidbg@0x73a8da0f x3=unidbg@0xe4fff210 x4=unidbg@0xe4fff220 x5=RW@0x122202b0[libc.so]0xe02b0 status0=0
[qbdi-host] native-hmac offset=0xedd0 lr=0xedd0 x0=null x1=unidbg@0xfffe1640 x2=null x3=unidbg@0x20 x4=RW@0x12318620 x5=RW@0x122202b0[libc.so]0xe02b0 status0=-1
[qbdi-host] native-hmac offset=0xec30 lr=0xedd0 x0=unidbg@0xe4fff3c8 x1=unidbg@0xe4fff2d4 x2=null x3=unidbg@0x20 x4=RW@0x12318620 x5=RW@0x122202b0[libc.so]0xe02b0 status0=-1
[qbdi-host] native-hmac offset=0xec34 lr=0xec34 x0=unidbg@0xe4fff3c8 x1=unidbg@0xe4fff2d4 x2=null x3=unidbg@0x20 x4=RW@0x12318620 x5=RW@0x122202b0[libc.so]0xe02b0 status0=-1
[qbdi-host] native-hmac offset=0xeef8 lr=0xec34 x0=unidbg@0xe4fff3c8 x1=unidbg@0xe4fff2d4 x2=null x3=unidbg@0x20 x4=RW@0x12318620 x5=RW@0x122202b0[libc.so]0xe02b0 status0=-1
[qbdi-host] native-hmac offset=0xeefc lr=0xec34 x0=unidbg@0xe4fff3c8 x1=unidbg@0xe4fff2d4 x2=null x3=unidbg@0x20 x4=RW@0x12318620 x5=RW@0x122202b0[libc.so]0xe02b0 status0=-1
[qbdi-host] native-hmac offset=0xef00 lr=0xec34 x0=unidbg@0xe4fff3c8 x1=unidbg@0xe4fff2d4 x2=null x3=unidbg@0x20 x4=RW@0x12318620 x5=RW@0x122202b0[libc.so]0xe02b0 status0=-1
[qbdi-host] native-hmac offset=0xef04 lr=0xec34 x0=unidbg@0xe4fff3c8 x1=unidbg@0xe4fff2d4 x2=null x3=unidbg@0x20 x4=RW@0x12318620 x5=RW@0x122202b0[libc.so]0xe02b0 status0=-1
[qbdi-host] native-hmac offset=0xf144 lr=0xec34 x0=unidbg@0xe4fff3c8 x1=unidbg@0xe4fff2d4 x2=null x3=unidbg@0x20 x4=RW@0x12318620 x5=RW@0x122202b0[libc.so]0xe02b0 status0=-1
[qbdi-host] native-hmac offset=0xf148 lr=0xec34 x0=unidbg@0xe4fff3c8 x1=unidbg@0xe4fff2d4 x2=null x3=unidbg@0x20 x4=RW@0x12318620 x5=RW@0x122202b0[libc.so]0xe02b0 status0=-1
[qbdi-host] native-hmac offset=0xeef8 lr=0xec34 x0=unidbg@0xe4fff3c8 x1=unidbg@0xe4fff2d4 x2=null x3=unidbg@0x20 x4=RW@0x12318620 x5=RW@0x122202b0[libc.so]0xe02b0 status0=-1
[qbdi-host] native-hmac offset=0xeefc lr=0xec34 x0=unidbg@0xe4fff3c8 x1=unidbg@0xe4fff2d4 x2=null x3=unidbg@0x20 x4=RW@0x12318620 x5=RW@0x122202b0[libc.so]0xe02b0 status0=-1
[qbdi-host] native-hmac offset=0xef00 lr=0xec34 x0=unidbg@0xe4fff3c8 x1=unidbg@0xe4fff2d4 x2=null x3=unidbg@0x20 x4=RW@0x12318620 x5=RW@0x122202b0[libc.so]0xe02b0 status0=-1
[qbdi-host] native-hmac offset=0xef04 lr=0xec34 x0=unidbg@0xe4fff3c8 x1=unidbg@0xe4fff2d4 x2=null x3=unidbg@0x20 x4=RW@0x12318620 x5=RW@0x122202b0[libc.so]0xe02b0 status0=-1
[qbdi-host] native-hmac offset=0xf144 lr=0xec34 x0=unidbg@0xe4fff3c8 x1=unidbg@0xe4fff2d4 x2=null x3=unidbg@0x20 x4=RW@0x12318620 x5=RW@0x122202b0[libc.so]0xe02b0 status0=-1
[qbdi-host] native-hmac offset=0xf148 lr=0xec34 x0=unidbg@0xe4fff3c8 x1=unidbg@0xe4fff2d4 x2=null x3=unidbg@0x20 x4=RW@0x12318620 x5=RW@0x122202b0[libc.so]0xe02b0 status0=-1
[qbdi-host] native-hmac offset=0xeef8 lr=0xec34 x0=unidbg@0xe4fff3c8 x1=unidbg@0xe4fff2d4 x2=null x3=unidbg@0x20 x4=RW@0x12318620 x5=RW@0x122202b0[libc.so]0xe02b0 status0=-1
[qbdi-host] native-hmac offset=0xeefc lr=0xec34 x0=unidbg@0xe4fff3c8 x1=unidbg@0xe4fff2d4 x2=null x3=unidbg@0x20 x4=RW@0x12318620 x5=RW@0x122202b0[libc.so]0xe02b0 status0=-1
[qbdi-host] native-hmac offset=0xef00 lr=0xec34 x0=unidbg@0xe4fff3c8 x1=unidbg@0xe4fff2d4 x2=null x3=unidbg@0x20 x4=RW@0x12318620 x5=RW@0x122202b0[libc.so]0xe02b0 status0=-1
[qbdi-host] native-hmac offset=0xef04 lr=0xec34 x0=unidbg@0xe4fff3c8 x1=unidbg@0xe4fff2d4 x2=null x3=unidbg@0x20 x4=RW@0x12318620 x5=RW@0x122202b0[libc.so]0xe02b0 status0=-1
[qbdi-host] native-hmac offset=0xf144 lr=0xec34 x0=unidbg@0xe4fff3c8 x1=unidbg@0xe4fff2d4 x2=null x3=unidbg@0x20 x4=RW@0x12318620 x5=RW@0x122202b0[libc.so]0xe02b0 status0=-1
[qbdi-host] native-hmac offset=0xf148 lr=0xec34 x0=unidbg@0xe4fff3c8 x1=unidbg@0xe4fff2d4 x2=null x3=unidbg@0x20 x4=RW@0x12318620 x5=RW@0x122202b0[libc.so]0xe02b0 status0=-1
[qbdi-host] native-hmac offset=0xeef8 lr=0xec34 x0=unidbg@0xe4fff3c8 x1=unidbg@0xe4fff2d4 x2=null x3=unidbg@0x20 x4=RW@0x12318620 x5=RW@0x122202b0[libc.so]0xe02b0 status0=-1
[qbdi-host] native-hmac offset=0xeefc lr=0xec34 x0=unidbg@0xe4fff3c8 x1=unidbg@0xe4fff2d4 x2=null x3=unidbg@0x20 x4=RW@0x12318620 x5=RW@0x122202b0[libc.so]0xe02b0 status0=-1
[qbdi-host] native-hmac offset=0xef00 lr=0xec34 x0=unidbg@0xe4fff3c8 x1=unidbg@0xe4fff2d4 x2=null x3=unidbg@0x20 x4=RW@0x12318620 x5=RW@0x122202b0[libc.so]0xe02b0 status0=-1
[qbdi-host] native-hmac offset=0xef04 lr=0xec34 x0=unidbg@0xe4fff3c8 x1=unidbg@0xe4fff2d4 x2=null x3=unidbg@0x20 x4=RW@0x12318620 x5=RW@0x122202b0[libc.so]0xe02b0 status0=-1
[qbdi-host] native-hmac offset=0xf144 lr=0xec34 x0=unidbg@0xe4fff3c8 x1=unidbg@0xe4fff2d4 x2=null x3=unidbg@0x20 x4=RW@0x12318620 x5=RW@0x122202b0[libc.so]0xe02b0 status0=-1
[qbdi-host] native-hmac offset=0xf148 lr=0xec34 x0=unidbg@0xe4fff3c8 x1=unidbg@0xe4fff2d4 x2=null x3=unidbg@0x20 x4=RW@0x12318620 x5=RW@0x122202b0[libc.so]0xe02b0 status0=-1
[qbdi-host] native-hmac offset=0xeef8 lr=0xec34 x0=unidbg@0xe4fff3c8 x1=unidbg@0xe4fff2d4 x2=null x3=unidbg@0x20 x4=RW@0x12318620 x5=RW@0x122202b0[libc.so]0xe02b0 status0=-1
[qbdi-host] native-hmac offset=0xeefc lr=0xec34 x0=unidbg@0xe4fff3c8 x1=unidbg@0xe4fff2d4 x2=null x3=unidbg@0x20 x4=RW@0x12318620 x5=RW@0x122202b0[libc.so]0xe02b0 status0=-1
[qbdi-host] native-hmac offset=0xef00 lr=0xec34 x0=unidbg@0xe4fff3c8 x1=unidbg@0xe4fff2d4 x2=null x3=unidbg@0x20 x4=RW@0x12318620 x5=RW@0x122202b0[libc.so]0xe02b0 status0=-1
[qbdi-host] native-hmac offset=0xef04 lr=0xec34 x0=unidbg@0xe4fff3c8 x1=unidbg@0xe4fff2d4 x2=null x3=unidbg@0x20 x4=RW@0x12318620 x5=RW@0x122202b0[libc.so]0xe02b0 status0=-1
[qbdi-host] native-hmac offset=0xf144 lr=0xec34 x0=unidbg@0xe4fff3c8 x1=unidbg@0xe4fff2d4 x2=null x3=unidbg@0x20 x4=RW@0x12318620 x5=RW@0x122202b0[libc.so]0xe02b0 status0=-1
[qbdi-host] native-hmac offset=0xf148 lr=0xec34 x0=unidbg@0xe4fff3c8 x1=unidbg@0xe4fff2d4 x2=null x3=unidbg@0x20 x4=RW@0x12318620 x5=RW@0x122202b0[libc.so]0xe02b0 status0=-1
[qbdi-host] native-hmac offset=0xeef8 lr=0xec34 x0=unidbg@0xe4fff3c8 x1=unidbg@0xe4fff2d4 x2=null x3=unidbg@0x20 x4=RW@0x12318620 x5=RW@0x122202b0[libc.so]0xe02b0 status0=-1
[qbdi-host] native-hmac offset=0xeefc lr=0xec34 x0=unidbg@0xe4fff3c8 x1=unidbg@0xe4fff2d4 x2=null x3=unidbg@0x20 x4=RW@0x12318620 x5=RW@0x122202b0[libc.so]0xe02b0 status0=-1
[qbdi-host] native-hmac offset=0xef00 lr=0xec34 x0=unidbg@0xe4fff3c8 x1=unidbg@0xe4fff2d4 x2=null x3=unidbg@0x20 x4=RW@0x12318620 x5=RW@0x122202b0[libc.so]0xe02b0 status0=-1
[qbdi-host] native-hmac offset=0xef04 lr=0xec34 x0=unidbg@0xe4fff3c8 x1=unidbg@0xe4fff2d4 x2=null x3=unidbg@0x20 x4=RW@0x12318620 x5=RW@0x122202b0[libc.so]0xe02b0 status0=-1
[qbdi-host] native-hmac offset=0xf144 lr=0xec34 x0=unidbg@0xe4fff3c8 x1=unidbg@0xe4fff2d4 x2=null x3=unidbg@0x20 x4=RW@0x12318620 x5=RW@0x122202b0[libc.so]0xe02b0 status0=-1
[qbdi-host] native-hmac offset=0xf148 lr=0xec34 x0=unidbg@0xe4fff3c8 x1=unidbg@0xe4fff2d4 x2=null x3=unidbg@0x20 x4=RW@0x12318620 x5=RW@0x122202b0[libc.so]0xe02b0 status0=-1
[qbdi-host] native-hmac offset=0xeef8 lr=0xec34 x0=unidbg@0xe4fff3c8 x1=unidbg@0xe4fff2d4 x2=null x3=unidbg@0x20 x4=RW@0x12318620 x5=RW@0x122202b0[libc.so]0xe02b0 status0=-1
[qbdi-host] native-hmac offset=0xeefc lr=0xec34 x0=unidbg@0xe4fff3c8 x1=unidbg@0xe4fff2d4 x2=null x3=unidbg@0x20 x4=RW@0x12318620 x5=RW@0x122202b0[libc.so]0xe02b0 status0=-1
[qbdi-host] native-hmac offset=0xef00 lr=0xec34 x0=unidbg@0xe4fff3c8 x1=unidbg@0xe4fff2d4 x2=null x3=unidbg@0x20 x4=RW@0x12318620 x5=RW@0x122202b0[libc.so]0xe02b0 status0=-1
[qbdi-host] native-hmac offset=0xef04 lr=0xec34 x0=unidbg@0xe4fff3c8 x1=unidbg@0xe4fff2d4 x2=null x3=unidbg@0x20 x4=RW@0x12318620 x5=RW@0x122202b0[libc.so]0xe02b0 status0=-1
[qbdi-host] native-hmac offset=0xf144 lr=0xec34 x0=unidbg@0xe4fff3c8 x1=unidbg@0xe4fff2d4 x2=null x3=unidbg@0x20 x4=RW@0x12318620 x5=RW@0x122202b0[libc.so]0xe02b0 status0=-1
[qbdi-host] native-hmac offset=0xf148 lr=0xec34 x0=unidbg@0xe4fff3c8 x1=unidbg@0xe4fff2d4 x2=null x3=unidbg@0x20 x4=RW@0x12318620 x5=RW@0x122202b0[libc.so]0xe02b0 status0=-1
[qbdi-host] native-hmac offset=0xeef8 lr=0xec34 x0=unidbg@0xe4fff3c8 x1=unidbg@0xe4fff2d4 x2=null x3=unidbg@0x20 x4=RW@0x12318620 x5=RW@0x122202b0[libc.so]0xe02b0 status0=-1
[qbdi-host] native-hmac offset=0xeefc lr=0xec34 x0=unidbg@0xe4fff3c8 x1=unidbg@0xe4fff2d4 x2=null x3=unidbg@0x20 x4=RW@0x12318620 x5=RW@0x122202b0[libc.so]0xe02b0 status0=-1
[qbdi-host] native-hmac offset=0xef00 lr=0xec34 x0=unidbg@0xe4fff3c8 x1=unidbg@0xe4fff2d4 x2=null x3=unidbg@0x20 x4=RW@0x12318620 x5=RW@0x122202b0[libc.so]0xe02b0 status0=-1
[qbdi-host] native-hmac offset=0xef04 lr=0xec34 x0=unidbg@0xe4fff3c8 x1=unidbg@0xe4fff2d4 x2=null x3=unidbg@0x20 x4=RW@0x12318620 x5=RW@0x122202b0[libc.so]0xe02b0 status0=-1
[qbdi-host] native-hmac offset=0xf144 lr=0xec34 x0=unidbg@0xe4fff3c8 x1=unidbg@0xe4fff2d4 x2=null x3=unidbg@0x20 x4=RW@0x12318620 x5=RW@0x122202b0[libc.so]0xe02b0 status0=-1
[qbdi-host] native-hmac offset=0xf148 lr=0xec34 x0=unidbg@0xe4fff3c8 x1=unidbg@0xe4fff2d4 x2=null x3=unidbg@0x20 x4=RW@0x12318620 x5=RW@0x122202b0[libc.so]0xe02b0 status0=-1
[qbdi-host] native-hmac offset=0xeef8 lr=0xec34 x0=unidbg@0xe4fff3c8 x1=unidbg@0xe4fff2d4 x2=null x3=unidbg@0x20 x4=RW@0x12318620 x5=RW@0x122202b0[libc.so]0xe02b0 status0=-1
[qbdi-host] native-hmac offset=0xeefc lr=0xec34 x0=unidbg@0xe4fff3c8 x1=unidbg@0xe4fff2d4 x2=null x3=unidbg@0x20 x4=RW@0x12318620 x5=RW@0x122202b0[libc.so]0xe02b0 status0=-1
[qbdi-host] native-hmac offset=0xef00 lr=0xec34 x0=unidbg@0xe4fff3c8 x1=unidbg@0xe4fff2d4 x2=null x3=unidbg@0x20 x4=RW@0x12318620 x5=RW@0x122202b0[libc.so]0xe02b0 status0=-1
[qbdi-host] native-hmac offset=0xef04 lr=0xec34 x0=unidbg@0xe4fff3c8 x1=unidbg@0xe4fff2d4 x2=null x3=unidbg@0x20 x4=RW@0x12318620 x5=RW@0x122202b0[libc.so]0xe02b0 status0=-1
[qbdi-host] native-hmac offset=0xf144 lr=0xec34 x0=unidbg@0xe4fff3c8 x1=unidbg@0xe4fff2d4 x2=null x3=unidbg@0x20 x4=RW@0x12318620 x5=RW@0x122202b0[libc.so]0xe02b0 status0=-1
[qbdi-host] native-hmac offset=0xf148 lr=0xec34 x0=unidbg@0xe4fff3c8 x1=unidbg@0xe4fff2d4 x2=null x3=unidbg@0x20 x4=RW@0x12318620 x5=RW@0x122202b0[libc.so]0xe02b0 status0=-1
[qbdi-host] native-hmac offset=0xeef8 lr=0xec34 x0=unidbg@0xe4fff3c8 x1=unidbg@0xe4fff2d4 x2=null x3=unidbg@0x20 x4=RW@0x12318620 x5=RW@0x122202b0[libc.so]0xe02b0 status0=-1
[qbdi-host] native-hmac offset=0xeefc lr=0xec34 x0=unidbg@0xe4fff3c8 x1=unidbg@0xe4fff2d4 x2=null x3=unidbg@0x20 x4=RW@0x12318620 x5=RW@0x122202b0[libc.so]0xe02b0 status0=-1
[qbdi-host] native-hmac offset=0xef00 lr=0xec34 x0=unidbg@0xe4fff3c8 x1=unidbg@0xe4fff2d4 x2=null x3=unidbg@0x20 x4=RW@0x12318620 x5=RW@0x122202b0[libc.so]0xe02b0 status0=-1
[qbdi-host] native-hmac offset=0xef04 lr=0xec34 x0=unidbg@0xe4fff3c8 x1=unidbg@0xe4fff2d4 x2=null x3=unidbg@0x20 x4=RW@0x12318620 x5=RW@0x122202b0[libc.so]0xe02b0 status0=-1
[qbdi-host] native-hmac offset=0xf144 lr=0xec34 x0=unidbg@0xe4fff3c8 x1=unidbg@0xe4fff2d4 x2=null x3=unidbg@0x20 x4=RW@0x12318620 x5=RW@0x122202b0[libc.so]0xe02b0 status0=-1
[qbdi-host] native-hmac offset=0xf148 lr=0xec34 x0=unidbg@0xe4fff3c8 x1=unidbg@0xe4fff2d4 x2=null x3=unidbg@0x20 x4=RW@0x12318620 x5=RW@0x122202b0[libc.so]0xe02b0 status0=-1
[qbdi-host] native-hmac offset=0xeef8 lr=0xec34 x0=unidbg@0xe4fff3c8 x1=unidbg@0xe4fff2d4 x2=null x3=unidbg@0x20 x4=RW@0x12318620 x5=RW@0x122202b0[libc.so]0xe02b0 status0=-1
[qbdi-host] native-hmac offset=0xeefc lr=0xec34 x0=unidbg@0xe4fff3c8 x1=unidbg@0xe4fff2d4 x2=null x3=unidbg@0x20 x4=RW@0x12318620 x5=RW@0x122202b0[libc.so]0xe02b0 status0=-1
[qbdi-host] native-hmac offset=0xef00 lr=0xec34 x0=unidbg@0xe4fff3c8 x1=unidbg@0xe4fff2d4 x2=null x3=unidbg@0x20 x4=RW@0x12318620 x5=RW@0x122202b0[libc.so]0xe02b0 status0=-1
[qbdi-host] native-hmac offset=0xef04 lr=0xec34 x0=unidbg@0xe4fff3c8 x1=unidbg@0xe4fff2d4 x2=null x3=unidbg@0x20 x4=RW@0x12318620 x5=RW@0x122202b0[libc.so]0xe02b0 status0=-1
[qbdi-host] native-hmac offset=0xf144 lr=0xec34 x0=unidbg@0xe4fff3c8 x1=unidbg@0xe4fff2d4 x2=null x3=unidbg@0x20 x4=RW@0x12318620 x5=RW@0x122202b0[libc.so]0xe02b0 status0=-1
[qbdi-host] native-hmac offset=0xf148 lr=0xec34 x0=unidbg@0xe4fff3c8 x1=unidbg@0xe4fff2d4 x2=null x3=unidbg@0x20 x4=RW@0x12318620 x5=RW@0x122202b0[libc.so]0xe02b0 status0=-1
[qbdi-host] native-hmac offset=0xeef8 lr=0xec34 x0=unidbg@0xe4fff3c8 x1=unidbg@0xe4fff2d4 x2=null x3=unidbg@0x20 x4=RW@0x12318620 x5=RW@0x122202b0[libc.so]0xe02b0 status0=-1
[qbdi-host] native-hmac offset=0xeefc lr=0xec34 x0=unidbg@0xe4fff3c8 x1=unidbg@0xe4fff2d4 x2=null x3=unidbg@0x20 x4=RW@0x12318620 x5=RW@0x122202b0[libc.so]0xe02b0 status0=-1
[qbdi-host] native-hmac offset=0xef00 lr=0xec34 x0=unidbg@0xe4fff3c8 x1=unidbg@0xe4fff2d4 x2=null x3=unidbg@0x20 x4=RW@0x12318620 x5=RW@0x122202b0[libc.so]0xe02b0 status0=-1
[qbdi-host] native-hmac offset=0xef04 lr=0xec34 x0=unidbg@0xe4fff3c8 x1=unidbg@0xe4fff2d4 x2=null x3=unidbg@0x20 x4=RW@0x12318620 x5=RW@0x122202b0[libc.so]0xe02b0 status0=-1
[qbdi-host] native-hmac offset=0xf144 lr=0xec34 x0=unidbg@0xe4fff3c8 x1=unidbg@0xe4fff2d4 x2=null x3=unidbg@0x20 x4=RW@0x12318620 x5=RW@0x122202b0[libc.so]0xe02b0 status0=-1
[qbdi-host] native-hmac offset=0xf148 lr=0xec34 x0=unidbg@0xe4fff3c8 x1=unidbg@0xe4fff2d4 x2=null x3=unidbg@0x20 x4=RW@0x12318620 x5=RW@0x122202b0[libc.so]0xe02b0 status0=-1
[qbdi-host] native-hmac offset=0xeef8 lr=0xec34 x0=unidbg@0xe4fff3c8 x1=unidbg@0xe4fff2d4 x2=null x3=unidbg@0x20 x4=RW@0x12318620 x5=RW@0x122202b0[libc.so]0xe02b0 status0=-1
[qbdi-host] native-hmac offset=0xeefc lr=0xec34 x0=unidbg@0xe4fff3c8 x1=unidbg@0xe4fff2d4 x2=null x3=unidbg@0x20 x4=RW@0x12318620 x5=RW@0x122202b0[libc.so]0xe02b0 status0=-1
[qbdi-host] native-hmac offset=0xef00 lr=0xec34 x0=unidbg@0xe4fff3c8 x1=unidbg@0xe4fff2d4 x2=null x3=unidbg@0x20 x4=RW@0x12318620 x5=RW@0x122202b0[libc.so]0xe02b0 status0=-1
[qbdi-host] native-hmac offset=0xef04 lr=0xec34 x0=unidbg@0xe4fff3c8 x1=unidbg@0xe4fff2d4 x2=null x3=unidbg@0x20 x4=RW@0x12318620 x5=RW@0x122202b0[libc.so]0xe02b0 status0=-1
[qbdi-host] native-hmac offset=0xf144 lr=0xec34 x0=unidbg@0xe4fff3c8 x1=unidbg@0xe4fff2d4 x2=null x3=unidbg@0x20 x4=RW@0x12318620 x5=RW@0x122202b0[libc.so]0xe02b0 status0=-1
[qbdi-host] native-hmac offset=0xf148 lr=0xec34 x0=unidbg@0xe4fff3c8 x1=unidbg@0xe4fff2d4 x2=null x3=unidbg@0x20 x4=RW@0x12318620 x5=RW@0x122202b0[libc.so]0xe02b0 status0=-1
[qbdi-host] native-hmac offset=0xeef8 lr=0xec34 x0=unidbg@0xe4fff3c8 x1=unidbg@0xe4fff2d4 x2=null x3=unidbg@0x20 x4=RW@0x12318620 x5=RW@0x122202b0[libc.so]0xe02b0 status0=-1
[qbdi-host] native-hmac offset=0xeefc lr=0xec34 x0=unidbg@0xe4fff3c8 x1=unidbg@0xe4fff2d4 x2=null x3=unidbg@0x20 x4=RW@0x12318620 x5=RW@0x122202b0[libc.so]0xe02b0 status0=-1
[qbdi-host] native-hmac offset=0xef00 lr=0xec34 x0=unidbg@0xe4fff3c8 x1=unidbg@0xe4fff2d4 x2=null x3=unidbg@0x20 x4=RW@0x12318620 x5=RW@0x122202b0[libc.so]0xe02b0 status0=-1
[qbdi-host] native-hmac offset=0xef04 lr=0xec34 x0=unidbg@0xe4fff3c8 x1=unidbg@0xe4fff2d4 x2=null x3=unidbg@0x20 x4=RW@0x12318620 x5=RW@0x122202b0[libc.so]0xe02b0 status0=-1
[qbdi-host] native-hmac offset=0xf144 lr=0xec34 x0=unidbg@0xe4fff3c8 x1=unidbg@0xe4fff2d4 x2=null x3=unidbg@0x20 x4=RW@0x12318620 x5=RW@0x122202b0[libc.so]0xe02b0 status0=-1
[qbdi-host] native-hmac offset=0xf148 lr=0xec34 x0=unidbg@0xe4fff3c8 x1=unidbg@0xe4fff2d4 x2=null x3=unidbg@0x20 x4=RW@0x12318620 x5=RW@0x122202b0[libc.so]0xe02b0 status0=-1
[qbdi-host] native-hmac offset=0xeef8 lr=0xec34 x0=unidbg@0xe4fff3c8 x1=unidbg@0xe4fff2d4 x2=null x3=unidbg@0x20 x4=RW@0x12318620 x5=RW@0x122202b0[libc.so]0xe02b0 status0=-1
[qbdi-host] native-hmac offset=0xeefc lr=0xec34 x0=unidbg@0xe4fff3c8 x1=unidbg@0xe4fff2d4 x2=null x3=unidbg@0x20 x4=RW@0x12318620 x5=RW@0x122202b0[libc.so]0xe02b0 status0=-1
[qbdi-host] native-hmac offset=0xef00 lr=0xec34 x0=unidbg@0xe4fff3c8 x1=unidbg@0xe4fff2d4 x2=null x3=unidbg@0x20 x4=RW@0x12318620 x5=RW@0x122202b0[libc.so]0xe02b0 status0=-1
[qbdi-host] native-hmac offset=0xef04 lr=0xec34 x0=unidbg@0xe4fff3c8 x1=unidbg@0xe4fff2d4 x2=null x3=unidbg@0x20 x4=RW@0x12318620 x5=RW@0x122202b0[libc.so]0xe02b0 status0=-1
[qbdi-host] native-hmac offset=0xf144 lr=0xec34 x0=unidbg@0xe4fff3c8 x1=unidbg@0xe4fff2d4 x2=null x3=unidbg@0x20 x4=RW@0x12318620 x5=RW@0x122202b0[libc.so]0xe02b0 status0=-1
[qbdi-host] native-hmac offset=0xf148 lr=0xec34 x0=unidbg@0xe4fff3c8 x1=unidbg@0xe4fff2d4 x2=null x3=unidbg@0x20 x4=RW@0x12318620 x5=RW@0x122202b0[libc.so]0xe02b0 status0=-1
[qbdi-host] native-hmac offset=0xeef8 lr=0xec34 x0=unidbg@0xe4fff3c8 x1=unidbg@0xe4fff2d4 x2=null x3=unidbg@0x20 x4=RW@0x12318620 x5=RW@0x122202b0[libc.so]0xe02b0 status0=-1
[qbdi-host] native-hmac offset=0xeefc lr=0xec34 x0=unidbg@0xe4fff3c8 x1=unidbg@0xe4fff2d4 x2=null x3=unidbg@0x20 x4=RW@0x12318620 x5=RW@0x122202b0[libc.so]0xe02b0 status0=-1
[qbdi-host] native-hmac offset=0xef00 lr=0xec34 x0=unidbg@0xe4fff3c8 x1=unidbg@0xe4fff2d4 x2=null x3=unidbg@0x20 x4=RW@0x12318620 x5=RW@0x122202b0[libc.so]0xe02b0 status0=-1
[qbdi-host] native-hmac offset=0xef04 lr=0xec34 x0=unidbg@0xe4fff3c8 x1=unidbg@0xe4fff2d4 x2=null x3=unidbg@0x20 x4=RW@0x12318620 x5=RW@0x122202b0[libc.so]0xe02b0 status0=-1
[qbdi-host] native-hmac offset=0xf144 lr=0xec34 x0=unidbg@0xe4fff3c8 x1=unidbg@0xe4fff2d4 x2=null x3=unidbg@0x20 x4=RW@0x12318620 x5=RW@0x122202b0[libc.so]0xe02b0 status0=-1
[qbdi-host] native-hmac offset=0xf148 lr=0xec34 x0=unidbg@0xe4fff3c8 x1=unidbg@0xe4fff2d4 x2=null x3=unidbg@0x20 x4=RW@0x12318620 x5=RW@0x122202b0[libc.so]0xe02b0 status0=-1
[qbdi-host] native-hmac offset=0xeef8 lr=0xec34 x0=unidbg@0xe4fff3c8 x1=unidbg@0xe4fff2d4 x2=null x3=unidbg@0x20 x4=RW@0x12318620 x5=RW@0x122202b0[libc.so]0xe02b0 status0=-1
[qbdi-host] native-hmac offset=0xeefc lr=0xec34 x0=unidbg@0xe4fff3c8 x1=unidbg@0xe4fff2d4 x2=null x3=unidbg@0x20 x4=RW@0x12318620 x5=RW@0x122202b0[libc.so]0xe02b0 status0=-1
[qbdi-host] native-hmac offset=0xef00 lr=0xec34 x0=unidbg@0xe4fff3c8 x1=unidbg@0xe4fff2d4 x2=null x3=unidbg@0x20 x4=RW@0x12318620 x5=RW@0x122202b0[libc.so]0xe02b0 status0=-1
[qbdi-host] native-hmac offset=0xef04 lr=0xec34 x0=unidbg@0xe4fff3c8 x1=unidbg@0xe4fff2d4 x2=null x3=unidbg@0x20 x4=RW@0x12318620 x5=RW@0x122202b0[libc.so]0xe02b0 status0=-1
[qbdi-host] native-hmac offset=0xf144 lr=0xec34 x0=unidbg@0xe4fff3c8 x1=unidbg@0xe4fff2d4 x2=null x3=unidbg@0x20 x4=RW@0x12318620 x5=RW@0x122202b0[libc.so]0xe02b0 status0=-1
[qbdi-host] native-hmac offset=0xf148 lr=0xec34 x0=unidbg@0xe4fff3c8 x1=unidbg@0xe4fff2d4 x2=null x3=unidbg@0x20 x4=RW@0x12318620 x5=RW@0x122202b0[libc.so]0xe02b0 status0=-1
[qbdi-host] native-hmac offset=0xeef8 lr=0xec34 x0=unidbg@0xe4fff3c8 x1=unidbg@0xe4fff2d4 x2=null x3=unidbg@0x20 x4=RW@0x12318620 x5=RW@0x122202b0[libc.so]0xe02b0 status0=-1
[qbdi-host] native-hmac offset=0xeefc lr=0xec34 x0=unidbg@0xe4fff3c8 x1=unidbg@0xe4fff2d4 x2=null x3=unidbg@0x20 x4=RW@0x12318620 x5=RW@0x122202b0[libc.so]0xe02b0 status0=-1
[qbdi-host] native-hmac offset=0xef00 lr=0xec34 x0=unidbg@0xe4fff3c8 x1=unidbg@0xe4fff2d4 x2=null x3=unidbg@0x20 x4=RW@0x12318620 x5=RW@0x122202b0[libc.so]0xe02b0 status0=-1
[qbdi-host] native-hmac offset=0xef04 lr=0xec34 x0=unidbg@0xe4fff3c8 x1=unidbg@0xe4fff2d4 x2=null x3=unidbg@0x20 x4=RW@0x12318620 x5=RW@0x122202b0[libc.so]0xe02b0 status0=-1
[qbdi-host] native-hmac offset=0xf144 lr=0xec34 x0=unidbg@0xe4fff3c8 x1=unidbg@0xe4fff2d4 x2=null x3=unidbg@0x20 x4=RW@0x12318620 x5=RW@0x122202b0[libc.so]0xe02b0 status0=-1
[qbdi-host] native-hmac offset=0xf148 lr=0xec34 x0=unidbg@0xe4fff3c8 x1=unidbg@0xe4fff2d4 x2=null x3=unidbg@0x20 x4=RW@0x12318620 x5=RW@0x122202b0[libc.so]0xe02b0 status0=-1
[qbdi-host] native-hmac offset=0xeef8 lr=0xec34 x0=unidbg@0xe4fff3c8 x1=unidbg@0xe4fff2d4 x2=null x3=unidbg@0x20 x4=RW@0x12318620 x5=RW@0x122202b0[libc.so]0xe02b0 status0=-1
[qbdi-host] native-hmac offset=0xeefc lr=0xec34 x0=unidbg@0xe4fff3c8 x1=unidbg@0xe4fff2d4 x2=null x3=unidbg@0x20 x4=RW@0x12318620 x5=RW@0x122202b0[libc.so]0xe02b0 status0=-1
[qbdi-host] native-hmac offset=0xef00 lr=0xec34 x0=unidbg@0xe4fff3c8 x1=unidbg@0xe4fff2d4 x2=null x3=unidbg@0x20 x4=RW@0x12318620 x5=RW@0x122202b0[libc.so]0xe02b0 status0=-1
[qbdi-host] native-hmac offset=0xef04 lr=0xec34 x0=unidbg@0xe4fff3c8 x1=unidbg@0xe4fff2d4 x2=null x3=unidbg@0x20 x4=RW@0x12318620 x5=RW@0x122202b0[libc.so]0xe02b0 status0=-1
[qbdi-host] native-hmac offset=0xf144 lr=0xec34 x0=unidbg@0xe4fff3c8 x1=unidbg@0xe4fff2d4 x2=null x3=unidbg@0x20 x4=RW@0x12318620 x5=RW@0x122202b0[libc.so]0xe02b0 status0=-1
[qbdi-host] native-hmac offset=0xf148 lr=0xec34 x0=unidbg@0xe4fff3c8 x1=unidbg@0xe4fff2d4 x2=null x3=unidbg@0x20 x4=RW@0x12318620 x5=RW@0x122202b0[libc.so]0xe02b0 status0=-1
[qbdi-host] native-hmac offset=0xeef8 lr=0xec34 x0=unidbg@0xe4fff3c8 x1=unidbg@0xe4fff2d4 x2=null x3=unidbg@0x20 x4=RW@0x12318620 x5=RW@0x122202b0[libc.so]0xe02b0 status0=-1
[qbdi-host] native-hmac offset=0xeefc lr=0xec34 x0=unidbg@0xe4fff3c8 x1=unidbg@0xe4fff2d4 x2=null x3=unidbg@0x20 x4=RW@0x12318620 x5=RW@0x122202b0[libc.so]0xe02b0 status0=-1
[qbdi-host] native-hmac offset=0xef00 lr=0xec34 x0=unidbg@0xe4fff3c8 x1=unidbg@0xe4fff2d4 x2=null x3=unidbg@0x20 x4=RW@0x12318620 x5=RW@0x122202b0[libc.so]0xe02b0 status0=-1
[qbdi-host] native-hmac offset=0xef04 lr=0xec34 x0=unidbg@0xe4fff3c8 x1=unidbg@0xe4fff2d4 x2=null x3=unidbg@0x20 x4=RW@0x12318620 x5=RW@0x122202b0[libc.so]0xe02b0 status0=-1
[qbdi-host] native-hmac offset=0xf144 lr=0xec34 x0=unidbg@0xe4fff3c8 x1=unidbg@0xe4fff2d4 x2=null x3=unidbg@0x20 x4=RW@0x12318620 x5=RW@0x122202b0[libc.so]0xe02b0 status0=-1
[qbdi-host] native-hmac offset=0xf148 lr=0xec34 x0=unidbg@0xe4fff3c8 x1=unidbg@0xe4fff2d4 x2=null x3=unidbg@0x20 x4=RW@0x12318620 x5=RW@0x122202b0[libc.so]0xe02b0 status0=-1
[qbdi-host] native-hmac offset=0xeef8 lr=0xec34 x0=unidbg@0xe4fff3c8 x1=unidbg@0xe4fff2d4 x2=null x3=unidbg@0x20 x4=RW@0x12318620 x5=RW@0x122202b0[libc.so]0xe02b0 status0=-1
[qbdi-host] native-hmac offset=0xeefc lr=0xec34 x0=unidbg@0xe4fff3c8 x1=unidbg@0xe4fff2d4 x2=null x3=unidbg@0x20 x4=RW@0x12318620 x5=RW@0x122202b0[libc.so]0xe02b0 status0=-1
[qbdi-host] native-hmac offset=0xef00 lr=0xec34 x0=unidbg@0xe4fff3c8 x1=unidbg@0xe4fff2d4 x2=null x3=unidbg@0x20 x4=RW@0x12318620 x5=RW@0x122202b0[libc.so]0xe02b0 status0=-1
[qbdi-host] native-hmac offset=0xef04 lr=0xec34 x0=unidbg@0xe4fff3c8 x1=unidbg@0xe4fff2d4 x2=null x3=unidbg@0x20 x4=RW@0x12318620 x5=RW@0x122202b0[libc.so]0xe02b0 status0=-1
[qbdi-host] native-hmac offset=0xf144 lr=0xec34 x0=unidbg@0xe4fff3c8 x1=unidbg@0xe4fff2d4 x2=null x3=unidbg@0x20 x4=RW@0x12318620 x5=RW@0x122202b0[libc.so]0xe02b0 status0=-1
[qbdi-host] native-hmac offset=0xf148 lr=0xec34 x0=unidbg@0xe4fff3c8 x1=unidbg@0xe4fff2d4 x2=null x3=unidbg@0x20 x4=RW@0x12318620 x5=RW@0x122202b0[libc.so]0xe02b0 status0=-1
[qbdi-host] native-hmac offset=0xeef8 lr=0xec34 x0=unidbg@0xe4fff3c8 x1=unidbg@0xe4fff2d4 x2=null x3=unidbg@0x20 x4=RW@0x12318620 x5=RW@0x122202b0[libc.so]0xe02b0 status0=-1
[qbdi-host] native-hmac offset=0xeefc lr=0xec34 x0=unidbg@0xe4fff3c8 x1=unidbg@0xe4fff2d4 x2=null x3=unidbg@0x20 x4=RW@0x12318620 x5=RW@0x122202b0[libc.so]0xe02b0 status0=-1
[qbdi-host] native-hmac offset=0xef00 lr=0xec34 x0=unidbg@0xe4fff3c8 x1=unidbg@0xe4fff2d4 x2=null x3=unidbg@0x20 x4=RW@0x12318620 x5=RW@0x122202b0[libc.so]0xe02b0 status0=-1
[qbdi-host] native-hmac offset=0xef04 lr=0xec34 x0=unidbg@0xe4fff3c8 x1=unidbg@0xe4fff2d4 x2=null x3=unidbg@0x20 x4=RW@0x12318620 x5=RW@0x122202b0[libc.so]0xe02b0 status0=-1
[qbdi-host] native-hmac offset=0xf144 lr=0xec34 x0=unidbg@0xe4fff3c8 x1=unidbg@0xe4fff2d4 x2=null x3=unidbg@0x20 x4=RW@0x12318620 x5=RW@0x122202b0[libc.so]0xe02b0 status0=-1
[qbdi-host] native-hmac offset=0xf148 lr=0xec34 x0=unidbg@0xe4fff3c8 x1=unidbg@0xe4fff2d4 x2=null x3=unidbg@0x20 x4=RW@0x12318620 x5=RW@0x122202b0[libc.so]0xe02b0 status0=-1
[qbdi-host] native-hmac offset=0xeef8 lr=0xec34 x0=unidbg@0xe4fff3c8 x1=unidbg@0xe4fff2d4 x2=null x3=unidbg@0x20 x4=RW@0x12318620 x5=RW@0x122202b0[libc.so]0xe02b0 status0=-1
[qbdi-host] native-hmac offset=0xeefc lr=0xec34 x0=unidbg@0xe4fff3c8 x1=unidbg@0xe4fff2d4 x2=null x3=unidbg@0x20 x4=RW@0x12318620 x5=RW@0x122202b0[libc.so]0xe02b0 status0=-1
[qbdi-host] native-hmac offset=0xef00 lr=0xec34 x0=unidbg@0xe4fff3c8 x1=unidbg@0xe4fff2d4 x2=null x3=unidbg@0x20 x4=RW@0x12318620 x5=RW@0x122202b0[libc.so]0xe02b0 status0=-1
[qbdi-host] native-hmac offset=0xef04 lr=0xec34 x0=unidbg@0xe4fff3c8 x1=unidbg@0xe4fff2d4 x2=null x3=unidbg@0x20 x4=RW@0x12318620 x5=RW@0x122202b0[libc.so]0xe02b0 status0=-1
[qbdi-host] native-hmac offset=0xf144 lr=0xec34 x0=unidbg@0xe4fff3c8 x1=unidbg@0xe4fff2d4 x2=null x3=unidbg@0x20 x4=RW@0x12318620 x5=RW@0x122202b0[libc.so]0xe02b0 status0=-1
[qbdi-host] native-hmac offset=0xf148 lr=0xec34 x0=unidbg@0xe4fff3c8 x1=unidbg@0xe4fff2d4 x2=null x3=unidbg@0x20 x4=RW@0x12318620 x5=RW@0x122202b0[libc.so]0xe02b0 status0=-1
[qbdi-host] native-hmac offset=0xeef8 lr=0xec34 x0=unidbg@0xe4fff3c8 x1=unidbg@0xe4fff2d4 x2=null x3=unidbg@0x20 x4=RW@0x12318620 x5=RW@0x122202b0[libc.so]0xe02b0 status0=-1
[qbdi-host] native-hmac offset=0xeefc lr=0xec34 x0=unidbg@0xe4fff3c8 x1=unidbg@0xe4fff2d4 x2=null x3=unidbg@0x20 x4=RW@0x12318620 x5=RW@0x122202b0[libc.so]0xe02b0 status0=-1
[qbdi-host] native-hmac offset=0xef00 lr=0xec34 x0=unidbg@0xe4fff3c8 x1=unidbg@0xe4fff2d4 x2=null x3=unidbg@0x20 x4=RW@0x12318620 x5=RW@0x122202b0[libc.so]0xe02b0 status0=-1
[qbdi-host] native-hmac offset=0xef04 lr=0xec34 x0=unidbg@0xe4fff3c8 x1=unidbg@0xe4fff2d4 x2=null x3=unidbg@0x20 x4=RW@0x12318620 x5=RW@0x122202b0[libc.so]0xe02b0 status0=-1
[qbdi-host] native-hmac offset=0xf144 lr=0xec34 x0=unidbg@0xe4fff3c8 x1=unidbg@0xe4fff2d4 x2=null x3=unidbg@0x20 x4=RW@0x12318620 x5=RW@0x122202b0[libc.so]0xe02b0 status0=-1
[qbdi-host] native-hmac offset=0xf148 lr=0xec34 x0=unidbg@0xe4fff3c8 x1=unidbg@0xe4fff2d4 x2=null x3=unidbg@0x20 x4=RW@0x12318620 x5=RW@0x122202b0[libc.so]0xe02b0 status0=-1
[qbdi-host] native-hmac offset=0xeef8 lr=0xec34 x0=unidbg@0xe4fff3c8 x1=unidbg@0xe4fff2d4 x2=null x3=unidbg@0x20 x4=RW@0x12318620 x5=RW@0x122202b0[libc.so]0xe02b0 status0=-1
[qbdi-host] native-hmac offset=0xeefc lr=0xec34 x0=unidbg@0xe4fff3c8 x1=unidbg@0xe4fff2d4 x2=null x3=unidbg@0x20 x4=RW@0x12318620 x5=RW@0x122202b0[libc.so]0xe02b0 status0=-1
[qbdi-host] native-hmac offset=0xef00 lr=0xec34 x0=unidbg@0xe4fff3c8 x1=unidbg@0xe4fff2d4 x2=null x3=unidbg@0x20 x4=RW@0x12318620 x5=RW@0x122202b0[libc.so]0xe02b0 status0=-1
[qbdi-host] native-hmac offset=0xef04 lr=0xec34 x0=unidbg@0xe4fff3c8 x1=unidbg@0xe4fff2d4 x2=null x3=unidbg@0x20 x4=RW@0x12318620 x5=RW@0x122202b0[libc.so]0xe02b0 status0=-1
[qbdi-host] native-hmac offset=0xf144 lr=0xec34 x0=unidbg@0xe4fff3c8 x1=unidbg@0xe4fff2d4 x2=null x3=unidbg@0x20 x4=RW@0x12318620 x5=RW@0x122202b0[libc.so]0xe02b0 status0=-1
[qbdi-host] native-hmac offset=0xf148 lr=0xec34 x0=unidbg@0xe4fff3c8 x1=unidbg@0xe4fff2d4 x2=null x3=unidbg@0x20 x4=RW@0x12318620 x5=RW@0x122202b0[libc.so]0xe02b0 status0=-1
[qbdi-host] native-hmac offset=0xeef8 lr=0xec34 x0=unidbg@0xe4fff3c8 x1=unidbg@0xe4fff2d4 x2=null x3=unidbg@0x20 x4=RW@0x12318620 x5=RW@0x122202b0[libc.so]0xe02b0 status0=-1
[qbdi-host] native-hmac offset=0xeefc lr=0xec34 x0=unidbg@0xe4fff3c8 x1=unidbg@0xe4fff2d4 x2=null x3=unidbg@0x20 x4=RW@0x12318620 x5=RW@0x122202b0[libc.so]0xe02b0 status0=-1
[qbdi-host] native-hmac offset=0xef00 lr=0xec34 x0=unidbg@0xe4fff3c8 x1=unidbg@0xe4fff2d4 x2=null x3=unidbg@0x20 x4=RW@0x12318620 x5=RW@0x122202b0[libc.so]0xe02b0 status0=-1
[qbdi-host] native-hmac offset=0xef04 lr=0xec34 x0=unidbg@0xe4fff3c8 x1=unidbg@0xe4fff2d4 x2=null x3=unidbg@0x20 x4=RW@0x12318620 x5=RW@0x122202b0[libc.so]0xe02b0 status0=-1
[qbdi-host] native-hmac offset=0xf144 lr=0xec34 x0=unidbg@0xe4fff3c8 x1=unidbg@0xe4fff2d4 x2=null x3=unidbg@0x20 x4=RW@0x12318620 x5=RW@0x122202b0[libc.so]0xe02b0 status0=-1
[qbdi-host] native-hmac offset=0xf148 lr=0xec34 x0=unidbg@0xe4fff3c8 x1=unidbg@0xe4fff2d4 x2=null x3=unidbg@0x20 x4=RW@0x12318620 x5=RW@0x122202b0[libc.so]0xe02b0 status0=-1
[qbdi-host] native-hmac offset=0xeef8 lr=0xec34 x0=unidbg@0xe4fff3c8 x1=unidbg@0xe4fff2d4 x2=null x3=unidbg@0x20 x4=RW@0x12318620 x5=RW@0x122202b0[libc.so]0xe02b0 status0=-1
[qbdi-host] native-hmac offset=0xeefc lr=0xec34 x0=unidbg@0xe4fff3c8 x1=unidbg@0xe4fff2d4 x2=null x3=unidbg@0x20 x4=RW@0x12318620 x5=RW@0x122202b0[libc.so]0xe02b0 status0=-1
[qbdi-host] native-hmac offset=0xef00 lr=0xec34 x0=unidbg@0xe4fff3c8 x1=unidbg@0xe4fff2d4 x2=null x3=unidbg@0x20 x4=RW@0x12318620 x5=RW@0x122202b0[libc.so]0xe02b0 status0=-1
[qbdi-host] native-hmac offset=0xef04 lr=0xec34 x0=unidbg@0xe4fff3c8 x1=unidbg@0xe4fff2d4 x2=null x3=unidbg@0x20 x4=RW@0x12318620 x5=RW@0x122202b0[libc.so]0xe02b0 status0=-1
[qbdi-host] native-hmac offset=0xf144 lr=0xec34 x0=unidbg@0xe4fff3c8 x1=unidbg@0xe4fff2d4 x2=null x3=unidbg@0x20 x4=RW@0x12318620 x5=RW@0x122202b0[libc.so]0xe02b0 status0=-1
[qbdi-host] native-hmac offset=0xf148 lr=0xec34 x0=unidbg@0xe4fff3c8 x1=unidbg@0xe4fff2d4 x2=null x3=unidbg@0x20 x4=RW@0x12318620 x5=RW@0x122202b0[libc.so]0xe02b0 status0=-1
[qbdi-host] native-hmac offset=0xeef8 lr=0xec34 x0=unidbg@0xe4fff3c8 x1=unidbg@0xe4fff2d4 x2=null x3=unidbg@0x20 x4=RW@0x12318620 x5=RW@0x122202b0[libc.so]0xe02b0 status0=-1
[qbdi-host] native-hmac offset=0xeefc lr=0xec34 x0=unidbg@0xe4fff3c8 x1=unidbg@0xe4fff2d4 x2=null x3=unidbg@0x20 x4=RW@0x12318620 x5=RW@0x122202b0[libc.so]0xe02b0 status0=-1
[qbdi-host] native-hmac offset=0xef00 lr=0xec34 x0=unidbg@0xe4fff3c8 x1=unidbg@0xe4fff2d4 x2=null x3=unidbg@0x20 x4=RW@0x12318620 x5=RW@0x122202b0[libc.so]0xe02b0 status0=-1
[qbdi-host] native-hmac offset=0xef04 lr=0xec34 x0=unidbg@0xe4fff3c8 x1=unidbg@0xe4fff2d4 x2=null x3=unidbg@0x20 x4=RW@0x12318620 x5=RW@0x122202b0[libc.so]0xe02b0 status0=-1
[qbdi-host] native-hmac offset=0xf144 lr=0xec34 x0=unidbg@0xe4fff3c8 x1=unidbg@0xe4fff2d4 x2=null x3=unidbg@0x20 x4=RW@0x12318620 x5=RW@0x122202b0[libc.so]0xe02b0 status0=-1
[qbdi-host] native-hmac offset=0xf148 lr=0xec34 x0=unidbg@0xe4fff3c8 x1=unidbg@0xe4fff2d4 x2=null x3=unidbg@0x20 x4=RW@0x12318620 x5=RW@0x122202b0[libc.so]0xe02b0 status0=-1
[qbdi-host] native-hmac offset=0xeef8 lr=0xec34 x0=unidbg@0xe4fff3c8 x1=unidbg@0xe4fff2d4 x2=null x3=unidbg@0x20 x4=RW@0x12318620 x5=RW@0x122202b0[libc.so]0xe02b0 status0=-1
[qbdi-host] native-hmac offset=0xeefc lr=0xec34 x0=unidbg@0xe4fff3c8 x1=unidbg@0xe4fff2d4 x2=null x3=unidbg@0x20 x4=RW@0x12318620 x5=RW@0x122202b0[libc.so]0xe02b0 status0=-1
[qbdi-host] native-hmac offset=0xef00 lr=0xec34 x0=unidbg@0xe4fff3c8 x1=unidbg@0xe4fff2d4 x2=null x3=unidbg@0x20 x4=RW@0x12318620 x5=RW@0x122202b0[libc.so]0xe02b0 status0=-1
[qbdi-host] native-hmac offset=0xef04 lr=0xec34 x0=unidbg@0xe4fff3c8 x1=unidbg@0xe4fff2d4 x2=null x3=unidbg@0x20 x4=RW@0x12318620 x5=RW@0x122202b0[libc.so]0xe02b0 status0=-1
[qbdi-host] native-hmac offset=0xf144 lr=0xec34 x0=unidbg@0xe4fff3c8 x1=unidbg@0xe4fff2d4 x2=null x3=unidbg@0x20 x4=RW@0x12318620 x5=RW@0x122202b0[libc.so]0xe02b0 status0=-1
[qbdi-host] native-hmac offset=0xf148 lr=0xec34 x0=unidbg@0xe4fff3c8 x1=unidbg@0xe4fff2d4 x2=null x3=unidbg@0x20 x4=RW@0x12318620 x5=RW@0x122202b0[libc.so]0xe02b0 status0=-1
[qbdi-host] native-hmac offset=0xeef8 lr=0xec34 x0=unidbg@0xe4fff3c8 x1=unidbg@0xe4fff2d4 x2=null x3=unidbg@0x20 x4=RW@0x12318620 x5=RW@0x122202b0[libc.so]0xe02b0 status0=-1
[qbdi-host] native-hmac offset=0xeefc lr=0xec34 x0=unidbg@0xe4fff3c8 x1=unidbg@0xe4fff2d4 x2=null x3=unidbg@0x20 x4=RW@0x12318620 x5=RW@0x122202b0[libc.so]0xe02b0 status0=-1
[qbdi-host] native-hmac offset=0xef00 lr=0xec34 x0=unidbg@0xe4fff3c8 x1=unidbg@0xe4fff2d4 x2=null x3=unidbg@0x20 x4=RW@0x12318620 x5=RW@0x122202b0[libc.so]0xe02b0 status0=-1
[qbdi-host] native-hmac offset=0xef04 lr=0xec34 x0=unidbg@0xe4fff3c8 x1=unidbg@0xe4fff2d4 x2=null x3=unidbg@0x20 x4=RW@0x12318620 x5=RW@0x122202b0[libc.so]0xe02b0 status0=-1
[qbdi-host] native-hmac offset=0xf144 lr=0xec34 x0=unidbg@0xe4fff3c8 x1=unidbg@0xe4fff2d4 x2=null x3=unidbg@0x20 x4=RW@0x12318620 x5=RW@0x122202b0[libc.so]0xe02b0 status0=-1
[qbdi-host] native-hmac offset=0xf148 lr=0xec34 x0=unidbg@0xe4fff3c8 x1=unidbg@0xe4fff2d4 x2=null x3=unidbg@0x20 x4=RW@0x12318620 x5=RW@0x122202b0[libc.so]0xe02b0 status0=-1
[qbdi-host] native-hmac offset=0xeef8 lr=0xec34 x0=unidbg@0xe4fff3c8 x1=unidbg@0xe4fff2d4 x2=null x3=unidbg@0x20 x4=RW@0x12318620 x5=RW@0x122202b0[libc.so]0xe02b0 status0=-1
[qbdi-host] native-hmac offset=0xeefc lr=0xec34 x0=unidbg@0xe4fff3c8 x1=unidbg@0xe4fff2d4 x2=null x3=unidbg@0x20 x4=RW@0x12318620 x5=RW@0x122202b0[libc.so]0xe02b0 status0=-1
[qbdi-host] native-hmac offset=0xef00 lr=0xec34 x0=unidbg@0xe4fff3c8 x1=unidbg@0xe4fff2d4 x2=null x3=unidbg@0x20 x4=RW@0x12318620 x5=RW@0x122202b0[libc.so]0xe02b0 status0=-1
[qbdi-host] native-hmac offset=0xef04 lr=0xec34 x0=unidbg@0xe4fff3c8 x1=unidbg@0xe4fff2d4 x2=null x3=unidbg@0x20 x4=RW@0x12318620 x5=RW@0x122202b0[libc.so]0xe02b0 status0=-1
[qbdi-host] native-hmac offset=0xf144 lr=0xec34 x0=unidbg@0xe4fff3c8 x1=unidbg@0xe4fff2d4 x2=null x3=unidbg@0x20 x4=RW@0x12318620 x5=RW@0x122202b0[libc.so]0xe02b0 status0=-1
[qbdi-host] native-hmac offset=0xf148 lr=0xec34 x0=unidbg@0xe4fff3c8 x1=unidbg@0xe4fff2d4 x2=null x3=unidbg@0x20 x4=RW@0x12318620 x5=RW@0x122202b0[libc.so]0xe02b0 status0=-1
[qbdi-host] native-hmac offset=0xeef8 lr=0xec34 x0=unidbg@0xe4fff3c8 x1=unidbg@0xe4fff2d4 x2=null x3=unidbg@0x20 x4=RW@0x12318620 x5=RW@0x122202b0[libc.so]0xe02b0 status0=-1
[qbdi-host] native-hmac offset=0xeefc lr=0xec34 x0=unidbg@0xe4fff3c8 x1=unidbg@0xe4fff2d4 x2=null x3=unidbg@0x20 x4=RW@0x12318620 x5=RW@0x122202b0[libc.so]0xe02b0 status0=-1
[qbdi-host] native-hmac offset=0xef00 lr=0xec34 x0=unidbg@0xe4fff3c8 x1=unidbg@0xe4fff2d4 x2=null x3=unidbg@0x20 x4=RW@0x12318620 x5=RW@0x122202b0[libc.so]0xe02b0 status0=-1
[qbdi-host] native-hmac offset=0xef04 lr=0xec34 x0=unidbg@0xe4fff3c8 x1=unidbg@0xe4fff2d4 x2=null x3=unidbg@0x20 x4=RW@0x12318620 x5=RW@0x122202b0[libc.so]0xe02b0 status0=-1
[qbdi-host] native-hmac offset=0xf144 lr=0xec34 x0=unidbg@0xe4fff3c8 x1=unidbg@0xe4fff2d4 x2=null x3=unidbg@0x20 x4=RW@0x12318620 x5=RW@0x122202b0[libc.so]0xe02b0 status0=-1
[qbdi-host] native-hmac offset=0xf148 lr=0xec34 x0=unidbg@0xe4fff3c8 x1=unidbg@0xe4fff2d4 x2=null x3=unidbg@0x20 x4=RW@0x12318620 x5=RW@0x122202b0[libc.so]0xe02b0 status0=-1
[qbdi-host] native-hmac offset=0xefd8 lr=0xec34 x0=unidbg@0xe4fff3c8 x1=unidbg@0x1 x2=null x3=unidbg@0x20 x4=RW@0x12318620 x5=RW@0x122202b0[libc.so]0xe02b0 status0=-1
[qbdi-host] native-hmac offset=0xefdc lr=0xec34 x0=RW@0x12318620 x1=unidbg@0x1 x2=null x3=unidbg@0x20 x4=RW@0x12318620 x5=RW@0x122202b0[libc.so]0xe02b0 status0=-1
[qbdi-host] native-hmac offset=0xf030 lr=0xefe0 x0=unidbg@0xe4fff3c8 x1=unidbg@0x1 x2=unidbg@0x8 x3=unidbg@0x18 x4=unidbg@0x4 x5=unidbg@0xa9 status0=-1
[qbdi-host] native-hmac offset=0xf034 lr=0xefe0 x0=RW@0x12318640 x1=unidbg@0x1 x2=unidbg@0x8 x3=unidbg@0x18 x4=unidbg@0x4 x5=unidbg@0xa9 status0=-1
[qbdi-host] native-hmac offset=0xf000 lr=0xf038 x0=unidbg@0xe4fff3c8 x1=unidbg@0x1 x2=unidbg@0x8 x3=unidbg@0x18 x4=unidbg@0x5 x5=unidbg@0xaa status0=-1
[qbdi-host] native-hmac offset=0xf004 lr=0xf038 x0=unidbg@0xe4fff3c8 x1=unidbg@0x1 x2=unidbg@0x8 x3=unidbg@0x18 x4=unidbg@0x5 x5=unidbg@0xaa status0=-1
[qbdi-host] native-hmac offset=0xf114 lr=0xf014 x0=unidbg@0xe4fff3c8 x1=unidbg@0x1 x2=unidbg@0x8 x3=unidbg@0x18 x4=unidbg@0x5 x5=unidbg@0xaa status0=-1
[qbdi-host] native-hmac offset=0xf118 lr=0xf014 x0=unidbg@0xe4fff3c8 x1=unidbg@0x1 x2=unidbg@0x8 x3=unidbg@0x18 x4=unidbg@0x5 x5=unidbg@0xaa status0=-1
[qbdi-host] native-hmac offset=0xef68 lr=0xf128 x0=unidbg@0xe4fff3c8 x1=unidbg@0x1 x2=unidbg@0x8 x3=unidbg@0x18 x4=unidbg@0x5 x5=unidbg@0xaa status0=-1
[qbdi-host] native-hmac offset=0xef6c lr=0xf128 x0=unidbg@0xe4fff3c8 x1=unidbg@0x1 x2=unidbg@0x8 x3=unidbg@0x18 x4=unidbg@0x5 x5=unidbg@0xaa status0=-1
[qbdi-host] native-hmac offset=0xf184 lr=0xef7c x0=unidbg@0xe4fff3c8 x1=unidbg@0x1 x2=unidbg@0x8 x3=unidbg@0x18 x4=unidbg@0x5 x5=unidbg@0xaa status0=-1
[qbdi-host] native-init stage=public-source-probe-return success=0x1 result=0x0
[qbdi-host] native-init stage=legacy-state-probe-call context=unidbg@0xe4fff3c8 output=unidbg@0xe4fff2d4
[qbdi-host] native-init stage=legacy-state-probe-return result=0x0 output=0x0
[qbdi-host] native-init stage=legacy-state-probe-return result=0x0 output=0x0
[qbdi-host] native-init stage=legacy-state-selected state=0x23301822669a76fc
