loaded libsigner.so base=0x12340000 size=0x148000
[main]V/SignerInstance: Signing all the parameters begin: 2026-07-12T18:49:03.390+0800
[main]V/SignerInstance: Calling native begin: 2026-07-12T18:49:03.640+0800
[qbdi-host] native-init stage=entry caller=0xcbc30 context=unidbg@0xe4fff3c8 flags=0x51183fffffd1e
[qbdi-host] native-init stage=select-0x2b state=0xdceadccbe705fd3c context=unidbg@0xe4fff3c8
[qbdi-host] native-init stage=wrapper-entry context=unidbg@0xe4fff3c8 flags=0x51183fffffd1e
[qbdi-host] native-init stage=correction-call code=0x2b context=unidbg@0xe4fff3c8
[qbdi-host] native-init stage=before-flag-set context=unidbg@0xe4fff3c8 flags=0x51183fffffd1e
[qbdi-host] native-init stage=after-flag-set context=unidbg@0xe4fff3c8 flags=0x51183fffffd1f
[qbdi-host] native-init stage=exit context=unidbg@0xe4fff3c8 flags=0x2051983fffffd1f
[qbdi-host] native-init stage=public-source-probe-call path=/data/app/~~7_posD2Xt1__e0e3j-WT5Q==/local.qbdi.adjustreference-g0OvN03MKCT_ocLhy-EC4Q==/base.apk result=unidbg@0xe4fff2d4 initial=0x0
java.lang.UnsupportedOperationException: android/content/Context->getSharedPreferences(Ljava/lang/String;I)Landroid/content/SharedPreferences;
	at com.github.unidbg.linux.android.dvm.AbstractJni.callObjectMethod(AbstractJni.java:933)
	at local.AdjustSignatureRunner.callObjectMethod(AdjustSignatureRunner.java:2315)
	at com.github.unidbg.linux.android.dvm.AbstractJni.callObjectMethod(AbstractJni.java:867)
	at com.github.unidbg.linux.android.dvm.DvmMethod.callObjectMethod(DvmMethod.java:69)
	at com.github.unidbg.linux.android.dvm.DalvikVM64$31.handle(DalvikVM64.java:533)
	at com.github.unidbg.linux.ARM64SyscallHandler.hook(ARM64SyscallHandler.java:119)
	at local.ConfigurableAndroidARM64Emulator$ConfigurableARM64SyscallHandler.hook(ConfigurableAndroidARM64Emulator.java:109)
	at com.github.unidbg.arm.backend.UnicornBackend.lambda$hook_add_new$4(UnicornBackend.java:232)
	at unicorn.Unicorn$NewHook.onInterrupt(Unicorn.java:97)
	at unicorn.Unicorn.emu_start(Native Method)
	at com.github.unidbg.arm.backend.UnicornBackend.emu_start(UnicornBackend.java:253)
	at com.github.unidbg.AbstractEmulator.emulate(AbstractEmulator.java:375)
	at com.github.unidbg.thread.Function64.run(Function64.java:39)
	at com.github.unidbg.thread.MainTask.dispatch(MainTask.java:19)
	at com.github.unidbg.thread.UniThreadDispatcher.run(UniThreadDispatcher.java:165)
	at com.github.unidbg.thread.UniThreadDispatcher.runMainForResult(UniThreadDispatcher.java:97)
	at com.github.unidbg.AbstractEmulator.runMainForResult(AbstractEmulator.java:332)
	at com.github.unidbg.arm.AbstractARM64Emulator.eFunc(AbstractARM64Emulator.java:262)
	at com.github.unidbg.Module.emulateFunction(Module.java:170)
	at com.github.unidbg.linux.android.dvm.DvmObject.callJniMethod(DvmObject.java:135)
	at com.github.unidbg.linux.android.dvm.DvmObject.callJniMethodObject(DvmObject.java:93)
	at local.AdjustSignatureRunner.signNative(AdjustSignatureRunner.java:1746)
	at com.adjust.sdk.sig.NativeLibHelper.nSign(NativeLibHelper.java:133)
	at com.adjust.sdk.sig.NativeLibHelper.a(NativeLibHelper.java:141)
	at com.adjust.sdk.sig.d.a(d.java:73)
	at com.adjust.sdk.sig.Signer.sign(Signer.java:37)
	at local.SignerEngine.sign(SignerEngine.java:53)
	at local.SignerEngine.signOnce(SignerEngine.java:72)
	at local.SignerOneClick.run(SignerOneClick.java:29)
	at local.SignerOneClick.run(SignerOneClick.java:21)
	at local.SignerOneClick.main(SignerOneClick.java:50)
debugger break at: 0xfffe0274 @ Runnable|Function64 address=0x1240c604, arguments=[unidbg@0xfffe1640, 1306834002, 1267655902, 290579508, 767904468, 21]
>>> x0=0xfffe1640(-125376) x1=0x4b8ee4de x2=0xffffffffa0a12d1f x3=0x496bc455 x4=0x0 x5=0xe1d86c0344b8cdc2 x6=0xe73416d2939fa211 x7=0xe779194c1ab4ed88 x8=0xfffe0270 x9=0xd884c10b30f5b5c4 x10=0x9bf608711e1ad0f2 x11=0x5e043e1e5299bc9c x12=0xf7 x13=0xed37397c07a97ac2 x14=0xccf6816ea83c6197
>>> x15=0xac2548d4cf28bb3d x16=0xe7e632c79335c0e6 x17=0xb12ae66519038a72 x18=0x12229f50 x19=0x7b7cce24bb92cbc5 x20=0x9bf608711e1ad0f2 x21=0x496bc455 x22=0x83027341b2878c7c x23=0xfffe1640 x24=0xaa7de42a0f13c354 x25=0xad452fd730e3c35b x26=0xabb25dbb479981a0 x27=0x88ffbf5c305257e5 x28=0x80abfe7f19089e4d fp=0xe4ffef00
>>> q0=0x65726566657250646572616853746567(4.7668851993041E180, 4.770929824149967E180) q1=0xf7f7f7f7f7f7f7f7f7f7f7f7f7f7f7f7(-7.9140592507382E269, -7.9140592507382E269) q2=0xf9faedcffbfaedfef7ccb0ebf1faebf1(-1.184168074086126E269, -3.8188754246256453E279) q3=0x9f9f9f9f9f9f9f9f9f9f9f9f9f9f9f9f(-2.3033111081647696E-156, -2.3033111081647696E-156) q4=0x0(0.0) q5=0x100000000(2.121995791E-314) q6=0x0(0.0) q7=0x80200802802008028020080280200802(-4.458850023827439E-308, -4.458850023827439E-308) q8=0x9f9f9f9f9f9f9f9f(-2.3033111081647696E-156) q9=0xcdcdcdcdcdcdcdcd(-6.2774385622041925E66) q10=0x1a1a1a1a1a1a1a1a(6.14293298947794E-183) q11=0x2828282828282828(3.0654356309538037E-115) q12=0x0(0.0) q13=0x0(0.0) q14=0x0(0.0) q15=0x0(0.0)
>>> q16=0x40100401401004014010040140100401(4.003911019303815, 4.003911019303815) q17=0xaa800100(-2.2738061433713597E-13) q18=0x0(0.0) q19=0x0(0.0) q20=0x0(0.0) q21=0x0(0.0) q22=0x0(0.0) q23=0x0(0.0) q24=0x0(0.0) q25=0x0(0.0) q26=0x0(0.0) q27=0x0(0.0) q28=0x0(0.0) q29=0x0(0.0) q30=0x0(0.0) q31=0x0(0.0)
LR=RX@0x123f5274[libsigner.so]0xb5274
SP=0xe4ffee90
PC=unidbg@0xfffe0274
nzcv: N=0, Z=1, C=1, V=0, EL0, use SP_EL0
    [Arm64Svc     0x000270] [c12300d4] 0xfffe0270: "svc #0x11e"
=> *[Arm64Svc    *0x000274]*[c0035fd6]*0xfffe0274:*"ret"

[main]V/SignerInstance: Calling native end  : 2026-07-12T18:49:04.582+0800
[main]E/SignerInstance: sign: Returned an null signature. Exiting...
Exception in thread "main" java.lang.IllegalStateException: Signer v4 did not produce a signature: {environment=sandbox, app_token=abc123, created_at=2026-07-10T00:00:00.000+0800, gps_adid=11111111-1111-1111-1111-111111111111, android_id=0123456789abcdef, device_type=phone, device_name=Pixel 9 Pro, os_name=android, os_version=15, language=zh, country=CN}
	at local.SignerEngine.sign(SignerEngine.java:55)
	at local.SignerEngine.signOnce(SignerEngine.java:72)
	at local.SignerOneClick.run(SignerOneClick.java:29)
	at local.SignerOneClick.run(SignerOneClick.java:21)
	at local.SignerOneClick.main(SignerOneClick.java:50)
