loaded libsigner.so base=0x12340000 size=0x148000
[main]V/SignerInstance: Signing all the parameters begin: 2026-07-12T19:02:25.846+0800
[main]V/SignerInstance: Calling native begin: 2026-07-12T19:02:25.900+0800
[qbdi-host] native-init stage=entry caller=0xcbc30 context=unidbg@0xe4fff3c8 flags=0x51183fffffd1e
[qbdi-host] native-init stage=select-0x2b state=0xdceadccbe705fd3c context=unidbg@0xe4fff3c8
[qbdi-host] native-init stage=wrapper-entry context=unidbg@0xe4fff3c8 flags=0x51183fffffd1e
[qbdi-host] native-init stage=correction-call code=0x2b context=unidbg@0xe4fff3c8
[qbdi-host] native-init stage=before-flag-set context=unidbg@0xe4fff3c8 flags=0x51183fffffd1e
[qbdi-host] native-init stage=after-flag-set context=unidbg@0xe4fff3c8 flags=0x51183fffffd1f
[qbdi-host] native-init stage=exit context=unidbg@0xe4fff3c8 flags=0x2051983fffffd1f
[qbdi-host] native-init stage=public-source-probe-call path=/data/app/~~7_posD2Xt1__e0e3j-WT5Q==/local.qbdi.adjustreference-g0OvN03MKCT_ocLhy-EC4Q==/base.apk result=unidbg@0xe4fff2d4 initial=0x0
[qbdi-host] native-init stage=public-source-probe-return success=0x1 result=0x0
[qbdi-host] native-init stage=legacy-state-probe-call context=unidbg@0xe4fff3c8 output=unidbg@0xe4fff2d4
[qbdi-host] native-init stage=legacy-state-probe-return result=0x0 output=0x0
[qbdi-host] native-init stage=legacy-state-probe-return result=0x0 output=0x0
[qbdi-host] native-init stage=legacy-state-selected state=0x23301822669a76fc
[qbdi-host] native-init stage=select-0x34 caller=0xd068 context=unidbg@0xe4fff3c8
[qbdi-host] native-init stage=wrapper-0x34-entry context=unidbg@0xe4fff3c8 flags=0x20d1983fffffd9f
[qbdi-host] native-init stage=correction-0x34-call code=0x34 context=unidbg@0xe4fff3c8
[main]V/SignerInstance: Calling native end  : 2026-07-12T19:02:39.763+0800
[main]V/SignerInstance: Signing all the parameters end  : 2026-07-12T19:02:39.763+0800
SIGNER_RESULT_JSON={"signed":true,"version":"V4","rawSignatureHex":"3b273362218b186a73e7349775b93f112f99badc4cc1bdb2c58761f699f62817e386bc0e6a005b894a0212cf212a2dceba35ccdd09c560bce68f1ddd13805a42e2d93bdee03252019cd49ce3d9965e022392aa1a6f5daa396403be2d30273499110efcc388a5f9c2df34b0a13a62f01ead457a3ba2f5101513d40964bb7c52b4dd55a335fb837a8f7ee5e601965eab4cca94f1e847d0ee51d8252146169d4575f15be21272bf9224a3b78bb5d7efb48a","signatureBase64":"OyczYiGLGGpz5zSXdbk/ES+ZutxMwb2yxYdh9pn2KBfjhrwOagBbiUoCEs8hKi3OujXM3QnFYLzmjx3dE4BaQuLZO97gMlIBnNSc49mWXgIjkqoab12qOWQDvi0wJzSZEQ78w4il+cLfNLChOmLwHq1Fejui9RAVE9QJZLt8UrTdVaM1+4N6j37l5gGWXqtMypTx6EfQ7lHYJSFGFp1FdfFb4hJyv5Iko7eLtdfvtIo=","metadata":{"signature":"OyczYiGLGGpz5zSXdbk/ES+ZutxMwb2yxYdh9pn2KBfjhrwOagBbiUoCEs8hKi3OujXM3QnFYLzmjx3dE4BaQuLZO97gMlIBnNSc49mWXgIjkqoab12qOWQDvi0wJzSZEQ78w4il+cLfNLChOmLwHq1Fejui9RAVE9QJZLt8UrTdVaM1+4N6j37l5gGWXqtMypTx6EfQ7lHYJSFGFp1FdfFb4hJyv5Iko7eLtdfvtIo=","adj_signing_id":"1400000","algorithm":"adj8","headers_id":"9","native_version":"3.67.0"},"output":{"environment":"sandbox","app_token":"abc123","created_at":"2026-07-10T00:00:00.000+0800","gps_adid":"11111111-1111-1111-1111-111111111111","android_id":"0123456789abcdef","device_type":"phone","device_name":"Pixel 9 Pro","os_name":"android","os_version":"15","language":"zh","country":"CN","headers_id":"9","adj_signing_id":"1400000","native_version":"3.67.0","algorithm":"adj8","signature":"OyczYiGLGGpz5zSXdbk/ES+ZutxMwb2yxYdh9pn2KBfjhrwOagBbiUoCEs8hKi3OujXM3QnFYLzmjx3dE4BaQuLZO97gMlIBnNSc49mWXgIjkqoab12qOWQDvi0wJzSZEQ78w4il+cLfNLChOmLwHq1Fejui9RAVE9QJZLt8UrTdVaM1+4N6j37l5gGWXqtMypTx6EfQ7lHYJSFGFp1FdfFb4hJyv5Iko7eLtdfvtIo="}}
