loaded libsigner.so base=0x12340000 size=0x148000
[main]V/SignerInstance: Signing all the parameters begin: 2026-07-12T19:05:17.635+0800
[main]V/SignerInstance: Calling native begin: 2026-07-12T19:05:17.705+0800
[qbdi-host] native-context-transform caller=libsigner.so+0x134d18 state=unidbg@0xe4fff3e8 w1=0x40 w2=0x0 value=0x0
[qbdi-host] native-context-transform caller=libsigner.so+0x134d18 state=unidbg@0xe4fff3e8 w1=0x41 w2=0x1 value=0x0
[qbdi-host] native-context-transform caller=libsigner.so+0x134d18 state=unidbg@0xe4fff3e8 w1=0x42 w2=0x2 value=0x0
[qbdi-host] native-context-transform caller=libsigner.so+0x134d18 state=unidbg@0xe4fff3e8 w1=0x43 w2=0x3 value=0x1fd6
[qbdi-host] native-context-transform caller=libsigner.so+0x134d18 state=unidbg@0xe4fff3e8 w1=0x44 w2=0x4 value=0x6c8f1fd6
[qbdi-host] native-context-transform caller=libsigner.so+0x134d18 state=unidbg@0xe4fff3e8 w1=0x45 w2=0x5 value=0x6c8f1fd6
[qbdi-host] native-context-transform caller=libsigner.so+0x134d18 state=unidbg@0xe4fff3e8 w1=0x46 w2=0x6 value=0x6c8f1fd6
[qbdi-host] native-context-transform caller=libsigner.so+0x134d18 state=unidbg@0xe4fff3e8 w1=0x47 w2=0x7 value=0x6c8f1fd6
[qbdi-host] native-context-transform caller=libsigner.so+0x134d18 state=unidbg@0xe4fff3e8 w1=0x40 w2=0x8 value=0x6c8f1fd6
[qbdi-host] native-context-transform caller=libsigner.so+0x134d18 state=unidbg@0xe4fff3e8 w1=0x41 w2=0x9 value=0x6c8f1fd6
[qbdi-host] native-context-transform caller=libsigner.so+0x134d18 state=unidbg@0xe4fff3e8 w1=0x42 w2=0xa value=0x6c8f1fd6
[qbdi-host] native-context-transform caller=libsigner.so+0x134d18 state=unidbg@0xe4fff3e8 w1=0x43 w2=0xb value=0x6c8f1fd6
[qbdi-host] native-context-transform caller=libsigner.so+0x134d18 state=unidbg@0xe4fff3e8 w1=0x44 w2=0xc value=0x6c8f1fd6
[qbdi-host] native-context-transform caller=libsigner.so+0x134d18 state=unidbg@0xe4fff3e8 w1=0x45 w2=0xd value=0x6c8f1fd6
[qbdi-host] native-context-transform caller=libsigner.so+0x134d18 state=unidbg@0xe4fff3e8 w1=0x46 w2=0xe value=0x6c8f1fd6
[qbdi-host] native-context-transform caller=libsigner.so+0x134d18 state=unidbg@0xe4fff3e8 w1=0x47 w2=0xf value=0x6c8f1fd6
[qbdi-host] native-context-transform caller=libsigner.so+0x134d18 state=unidbg@0xe4fff3e8 w1=0x40 w2=0x10 value=0x6c8f1fd6
[qbdi-host] native-context-transform caller=libsigner.so+0x134d18 state=unidbg@0xe4fff3e8 w1=0x41 w2=0x11 value=0x6c8f1fd6
[qbdi-host] native-context-transform caller=libsigner.so+0x134d18 state=unidbg@0xe4fff3e8 w1=0x42 w2=0x12 value=0x6c8f1fd6
[qbdi-host] native-context-transform caller=libsigner.so+0x134d18 state=unidbg@0xe4fff3e8 w1=0x43 w2=0x13 value=0x6c8f1fd6
[qbdi-host] native-context-transform caller=libsigner.so+0x134d18 state=unidbg@0xe4fff3e8 w1=0x44 w2=0x14 value=0x6c8f1fd6
[qbdi-host] native-context-transform caller=libsigner.so+0x134d18 state=unidbg@0xe4fff3e8 w1=0x45 w2=0x15 value=0x6c8f1fd6
[qbdi-host] native-context-transform caller=libsigner.so+0x134d18 state=unidbg@0xe4fff3e8 w1=0x46 w2=0x16 value=0x6c8f1fd6
[qbdi-host] native-context-transform caller=libsigner.so+0x134d18 state=unidbg@0xe4fff3e8 w1=0x47 w2=0x17 value=0x6c8f1fd6
[qbdi-host] native-context-transform caller=libsigner.so+0x134d18 state=unidbg@0xe4fff3e8 w1=0x40 w2=0x18 value=0x6c8f1fd6
[qbdi-host] native-context-transform caller=libsigner.so+0x134d18 state=unidbg@0xe4fff3e8 w1=0x41 w2=0x19 value=0x6c8f1fd6
[qbdi-host] native-context-transform caller=libsigner.so+0x134d18 state=unidbg@0xe4fff3e8 w1=0x42 w2=0x1a value=0x6c8f1fd6
[qbdi-host] native-context-transform caller=libsigner.so+0x134d18 state=unidbg@0xe4fff3e8 w1=0x43 w2=0x1b value=0x6c8f1fd6
[qbdi-host] native-context-transform caller=libsigner.so+0x134d18 state=unidbg@0xe4fff3e8 w1=0x44 w2=0x1c value=0x6c8f1fd6
[qbdi-host] native-context-transform caller=libsigner.so+0x134d18 state=unidbg@0xe4fff3e8 w1=0x45 w2=0x1d value=0x6c8f1fd6
[qbdi-host] native-context-transform caller=libsigner.so+0x134d18 state=unidbg@0xe4fff3e8 w1=0x46 w2=0x1e value=0x6c8f1fd6
[qbdi-host] native-context-transform caller=libsigner.so+0x134d18 state=unidbg@0xe4fff3e8 w1=0x47 w2=0x1f value=0x6c8f1fd6
[qbdi-host] native-context-transform caller=libsigner.so+0x134d18 state=unidbg@0xe4fff3e8 w1=0x40 w2=0x20 value=0x6c8f1fd6
[qbdi-host] native-context-transform caller=libsigner.so+0x134d18 state=unidbg@0xe4fff3e8 w1=0x41 w2=0x21 value=0x6c8f1fd6
[qbdi-host] native-context-transform caller=libsigner.so+0x134d18 state=unidbg@0xe4fff3e8 w1=0x42 w2=0x22 value=0x6c8f1fd6
[qbdi-host] native-context-transform caller=libsigner.so+0x134d18 state=unidbg@0xe4fff3e8 w1=0x43 w2=0x23 value=0x6c8f1fd6
[qbdi-host] native-context-transform caller=libsigner.so+0x134d18 state=unidbg@0xe4fff3e8 w1=0x44 w2=0x24 value=0x6c8f1fd6
[qbdi-host] native-context-transform caller=libsigner.so+0x134d18 state=unidbg@0xe4fff3e8 w1=0x45 w2=0x25 value=0x6c8f1fd6
[qbdi-host] native-context-transform caller=libsigner.so+0x134d18 state=unidbg@0xe4fff3e8 w1=0x46 w2=0x26 value=0x6c8f1fd6
[qbdi-host] native-context-transform caller=libsigner.so+0x134d18 state=unidbg@0xe4fff3e8 w1=0x47 w2=0x27 value=0x6c8f1fd6
[qbdi-host] native-context-transform caller=libsigner.so+0x134d18 state=unidbg@0xe4fff3e8 w1=0x40 w2=0x28 value=0x6c8f1fd6
[qbdi-host] native-context-transform caller=libsigner.so+0x134d18 state=unidbg@0xe4fff3e8 w1=0x41 w2=0x29 value=0x6c8f1fd6
[qbdi-host] native-context-transform caller=libsigner.so+0x134d18 state=unidbg@0xe4fff3e8 w1=0x42 w2=0x2a value=0x6c8f1fd6
[qbdi-host] native-context-transform caller=libsigner.so+0x134d18 state=unidbg@0xe4fff3e8 w1=0x43 w2=0x2b value=0x6c8f1fd6
[qbdi-host] native-context-transform caller=libsigner.so+0x134d18 state=unidbg@0xe4fff3e8 w1=0x44 w2=0x2c value=0x6c8f1fd6
[qbdi-host] native-context-transform caller=libsigner.so+0x134d18 state=unidbg@0xe4fff3e8 w1=0x45 w2=0x2d value=0x6c8f1fd6
[qbdi-host] native-context-transform caller=libsigner.so+0x134d18 state=unidbg@0xe4fff3e8 w1=0x46 w2=0x2e value=0x6c8f1fd6
[qbdi-host] native-context-transform caller=libsigner.so+0x134d18 state=unidbg@0xe4fff3e8 w1=0x47 w2=0x2f value=0x6c8f1fd6
[qbdi-host] native-context-transform caller=libsigner.so+0x134d18 state=unidbg@0xe4fff3e8 w1=0x40 w2=0x30 value=0x6c8f1fd6
[qbdi-host] native-context-transform caller=libsigner.so+0x134d18 state=unidbg@0xe4fff3e8 w1=0x41 w2=0x31 value=0x6c8f1fd6
[qbdi-host] native-context-transform caller=libsigner.so+0x134d18 state=unidbg@0xe4fff3e8 w1=0x42 w2=0x32 value=0x6c8f1fd6
[qbdi-host] native-context-transform caller=libsigner.so+0x134d18 state=unidbg@0xe4fff3e8 w1=0x43 w2=0x33 value=0x6c8f1fd6
[qbdi-host] native-context-transform caller=libsigner.so+0x134d18 state=unidbg@0xe4fff3e8 w1=0x44 w2=0x34 value=0x6c8f1fd6
[qbdi-host] native-context-transform caller=libsigner.so+0x134d18 state=unidbg@0xe4fff3e8 w1=0x45 w2=0x35 value=0x6c8f1fd6
[qbdi-host] native-context-transform caller=libsigner.so+0x134d18 state=unidbg@0xe4fff3e8 w1=0x46 w2=0x36 value=0x6c8f1fd6
[qbdi-host] native-context-transform caller=libsigner.so+0x134d18 state=unidbg@0xe4fff3e8 w1=0x47 w2=0x37 value=0x6c8f1fd6
[qbdi-host] native-context-transform caller=libsigner.so+0x134d18 state=unidbg@0xe4fff3e8 w1=0x40 w2=0x38 value=0x6c8f1fd6
[qbdi-host] native-context-transform caller=libsigner.so+0x134d18 state=unidbg@0xe4fff3e8 w1=0x41 w2=0x39 value=0x6c8f1fd6
[qbdi-host] native-context-transform caller=libsigner.so+0x134d18 state=unidbg@0xe4fff3e8 w1=0x42 w2=0x3a value=0x6c8f1fd6
[qbdi-host] native-context-transform caller=libsigner.so+0x134d18 state=unidbg@0xe4fff3e8 w1=0x43 w2=0x3b value=0x6c8f1fd6
[qbdi-host] native-context-transform caller=libsigner.so+0x134d18 state=unidbg@0xe4fff3e8 w1=0x44 w2=0x3c value=0x6c8f1fd6
[qbdi-host] native-context-transform caller=libsigner.so+0x134d18 state=unidbg@0xe4fff3e8 w1=0x45 w2=0x3d value=0x6c8f1fd6
[qbdi-host] native-context-transform caller=libsigner.so+0x134d18 state=unidbg@0xe4fff3e8 w1=0x46 w2=0x3e value=0x6c8f1fd6
[qbdi-host] native-context-transform caller=libsigner.so+0x134d18 state=unidbg@0xe4fff3e8 w1=0x47 w2=0x3f value=0x6c8f1fd6
[qbdi-host] native-context-correction caller=libsigner.so+0x80dc state=unidbg@0xe4fff3e8 w1=0x2b w2=0x8 value=0x6c8f1fd6
[qbdi-host] native-context-basis bytes=02002200200220220082000a200121a201042aa40ab2391824b8680615cdaad0
[qbdi-host] native-context-codewords stage=before-correction code=0x2b bytes=be19c3d2d61f8f6c9aa1e76af2a792ccbe19c3d2d61f8f6c9aa1e76af2a792ccbe19c3d2d61f8f6c9aa1e76af2a792ccbe19c3d2d61f8f6c9aa1e76af2a792ccbe19c3d2d61f8f6c9aa1e76af2a792ccbe19c3d2d61f8f6c9aa1e76af2a792ccbe19c3d2d61f8f6c9aa1e76af2a792ccbe19c3d2d61f8f6c9aa1e76af2a792cc
[qbdi-host] native-context-compare caller=libsigner.so+0x1354a4 state=unidbg@0xe4fff3e8 w1=0x2b w2=0x8 value=0x6c8f1fd6
[qbdi-host] native-context-compare-result index=0 value=0x6c8f1fd6
[qbdi-host] native-context-transform caller=libsigner.so+0x80dc state=unidbg@0xe4fff3e8 w1=0x2b w2=0x0 value=0x6c8f1fd6
[qbdi-host] native-context-correction caller=libsigner.so+0xd024 state=unidbg@0xe4fff3e8 w1=0x9 w2=0x7e72ecbe value=0x6c8f1fd6
[qbdi-host] native-context-basis bytes=02002200200220220082000a200121a201042aa40ab2391824b8680615cdaad0
[qbdi-host] native-context-codewords stage=before-correction code=0x9 bytes=9dd4c3d2d61f8f6c9aa1e76af2a792ccbe19c3d2d61f8f6c9aa1e76af2a792ccbe19c3d2d61f8f6c9aa1e76af2a792ccbe19c3d2d61f8f6c9aa1e76af2a792ccbe19c3d2d61f8f6c9aa1e76af2a792ccbe19c3d2d61f8f6c9aa1e76af2a792ccbe19c3d2d61f8f6c9aa1e76af2a792ccbe19c3d2d61f8f6c9aa1e76af2a792cc
[qbdi-host] native-context-compare caller=libsigner.so+0x1354a4 state=unidbg@0xe4fff3e8 w1=0x9 w2=0x7e72ecbe value=0x6c8f1fd6
[qbdi-host] native-context-compare-result index=1 value=0x6c8f1fd6
[qbdi-host] native-context-transform caller=libsigner.so+0xd024 state=unidbg@0xe4fff3e8 w1=0x9 w2=0x1 value=0x6c8f1fd6
[qbdi-host] native-context-correction caller=libsigner.so+0x161a4 state=unidbg@0xe4fff3e8 w1=0x3c w2=0xd3960f09 value=0x6c8f1fd6
[qbdi-host] native-context-basis bytes=02002200200220220082000a200121a201042aa40ab2391824b8680615cdaad0
[qbdi-host] native-context-codewords stage=before-correction code=0x3c bytes=9dd4fbced61f8f6c9aa1e76af2a792ccbe19c3d2d61f8f6c9aa1e76af2a792ccbe19c3d2d61f8f6c9aa1e76af2a792ccbe19c3d2d61f8f6c9aa1e76af2a792ccbe19c3d2d61f8f6c9aa1e76af2a792ccbe19c3d2d61f8f6c9aa1e76af2a792ccbe19c3d2d61f8f6c9aa1e76af2a792ccbe19c3d2d61f8f6c9aa1e76af2a792cc
[qbdi-host] native-context-compare caller=libsigner.so+0x1354a4 state=unidbg@0xe4fff3e8 w1=0x3c w2=0xd3960f09 value=0x6c8f1fd6
[qbdi-host] native-context-compare-result index=2 value=0x6c8f1fd6
[qbdi-host] native-context-transform caller=libsigner.so+0x161a4 state=unidbg@0xe4fff3e8 w1=0x3c w2=0x2 value=0x6c8f1fd6
[qbdi-host] native-context-correction caller=libsigner.so+0x14e60 state=unidbg@0xe4fff3e8 w1=0x36 w2=0x7d004efa value=0x6c8fab82
[qbdi-host] native-context-basis bytes=02002200200220220082000a200121a201042aa40ab2391824b8680615cdaad0
[qbdi-host] native-context-codewords stage=before-correction code=0x36 bytes=9dd4fbce82ab8f6c9aa1e76af2a792ccbe19c3d2d61f8f6c9aa1e76af2a792ccbe19c3d2d61f8f6c9aa1e76af2a792ccbe19c3d2d61f8f6c9aa1e76af2a792ccbe19c3d2d61f8f6c9aa1e76af2a792ccbe19c3d2d61f8f6c9aa1e76af2a792ccbe19c3d2d61f8f6c9aa1e76af2a792ccbe19c3d2d61f8f6c9aa1e76af2a792cc
[qbdi-host] native-context-compare caller=libsigner.so+0x1354a4 state=unidbg@0xe4fff3e8 w1=0x36 w2=0x7d004efa value=0x6c8fab82
[qbdi-host] native-context-compare-result index=3 value=0x6c8fab82
[qbdi-host] native-context-transform caller=libsigner.so+0x14e60 state=unidbg@0xe4fff3e8 w1=0x36 w2=0x3 value=0x6c8fab82
[qbdi-host] native-context-correction caller=libsigner.so+0x14a28 state=unidbg@0xe4fff3e8 w1=0x25 w2=0x669a76fc value=0xb5d3ab82
[qbdi-host] native-context-basis bytes=02002200200220220082000a200121a201042aa40ab2391824b8680615cdaad0
[qbdi-host] native-context-codewords stage=before-correction code=0x25 bytes=9dd4fbce82abd3b59aa1e76af2a792ccbe19c3d2d61f8f6c9aa1e76af2a792ccbe19c3d2d61f8f6c9aa1e76af2a792ccbe19c3d2d61f8f6c9aa1e76af2a792ccbe19c3d2d61f8f6c9aa1e76af2a792ccbe19c3d2d61f8f6c9aa1e76af2a792ccbe19c3d2d61f8f6c9aa1e76af2a792ccbe19c3d2d61f8f6c9aa1e76af2a792cc
[qbdi-host] native-context-compare caller=libsigner.so+0x1354a4 state=unidbg@0xe4fff3e8 w1=0x25 w2=0x669a76fc value=0xb5d3ab82
[qbdi-host] native-context-compare-result index=4 value=0xb5d3ab82
[qbdi-host] native-context-transform caller=libsigner.so+0x14a28 state=unidbg@0xe4fff3e8 w1=0x25 w2=0x4 value=0xb5d3ab82
[qbdi-host] native-context-correction caller=libsigner.so+0xf2e4 state=unidbg@0xe4fff3e8 w1=0x5 w2=0x12219000 value=0xb5d3ab82
[qbdi-host] native-context-basis bytes=02002200200220220082000a200121a201042aa40ab2391824b8680615cdaad0
[qbdi-host] native-context-codewords stage=before-correction code=0x5 bytes=9dd4fbce82abd3b5cccae76af2a792ccbe19c3d2d61f8f6c9aa1e76af2a792ccbe19c3d2d61f8f6c9aa1e76af2a792ccbe19c3d2d61f8f6c9aa1e76af2a792ccbe19c3d2d61f8f6c9aa1e76af2a792ccbe19c3d2d61f8f6c9aa1e76af2a792ccbe19c3d2d61f8f6c9aa1e76af2a792ccbe19c3d2d61f8f6c9aa1e76af2a792cc
[qbdi-host] native-context-compare caller=libsigner.so+0x1354a4 state=unidbg@0xe4fff3e8 w1=0x5 w2=0x12219000 value=0xb5d3ab82
[qbdi-host] native-context-compare-result index=5 value=0xb5d3ab82
[qbdi-host] native-context-transform caller=libsigner.so+0xf2e4 state=unidbg@0xe4fff3e8 w1=0x5 w2=0x5 value=0xb5d3ab82
[qbdi-host] native-context-watch context=unidbg@0xe4fff3c8 offset=0x54 address=0xe4fff41c value=0xb5d3ab82
[qbdi-host] native-context-codewords stage=consumer bytes=9dd4fbce82abd3b5cccae66ef2a792ccbe19c3d2d61f8f6c9aa1e76af2a792ccbe19c3d2d61f8f6c9aa1e76af2a792ccbe19c3d2d61f8f6c9aa1e76af2a792ccbe19c3d2d61f8f6c9aa1e76af2a792ccbe19c3d2d61f8f6c9aa1e76af2a792ccbe19c3d2d61f8f6c9aa1e76af2a792ccbe19c3d2d61f8f6c9aa1e76af2a792cc
[main]V/SignerInstance: Calling native end  : 2026-07-12T19:05:31.593+0800
[main]V/SignerInstance: Signing all the parameters end  : 2026-07-12T19:05:31.593+0800
SIGNER_RESULT_JSON={"signed":true,"version":"V4","rawSignatureHex":"3b273362218b186a73e7349775b93f1170bfe197a0b1f1ed7360766164fab6fd7b1a069099eeabb081c32948cc3f1376e177ab8f12289ff33e25275d7c97a826d473e043bb94eb108134fc50be62964e33596c08dc7a0ead0567a031bb304f49d30d1517989be22ed706cc1d0c6077f06b5427448baf16ff01f2b4190d4b67835c1ed13abcb831020241799709817d276cda9f5902ce893089ebc8a793e36fbfe5bd754eef9ca0979691258ef7d9664d","signatureBase64":"OyczYiGLGGpz5zSXdbk/EXC/4ZegsfHtc2B2YWT6tv17GgaQme6rsIHDKUjMPxN24XerjxIon/M+JSddfJeoJtRz4EO7lOsQgTT8UL5ilk4zWWwI3HoOrQVnoDG7ME9J0w0VF5ib4i7XBswdDGB38GtUJ0SLrxb/AfK0GQ1LZ4NcHtE6vLgxAgJBeZcJgX0nbNqfWQLOiTCJ68ink+Nvv+W9dU7vnKCXlpEljvfZZk0=","metadata":{"signature":"OyczYiGLGGpz5zSXdbk/EXC/4ZegsfHtc2B2YWT6tv17GgaQme6rsIHDKUjMPxN24XerjxIon/M+JSddfJeoJtRz4EO7lOsQgTT8UL5ilk4zWWwI3HoOrQVnoDG7ME9J0w0VF5ib4i7XBswdDGB38GtUJ0SLrxb/AfK0GQ1LZ4NcHtE6vLgxAgJBeZcJgX0nbNqfWQLOiTCJ68ink+Nvv+W9dU7vnKCXlpEljvfZZk0=","adj_signing_id":"1400000","algorithm":"adj8","headers_id":"9","native_version":"3.67.0"},"output":{"environment":"sandbox","app_token":"abc123","created_at":"2026-07-10T00:00:00.000+0800","gps_adid":"11111111-1111-1111-1111-111111111111","android_id":"0123456789abcdef","device_type":"phone","device_name":"Pixel 9 Pro","os_name":"android","os_version":"15","language":"zh","country":"CN","headers_id":"9","adj_signing_id":"1400000","native_version":"3.67.0","algorithm":"adj8","signature":"OyczYiGLGGpz5zSXdbk/EXC/4ZegsfHtc2B2YWT6tv17GgaQme6rsIHDKUjMPxN24XerjxIon/M+JSddfJeoJtRz4EO7lOsQgTT8UL5ilk4zWWwI3HoOrQVnoDG7ME9J0w0VF5ib4i7XBswdDGB38GtUJ0SLrxb/AfK0GQ1LZ4NcHtE6vLgxAgJBeZcJgX0nbNqfWQLOiTCJ68ink+Nvv+W9dU7vnKCXlpEljvfZZk0="}}
