=== 61/129 analyze_jni_result_materialization.py ===
JNI_RESULT_MATERIALIZATION_STATIC_OK
EXIT=0
=== 62/129 analyze_jni_size_method_reader_a8978.py ===
cross-ABI FDEs and sole detector-producer caller: PASS
cross-ABI size / ()I once-decoded constants: PASS
four JNI vtable methods and three exception-consumer calls: PASS
statuses 3/18/28, class cleanup and final output clearing: PASS
C++ implementation, regression guard and coverage entry: PASS
EXIT=0
=== 63/129 analyze_jni_string_utf_length_927c4.py ===
arm64 JNI GetStringUTFLength helper 0x927c4 evidence: PASS
EXIT=0
=== 64/129 analyze_jni_system_service_getter_b5828.py ===
cross-ABI FDE and sole producer caller: PASS
Context, method and two JNI signatures decoded cross-ABI: PASS
six JNI operations, five exception stages and two cleanup sites: PASS
input gate, statuses 3/18/28 and result clearing: PASS
C++ implementation, regression and coverage entry: PASS
EXIT=0
=== 65/129 analyze_large_container_ownership_1238ec_124a20.py ===
LARGE_CONTAINER_OWNERSHIP_1238EC_124A20_STATIC_OK
EXIT=0
=== 66/129 analyze_large_container_parser_123a80_124a24.py ===
arm64 environment dispatcher 0x143e8 evidence: PASS
CONTAINER_PARSER_CLUSTER_12243C_123288_STATIC_VM_OK
LARGE_CONTAINER_PARSER_123A80_124A24_STATIC_VM_OK
EXIT=0
=== 67/129 analyze_legacy_key_resolver.py ===
LEGACY_KEY_RESOLVER_STATIC_OK
EXIT=0
=== 68/129 analyze_legacy_key_resolver_c9988_full.py ===
arm64 legacy wrapped-key resolver 0xc9988 full evidence: PASS
EXIT=0
=== 69/129 analyze_map_metadata_jni.py ===
MAP_METADATA_JNI_STATIC_OK output=/Users/sanbo/Desktop/api/qbdi/.omx/static-audit-20260713/arm64-map-metadata-jni.md
EXIT=0
=== 70/129 analyze_map_plaintext_materializer_11d798.py ===
arm64 Map plaintext materializer 0x11d798 evidence: PASS
EXIT=0
=== 71/129 analyze_map_put_cleanup.py ===
MAP_PUT_CLEANUP_STATIC_OK
EXIT=0
=== 72/129 analyze_map_remove_cleanup.py ===
MAP_REMOVE_CLEANUP_STATIC_OK
EXIT=0
=== 73/129 analyze_map_selected_value_walker_11ba78.py ===
arm64 JNI Map selected-value walker 0x11ba78 boundary evidence: PASS
EXIT=0
=== 74/129 analyze_map_selected_value_walker_11ba78_full.py ===
arm64 JNI Map selected-value walker 0x11ba78 full evidence: PASS
EXIT=0
=== 75/129 analyze_mapped_file_destructor_d3d90.py ===
MAPPED_FILE_DESTRUCTOR_D3D90_STATIC_OK
EXIT=0
=== 76/129 analyze_metadata_area_resolver_d313c.py ===
ARM64/x86_64 FDEs, caller and 14 opaque states: PASS
dot-separated +0x18 prefix descent: PASS
final +0x28 exact lookup and second-string return: PASS
C++ implementation, regression guard and coverage entry: PASS
EXIT=0
=== 77/129 analyze_module_runtime_scaffolding_8070.py ===
five exact ARM64 module runtime FDE bodies: PASS
C++ runtime callbacks, regression and recovered coverage: PASS
EXIT=0
=== 78/129 analyze_native_context_init.py ===
NATIVE_CONTEXT_INIT_AUDIT_PASS
EXIT=0
=== 79/129 analyze_native_result_builder_transaction.py ===
NATIVE_RESULT_BUILDER_TRANSACTION_STATIC_OK
EXIT=0
=== 80/129 analyze_native_signing_context_orchestrator.py ===
NATIVE_SIGNING_CONTEXT_ORCHESTRATOR_STATIC_OK
EXIT=0
=== 81/129 analyze_new_string_utf_helper_8af4.py ===
arm64 reserved Map value helper 0x8af4 evidence: PASS
EXIT=0
=== 82/129 analyze_nsign_hmac_flow.py ===
NSIGN_JAVA_HMAC_STATIC_OK output=/Users/sanbo/Desktop/api/qbdi/.omx/static-audit-20260713/arm64-nsign-java-hmac-flow.md
EXIT=0
=== 83/129 analyze_nsign_jni_orchestrator.py ===
NSIGN_JNI_ORCHESTRATOR_STATIC_OK
EXIT=0
=== 84/129 analyze_nsign_jni_orchestrator_full.py ===
arm64 nSign JNI orchestrator 0xcc604 full evidence: PASS
EXIT=0
=== 85/129 analyze_nsign_support_helpers.py ===
NSIGN_SUPPORT_HELPERS_STATIC_OK
EXIT=0
=== 86/129 analyze_opaque_helpers.py ===
EXIT=0
=== 87/129 analyze_owned_pointer108_check.py ===
OWNED_POINTER108_CHECK_AUDIT_PASS
EXIT=0
=== 88/129 analyze_owned_pointer108_producer.py ===
OWNED_POINTER108_PRODUCER_AUDIT_PASS
EXIT=0
=== 89/129 analyze_owned_pointer110_producer.py ===
OWNED_POINTER110_PRODUCER_AUDIT_PASS
EXIT=0
=== 90/129 analyze_owned_pointer_array_destructor_c8c44.py ===
OWNED_POINTER_ARRAY_DESTRUCTOR_C8C44_STATIC_OK
EXIT=0
=== 91/129 analyze_owned_string_pair_d2018.py ===
ARM64 0xd2018..0xd22d4 two-stage ownership evidence: PASS
x86_64 0xbfb83..0xbfe08 two-stage ownership evidence: PASS
stage two requires status zero: PASS
failure cleanup order first then second: PASS
EXIT=0
=== 92/129 analyze_package_suffix_helper.py ===
PACKAGE_SUFFIX_HELPER_AUDIT_PASS
EXIT=0
=== 93/129 analyze_packed_transition_34820.py ===
ARM64 0x34820..0x34954 instruction evidence: PASS
x86_64 0x32955..0x32a17 instruction evidence: PASS
packed transition truth table: PASS
EXIT=0
=== 94/129 analyze_packed_transition_counter_34bf4.py ===
ARM64 0x34bf4..0x34f9c packed-counter evidence: PASS
x86_64 0x32c82..0x32f48 packed-counter evidence: PASS
counter width: uint16_t modulo 65536
EXIT=0
=== 95/129 analyze_parser_owner_constructor_124c90.py ===
ARM64 0x124c90..0x125074 parser-owner constructor: PASS
x86_64 0x11cb9c..0x11cf06 constructor parity: PASS
R_OK, decoded rb mode, status 2/1 branches: PASS
FILE* +0x00 and +0x18/+0x28/+0x38 initialization: PASS
allocation-failure stream leak preserved and documented: PASS
EXIT=0
=== 96/129 analyze_parser_owner_destructor_125074.py ===
ARM64 0x125074..0x125210 parser-owner evidence: PASS
x86_64 0x11cf06..0x11d040 parser-owner evidence: PASS
null owner no-op: PASS
stream close/clear before +0x18/+0x28/+0x38/free: PASS
EXIT=0
=== 97/129 analyze_path_existence_counter_1f95c.py ===
PATH_EXISTENCE_COUNTER_1F95C_STATIC_OK
EXIT=0
=== 98/129 analyze_post_detector_pair_wrappers.py ===
arm64 post-detector pair wrappers evidence: PASS
EXIT=0
=== 99/129 analyze_post_detector_predicate_59658.py ===
arm64 post-detector predicate 0x59658 evidence: PASS
EXIT=0
=== 100/129 analyze_post_detector_predicate_6c590.py ===
arm64 post-detector predicate 0x6dbbc evidence: PASS
arm64 helper 0x58498 and post-detector predicate 0x6c590 evidence: PASS
EXIT=0
=== 101/129 analyze_post_detector_predicate_6dbbc.py ===
arm64 post-detector predicate 0x6dbbc evidence: PASS
EXIT=0
=== 102/129 analyze_post_detector_predicate_78f68.py ===
arm64 post-detector predicate 0x78f68 evidence: PASS
EXIT=0
=== 103/129 analyze_post_detector_predicates_76f2c_77f7c.py ===
arm64 post-detector predicates 0x76f2c/0x77f7c evidence: PASS
EXIT=0
=== 104/129 analyze_post_detector_stage_12a30.py ===
arm64 post-detector stage 0x12a30 orchestration/direct evidence: PASS
EXIT=0
=== 105/129 analyze_proc_maps_scanner_d78b8_full.py ===
arm64 proc maps scanner 0xd78b8 full evidence: PASS
EXIT=0
=== 106/129 analyze_property_info_source_d352c.py ===
ARM64/x86_64 FDEs, caller and 23 opaque states: PASS
decoded /dev/__properties__/property_info path: PASS
access/openat/fstat/size statuses 2/8/10/12: PASS
read-only private mmap and unchecked first-24-byte copy: PASS
C++ implementation, regression guard and coverage entry: PASS
EXIT=0
=== 107/129 analyze_protected_engine_algorithm_selection.py ===
instructions=42732
conditional_branches=7114
status_exit_branches=6499
immediate_ldr_w8_x19_status_guards=6493
direct_call_sites=7223
unique_direct_targets=17
indirect_blr_calls=0
top_branch_targets=
  0xf214c:6499
  0xf23c8:108
  0x11ba64:66
  0x119b10:22
  0x0:3
  0xf6180:2
  0xf9e28:2
  0xf205c:1
  0x1f:1
  0xf1f74:1
alternate_suite_ascii_hits=
  arm64-v8a:{}
  armeabi-v7a:{}
  x86:{}
  x86_64:{}
EXIT=0
=== 108/129 analyze_protected_engine_full.py ===
arm64 protected engine 0xf1ec8 full static VM Pixel vector: PASS
executed_instructions=8009752
direct_calls=1316791
output_bytes=176
EXIT=0
=== 109/129 analyze_protected_engine_input_init.py ===
arm64 protected engine 0xf1ec8 descriptor import evidence: PASS
EXIT=0
=== 110/129 analyze_protected_random_helpers_full.py ===
arm64 protected random helpers 0x12f298..0x12f3ac/0x134f40: PASS
EXIT=0
=== 111/129 analyze_public_source_digest_check.py ===
PUBLIC_SOURCE_DIGEST_CHECK_AUDIT_PASS
EXIT=0
=== 112/129 analyze_public_source_list_check.py ===
PUBLIC_SOURCE_LIST_CHECK_AUDIT_PASS
EXIT=0
=== 113/129 analyze_public_source_list_producer.py ===
PUBLIC_SOURCE_LIST_PRODUCER_AUDIT_PASS
EXIT=0
=== 114/129 analyze_readable_file_descriptor_batch_23274.py ===
READABLE_FILE_DESCRIPTOR_BATCH_23274_STATIC_OK
EXIT=0
=== 115/129 analyze_readable_file_reader_d6a2c.py ===
READABLE_FILE_READER_D6A2C_STATIC_OK
EXIT=0
=== 116/129 analyze_record_cross_match_34954.py ===
ARM64 0x34954..0x34bf4 record-match evidence: PASS
x86_64 0x32a17..0x32c82 record-match evidence: PASS
counter width: uint16_t modulo 65536
EXIT=0
=== 117/129 analyze_recursive_metadata_destructor_d22d4.py ===
ARM64/x86_64 FDEs, four callers and 21 opaque states: PASS
0x30-byte recursive node layout and two child arrays: PASS
depth-first array/string release and clear order: PASS
0xd4220 content-then-outer free wrapper: PASS
C++ implementation, regression guard and coverage entries: PASS
EXIT=0
=== 118/129 analyze_recursive_metadata_parser_d28d0.py ===
ARM64/x86_64 FDEs, callers and 24 opaque states: PASS
0x1c descriptor and source-relative cursor redirects: PASS
recursive +0x18 and pair-only +0x28 array construction: PASS
post-success count publication and d22d4 rollback: PASS
C++ implementation, regression guard and coverage entry: PASS
EXIT=0
=== 119/129 analyze_repeated_file_parser_cluster_120858_121aac.py ===
REPEATED_FILE_PARSER_CLUSTER_120858_121AAC_STATIC_OK
EXIT=0
=== 120/129 analyze_signer_code_trampoline_13063c.py ===
arm64 signer-code trampoline detector 0x13063c evidence: PASS
EXIT=0
=== 121/129 analyze_slice_string_materializer_d1a38.py ===
ARM64 0xd1a38..0xd1bf4 slice materializer evidence: PASS
x86_64 0xbf6d3..0xbf838 slice materializer evidence: PASS
UINT32_MAX allocation request: 0x100000000 bytes
EXIT=0
=== 122/129 analyze_substring_predicate_127a78.py ===
arm64 substring predicate 0x127a78 evidence: PASS
EXIT=0
=== 123/129 analyze_system_property_compatibility_d4244_d4678.py ===
SYSTEM_PROPERTY_COMPATIBILITY_D4244_D4678_STATIC_OK
EXIT=0
=== 124/129 analyze_system_property_metadata_init_d3ff0.py ===
SYSTEM_PROPERTY_METADATA_INIT_D3FF0_STATIC_OK
EXIT=0
=== 125/129 analyze_three_file_list_parser_121adc.py ===
THREE_FILE_LIST_PARSER_121ADC_STATIC_OK
EXIT=0
=== 126/129 analyze_timestamp_log_frontend.py ===
TIMESTAMP_LOG_FRONTEND_STATIC_OK
EXIT=0
=== 127/129 analyze_tracerpid_periodic_callback.py ===
TRACERPID_PERIODIC_CALLBACK_STATIC_OK
EXIT=0
=== 128/129 analyze_unordered_fixed_pair_matcher_87158.py ===
ARM64 0x87158 / x86_64 0x881ea fixed table: PASS
eight display-dimension pairs and width/height +0x60/+0x64 layout: PASS
forward/reversed pair acceptance and exhausted false: PASS
EXIT=0
=== 129/129 analyze_zip_eocd_cluster_125210_125770.py ===
ARM64/x86_64 EOCD marker 50 4b 05 06: PASS
0x125210/0x11d040 checked four-byte matcher: PASS
0x125770/0x11d3b2 offsets -22..-65556: PASS
exhaustion sentinel -65557 and stop conditions: PASS
EXIT=0
