write pc=0xf7490 executed=38438 arena=0x100000c0 off=0x1a val=0xadea6ae7
  0xf7434: ldr w8, [x19]
  0xf7438: cbnz w8, 0xf214c <Java_com_adjust_sdk_sig_NativeLibHelper_nSign+0x25b48>
  0xf743c: ldr x1, [x20]
  0xf7440: mov x0, x19
  0xf7444: mov w2, #0x1
  0xf7448: bl 0x138c8c <Java_com_adjust_sdk_sig_NativeLibHelper_nSign+0x6c688>
  0xf744c: ldr w8, [x19]
  0xf7450: cbnz w8, 0xf214c <Java_com_adjust_sdk_sig_NativeLibHelper_nSign+0x25b48>
  0xf7454: ldr x1, [x20]
  0xf7458: mov x0, x19
  0xf745c: bl 0x138b74 <Java_com_adjust_sdk_sig_NativeLibHelper_nSign+0x6c570>
  0xf7460: ldr w8, [x19]
  0xf7464: cbnz w8, 0xf214c <Java_com_adjust_sdk_sig_NativeLibHelper_nSign+0x25b48>
  0xf7468: mov w21, w0
  0xf746c: ldr x1, [x20]
  0xf7470: mov x0, x19
  0xf7474: bl 0x138b74 <Java_com_adjust_sdk_sig_NativeLibHelper_nSign+0x6c570>
  0xf7478: ldr w8, [x19]
  0xf747c: cbnz w8, 0xf214c <Java_com_adjust_sdk_sig_NativeLibHelper_nSign+0x25b48>
  0xf7480: mov w3, w0
  0xf7484: ldr x1, [x26]
  0xf7488: mov x0, x19
  0xf748c: mov w2, w21
  0xf7490: bl 0x138318 <Java_com_adjust_sdk_sig_NativeLibHelper_nSign+0x6bd14>
done executed=8012934 hits=1
