large_stack_push pc=0xf9e0c value=0xffffffff executed=3645
  0xf9d20: ldr w8, [x19]
  0xf9d24: cbnz w8, 0xf214c <Java_com_adjust_sdk_sig_NativeLibHelper_nSign+0x25b48>
  0xf9d28: ldr x1, [x20]
  0xf9d2c: sub w2, w0, #0x1
  0xf9d30: mov x0, x19
  0xf9d34: bl 0x138a70 <Java_com_adjust_sdk_sig_NativeLibHelper_nSign+0x6c46c>
  0xf9d38: ldr w8, [x19]
  0xf9d3c: cbnz w8, 0xf214c <Java_com_adjust_sdk_sig_NativeLibHelper_nSign+0x25b48>
  0xf9d40: ldr x1, [x20]
  0xf9d44: mov x0, x19
  0xf9d48: mov w2, #0x1
  0xf9d4c: bl 0x138e60 <Java_com_adjust_sdk_sig_NativeLibHelper_nSign+0x6c85c>
  0xf9d50: ldr w8, [x19]
  0xf9d54: cbnz w8, 0xf214c <Java_com_adjust_sdk_sig_NativeLibHelper_nSign+0x25b48>
  0xf9d58: ldr x1, [x20]
  0xf9d5c: mov x0, x19
  0xf9d60: bl 0x138b74 <Java_com_adjust_sdk_sig_NativeLibHelper_nSign+0x6c570>
  0xf9d64: ldr w8, [x19]
  0xf9d68: cbnz w8, 0xf214c <Java_com_adjust_sdk_sig_NativeLibHelper_nSign+0x25b48>
  0xf9d6c: ldr x8, [sp]
  0xf9d70: mov w2, w0
  0xf9d74: mov x0, x19
  0xf9d78: ldr x1, [x8]
  0xf9d7c: bl 0x137980 <Java_com_adjust_sdk_sig_NativeLibHelper_nSign+0x6b37c>
  0xf9d80: ldr w8, [x19]
  0xf9d84: cbnz w8, 0xf214c <Java_com_adjust_sdk_sig_NativeLibHelper_nSign+0x25b48>
  0xf9d88: ldr x1, [x20]
  0xf9d8c: mov x0, x19
  0xf9d90: bl 0x138e58 <Java_com_adjust_sdk_sig_NativeLibHelper_nSign+0x6c854>
  0xf9d94: ldr w8, [x19]
  0xf9d98: cbnz w8, 0xf214c <Java_com_adjust_sdk_sig_NativeLibHelper_nSign+0x25b48>
  0xf9d9c: ldr x1, [x20]
  0xf9da0: mov x0, x19
  0xf9da4: bl 0x138b74 <Java_com_adjust_sdk_sig_NativeLibHelper_nSign+0x6c570>
  0xf9da8: ldr w8, [x19]
  0xf9dac: cbnz w8, 0xf214c <Java_com_adjust_sdk_sig_NativeLibHelper_nSign+0x25b48>
  0xf9db0: mov w1, w0
  0xf9db4: ldp x21, x0, [x20]
  0xf9db8: bl 0x138744 <Java_com_adjust_sdk_sig_NativeLibHelper_nSign+0x6c140>
  0xf9dbc: mov w2, w0
  0xf9dc0: mov x0, x19
  0xf9dc4: mov x1, x21
  0xf9dc8: bl 0x138a70 <Java_com_adjust_sdk_sig_NativeLibHelper_nSign+0x6c46c>
  0xf9dcc: ldr w8, [x19]
  0xf9dd0: cbnz w8, 0xf214c <Java_com_adjust_sdk_sig_NativeLibHelper_nSign+0x25b48>
  0xf9dd4: ldr x1, [x20]
  0xf9dd8: mov x0, x19
  0xf9ddc: mov w2, #0x1
  0xf9de0: bl 0x138e60 <Java_com_adjust_sdk_sig_NativeLibHelper_nSign+0x6c85c>
  0xf9de4: ldr w8, [x19]
  0xf9de8: cbnz w8, 0xf214c <Java_com_adjust_sdk_sig_NativeLibHelper_nSign+0x25b48>
  0xf9dec: ldr x1, [x20]
  0xf9df0: mov x0, x19
  0xf9df4: bl 0x138b74 <Java_com_adjust_sdk_sig_NativeLibHelper_nSign+0x6c570>
  0xf9df8: ldr w8, [x19]
  0xf9dfc: cbnz w8, 0xf214c <Java_com_adjust_sdk_sig_NativeLibHelper_nSign+0x25b48>
  0xf9e00: ldr x1, [x20]
  0xf9e04: sub w2, w0, #0x1
  0xf9e08: mov x0, x19
  0xf9e0c: bl 0x138a70 <Java_com_adjust_sdk_sig_NativeLibHelper_nSign+0x6c46c>
  0xf9e10: ldr w8, [x19]
  0xf9e14: cbnz w8, 0xf214c <Java_com_adjust_sdk_sig_NativeLibHelper_nSign+0x25b48>
  0xf9e18: ldr x8, [sp]
  0xf9e1c: ldr x0, [x8]
  0xf9e20: bl 0x137a78 <Java_com_adjust_sdk_sig_NativeLibHelper_nSign+0x6b474>
  0xf9e24: cbnz w0, 0xf9d88 <Java_com_adjust_sdk_sig_NativeLibHelper_nSign+0x2d784>
  0xf9d88: ldr x1, [x20]
  0xf9d8c: mov x0, x19
  0xf9d90: bl 0x138e58 <Java_com_adjust_sdk_sig_NativeLibHelper_nSign+0x6c854>
  0xf9d94: ldr w8, [x19]
  0xf9d98: cbnz w8, 0xf214c <Java_com_adjust_sdk_sig_NativeLibHelper_nSign+0x25b48>
  0xf9d9c: ldr x1, [x20]
  0xf9da0: mov x0, x19
  0xf9da4: bl 0x138b74 <Java_com_adjust_sdk_sig_NativeLibHelper_nSign+0x6c570>
  0xf9da8: ldr w8, [x19]
  0xf9dac: cbnz w8, 0xf214c <Java_com_adjust_sdk_sig_NativeLibHelper_nSign+0x25b48>
  0xf9db0: mov w1, w0
  0xf9db4: ldp x21, x0, [x20]
  0xf9db8: bl 0x138744 <Java_com_adjust_sdk_sig_NativeLibHelper_nSign+0x6c140>
  0xf9dbc: mov w2, w0
  0xf9dc0: mov x0, x19
  0xf9dc4: mov x1, x21
  0xf9dc8: bl 0x138a70 <Java_com_adjust_sdk_sig_NativeLibHelper_nSign+0x6c46c>
  0xf9dcc: ldr w8, [x19]
  0xf9dd0: cbnz w8, 0xf214c <Java_com_adjust_sdk_sig_NativeLibHelper_nSign+0x25b48>
  0xf9dd4: ldr x1, [x20]
  0xf9dd8: mov x0, x19
  0xf9ddc: mov w2, #0x1
  0xf9de0: bl 0x138e60 <Java_com_adjust_sdk_sig_NativeLibHelper_nSign+0x6c85c>
  0xf9de4: ldr w8, [x19]
  0xf9de8: cbnz w8, 0xf214c <Java_com_adjust_sdk_sig_NativeLibHelper_nSign+0x25b48>
  0xf9dec: ldr x1, [x20]
  0xf9df0: mov x0, x19
  0xf9df4: bl 0x138b74 <Java_com_adjust_sdk_sig_NativeLibHelper_nSign+0x6c570>
  0xf9df8: ldr w8, [x19]
  0xf9dfc: cbnz w8, 0xf214c <Java_com_adjust_sdk_sig_NativeLibHelper_nSign+0x25b48>
  0xf9e00: ldr x1, [x20]
  0xf9e04: sub w2, w0, #0x1
  0xf9e08: mov x0, x19
  0xf9e0c: bl 0x138a70 <Java_com_adjust_sdk_sig_NativeLibHelper_nSign+0x6c46c>
stack_tail_before= [24, 56, 57, 58, 59, 64, 32, 68]
