executed=8012934 status=0 rand=8
lane0: len_words=44 frames=[0] data=3b273362218b186a73e7349775b93f11854d066d75f42f9f896546d8af98c04a20dba9ef159923f7c32e388f673394c699bd07a188b9c1d8a07d9fe59e0076feb343cb1ad59fa415a23ccae93affd9f30305384377adf4299f5a4c43d6d94026e5002740d1da740782c346117fc3338d0d1179104285c80d660501aa70ab20e0df9664e82d4d8e414ea17fe655a851180ebdd35b9cf526cb20152ea5c96e6f07ec4bfe1e982b0596e9279d90972d6f20
lane1: len_words=1 frames=[0] data=000000b0
lane2: len_words=1 frames=[0] data=00000080
lane3: len_words=8 frames=[0] data=02002200200220220082000a200121a201042aa40ab2391824b8680615cdaad0
lane4: len_words=1 frames=[0] data=00010203
lane5: len_words=1 frames=[0] data=0000009a
lane6: len_words=39 frames=[0] data=30313233343536373839616263646566616263313233434e323032362d30372d31305430303a30303a30302e3030302b30383030506978656c20392050726f70686f6e6573616e64626f7831313131313131312d313131312d313131312d313131312d313131313131313131313131616e64726f696431353134303030303073657373696f6e616e64726f6964342e33382e3539332e36372e300000
lane7: len_words=1 frames=[0] data=00000000
lane8: len_words=0 frames=[0] data=
lane9: len_words=0 frames=[0] data=
lane10: len_words=0 frames=[0] data=
lane11: len_words=0 frames=[0] data=
lane12: len_words=0 frames=[0] data=
lane13: len_words=0 frames=[0] data=
lane14: len_words=0 frames=[0] data=
lane15: len_words=0 frames=[0] data=
stack []
aux []
counter [4, 30]
