write pc=0xf6610 executed=38101 arena=0x100000b0 off=0xadea val=0xadea
  0xf65b4: bl 0x138b74 <Java_com_adjust_sdk_sig_NativeLibHelper_nSign+0x6c570>
  0xf65b8: ldr w8, [x19]
  0xf65bc: cbnz w8, 0xf214c <Java_com_adjust_sdk_sig_NativeLibHelper_nSign+0x25b48>
  0xf65c0: ldr x1, [x20]
  0xf65c4: lsr w2, w21, w0
  0xf65c8: mov x0, x19
  0xf65cc: bl 0x138a70 <Java_com_adjust_sdk_sig_NativeLibHelper_nSign+0x6c46c>
  0xf65d0: ldr w8, [x19]
  0xf65d4: cbnz w8, 0xf214c <Java_com_adjust_sdk_sig_NativeLibHelper_nSign+0x25b48>
  0xf65d8: ldr x1, [x20]
  0xf65dc: mov x0, x19
  0xf65e0: bl 0x138b74 <Java_com_adjust_sdk_sig_NativeLibHelper_nSign+0x6c570>
  0xf65e4: ldr w8, [x19]
  0xf65e8: cbnz w8, 0xf214c <Java_com_adjust_sdk_sig_NativeLibHelper_nSign+0x25b48>
  0xf65ec: mov w21, w0
  0xf65f0: ldr x1, [x20]
  0xf65f4: mov x0, x19
  0xf65f8: bl 0x138b74 <Java_com_adjust_sdk_sig_NativeLibHelper_nSign+0x6c570>
  0xf65fc: ldr w8, [x19]
  0xf6600: cbnz w8, 0xf214c <Java_com_adjust_sdk_sig_NativeLibHelper_nSign+0x25b48>
  0xf6604: ldr x1, [x20]
  0xf6608: orr w2, w0, w21
  0xf660c: mov x0, x19
  0xf6610: bl 0x138a70 <Java_com_adjust_sdk_sig_NativeLibHelper_nSign+0x6c46c>
write pc=0xf72d8 executed=38328 arena=0x100000b0 off=0xadea val=0xadea
  0xf727c: bl 0x138e58 <Java_com_adjust_sdk_sig_NativeLibHelper_nSign+0x6c854>
  0xf7280: ldr w8, [x19]
  0xf7284: cbnz w8, 0xf214c <Java_com_adjust_sdk_sig_NativeLibHelper_nSign+0x25b48>
  0xf7288: ldr x1, [x20]
  0xf728c: mov x0, x19
  0xf7290: mov w2, #0xffff
  0xf7294: bl 0x138a70 <Java_com_adjust_sdk_sig_NativeLibHelper_nSign+0x6c46c>
  0xf7298: ldr w8, [x19]
  0xf729c: cbnz w8, 0xf214c <Java_com_adjust_sdk_sig_NativeLibHelper_nSign+0x25b48>
  0xf72a0: ldr x1, [x20]
  0xf72a4: mov x0, x19
  0xf72a8: bl 0x138b74 <Java_com_adjust_sdk_sig_NativeLibHelper_nSign+0x6c570>
  0xf72ac: ldr w8, [x19]
  0xf72b0: cbnz w8, 0xf214c <Java_com_adjust_sdk_sig_NativeLibHelper_nSign+0x25b48>
  0xf72b4: mov w21, w0
  0xf72b8: ldr x1, [x20]
  0xf72bc: mov x0, x19
  0xf72c0: bl 0x138b74 <Java_com_adjust_sdk_sig_NativeLibHelper_nSign+0x6c570>
  0xf72c4: ldr w8, [x19]
  0xf72c8: cbnz w8, 0xf214c <Java_com_adjust_sdk_sig_NativeLibHelper_nSign+0x25b48>
  0xf72cc: ldr x1, [x20]
  0xf72d0: and w2, w0, w21
  0xf72d4: mov x0, x19
  0xf72d8: bl 0x138a70 <Java_com_adjust_sdk_sig_NativeLibHelper_nSign+0x6c46c>
write pc=0xf7404 executed=38403 arena=0x100000b0 off=0xadea6ae7 val=0xadea6ae7
  0xf73a8: bl 0x138b74 <Java_com_adjust_sdk_sig_NativeLibHelper_nSign+0x6c570>
  0xf73ac: ldr w8, [x19]
  0xf73b0: cbnz w8, 0xf214c <Java_com_adjust_sdk_sig_NativeLibHelper_nSign+0x25b48>
  0xf73b4: ldr x1, [x20]
  0xf73b8: lsr w2, w21, w0
  0xf73bc: mov x0, x19
  0xf73c0: bl 0x138a70 <Java_com_adjust_sdk_sig_NativeLibHelper_nSign+0x6c46c>
  0xf73c4: ldr w8, [x19]
  0xf73c8: cbnz w8, 0xf214c <Java_com_adjust_sdk_sig_NativeLibHelper_nSign+0x25b48>
  0xf73cc: ldr x1, [x20]
  0xf73d0: mov x0, x19
  0xf73d4: bl 0x138b74 <Java_com_adjust_sdk_sig_NativeLibHelper_nSign+0x6c570>
  0xf73d8: ldr w8, [x19]
  0xf73dc: cbnz w8, 0xf214c <Java_com_adjust_sdk_sig_NativeLibHelper_nSign+0x25b48>
  0xf73e0: mov w21, w0
  0xf73e4: ldr x1, [x20]
  0xf73e8: mov x0, x19
  0xf73ec: bl 0x138b74 <Java_com_adjust_sdk_sig_NativeLibHelper_nSign+0x6c570>
  0xf73f0: ldr w8, [x19]
  0xf73f4: cbnz w8, 0xf214c <Java_com_adjust_sdk_sig_NativeLibHelper_nSign+0x25b48>
  0xf73f8: ldr x1, [x20]
  0xf73fc: orr w2, w0, w21
  0xf7400: mov x0, x19
  0xf7404: bl 0x138a70 <Java_com_adjust_sdk_sig_NativeLibHelper_nSign+0x6c46c>
write pc=0xf88b8 executed=331870 arena=0x100000b0 off=0xadea6ae7 val=0xadea6ae7
  0xf885c: ldr x1, [x20]
  0xf8860: lsl w2, w21, w0
  0xf8864: mov x0, x19
  0xf8868: bl 0x138a70 <Java_com_adjust_sdk_sig_NativeLibHelper_nSign+0x6c46c>
  0xf886c: ldr w8, [x19]
  0xf8870: cbnz w8, 0xf214c <Java_com_adjust_sdk_sig_NativeLibHelper_nSign+0x25b48>
  0xf8874: ldr x1, [x20]
  0xf8878: mov x0, x19
  0xf887c: mov w2, #0x3
  0xf8880: bl 0x138c8c <Java_com_adjust_sdk_sig_NativeLibHelper_nSign+0x6c688>
  0xf8884: ldr w8, [x19]
  0xf8888: cbnz w8, 0xf214c <Java_com_adjust_sdk_sig_NativeLibHelper_nSign+0x25b48>
  0xf888c: ldr x1, [x20]
  0xf8890: mov x0, x19
  0xf8894: bl 0x138b74 <Java_com_adjust_sdk_sig_NativeLibHelper_nSign+0x6c570>
  0xf8898: ldr w8, [x19]
  0xf889c: cbnz w8, 0xf214c <Java_com_adjust_sdk_sig_NativeLibHelper_nSign+0x25b48>
  0xf88a0: mov w1, w0
  0xf88a4: ldp x21, x0, [x20]
  0xf88a8: bl 0x138744 <Java_com_adjust_sdk_sig_NativeLibHelper_nSign+0x6c140>
  0xf88ac: mov w2, w0
  0xf88b0: mov x0, x19
  0xf88b4: mov x1, x21
  0xf88b8: bl 0x138a70 <Java_com_adjust_sdk_sig_NativeLibHelper_nSign+0x6c46c>
write pc=0xf88b8 executed=332356 arena=0x100000b0 off=0xadea6ae7 val=0xadea6ae7
  0xf885c: ldr x1, [x20]
  0xf8860: lsl w2, w21, w0
  0xf8864: mov x0, x19
  0xf8868: bl 0x138a70 <Java_com_adjust_sdk_sig_NativeLibHelper_nSign+0x6c46c>
  0xf886c: ldr w8, [x19]
  0xf8870: cbnz w8, 0xf214c <Java_com_adjust_sdk_sig_NativeLibHelper_nSign+0x25b48>
  0xf8874: ldr x1, [x20]
  0xf8878: mov x0, x19
  0xf887c: mov w2, #0x3
  0xf8880: bl 0x138c8c <Java_com_adjust_sdk_sig_NativeLibHelper_nSign+0x6c688>
  0xf8884: ldr w8, [x19]
  0xf8888: cbnz w8, 0xf214c <Java_com_adjust_sdk_sig_NativeLibHelper_nSign+0x25b48>
  0xf888c: ldr x1, [x20]
  0xf8890: mov x0, x19
  0xf8894: bl 0x138b74 <Java_com_adjust_sdk_sig_NativeLibHelper_nSign+0x6c570>
  0xf8898: ldr w8, [x19]
  0xf889c: cbnz w8, 0xf214c <Java_com_adjust_sdk_sig_NativeLibHelper_nSign+0x25b48>
  0xf88a0: mov w1, w0
  0xf88a4: ldp x21, x0, [x20]
  0xf88a8: bl 0x138744 <Java_com_adjust_sdk_sig_NativeLibHelper_nSign+0x6c140>
  0xf88ac: mov w2, w0
  0xf88b0: mov x0, x19
  0xf88b4: mov x1, x21
  0xf88b8: bl 0x138a70 <Java_com_adjust_sdk_sig_NativeLibHelper_nSign+0x6c46c>
write pc=0xf88b8 executed=332864 arena=0x100000b0 off=0xadea6ae7 val=0xadea6ae7
  0xf885c: ldr x1, [x20]
  0xf8860: lsl w2, w21, w0
  0xf8864: mov x0, x19
  0xf8868: bl 0x138a70 <Java_com_adjust_sdk_sig_NativeLibHelper_nSign+0x6c46c>
  0xf886c: ldr w8, [x19]
  0xf8870: cbnz w8, 0xf214c <Java_com_adjust_sdk_sig_NativeLibHelper_nSign+0x25b48>
  0xf8874: ldr x1, [x20]
  0xf8878: mov x0, x19
  0xf887c: mov w2, #0x3
  0xf8880: bl 0x138c8c <Java_com_adjust_sdk_sig_NativeLibHelper_nSign+0x6c688>
  0xf8884: ldr w8, [x19]
  0xf8888: cbnz w8, 0xf214c <Java_com_adjust_sdk_sig_NativeLibHelper_nSign+0x25b48>
  0xf888c: ldr x1, [x20]
  0xf8890: mov x0, x19
  0xf8894: bl 0x138b74 <Java_com_adjust_sdk_sig_NativeLibHelper_nSign+0x6c570>
  0xf8898: ldr w8, [x19]
  0xf889c: cbnz w8, 0xf214c <Java_com_adjust_sdk_sig_NativeLibHelper_nSign+0x25b48>
  0xf88a0: mov w1, w0
  0xf88a4: ldp x21, x0, [x20]
  0xf88a8: bl 0x138744 <Java_com_adjust_sdk_sig_NativeLibHelper_nSign+0x6c140>
  0xf88ac: mov w2, w0
  0xf88b0: mov x0, x19
  0xf88b4: mov x1, x21
  0xf88b8: bl 0x138a70 <Java_com_adjust_sdk_sig_NativeLibHelper_nSign+0x6c46c>
write pc=0xf88b8 executed=333350 arena=0x100000b0 off=0xadea6ae7 val=0xadea6ae7
  0xf885c: ldr x1, [x20]
  0xf8860: lsl w2, w21, w0
  0xf8864: mov x0, x19
  0xf8868: bl 0x138a70 <Java_com_adjust_sdk_sig_NativeLibHelper_nSign+0x6c46c>
  0xf886c: ldr w8, [x19]
  0xf8870: cbnz w8, 0xf214c <Java_com_adjust_sdk_sig_NativeLibHelper_nSign+0x25b48>
  0xf8874: ldr x1, [x20]
  0xf8878: mov x0, x19
  0xf887c: mov w2, #0x3
  0xf8880: bl 0x138c8c <Java_com_adjust_sdk_sig_NativeLibHelper_nSign+0x6c688>
  0xf8884: ldr w8, [x19]
  0xf8888: cbnz w8, 0xf214c <Java_com_adjust_sdk_sig_NativeLibHelper_nSign+0x25b48>
  0xf888c: ldr x1, [x20]
  0xf8890: mov x0, x19
  0xf8894: bl 0x138b74 <Java_com_adjust_sdk_sig_NativeLibHelper_nSign+0x6c570>
  0xf8898: ldr w8, [x19]
  0xf889c: cbnz w8, 0xf214c <Java_com_adjust_sdk_sig_NativeLibHelper_nSign+0x25b48>
  0xf88a0: mov w1, w0
  0xf88a4: ldp x21, x0, [x20]
  0xf88a8: bl 0x138744 <Java_com_adjust_sdk_sig_NativeLibHelper_nSign+0x6c140>
  0xf88ac: mov w2, w0
  0xf88b0: mov x0, x19
  0xf88b4: mov x1, x21
  0xf88b8: bl 0x138a70 <Java_com_adjust_sdk_sig_NativeLibHelper_nSign+0x6c46c>
write pc=0xf88b8 executed=1533211 arena=0x100000b0 off=0xadea6ae7 val=0xadea6ae7
  0xf885c: ldr x1, [x20]
  0xf8860: lsl w2, w21, w0
  0xf8864: mov x0, x19
  0xf8868: bl 0x138a70 <Java_com_adjust_sdk_sig_NativeLibHelper_nSign+0x6c46c>
  0xf886c: ldr w8, [x19]
  0xf8870: cbnz w8, 0xf214c <Java_com_adjust_sdk_sig_NativeLibHelper_nSign+0x25b48>
  0xf8874: ldr x1, [x20]
  0xf8878: mov x0, x19
  0xf887c: mov w2, #0x3
  0xf8880: bl 0x138c8c <Java_com_adjust_sdk_sig_NativeLibHelper_nSign+0x6c688>
  0xf8884: ldr w8, [x19]
  0xf8888: cbnz w8, 0xf214c <Java_com_adjust_sdk_sig_NativeLibHelper_nSign+0x25b48>
  0xf888c: ldr x1, [x20]
  0xf8890: mov x0, x19
  0xf8894: bl 0x138b74 <Java_com_adjust_sdk_sig_NativeLibHelper_nSign+0x6c570>
  0xf8898: ldr w8, [x19]
  0xf889c: cbnz w8, 0xf214c <Java_com_adjust_sdk_sig_NativeLibHelper_nSign+0x25b48>
  0xf88a0: mov w1, w0
  0xf88a4: ldp x21, x0, [x20]
  0xf88a8: bl 0x138744 <Java_com_adjust_sdk_sig_NativeLibHelper_nSign+0x6c140>
  0xf88ac: mov w2, w0
  0xf88b0: mov x0, x19
  0xf88b4: mov x1, x21
  0xf88b8: bl 0x138a70 <Java_com_adjust_sdk_sig_NativeLibHelper_nSign+0x6c46c>
write pc=0xf88b8 executed=1533719 arena=0x100000b0 off=0xadea6ae7 val=0xadea6ae7
  0xf885c: ldr x1, [x20]
  0xf8860: lsl w2, w21, w0
  0xf8864: mov x0, x19
  0xf8868: bl 0x138a70 <Java_com_adjust_sdk_sig_NativeLibHelper_nSign+0x6c46c>
  0xf886c: ldr w8, [x19]
  0xf8870: cbnz w8, 0xf214c <Java_com_adjust_sdk_sig_NativeLibHelper_nSign+0x25b48>
  0xf8874: ldr x1, [x20]
  0xf8878: mov x0, x19
  0xf887c: mov w2, #0x3
  0xf8880: bl 0x138c8c <Java_com_adjust_sdk_sig_NativeLibHelper_nSign+0x6c688>
  0xf8884: ldr w8, [x19]
  0xf8888: cbnz w8, 0xf214c <Java_com_adjust_sdk_sig_NativeLibHelper_nSign+0x25b48>
  0xf888c: ldr x1, [x20]
  0xf8890: mov x0, x19
  0xf8894: bl 0x138b74 <Java_com_adjust_sdk_sig_NativeLibHelper_nSign+0x6c570>
  0xf8898: ldr w8, [x19]
  0xf889c: cbnz w8, 0xf214c <Java_com_adjust_sdk_sig_NativeLibHelper_nSign+0x25b48>
  0xf88a0: mov w1, w0
  0xf88a4: ldp x21, x0, [x20]
  0xf88a8: bl 0x138744 <Java_com_adjust_sdk_sig_NativeLibHelper_nSign+0x6c140>
  0xf88ac: mov w2, w0
  0xf88b0: mov x0, x19
  0xf88b4: mov x1, x21
  0xf88b8: bl 0x138a70 <Java_com_adjust_sdk_sig_NativeLibHelper_nSign+0x6c46c>
write pc=0xf88b8 executed=1534205 arena=0x100000b0 off=0xadea6ae7 val=0xadea6ae7
  0xf885c: ldr x1, [x20]
  0xf8860: lsl w2, w21, w0
  0xf8864: mov x0, x19
  0xf8868: bl 0x138a70 <Java_com_adjust_sdk_sig_NativeLibHelper_nSign+0x6c46c>
  0xf886c: ldr w8, [x19]
  0xf8870: cbnz w8, 0xf214c <Java_com_adjust_sdk_sig_NativeLibHelper_nSign+0x25b48>
  0xf8874: ldr x1, [x20]
  0xf8878: mov x0, x19
  0xf887c: mov w2, #0x3
  0xf8880: bl 0x138c8c <Java_com_adjust_sdk_sig_NativeLibHelper_nSign+0x6c688>
  0xf8884: ldr w8, [x19]
  0xf8888: cbnz w8, 0xf214c <Java_com_adjust_sdk_sig_NativeLibHelper_nSign+0x25b48>
  0xf888c: ldr x1, [x20]
  0xf8890: mov x0, x19
  0xf8894: bl 0x138b74 <Java_com_adjust_sdk_sig_NativeLibHelper_nSign+0x6c570>
  0xf8898: ldr w8, [x19]
  0xf889c: cbnz w8, 0xf214c <Java_com_adjust_sdk_sig_NativeLibHelper_nSign+0x25b48>
  0xf88a0: mov w1, w0
  0xf88a4: ldp x21, x0, [x20]
  0xf88a8: bl 0x138744 <Java_com_adjust_sdk_sig_NativeLibHelper_nSign+0x6c140>
  0xf88ac: mov w2, w0
  0xf88b0: mov x0, x19
  0xf88b4: mov x1, x21
  0xf88b8: bl 0x138a70 <Java_com_adjust_sdk_sig_NativeLibHelper_nSign+0x6c46c>
write pc=0xf88b8 executed=1534691 arena=0x100000b0 off=0xadea6ae7 val=0xadea6ae7
  0xf885c: ldr x1, [x20]
  0xf8860: lsl w2, w21, w0
  0xf8864: mov x0, x19
  0xf8868: bl 0x138a70 <Java_com_adjust_sdk_sig_NativeLibHelper_nSign+0x6c46c>
  0xf886c: ldr w8, [x19]
  0xf8870: cbnz w8, 0xf214c <Java_com_adjust_sdk_sig_NativeLibHelper_nSign+0x25b48>
  0xf8874: ldr x1, [x20]
  0xf8878: mov x0, x19
  0xf887c: mov w2, #0x3
  0xf8880: bl 0x138c8c <Java_com_adjust_sdk_sig_NativeLibHelper_nSign+0x6c688>
  0xf8884: ldr w8, [x19]
  0xf8888: cbnz w8, 0xf214c <Java_com_adjust_sdk_sig_NativeLibHelper_nSign+0x25b48>
  0xf888c: ldr x1, [x20]
  0xf8890: mov x0, x19
  0xf8894: bl 0x138b74 <Java_com_adjust_sdk_sig_NativeLibHelper_nSign+0x6c570>
  0xf8898: ldr w8, [x19]
  0xf889c: cbnz w8, 0xf214c <Java_com_adjust_sdk_sig_NativeLibHelper_nSign+0x25b48>
  0xf88a0: mov w1, w0
  0xf88a4: ldp x21, x0, [x20]
  0xf88a8: bl 0x138744 <Java_com_adjust_sdk_sig_NativeLibHelper_nSign+0x6c140>
  0xf88ac: mov w2, w0
  0xf88b0: mov x0, x19
  0xf88b4: mov x1, x21
  0xf88b8: bl 0x138a70 <Java_com_adjust_sdk_sig_NativeLibHelper_nSign+0x6c46c>
done executed=8012934 hits=11
