executed=3000000 returned=False pc=0xf74ec status=0
top_visits=
  0xf23b4:6369
  0xf23b8:6369
  0xf32e0:6368
  0xf32e4:6367
  0xf32e8:6367
  0xf6af0:6346
  0xf6af4:6346
  0xf6af8:6346
  0xf6afc:6346
  0xf6b00:6346
  0xf6b04:6346
  0xf6ae0:6345
  0xf6ae4:6345
  0xf6ae8:6345
  0xf6aec:6345
  0xf6ad4:6339
  0xf6ad8:6339
  0xf6adc:6339
  0xf6acc:6337
  0xf6ad0:6337
  0xf3324:6335
  0xf3328:6335
  0xf3474:6335
  0xf3478:6335
  0xf37a4:6335
  0xf37a8:6335
  0xf3b64:6334
  0xf3b68:6334
  0xf482c:6332
  0xf4830:6332
top_edges=
  0xf23b4->0xf23b8:6369
  0xf23b8->0xf32e0:6368
  0xf32e0->0xf32e4:6367
  0xf32e4->0xf32e8:6367
  0xf6af0->0xf6af4:6346
  0xf6af4->0xf6af8:6346
  0xf6af8->0xf6afc:6346
  0xf6afc->0xf6b00:6346
  0xf6b00->0xf6b04:6346
  0xf6b04->0xf23b4:6346
  0xf6ae0->0xf6ae4:6345
  0xf6ae4->0xf6ae8:6345
  0xf6ae8->0xf6aec:6345
  0xf6aec->0xf6af0:6345
  0xf6ad4->0xf6ad8:6339
  0xf6ad8->0xf6adc:6339
  0xf6adc->0xf6ae0:6339
  0xf6acc->0xf6ad0:6337
  0xf6ad0->0xf6ad4:6337
  0xf32e8->0xf3324:6335
  0xf3324->0xf3328:6335
  0xf3328->0xf3474:6335
  0xf3474->0xf3478:6335
  0xf3478->0xf37a4:6335
  0xf37a4->0xf37a8:6335
  0xf37a8->0xf3b64:6334
  0xf3b64->0xf3b68:6334
  0xf3b68->0xf482c:6332
  0xf482c->0xf4830:6332
  0xf4830->0xf7014:6331
recent=0xf6aec,0xf6af0,0xf6af4,0xf6af8,0xf6afc,0xf6b00,0xf6b04,0xf23b4,0xf23b8,0xf32e0,0xf32e4,0xf32e8,0xf3324,0xf3328,0xf3474,0xf3478,0xf37a4,0xf37a8,0xf3b64,0xf3b68,0xf482c,0xf4830,0xf7014,0xf7224,0xf7228,0xf722c,0xf7230,0xf7234,0xf74dc,0xf74e0,0xf74e4,0xf74e8
stacks=
  0x100000b0:count=19239 tail=[1040056125, 16250876, 1040056125, 11, 738197504, 25, 6, 1677721600]
  0x100000f0:count=1 tail=[1068]
counters=
  0x100000e0:[21, 134217714, 4]
arenas=
  0x100000c0:length=3545175513 frames=[0, 3545175400]
  0x10000100:length=113 frames=[0]
  0x10000120:length=1 frames=[0]
  0x10000160:length=8 frames=[0]
  0x10000180:length=1 frames=[0]
  0x100001a0:length=1 frames=[0]
  0x100001c0:length=39 frames=[0]
  0x100001e0:length=1 frames=[0]
