before 0xf645c ldr x1, [x8] w0=0x10000000 w1=0x100000c0 w2=0xc0 w21=0x100000b0 main=[0, 16777216] aux=[]
before 0xf6460 bl 0x137898 <Java_com_adjust_sdk_sig_NativeLibHelper_nSign+0x6b294> w0=0x10000000 w1=0x100000f0 w2=0xc0 w21=0x100000b0 main=[0, 16777216] aux=[]
 after call w0=0x10000000 main=[0, 16777216] aux=[192]
before 0xf6464 ldr w8, [x19] w0=0x10000000 w1=0x100000f0 w2=0xc0 w21=0x100000b0 main=[0, 16777216] aux=[192]
before 0xf6468 cbnz w8, 0xf214c <Java_com_adjust_sdk_sig_NativeLibHelper_nSign+0x25b48> w0=0x10000000 w1=0x100000f0 w2=0xc0 w21=0x100000b0 main=[0, 16777216] aux=[192]
before 0xf646c ldr x1, [x26] w0=0x10000000 w1=0x100000f0 w2=0xc0 w21=0x100000b0 main=[0, 16777216] aux=[192]
before 0xf6470 mov x0, x19 w0=0x10000000 w1=0x100000c0 w2=0xc0 w21=0x100000b0 main=[0, 16777216] aux=[192]
before 0xf6474 bl 0x138560 <Java_com_adjust_sdk_sig_NativeLibHelper_nSign+0x6bf5c> w0=0x10000000 w1=0x100000c0 w2=0xc0 w21=0x100000b0 main=[0, 16777216] aux=[192]
 after call w0=0x10000000 main=[0, 16777216] aux=[192]
before 0xf6478 ldr x8, [sp, #0x18] w0=0x10000000 w1=0x100000c0 w2=0xc0 w21=0x100000b0 main=[0, 16777216] aux=[192]
before 0xf647c mov x0, x19 w0=0x10000000 w1=0x100000c0 w2=0xc0 w21=0x100000b0 main=[0, 16777216] aux=[192]
before 0xf6480 mov w2, #0x1af1 w0=0x10000000 w1=0x100000c0 w2=0xc0 w21=0x100000b0 main=[0, 16777216] aux=[192]
before 0xf6484 ldr x1, [x8] w0=0x10000000 w1=0x100000c0 w2=0x1af1 w21=0x100000b0 main=[0, 16777216] aux=[192]
before 0xf6488 bl 0x137898 <Java_com_adjust_sdk_sig_NativeLibHelper_nSign+0x6b294> w0=0x10000000 w1=0x100000f0 w2=0x1af1 w21=0x100000b0 main=[0, 16777216] aux=[192]
 after call w0=0x10000000 main=[0, 16777216] aux=[192, 6897]
before 0xf648c ldr w8, [x19] w0=0x10000000 w1=0x100000f0 w2=0x1af1 w21=0x100000b0 main=[0, 16777216] aux=[192, 6897]
before 0xf6490 cbnz w8, 0xf214c <Java_com_adjust_sdk_sig_NativeLibHelper_nSign+0x25b48> w0=0x10000000 w1=0x100000f0 w2=0x1af1 w21=0x100000b0 main=[0, 16777216] aux=[192, 6897]
before 0xf6494 ldr x1, [x20] w0=0x10000000 w1=0x100000f0 w2=0x1af1 w21=0x100000b0 main=[0, 16777216] aux=[192, 6897]
before 0xf6498 mov x0, x19 w0=0x10000000 w1=0x100000b0 w2=0x1af1 w21=0x100000b0 main=[0, 16777216] aux=[192, 6897]
before 0xf649c mov w2, #0x18 w0=0x10000000 w1=0x100000b0 w2=0x1af1 w21=0x100000b0 main=[0, 16777216] aux=[192, 6897]
before 0xf64a0 bl 0x138a70 <Java_com_adjust_sdk_sig_NativeLibHelper_nSign+0x6c46c> w0=0x10000000 w1=0x100000b0 w2=0x18 w21=0x100000b0 main=[0, 16777216] aux=[192, 6897]
 after call w0=0x10000000 main=[0, 16777216, 24] aux=[192, 6897]
before 0xf64a4 ldr w8, [x19] w0=0x10000000 w1=0x100000b0 w2=0x18 w21=0x100000b0 main=[0, 16777216, 24] aux=[192, 6897]
before 0xf64a8 cbnz w8, 0xf214c <Java_com_adjust_sdk_sig_NativeLibHelper_nSign+0x25b48> w0=0x10000000 w1=0x100000b0 w2=0x18 w21=0x100000b0 main=[0, 16777216, 24] aux=[192, 6897]
before 0xf64ac ldr x1, [x20] w0=0x10000000 w1=0x100000b0 w2=0x18 w21=0x100000b0 main=[0, 16777216, 24] aux=[192, 6897]
before 0xf64b0 mov x0, x19 w0=0x10000000 w1=0x100000b0 w2=0x18 w21=0x100000b0 main=[0, 16777216, 24] aux=[192, 6897]
before 0xf64b4 mov w2, #0x1 w0=0x10000000 w1=0x100000b0 w2=0x18 w21=0x100000b0 main=[0, 16777216, 24] aux=[192, 6897]
before 0xf64b8 bl 0x138c8c <Java_com_adjust_sdk_sig_NativeLibHelper_nSign+0x6c688> w0=0x10000000 w1=0x100000b0 w2=0x1 w21=0x100000b0 main=[0, 16777216, 24] aux=[192, 6897]
 after call w0=0x10000000 main=[0, 16777216, 24, 16777216] aux=[192, 6897]
before 0xf64bc ldr w8, [x19] w0=0x10000000 w1=0x100000b0 w2=0x1 w21=0x100000b0 main=[0, 16777216, 24, 16777216] aux=[192, 6897]
before 0xf64c0 cbnz w8, 0xf214c <Java_com_adjust_sdk_sig_NativeLibHelper_nSign+0x25b48> w0=0x10000000 w1=0x100000b0 w2=0x1 w21=0x100000b0 main=[0, 16777216, 24, 16777216] aux=[192, 6897]
before 0xf64c4 ldr x1, [x20] w0=0x10000000 w1=0x100000b0 w2=0x1 w21=0x100000b0 main=[0, 16777216, 24, 16777216] aux=[192, 6897]
before 0xf64c8 mov x0, x19 w0=0x10000000 w1=0x100000b0 w2=0x1 w21=0x100000b0 main=[0, 16777216, 24, 16777216] aux=[192, 6897]
before 0xf64cc bl 0x138b74 <Java_com_adjust_sdk_sig_NativeLibHelper_nSign+0x6c570> w0=0x10000000 w1=0x100000b0 w2=0x1 w21=0x100000b0 main=[0, 16777216, 24, 16777216] aux=[192, 6897]
 after call w0=0x1000000 main=[0, 16777216, 24] aux=[192, 6897]
before 0xf64d0 ldr w8, [x19] w0=0x1000000 w1=0x100000b0 w2=0x1 w21=0x100000b0 main=[0, 16777216, 24] aux=[192, 6897]
before 0xf64d4 cbnz w8, 0xf214c <Java_com_adjust_sdk_sig_NativeLibHelper_nSign+0x25b48> w0=0x1000000 w1=0x100000b0 w2=0x1 w21=0x100000b0 main=[0, 16777216, 24] aux=[192, 6897]
before 0xf64d8 mov w21, w0 w0=0x1000000 w1=0x100000b0 w2=0x1 w21=0x100000b0 main=[0, 16777216, 24] aux=[192, 6897]
before 0xf64dc ldr x1, [x20] w0=0x1000000 w1=0x100000b0 w2=0x1 w21=0x1000000 main=[0, 16777216, 24] aux=[192, 6897]
before 0xf64e0 mov x0, x19 w0=0x1000000 w1=0x100000b0 w2=0x1 w21=0x1000000 main=[0, 16777216, 24] aux=[192, 6897]
before 0xf64e4 bl 0x138b74 <Java_com_adjust_sdk_sig_NativeLibHelper_nSign+0x6c570> w0=0x10000000 w1=0x100000b0 w2=0x1 w21=0x1000000 main=[0, 16777216, 24] aux=[192, 6897]
 after call w0=0x18 main=[0, 16777216] aux=[192, 6897]
before 0xf64e8 ldr w8, [x19] w0=0x18 w1=0x100000b0 w2=0x1 w21=0x1000000 main=[0, 16777216] aux=[192, 6897]
before 0xf64ec cbnz w8, 0xf214c <Java_com_adjust_sdk_sig_NativeLibHelper_nSign+0x25b48> w0=0x18 w1=0x100000b0 w2=0x1 w21=0x1000000 main=[0, 16777216] aux=[192, 6897]
before 0xf64f0 ldr x1, [x20] w0=0x18 w1=0x100000b0 w2=0x1 w21=0x1000000 main=[0, 16777216] aux=[192, 6897]
before 0xf64f4 lsr w2, w21, w0 w0=0x18 w1=0x100000b0 w2=0x1 w21=0x1000000 main=[0, 16777216] aux=[192, 6897]
before 0xf64f8 mov x0, x19 w0=0x18 w1=0x100000b0 w2=0x1 w21=0x1000000 main=[0, 16777216] aux=[192, 6897]
before 0xf64fc bl 0x138a70 <Java_com_adjust_sdk_sig_NativeLibHelper_nSign+0x6c46c> w0=0x10000000 w1=0x100000b0 w2=0x1 w21=0x1000000 main=[0, 16777216] aux=[192, 6897]
 after call w0=0x10000000 main=[0, 16777216, 1] aux=[192, 6897]
before 0xf6500 ldr w8, [x19] w0=0x10000000 w1=0x100000b0 w2=0x1 w21=0x1000000 main=[0, 16777216, 1] aux=[192, 6897]
before 0xf6504 cbnz w8, 0xf214c <Java_com_adjust_sdk_sig_NativeLibHelper_nSign+0x25b48> w0=0x10000000 w1=0x100000b0 w2=0x1 w21=0x1000000 main=[0, 16777216, 1] aux=[192, 6897]
before 0xf6508 ldr x1, [x20] w0=0x10000000 w1=0x100000b0 w2=0x1 w21=0x1000000 main=[0, 16777216, 1] aux=[192, 6897]
before 0xf650c mov x0, x19 w0=0x10000000 w1=0x100000b0 w2=0x1 w21=0x1000000 main=[0, 16777216, 1] aux=[192, 6897]
before 0xf6510 mov w2, #0x8 w0=0x10000000 w1=0x100000b0 w2=0x1 w21=0x1000000 main=[0, 16777216, 1] aux=[192, 6897]
before 0xf6514 bl 0x138a70 <Java_com_adjust_sdk_sig_NativeLibHelper_nSign+0x6c46c> w0=0x10000000 w1=0x100000b0 w2=0x8 w21=0x1000000 main=[0, 16777216, 1] aux=[192, 6897]
 after call w0=0x10000000 main=[0, 16777216, 1, 8] aux=[192, 6897]
before 0xf6518 ldr w8, [x19] w0=0x10000000 w1=0x100000b0 w2=0x8 w21=0x1000000 main=[0, 16777216, 1, 8] aux=[192, 6897]
before 0xf651c cbnz w8, 0xf214c <Java_com_adjust_sdk_sig_NativeLibHelper_nSign+0x25b48> w0=0x10000000 w1=0x100000b0 w2=0x8 w21=0x1000000 main=[0, 16777216, 1, 8] aux=[192, 6897]
before 0xf6520 ldr x1, [x20] w0=0x10000000 w1=0x100000b0 w2=0x8 w21=0x1000000 main=[0, 16777216, 1, 8] aux=[192, 6897]
before 0xf6524 mov x0, x19 w0=0x10000000 w1=0x100000b0 w2=0x8 w21=0x1000000 main=[0, 16777216, 1, 8] aux=[192, 6897]
before 0xf6528 mov w2, #0x2 w0=0x10000000 w1=0x100000b0 w2=0x8 w21=0x1000000 main=[0, 16777216, 1, 8] aux=[192, 6897]
before 0xf652c bl 0x138c8c <Java_com_adjust_sdk_sig_NativeLibHelper_nSign+0x6c688> w0=0x10000000 w1=0x100000b0 w2=0x2 w21=0x1000000 main=[0, 16777216, 1, 8] aux=[192, 6897]
 after call w0=0x10000000 main=[0, 16777216, 1, 8, 16777216] aux=[192, 6897]
before 0xf6530 ldr w8, [x19] w0=0x10000000 w1=0x100000b0 w2=0x2 w21=0x1000000 main=[0, 16777216, 1, 8, 16777216] aux=[192, 6897]
before 0xf6534 cbnz w8, 0xf214c <Java_com_adjust_sdk_sig_NativeLibHelper_nSign+0x25b48> w0=0x10000000 w1=0x100000b0 w2=0x2 w21=0x1000000 main=[0, 16777216, 1, 8, 16777216] aux=[192, 6897]
before 0xf6538 ldr x1, [x20] w0=0x10000000 w1=0x100000b0 w2=0x2 w21=0x1000000 main=[0, 16777216, 1, 8, 16777216] aux=[192, 6897]
before 0xf653c mov x0, x19 w0=0x10000000 w1=0x100000b0 w2=0x2 w21=0x1000000 main=[0, 16777216, 1, 8, 16777216] aux=[192, 6897]
before 0xf6540 mov w2, #0xff0000 w0=0x10000000 w1=0x100000b0 w2=0x2 w21=0x1000000 main=[0, 16777216, 1, 8, 16777216] aux=[192, 6897]
before 0xf6544 bl 0x138a70 <Java_com_adjust_sdk_sig_NativeLibHelper_nSign+0x6c46c> w0=0x10000000 w1=0x100000b0 w2=0xff0000 w21=0x1000000 main=[0, 16777216, 1, 8, 16777216] aux=[192, 6897]
 after call w0=0x10000000 main=[0, 16777216, 1, 8, 16777216, 16711680] aux=[192, 6897]
before 0xf6548 ldr w8, [x19] w0=0x10000000 w1=0x100000b0 w2=0xff0000 w21=0x1000000 main=[0, 16777216, 1, 8, 16777216, 16711680] aux=[192, 6897]
before 0xf654c cbnz w8, 0xf214c <Java_com_adjust_sdk_sig_NativeLibHelper_nSign+0x25b48> w0=0x10000000 w1=0x100000b0 w2=0xff0000 w21=0x1000000 main=[0, 16777216, 1, 8, 16777216, 16711680] aux=[192, 6897]
before 0xf6550 ldr x1, [x20] w0=0x10000000 w1=0x100000b0 w2=0xff0000 w21=0x1000000 main=[0, 16777216, 1, 8, 16777216, 16711680] aux=[192, 6897]
before 0xf6554 mov x0, x19 w0=0x10000000 w1=0x100000b0 w2=0xff0000 w21=0x1000000 main=[0, 16777216, 1, 8, 16777216, 16711680] aux=[192, 6897]
before 0xf6558 bl 0x138b74 <Java_com_adjust_sdk_sig_NativeLibHelper_nSign+0x6c570> w0=0x10000000 w1=0x100000b0 w2=0xff0000 w21=0x1000000 main=[0, 16777216, 1, 8, 16777216, 16711680] aux=[192, 6897]
 after call w0=0xff0000 main=[0, 16777216, 1, 8, 16777216] aux=[192, 6897]
before 0xf655c ldr w8, [x19] w0=0xff0000 w1=0x100000b0 w2=0xff0000 w21=0x1000000 main=[0, 16777216, 1, 8, 16777216] aux=[192, 6897]
before 0xf6560 cbnz w8, 0xf214c <Java_com_adjust_sdk_sig_NativeLibHelper_nSign+0x25b48> w0=0xff0000 w1=0x100000b0 w2=0xff0000 w21=0x1000000 main=[0, 16777216, 1, 8, 16777216] aux=[192, 6897]
before 0xf6564 mov w21, w0 w0=0xff0000 w1=0x100000b0 w2=0xff0000 w21=0x1000000 main=[0, 16777216, 1, 8, 16777216] aux=[192, 6897]
before 0xf6568 ldr x1, [x20] w0=0xff0000 w1=0x100000b0 w2=0xff0000 w21=0xff0000 main=[0, 16777216, 1, 8, 16777216] aux=[192, 6897]
before 0xf656c mov x0, x19 w0=0xff0000 w1=0x100000b0 w2=0xff0000 w21=0xff0000 main=[0, 16777216, 1, 8, 16777216] aux=[192, 6897]
before 0xf6570 bl 0x138b74 <Java_com_adjust_sdk_sig_NativeLibHelper_nSign+0x6c570> w0=0x10000000 w1=0x100000b0 w2=0xff0000 w21=0xff0000 main=[0, 16777216, 1, 8, 16777216] aux=[192, 6897]
 after call w0=0x1000000 main=[0, 16777216, 1, 8] aux=[192, 6897]
before 0xf6574 ldr w8, [x19] w0=0x1000000 w1=0x100000b0 w2=0xff0000 w21=0xff0000 main=[0, 16777216, 1, 8] aux=[192, 6897]
before 0xf6578 cbnz w8, 0xf214c <Java_com_adjust_sdk_sig_NativeLibHelper_nSign+0x25b48> w0=0x1000000 w1=0x100000b0 w2=0xff0000 w21=0xff0000 main=[0, 16777216, 1, 8] aux=[192, 6897]
before 0xf657c ldr x1, [x20] w0=0x1000000 w1=0x100000b0 w2=0xff0000 w21=0xff0000 main=[0, 16777216, 1, 8] aux=[192, 6897]
before 0xf6580 and w2, w0, w21 w0=0x1000000 w1=0x100000b0 w2=0xff0000 w21=0xff0000 main=[0, 16777216, 1, 8] aux=[192, 6897]
before 0xf6584 mov x0, x19 w0=0x1000000 w1=0x100000b0 w2=0x0 w21=0xff0000 main=[0, 16777216, 1, 8] aux=[192, 6897]
before 0xf6588 bl 0x138a70 <Java_com_adjust_sdk_sig_NativeLibHelper_nSign+0x6c46c> w0=0x10000000 w1=0x100000b0 w2=0x0 w21=0xff0000 main=[0, 16777216, 1, 8] aux=[192, 6897]
 after call w0=0x10000000 main=[0, 16777216, 1, 8, 0] aux=[192, 6897]
before 0xf658c ldr w8, [x19] w0=0x10000000 w1=0x100000b0 w2=0x0 w21=0xff0000 main=[0, 16777216, 1, 8, 0] aux=[192, 6897]
before 0xf6590 cbnz w8, 0xf214c <Java_com_adjust_sdk_sig_NativeLibHelper_nSign+0x25b48> w0=0x10000000 w1=0x100000b0 w2=0x0 w21=0xff0000 main=[0, 16777216, 1, 8, 0] aux=[192, 6897]
before 0xf6594 ldr x1, [x20] w0=0x10000000 w1=0x100000b0 w2=0x0 w21=0xff0000 main=[0, 16777216, 1, 8, 0] aux=[192, 6897]
before 0xf6598 mov x0, x19 w0=0x10000000 w1=0x100000b0 w2=0x0 w21=0xff0000 main=[0, 16777216, 1, 8, 0] aux=[192, 6897]
before 0xf659c bl 0x138b74 <Java_com_adjust_sdk_sig_NativeLibHelper_nSign+0x6c570> w0=0x10000000 w1=0x100000b0 w2=0x0 w21=0xff0000 main=[0, 16777216, 1, 8, 0] aux=[192, 6897]
 after call w0=0x0 main=[0, 16777216, 1, 8] aux=[192, 6897]
before 0xf65a0 ldr w8, [x19] w0=0x0 w1=0x100000b0 w2=0x0 w21=0xff0000 main=[0, 16777216, 1, 8] aux=[192, 6897]
before 0xf65a4 cbnz w8, 0xf214c <Java_com_adjust_sdk_sig_NativeLibHelper_nSign+0x25b48> w0=0x0 w1=0x100000b0 w2=0x0 w21=0xff0000 main=[0, 16777216, 1, 8] aux=[192, 6897]
before 0xf65a8 mov w21, w0 w0=0x0 w1=0x100000b0 w2=0x0 w21=0xff0000 main=[0, 16777216, 1, 8] aux=[192, 6897]
before 0xf65ac ldr x1, [x20] w0=0x0 w1=0x100000b0 w2=0x0 w21=0x0 main=[0, 16777216, 1, 8] aux=[192, 6897]
before 0xf65b0 mov x0, x19 w0=0x0 w1=0x100000b0 w2=0x0 w21=0x0 main=[0, 16777216, 1, 8] aux=[192, 6897]
before 0xf65b4 bl 0x138b74 <Java_com_adjust_sdk_sig_NativeLibHelper_nSign+0x6c570> w0=0x10000000 w1=0x100000b0 w2=0x0 w21=0x0 main=[0, 16777216, 1, 8] aux=[192, 6897]
 after call w0=0x8 main=[0, 16777216, 1] aux=[192, 6897]
before 0xf65b8 ldr w8, [x19] w0=0x8 w1=0x100000b0 w2=0x0 w21=0x0 main=[0, 16777216, 1] aux=[192, 6897]
before 0xf65bc cbnz w8, 0xf214c <Java_com_adjust_sdk_sig_NativeLibHelper_nSign+0x25b48> w0=0x8 w1=0x100000b0 w2=0x0 w21=0x0 main=[0, 16777216, 1] aux=[192, 6897]
before 0xf65c0 ldr x1, [x20] w0=0x8 w1=0x100000b0 w2=0x0 w21=0x0 main=[0, 16777216, 1] aux=[192, 6897]
before 0xf65c4 lsr w2, w21, w0 w0=0x8 w1=0x100000b0 w2=0x0 w21=0x0 main=[0, 16777216, 1] aux=[192, 6897]
before 0xf65c8 mov x0, x19 w0=0x8 w1=0x100000b0 w2=0x0 w21=0x0 main=[0, 16777216, 1] aux=[192, 6897]
before 0xf65cc bl 0x138a70 <Java_com_adjust_sdk_sig_NativeLibHelper_nSign+0x6c46c> w0=0x10000000 w1=0x100000b0 w2=0x0 w21=0x0 main=[0, 16777216, 1] aux=[192, 6897]
 after call w0=0x10000000 main=[0, 16777216, 1, 0] aux=[192, 6897]
before 0xf65d0 ldr w8, [x19] w0=0x10000000 w1=0x100000b0 w2=0x0 w21=0x0 main=[0, 16777216, 1, 0] aux=[192, 6897]
before 0xf65d4 cbnz w8, 0xf214c <Java_com_adjust_sdk_sig_NativeLibHelper_nSign+0x25b48> w0=0x10000000 w1=0x100000b0 w2=0x0 w21=0x0 main=[0, 16777216, 1, 0] aux=[192, 6897]
before 0xf65d8 ldr x1, [x20] w0=0x10000000 w1=0x100000b0 w2=0x0 w21=0x0 main=[0, 16777216, 1, 0] aux=[192, 6897]
before 0xf65dc mov x0, x19 w0=0x10000000 w1=0x100000b0 w2=0x0 w21=0x0 main=[0, 16777216, 1, 0] aux=[192, 6897]
before 0xf65e0 bl 0x138b74 <Java_com_adjust_sdk_sig_NativeLibHelper_nSign+0x6c570> w0=0x10000000 w1=0x100000b0 w2=0x0 w21=0x0 main=[0, 16777216, 1, 0] aux=[192, 6897]
 after call w0=0x0 main=[0, 16777216, 1] aux=[192, 6897]
before 0xf65e4 ldr w8, [x19] w0=0x0 w1=0x100000b0 w2=0x0 w21=0x0 main=[0, 16777216, 1] aux=[192, 6897]
before 0xf65e8 cbnz w8, 0xf214c <Java_com_adjust_sdk_sig_NativeLibHelper_nSign+0x25b48> w0=0x0 w1=0x100000b0 w2=0x0 w21=0x0 main=[0, 16777216, 1] aux=[192, 6897]
before 0xf65ec mov w21, w0 w0=0x0 w1=0x100000b0 w2=0x0 w21=0x0 main=[0, 16777216, 1] aux=[192, 6897]
before 0xf65f0 ldr x1, [x20] w0=0x0 w1=0x100000b0 w2=0x0 w21=0x0 main=[0, 16777216, 1] aux=[192, 6897]
before 0xf65f4 mov x0, x19 w0=0x0 w1=0x100000b0 w2=0x0 w21=0x0 main=[0, 16777216, 1] aux=[192, 6897]
before 0xf65f8 bl 0x138b74 <Java_com_adjust_sdk_sig_NativeLibHelper_nSign+0x6c570> w0=0x10000000 w1=0x100000b0 w2=0x0 w21=0x0 main=[0, 16777216, 1] aux=[192, 6897]
 after call w0=0x1 main=[0, 16777216] aux=[192, 6897]
before 0xf65fc ldr w8, [x19] w0=0x1 w1=0x100000b0 w2=0x0 w21=0x0 main=[0, 16777216] aux=[192, 6897]
before 0xf6600 cbnz w8, 0xf214c <Java_com_adjust_sdk_sig_NativeLibHelper_nSign+0x25b48> w0=0x1 w1=0x100000b0 w2=0x0 w21=0x0 main=[0, 16777216] aux=[192, 6897]
before 0xf6604 ldr x1, [x20] w0=0x1 w1=0x100000b0 w2=0x0 w21=0x0 main=[0, 16777216] aux=[192, 6897]
before 0xf6608 orr w2, w0, w21 w0=0x1 w1=0x100000b0 w2=0x0 w21=0x0 main=[0, 16777216] aux=[192, 6897]
before 0xf660c mov x0, x19 w0=0x1 w1=0x100000b0 w2=0x1 w21=0x0 main=[0, 16777216] aux=[192, 6897]
before 0xf6610 bl 0x138a70 <Java_com_adjust_sdk_sig_NativeLibHelper_nSign+0x6c46c> w0=0x10000000 w1=0x100000b0 w2=0x1 w21=0x0 main=[0, 16777216] aux=[192, 6897]
 after call w0=0x10000000 main=[0, 16777216, 1] aux=[192, 6897]
before 0xf6614 ldr w8, [x19] w0=0x10000000 w1=0x100000b0 w2=0x1 w21=0x0 main=[0, 16777216, 1] aux=[192, 6897]
