counter_push pc=0xf9d7c value=0x2 (2) executed=3569
counter_push pc=0xf505c value=0x2 (2) executed=4394
counter_push pc=0xf9d7c value=0x2 (2) executed=4643
counter_push pc=0xf505c value=0x2 (2) executed=5491
counter_push pc=0x11a61c value=0x4 (4) executed=10754
counter_push pc=0xf5730 value=0x1 (1) executed=11561
counter_push pc=0x106e28 value=0x4 (4) executed=12092
counter_push pc=0x111348 value=0x1 (1) executed=12702
counter_push pc=0xfd75c value=0x10 (16) executed=13198
counter_push pc=0xfd75c value=0x10 (16) executed=15999
counter_push pc=0xfd75c value=0x10 (16) executed=18876
counter_push pc=0xf59cc value=0x4 (4) executed=21298
counter_push pc=0xfd75c value=0x10 (16) executed=21886
counter_push pc=0xf84d8 value=0x71 (113) executed=25214
counter_push pc=0xfbac8 value=0x8 (8) executed=81596
counter_push pc=0x1098f4 value=0x5 (5) executed=83893
counter_push pc=0x11214c value=0x8 (8) executed=85003
counter_push pc=0x110e14 value=0x40 (64) executed=86806
counter_push pc=0x115c28 value=0x8 (8) executed=88335
counter_push pc=0x115dfc value=0x7fffffc (134217724) executed=89061
recent=
  0x115d00: bl 0x138e60 <Java_com_adjust_sdk_sig_NativeLibHelper_nSign+0x6c85c>
  0x115d04: ldr w8, [x19]
  0x115d08: cbnz w8, 0xf214c <Java_com_adjust_sdk_sig_NativeLibHelper_nSign+0x25b48>
  0x115d0c: ldr x1, [x20]
  0x115d10: mov x0, x19
  0x115d14: bl 0x138b74 <Java_com_adjust_sdk_sig_NativeLibHelper_nSign+0x6c570>
  0x115d18: ldr w8, [x19]
  0x115d1c: cbnz w8, 0xf214c <Java_com_adjust_sdk_sig_NativeLibHelper_nSign+0x25b48>
  0x115d20: mov w21, w0
  0x115d24: ldr x1, [x20]
  0x115d28: mov x0, x19
  0x115d2c: bl 0x138b74 <Java_com_adjust_sdk_sig_NativeLibHelper_nSign+0x6c570>
  0x115d30: ldr w8, [x19]
  0x115d34: cbnz w8, 0xf214c <Java_com_adjust_sdk_sig_NativeLibHelper_nSign+0x25b48>
  0x115d38: mov w3, w0
  0x115d3c: ldr x1, [x26]
  0x115d40: mov x0, x19
  0x115d44: mov w2, w21
  0x115d48: bl 0x138318 <Java_com_adjust_sdk_sig_NativeLibHelper_nSign+0x6bd14>
  0x115d4c: ldr w8, [x19]
  0x115d50: cbnz w8, 0xf214c <Java_com_adjust_sdk_sig_NativeLibHelper_nSign+0x25b48>
  0x115d54: ldr x1, [x20]
  0x115d58: mov x0, x19
  0x115d5c: bl 0x138b74 <Java_com_adjust_sdk_sig_NativeLibHelper_nSign+0x6c570>
  0x115d60: ldr w8, [x19]
  0x115d64: cbnz w8, 0xf214c <Java_com_adjust_sdk_sig_NativeLibHelper_nSign+0x25b48>
  0x115d68: ldr x1, [x20]
  0x115d6c: add w2, w0, #0x1
  0x115d70: mov x0, x19
  0x115d74: bl 0x138a70 <Java_com_adjust_sdk_sig_NativeLibHelper_nSign+0x6c46c>
  0x115d78: ldr w8, [x19]
  0x115d7c: cbnz w8, 0xf214c <Java_com_adjust_sdk_sig_NativeLibHelper_nSign+0x25b48>
  0x115d80: ldr x8, [sp]
  0x115d84: ldr x0, [x8]
  0x115d88: bl 0x137a78 <Java_com_adjust_sdk_sig_NativeLibHelper_nSign+0x6b474>
  0x115d8c: cbnz w0, 0x115c34 <Java_com_adjust_sdk_sig_NativeLibHelper_nSign+0x49630>
  0x115d90: ldr x1, [x20]
  0x115d94: mov x0, x19
  0x115d98: bl 0x138b74 <Java_com_adjust_sdk_sig_NativeLibHelper_nSign+0x6c570>
  0x115d9c: ldp x24, x25, [sp, #0x8]
  0x115da0: ldr w8, [x19]
  0x115da4: cbnz w8, 0xf214c <Java_com_adjust_sdk_sig_NativeLibHelper_nSign+0x25b48>
  0x115da8: ldr x1, [x20]
  0x115dac: mov x0, x19
  0x115db0: mov w2, wzr
  0x115db4: bl 0x138a70 <Java_com_adjust_sdk_sig_NativeLibHelper_nSign+0x6c46c>
  0x115db8: ldr w8, [x19]
  0x115dbc: cbnz w8, 0xf214c <Java_com_adjust_sdk_sig_NativeLibHelper_nSign+0x25b48>
  0x115dc0: ldr x1, [x20]
  0x115dc4: mov x0, x19
  0x115dc8: mov w2, #0x1
  0x115dcc: bl 0x138e60 <Java_com_adjust_sdk_sig_NativeLibHelper_nSign+0x6c85c>
  0x115dd0: ldr w8, [x19]
  0x115dd4: cbnz w8, 0xf214c <Java_com_adjust_sdk_sig_NativeLibHelper_nSign+0x25b48>
  0x115dd8: ldr x1, [x20]
  0x115ddc: mov x0, x19
  0x115de0: bl 0x138b74 <Java_com_adjust_sdk_sig_NativeLibHelper_nSign+0x6c570>
  0x115de4: ldr w8, [x19]
  0x115de8: cbnz w8, 0xf214c <Java_com_adjust_sdk_sig_NativeLibHelper_nSign+0x25b48>
  0x115dec: ldr x8, [sp]
  0x115df0: mov w2, w0
  0x115df4: mov x0, x19
  0x115df8: ldr x1, [x8]
  0x115dfc: bl 0x137980 <Java_com_adjust_sdk_sig_NativeLibHelper_nSign+0x6b37c>
regs=x0=0x10000000 x1=0x100000e0 x2=0x7fffffc x3=0xa3a2ada2 x4=0x100003b0 x5=0x100003d0 x6=0x10000400 x7=0x10000420 x8=0x10000020 x9=0x16b x10=0x5af x11=0x1751 x12=0x0 x13=0x0 x14=0x0 x15=0x0 x16=0x0 x17=0x0 x18=0x0 x19=0x10000000 x20=0x10000010 x21=0x48 x22=0x0 x23=0x0 x24=0x6ffffea0 x25=0x71000000 x26=0x10000018 x27=0xe1447f7c x28=0x10000040 x29=0x6fffffa0 x30=0x115de4
