[INFO] Scanning for projects...
[INFO] 
[INFO] ------------------< local.qbdi:unidbg-adjust-runner >-------------------
[INFO] Building unidbg-adjust-runner 1.0-SNAPSHOT
[INFO]   from pom.xml
[INFO] --------------------------------[ jar ]---------------------------------
[INFO] 
[INFO] --- resources:3.4.0:resources (default-resources) @ unidbg-adjust-runner ---
[INFO] skip non existing resourceDirectory /Users/sanbo/Desktop/api/qbdi/unidbg-adjust-runner/src/main/resources
[INFO] 
[INFO] --- compiler:3.15.0:compile (default-compile) @ unidbg-adjust-runner ---
[INFO] Nothing to compile - all classes are up to date.
[INFO] 
[INFO] --- resources:3.4.0:testResources (default-testResources) @ unidbg-adjust-runner ---
[INFO] skip non existing resourceDirectory /Users/sanbo/Desktop/api/qbdi/unidbg-adjust-runner/src/test/resources
[INFO] 
[INFO] --- compiler:3.15.0:testCompile (default-testCompile) @ unidbg-adjust-runner ---
[INFO] Nothing to compile - all classes are up to date.
[INFO] 
[INFO] --- surefire:3.2.5:test (default-test) @ unidbg-adjust-runner ---
[INFO] Using auto detected provider org.apache.maven.surefire.junitplatform.JUnitPlatformProvider
[INFO] 
[INFO] -------------------------------------------------------
[INFO]  T E S T S
[INFO] -------------------------------------------------------
[INFO] Running local.RecoveredNativeBackendIntegrationTest
[main]V/SignerInstance: Signing all the parameters begin: 2026-07-15T09:13:18.633+0800
[main]V/SignerInstance: Calling native begin: 2026-07-15T09:13:18.648+0800
[main]V/SignerInstance: Calling native end  : 2026-07-15T09:13:18.679+0800
[main]V/SignerInstance: Signing all the parameters end  : 2026-07-15T09:13:18.679+0800
[main]V/SignerInstance: Signing all the parameters begin: 2026-07-15T09:13:18.694+0800
[main]V/SignerInstance: Calling native begin: 2026-07-15T09:13:18.694+0800
[main]V/SignerInstance: Calling native end  : 2026-07-15T09:13:18.713+0800
[main]V/SignerInstance: Signing all the parameters end  : 2026-07-15T09:13:18.713+0800
[main]V/SignerInstance: Signing all the parameters begin: 2026-07-15T09:13:18.717+0800
[main]V/SignerInstance: Calling native begin: 2026-07-15T09:13:18.717+0800
[main]V/SignerInstance: Calling native end  : 2026-07-15T09:13:18.727+0800
[main]V/SignerInstance: Signing all the parameters end  : 2026-07-15T09:13:18.727+0800
[main]V/SignerInstance: Signing all the parameters begin: 2026-07-15T09:13:18.730+0800
[main]V/SignerInstance: Calling native begin: 2026-07-15T09:13:18.817+0800
[main]V/SignerInstance: Calling native end  : 2026-07-15T09:13:18.830+0800
[main]V/SignerInstance: Signing all the parameters end  : 2026-07-15T09:13:18.830+0800
[main]V/SignerInstance: Signing all the parameters begin: 2026-07-15T09:13:18.833+0800
[main]V/SignerInstance: Calling native begin: 2026-07-15T09:13:18.834+0800
[main]V/SignerInstance: Calling native end  : 2026-07-15T09:13:18.847+0800
[main]V/SignerInstance: Signing all the parameters end  : 2026-07-15T09:13:18.847+0800
[main]V/SignerInstance: Signing all the parameters begin: 2026-07-15T09:13:18.851+0800
[main]V/SignerInstance: Calling native begin: 2026-07-15T09:13:18.851+0800
[main]V/SignerInstance: Calling native end  : 2026-07-15T09:13:18.864+0800
[main]V/SignerInstance: Signing all the parameters end  : 2026-07-15T09:13:18.864+0800
[main]V/SignerInstance: Signing all the parameters begin: 2026-07-15T09:13:18.867+0800
[main]V/SignerInstance: Calling native begin: 2026-07-15T09:13:18.867+0800
[main]V/SignerInstance: Calling native end  : 2026-07-15T09:13:18.883+0800
[main]V/SignerInstance: Signing all the parameters end  : 2026-07-15T09:13:18.884+0800
[main]V/SignerInstance: Signing all the parameters begin: 2026-07-15T09:13:18.887+0800
[main]V/SignerInstance: Calling native begin: 2026-07-15T09:13:18.887+0800
[main]V/SignerInstance: Calling native end  : 2026-07-15T09:13:18.900+0800
[main]V/SignerInstance: Signing all the parameters end  : 2026-07-15T09:13:18.900+0800
[main]V/SignerInstance: Signing all the parameters begin: 2026-07-15T09:13:18.904+0800
[main]V/SignerInstance: Calling native begin: 2026-07-15T09:13:18.904+0800
[main]V/SignerInstance: Calling native end  : 2026-07-15T09:13:18.914+0800
[main]V/SignerInstance: Signing all the parameters end  : 2026-07-15T09:13:18.915+0800
[main]V/SignerInstance: Signing all the parameters begin: 2026-07-15T09:13:18.918+0800
[main]V/SignerInstance: Calling native begin: 2026-07-15T09:13:18.918+0800
[main]V/SignerInstance: Calling native end  : 2026-07-15T09:13:18.928+0800
[main]V/SignerInstance: Signing all the parameters end  : 2026-07-15T09:13:18.929+0800
[main]V/SignerInstance: Signing all the parameters begin: 2026-07-15T09:13:18.932+0800
[main]V/SignerInstance: Calling native begin: 2026-07-15T09:13:18.950+0800
[main]V/SignerInstance: Calling native end  : 2026-07-15T09:13:18.963+0800
[main]V/SignerInstance: Signing all the parameters end  : 2026-07-15T09:13:18.963+0800
[main]V/SignerInstance: Signing all the parameters begin: 2026-07-15T09:13:18.966+0800
[main]V/SignerInstance: Calling native begin: 2026-07-15T09:13:18.966+0800
[main]V/SignerInstance: Calling native end  : 2026-07-15T09:13:18.976+0800
[main]V/SignerInstance: Signing all the parameters end  : 2026-07-15T09:13:18.976+0800
[main]V/SignerInstance: Signing all the parameters begin: 2026-07-15T09:13:18.979+0800
[main]V/SignerInstance: Calling native begin: 2026-07-15T09:13:18.979+0800
[main]V/SignerInstance: Calling native end  : 2026-07-15T09:13:18.989+0800
[main]V/SignerInstance: Signing all the parameters end  : 2026-07-15T09:13:18.989+0800
[main]V/SignerInstance: Signing all the parameters begin: 2026-07-15T09:13:18.992+0800
[main]V/SignerInstance: Calling native begin: 2026-07-15T09:13:18.992+0800
[main]V/SignerInstance: Calling native end  : 2026-07-15T09:13:19.004+0800
[main]V/SignerInstance: Signing all the parameters end  : 2026-07-15T09:13:19.004+0800
[main]V/SignerInstance: Signing all the parameters begin: 2026-07-15T09:13:19.022+0800
[main]V/SignerInstance: Calling native begin: 2026-07-15T09:13:19.022+0800
[main]V/SignerInstance: Calling native end  : 2026-07-15T09:13:19.035+0800
[main]V/SignerInstance: Signing all the parameters end  : 2026-07-15T09:13:19.035+0800
[main]V/SignerInstance: Signing all the parameters begin: 2026-07-15T09:13:19.038+0800
[main]V/SignerInstance: Calling native begin: 2026-07-15T09:13:19.038+0800
[main]V/SignerInstance: Calling native end  : 2026-07-15T09:13:19.050+0800
[main]V/SignerInstance: Signing all the parameters end  : 2026-07-15T09:13:19.050+0800
[main]V/SignerInstance: Signing all the parameters begin: 2026-07-15T09:13:19.053+0800
[main]V/SignerInstance: Calling native begin: 2026-07-15T09:13:19.053+0800
[main]V/SignerInstance: Calling native end  : 2026-07-15T09:13:19.066+0800
[main]V/SignerInstance: Signing all the parameters end  : 2026-07-15T09:13:19.066+0800
[main]V/SignerInstance: Signing all the parameters begin: 2026-07-15T09:13:19.072+0800
[main]V/SignerInstance: Calling native begin: 2026-07-15T09:13:19.114+0800
[main]V/SignerInstance: Calling native end  : 2026-07-15T09:13:19.127+0800
[main]V/SignerInstance: Signing all the parameters end  : 2026-07-15T09:13:19.127+0800
[main]V/SignerInstance: Signing all the parameters begin: 2026-07-15T09:13:19.130+0800
[main]V/SignerInstance: Calling native begin: 2026-07-15T09:13:19.130+0800
[main]V/SignerInstance: Calling native end  : 2026-07-15T09:13:19.143+0800
[main]V/SignerInstance: Signing all the parameters end  : 2026-07-15T09:13:19.143+0800
loaded libsigner.so base=0x12340000 size=0x148000
[main]V/SignerInstance: Signing all the parameters begin: 2026-07-15T09:13:21.265+0800
[main]V/SignerInstance: Calling native begin: 2026-07-15T09:13:21.265+0800
[main] WARN com.github.unidbg.Utils - read path=java.io.RandomAccessFile@787f32b7, fp=10674152, _count=4096, length=10670511, buffer=RW@0x12309000
[main]V/SignerInstance: Calling native end  : 2026-07-15T09:13:34.629+0800
[main]V/SignerInstance: Signing all the parameters end  : 2026-07-15T09:13:34.629+0800
[main]V/SignerInstance: Signing all the parameters begin: 2026-07-15T09:13:34.631+0800
[main]V/SignerInstance: Calling native begin: 2026-07-15T09:13:34.632+0800
[main]V/SignerInstance: Calling native end  : 2026-07-15T09:13:34.650+0800
[main]V/SignerInstance: Signing all the parameters end  : 2026-07-15T09:13:34.650+0800
loaded libsigner.so base=0x12340000 size=0x148000
[main]V/SignerInstance: Signing all the parameters begin: 2026-07-15T09:13:34.826+0800
[main]V/SignerInstance: Calling native begin: 2026-07-15T09:13:34.826+0800
[main] WARN com.github.unidbg.Utils - read path=java.io.RandomAccessFile@4088741b, fp=10674152, _count=4096, length=10670511, buffer=RW@0x12309000
[main]V/SignerInstance: Calling native end  : 2026-07-15T09:13:48.134+0800
[main]V/SignerInstance: Signing all the parameters end  : 2026-07-15T09:13:48.134+0800
[main]V/SignerInstance: Signing all the parameters begin: 2026-07-15T09:13:48.137+0800
[main]V/SignerInstance: Calling native begin: 2026-07-15T09:13:48.137+0800
[main]V/SignerInstance: Calling native end  : 2026-07-15T09:13:48.154+0800
[main]V/SignerInstance: Signing all the parameters end  : 2026-07-15T09:13:48.155+0800
[INFO] Tests run: 21, Failures: 0, Errors: 0, Skipped: 0, Time elapsed: 29.64 s -- in local.RecoveredNativeBackendIntegrationTest
[INFO] 
[INFO] Results:
[INFO] 
[INFO] Tests run: 21, Failures: 0, Errors: 0, Skipped: 0
[INFO] 
[INFO] ------------------------------------------------------------------------
[INFO] BUILD SUCCESS
[INFO] ------------------------------------------------------------------------
[INFO] Total time:  31.003 s
[INFO] Finished at: 2026-07-15T09:13:48+08:00
[INFO] ------------------------------------------------------------------------
