[INFO] Scanning for projects...
[INFO] 
[INFO] ------------------< local.qbdi:unidbg-adjust-runner >-------------------
[INFO] Building unidbg-adjust-runner 1.0-SNAPSHOT
[INFO]   from pom.xml
[INFO] --------------------------------[ jar ]---------------------------------
[INFO] 
[INFO] --- resources:3.4.0:resources (default-resources) @ unidbg-adjust-runner ---
[INFO] skip non existing resourceDirectory /Users/sanbo/Desktop/api/qbdi/unidbg-adjust-runner/src/main/resources
[INFO] 
[INFO] --- compiler:3.15.0:compile (default-compile) @ unidbg-adjust-runner ---
[INFO] Nothing to compile - all classes are up to date.
[INFO] 
[INFO] --- resources:3.4.0:testResources (default-testResources) @ unidbg-adjust-runner ---
[INFO] skip non existing resourceDirectory /Users/sanbo/Desktop/api/qbdi/unidbg-adjust-runner/src/test/resources
[INFO] 
[INFO] --- compiler:3.15.0:testCompile (default-testCompile) @ unidbg-adjust-runner ---
[INFO] Nothing to compile - all classes are up to date.
[INFO] 
[INFO] --- surefire:3.2.5:test (default-test) @ unidbg-adjust-runner ---
[INFO] Using auto detected provider org.apache.maven.surefire.junitplatform.JUnitPlatformProvider
[INFO] 
[INFO] -------------------------------------------------------
[INFO]  T E S T S
[INFO] -------------------------------------------------------
[INFO] Running local.RecoveredNativeBackendIntegrationTest
[main]V/SignerInstance: Signing all the parameters begin: 2026-07-15T11:22:32.418+0800
[main]V/SignerInstance: Calling native begin: 2026-07-15T11:22:32.435+0800
[main]V/SignerInstance: Calling native end  : 2026-07-15T11:22:32.475+0800
[main]V/SignerInstance: Signing all the parameters end  : 2026-07-15T11:22:32.476+0800
[main]V/SignerInstance: Signing all the parameters begin: 2026-07-15T11:22:32.491+0800
[main]V/SignerInstance: Calling native begin: 2026-07-15T11:22:32.492+0800
[main]V/SignerInstance: Calling native end  : 2026-07-15T11:22:32.512+0800
[main]V/SignerInstance: Signing all the parameters end  : 2026-07-15T11:22:32.512+0800
[main]V/SignerInstance: Signing all the parameters begin: 2026-07-15T11:22:32.518+0800
[main]V/SignerInstance: Calling native begin: 2026-07-15T11:22:32.518+0800
[main]V/SignerInstance: Calling native end  : 2026-07-15T11:22:32.528+0800
[main]V/SignerInstance: Signing all the parameters end  : 2026-07-15T11:22:32.528+0800
[main]V/SignerInstance: Signing all the parameters begin: 2026-07-15T11:22:32.532+0800
[main]V/SignerInstance: Calling native begin: 2026-07-15T11:22:32.602+0800
[main]V/SignerInstance: Calling native end  : 2026-07-15T11:22:32.618+0800
[main]V/SignerInstance: Signing all the parameters end  : 2026-07-15T11:22:32.618+0800
[main]V/SignerInstance: Signing all the parameters begin: 2026-07-15T11:22:32.622+0800
[main]V/SignerInstance: Calling native begin: 2026-07-15T11:22:32.622+0800
[main]V/SignerInstance: Calling native end  : 2026-07-15T11:22:32.636+0800
[main]V/SignerInstance: Signing all the parameters end  : 2026-07-15T11:22:32.636+0800
[main]V/SignerInstance: Signing all the parameters begin: 2026-07-15T11:22:32.640+0800
[main]V/SignerInstance: Calling native begin: 2026-07-15T11:22:32.641+0800
[main]V/SignerInstance: Calling native end  : 2026-07-15T11:22:32.655+0800
[main]V/SignerInstance: Signing all the parameters end  : 2026-07-15T11:22:32.655+0800
[main]V/SignerInstance: Signing all the parameters begin: 2026-07-15T11:22:32.658+0800
[main]V/SignerInstance: Calling native begin: 2026-07-15T11:22:32.658+0800
[main]V/SignerInstance: Calling native end  : 2026-07-15T11:22:32.677+0800
[main]V/SignerInstance: Signing all the parameters end  : 2026-07-15T11:22:32.677+0800
[main]V/SignerInstance: Signing all the parameters begin: 2026-07-15T11:22:32.680+0800
[main]V/SignerInstance: Calling native begin: 2026-07-15T11:22:32.680+0800
[main]V/SignerInstance: Calling native end  : 2026-07-15T11:22:32.696+0800
[main]V/SignerInstance: Signing all the parameters end  : 2026-07-15T11:22:32.696+0800
[main]V/SignerInstance: Signing all the parameters begin: 2026-07-15T11:22:32.701+0800
[main]V/SignerInstance: Calling native begin: 2026-07-15T11:22:32.701+0800
[main]V/SignerInstance: Calling native end  : 2026-07-15T11:22:32.714+0800
[main]V/SignerInstance: Signing all the parameters end  : 2026-07-15T11:22:32.714+0800
[main]V/SignerInstance: Signing all the parameters begin: 2026-07-15T11:22:32.718+0800
[main]V/SignerInstance: Calling native begin: 2026-07-15T11:22:32.718+0800
[main]V/SignerInstance: Calling native end  : 2026-07-15T11:22:32.730+0800
[main]V/SignerInstance: Signing all the parameters end  : 2026-07-15T11:22:32.730+0800
[main]V/SignerInstance: Signing all the parameters begin: 2026-07-15T11:22:32.733+0800
[main]V/SignerInstance: Calling native begin: 2026-07-15T11:22:32.759+0800
[main]V/SignerInstance: Calling native end  : 2026-07-15T11:22:32.773+0800
[main]V/SignerInstance: Signing all the parameters end  : 2026-07-15T11:22:32.774+0800
[main]V/SignerInstance: Signing all the parameters begin: 2026-07-15T11:22:32.778+0800
[main]V/SignerInstance: Calling native begin: 2026-07-15T11:22:32.778+0800
[main]V/SignerInstance: Calling native end  : 2026-07-15T11:22:32.789+0800
[main]V/SignerInstance: Signing all the parameters end  : 2026-07-15T11:22:32.789+0800
[main]V/SignerInstance: Signing all the parameters begin: 2026-07-15T11:22:32.792+0800
[main]V/SignerInstance: Calling native begin: 2026-07-15T11:22:32.792+0800
[main]V/SignerInstance: Calling native end  : 2026-07-15T11:22:32.803+0800
[main]V/SignerInstance: Signing all the parameters end  : 2026-07-15T11:22:32.804+0800
[main]V/SignerInstance: Signing all the parameters begin: 2026-07-15T11:22:32.807+0800
[main]V/SignerInstance: Calling native begin: 2026-07-15T11:22:32.808+0800
[main]V/SignerInstance: Calling native end  : 2026-07-15T11:22:32.821+0800
[main]V/SignerInstance: Signing all the parameters end  : 2026-07-15T11:22:32.821+0800
[main]V/SignerInstance: Signing all the parameters begin: 2026-07-15T11:22:32.841+0800
[main]V/SignerInstance: Calling native begin: 2026-07-15T11:22:32.841+0800
[main]V/SignerInstance: Calling native end  : 2026-07-15T11:22:32.855+0800
[main]V/SignerInstance: Signing all the parameters end  : 2026-07-15T11:22:32.856+0800
[main]V/SignerInstance: Signing all the parameters begin: 2026-07-15T11:22:32.859+0800
[main]V/SignerInstance: Calling native begin: 2026-07-15T11:22:32.859+0800
[main]V/SignerInstance: Calling native end  : 2026-07-15T11:22:32.873+0800
[main]V/SignerInstance: Signing all the parameters end  : 2026-07-15T11:22:32.873+0800
[main]V/SignerInstance: Signing all the parameters begin: 2026-07-15T11:22:32.877+0800
[main]V/SignerInstance: Calling native begin: 2026-07-15T11:22:32.878+0800
[main]V/SignerInstance: Calling native end  : 2026-07-15T11:22:32.892+0800
[main]V/SignerInstance: Signing all the parameters end  : 2026-07-15T11:22:32.892+0800
[main]V/SignerInstance: Signing all the parameters begin: 2026-07-15T11:22:32.900+0800
[main]V/SignerInstance: Calling native begin: 2026-07-15T11:22:32.932+0800
[main]V/SignerInstance: Calling native end  : 2026-07-15T11:22:32.947+0800
[main]V/SignerInstance: Signing all the parameters end  : 2026-07-15T11:22:32.947+0800
[main]V/SignerInstance: Signing all the parameters begin: 2026-07-15T11:22:32.950+0800
[main]V/SignerInstance: Calling native begin: 2026-07-15T11:22:32.950+0800
[main]V/SignerInstance: Calling native end  : 2026-07-15T11:22:32.968+0800
[main]V/SignerInstance: Signing all the parameters end  : 2026-07-15T11:22:32.968+0800
loaded libsigner.so base=0x12340000 size=0x148000
[main]V/SignerInstance: Signing all the parameters begin: 2026-07-15T11:22:34.606+0800
[main]V/SignerInstance: Calling native begin: 2026-07-15T11:22:34.606+0800
[main] WARN com.github.unidbg.Utils - read path=java.io.RandomAccessFile@787f32b7, fp=10674152, _count=4096, length=10670511, buffer=RW@0x12309000
[main]V/SignerInstance: Calling native end  : 2026-07-15T11:22:49.155+0800
[main]V/SignerInstance: Signing all the parameters end  : 2026-07-15T11:22:49.155+0800
[main]V/SignerInstance: Signing all the parameters begin: 2026-07-15T11:22:49.161+0800
[main]V/SignerInstance: Calling native begin: 2026-07-15T11:22:49.161+0800
[main]V/SignerInstance: Calling native end  : 2026-07-15T11:22:49.189+0800
[main]V/SignerInstance: Signing all the parameters end  : 2026-07-15T11:22:49.190+0800
loaded libsigner.so base=0x12340000 size=0x148000
[main]V/SignerInstance: Signing all the parameters begin: 2026-07-15T11:22:49.392+0800
[main]V/SignerInstance: Calling native begin: 2026-07-15T11:22:49.392+0800
[main] WARN com.github.unidbg.Utils - read path=java.io.RandomAccessFile@4088741b, fp=10674152, _count=4096, length=10670511, buffer=RW@0x12309000
[main]V/SignerInstance: Calling native end  : 2026-07-15T11:23:03.507+0800
[main]V/SignerInstance: Signing all the parameters end  : 2026-07-15T11:23:03.508+0800
[main]V/SignerInstance: Signing all the parameters begin: 2026-07-15T11:23:03.513+0800
[main]V/SignerInstance: Calling native begin: 2026-07-15T11:23:03.513+0800
[main]V/SignerInstance: Calling native end  : 2026-07-15T11:23:03.535+0800
[main]V/SignerInstance: Signing all the parameters end  : 2026-07-15T11:23:03.535+0800
[INFO] Tests run: 21, Failures: 0, Errors: 0, Skipped: 0, Time elapsed: 31.24 s -- in local.RecoveredNativeBackendIntegrationTest
[INFO] 
[INFO] Results:
[INFO] 
[INFO] Tests run: 21, Failures: 0, Errors: 0, Skipped: 0
[INFO] 
[INFO] ------------------------------------------------------------------------
[INFO] BUILD SUCCESS
[INFO] ------------------------------------------------------------------------
[INFO] Total time:  32.848 s
[INFO] Finished at: 2026-07-15T11:23:03+08:00
[INFO] ------------------------------------------------------------------------
