[INFO] Scanning for projects...
[INFO] 
[INFO] ------------------< local.qbdi:unidbg-adjust-runner >-------------------
[INFO] Building unidbg-adjust-runner 1.0-SNAPSHOT
[INFO]   from pom.xml
[INFO] --------------------------------[ jar ]---------------------------------
[INFO] 
[INFO] --- resources:3.4.0:resources (default-resources) @ unidbg-adjust-runner ---
[INFO] skip non existing resourceDirectory /Users/sanbo/Desktop/api/qbdi/unidbg-adjust-runner/src/main/resources
[INFO] 
[INFO] --- compiler:3.15.0:compile (default-compile) @ unidbg-adjust-runner ---
[INFO] Nothing to compile - all classes are up to date.
[INFO] 
[INFO] --- resources:3.4.0:testResources (default-testResources) @ unidbg-adjust-runner ---
[INFO] skip non existing resourceDirectory /Users/sanbo/Desktop/api/qbdi/unidbg-adjust-runner/src/test/resources
[INFO] 
[INFO] --- compiler:3.15.0:testCompile (default-testCompile) @ unidbg-adjust-runner ---
[INFO] Nothing to compile - all classes are up to date.
[INFO] 
[INFO] --- surefire:3.2.5:test (default-test) @ unidbg-adjust-runner ---
[INFO] Using auto detected provider org.apache.maven.surefire.junitplatform.JUnitPlatformProvider
[INFO] 
[INFO] -------------------------------------------------------
[INFO]  T E S T S
[INFO] -------------------------------------------------------
[INFO] Running local.RecoveredNativeBackendIntegrationTest
[main]V/SignerInstance: Signing all the parameters begin: 2026-07-15T06:00:06.266+0800
[main]V/SignerInstance: Calling native begin: 2026-07-15T06:00:06.275+0800
[main]V/SignerInstance: Calling native end  : 2026-07-15T06:00:06.299+0800
[main]V/SignerInstance: Signing all the parameters end  : 2026-07-15T06:00:06.299+0800
[main]V/SignerInstance: Signing all the parameters begin: 2026-07-15T06:00:06.309+0800
[main]V/SignerInstance: Calling native begin: 2026-07-15T06:00:06.310+0800
[main]V/SignerInstance: Calling native end  : 2026-07-15T06:00:06.325+0800
[main]V/SignerInstance: Signing all the parameters end  : 2026-07-15T06:00:06.325+0800
[main]V/SignerInstance: Signing all the parameters begin: 2026-07-15T06:00:06.328+0800
[main]V/SignerInstance: Calling native begin: 2026-07-15T06:00:06.329+0800
[main]V/SignerInstance: Calling native end  : 2026-07-15T06:00:06.337+0800
[main]V/SignerInstance: Signing all the parameters end  : 2026-07-15T06:00:06.337+0800
[main]V/SignerInstance: Signing all the parameters begin: 2026-07-15T06:00:06.341+0800
[main]V/SignerInstance: Calling native begin: 2026-07-15T06:00:06.382+0800
[main]V/SignerInstance: Calling native end  : 2026-07-15T06:00:06.395+0800
[main]V/SignerInstance: Signing all the parameters end  : 2026-07-15T06:00:06.395+0800
[main]V/SignerInstance: Signing all the parameters begin: 2026-07-15T06:00:06.398+0800
[main]V/SignerInstance: Calling native begin: 2026-07-15T06:00:06.398+0800
[main]V/SignerInstance: Calling native end  : 2026-07-15T06:00:06.412+0800
[main]V/SignerInstance: Signing all the parameters end  : 2026-07-15T06:00:06.412+0800
[main]V/SignerInstance: Signing all the parameters begin: 2026-07-15T06:00:06.416+0800
[main]V/SignerInstance: Calling native begin: 2026-07-15T06:00:06.416+0800
[main]V/SignerInstance: Calling native end  : 2026-07-15T06:00:06.429+0800
[main]V/SignerInstance: Signing all the parameters end  : 2026-07-15T06:00:06.429+0800
[main]V/SignerInstance: Signing all the parameters begin: 2026-07-15T06:00:06.431+0800
[main]V/SignerInstance: Calling native begin: 2026-07-15T06:00:06.431+0800
[main]V/SignerInstance: Calling native end  : 2026-07-15T06:00:06.445+0800
[main]V/SignerInstance: Signing all the parameters end  : 2026-07-15T06:00:06.445+0800
[main]V/SignerInstance: Signing all the parameters begin: 2026-07-15T06:00:06.449+0800
[main]V/SignerInstance: Calling native begin: 2026-07-15T06:00:06.449+0800
[main]V/SignerInstance: Calling native end  : 2026-07-15T06:00:06.462+0800
[main]V/SignerInstance: Signing all the parameters end  : 2026-07-15T06:00:06.462+0800
[main]V/SignerInstance: Signing all the parameters begin: 2026-07-15T06:00:06.466+0800
[main]V/SignerInstance: Calling native begin: 2026-07-15T06:00:06.467+0800
[main]V/SignerInstance: Calling native end  : 2026-07-15T06:00:06.476+0800
[main]V/SignerInstance: Signing all the parameters end  : 2026-07-15T06:00:06.476+0800
[main]V/SignerInstance: Signing all the parameters begin: 2026-07-15T06:00:06.479+0800
[main]V/SignerInstance: Calling native begin: 2026-07-15T06:00:06.479+0800
[main]V/SignerInstance: Calling native end  : 2026-07-15T06:00:06.488+0800
[main]V/SignerInstance: Signing all the parameters end  : 2026-07-15T06:00:06.489+0800
[main]V/SignerInstance: Signing all the parameters begin: 2026-07-15T06:00:06.494+0800
[main]V/SignerInstance: Calling native begin: 2026-07-15T06:00:06.567+0800
[main]V/SignerInstance: Calling native end  : 2026-07-15T06:00:06.581+0800
[main]V/SignerInstance: Signing all the parameters end  : 2026-07-15T06:00:06.581+0800
[main]V/SignerInstance: Signing all the parameters begin: 2026-07-15T06:00:06.584+0800
[main]V/SignerInstance: Calling native begin: 2026-07-15T06:00:06.585+0800
[main]V/SignerInstance: Calling native end  : 2026-07-15T06:00:06.595+0800
[main]V/SignerInstance: Signing all the parameters end  : 2026-07-15T06:00:06.595+0800
[main]V/SignerInstance: Signing all the parameters begin: 2026-07-15T06:00:06.598+0800
[main]V/SignerInstance: Calling native begin: 2026-07-15T06:00:06.598+0800
[main]V/SignerInstance: Calling native end  : 2026-07-15T06:00:06.608+0800
[main]V/SignerInstance: Signing all the parameters end  : 2026-07-15T06:00:06.608+0800
[main]V/SignerInstance: Signing all the parameters begin: 2026-07-15T06:00:06.612+0800
[main]V/SignerInstance: Calling native begin: 2026-07-15T06:00:06.612+0800
[main]V/SignerInstance: Calling native end  : 2026-07-15T06:00:06.626+0800
[main]V/SignerInstance: Signing all the parameters end  : 2026-07-15T06:00:06.626+0800
[main]V/SignerInstance: Signing all the parameters begin: 2026-07-15T06:00:06.645+0800
[main]V/SignerInstance: Calling native begin: 2026-07-15T06:00:06.645+0800
[main]V/SignerInstance: Calling native end  : 2026-07-15T06:00:06.659+0800
[main]V/SignerInstance: Signing all the parameters end  : 2026-07-15T06:00:06.660+0800
[main]V/SignerInstance: Signing all the parameters begin: 2026-07-15T06:00:06.663+0800
[main]V/SignerInstance: Calling native begin: 2026-07-15T06:00:06.663+0800
[main]V/SignerInstance: Calling native end  : 2026-07-15T06:00:06.677+0800
[main]V/SignerInstance: Signing all the parameters end  : 2026-07-15T06:00:06.677+0800
[main]V/SignerInstance: Signing all the parameters begin: 2026-07-15T06:00:06.680+0800
[main]V/SignerInstance: Calling native begin: 2026-07-15T06:00:06.681+0800
[main]V/SignerInstance: Calling native end  : 2026-07-15T06:00:06.694+0800
[main]V/SignerInstance: Signing all the parameters end  : 2026-07-15T06:00:06.694+0800
[main]V/SignerInstance: Signing all the parameters begin: 2026-07-15T06:00:06.697+0800
[main]V/SignerInstance: Calling native begin: 2026-07-15T06:00:06.727+0800
[main]V/SignerInstance: Calling native end  : 2026-07-15T06:00:06.739+0800
[main]V/SignerInstance: Signing all the parameters end  : 2026-07-15T06:00:06.739+0800
[main]V/SignerInstance: Signing all the parameters begin: 2026-07-15T06:00:06.742+0800
[main]V/SignerInstance: Calling native begin: 2026-07-15T06:00:06.742+0800
[main]V/SignerInstance: Calling native end  : 2026-07-15T06:00:06.755+0800
[main]V/SignerInstance: Signing all the parameters end  : 2026-07-15T06:00:06.755+0800
loaded libsigner.so base=0x12340000 size=0x148000
[main]V/SignerInstance: Signing all the parameters begin: 2026-07-15T06:00:08.155+0800
[main]V/SignerInstance: Calling native begin: 2026-07-15T06:00:08.155+0800
[main] WARN com.github.unidbg.Utils - read path=java.io.RandomAccessFile@5f462e3b, fp=10674152, _count=4096, length=10670511, buffer=RW@0x12309000
[main]V/SignerInstance: Calling native end  : 2026-07-15T06:00:21.641+0800
[main]V/SignerInstance: Signing all the parameters end  : 2026-07-15T06:00:21.641+0800
[main]V/SignerInstance: Signing all the parameters begin: 2026-07-15T06:00:21.644+0800
[main]V/SignerInstance: Calling native begin: 2026-07-15T06:00:21.644+0800
[main]V/SignerInstance: Calling native end  : 2026-07-15T06:00:21.661+0800
[main]V/SignerInstance: Signing all the parameters end  : 2026-07-15T06:00:21.661+0800
loaded libsigner.so base=0x12340000 size=0x148000
[main]V/SignerInstance: Signing all the parameters begin: 2026-07-15T06:00:21.852+0800
[main]V/SignerInstance: Calling native begin: 2026-07-15T06:00:21.852+0800
[main] WARN com.github.unidbg.Utils - read path=java.io.RandomAccessFile@e4d2696, fp=10674152, _count=4096, length=10670511, buffer=RW@0x12309000
[main]V/SignerInstance: Calling native end  : 2026-07-15T06:00:35.285+0800
[main]V/SignerInstance: Signing all the parameters end  : 2026-07-15T06:00:35.285+0800
[main]V/SignerInstance: Signing all the parameters begin: 2026-07-15T06:00:35.288+0800
[main]V/SignerInstance: Calling native begin: 2026-07-15T06:00:35.288+0800
[main]V/SignerInstance: Calling native end  : 2026-07-15T06:00:35.304+0800
[main]V/SignerInstance: Signing all the parameters end  : 2026-07-15T06:00:35.304+0800
[INFO] Tests run: 21, Failures: 0, Errors: 0, Skipped: 0, Time elapsed: 29.13 s -- in local.RecoveredNativeBackendIntegrationTest
[INFO] 
[INFO] Results:
[INFO] 
[INFO] Tests run: 21, Failures: 0, Errors: 0, Skipped: 0
[INFO] 
[INFO] ------------------------------------------------------------------------
[INFO] BUILD SUCCESS
[INFO] ------------------------------------------------------------------------
[INFO] Total time:  29.996 s
[INFO] Finished at: 2026-07-15T06:00:35+08:00
[INFO] ------------------------------------------------------------------------
