[INFO] Scanning for projects...
[INFO] 
[INFO] ------------------< local.qbdi:unidbg-adjust-runner >-------------------
[INFO] Building unidbg-adjust-runner 1.0-SNAPSHOT
[INFO]   from pom.xml
[INFO] --------------------------------[ jar ]---------------------------------
[INFO] 
[INFO] --- resources:3.4.0:resources (default-resources) @ unidbg-adjust-runner ---
[INFO] skip non existing resourceDirectory /Users/sanbo/Desktop/api/qbdi/unidbg-adjust-runner/src/main/resources
[INFO] 
[INFO] --- compiler:3.15.0:compile (default-compile) @ unidbg-adjust-runner ---
[INFO] Nothing to compile - all classes are up to date.
[INFO] 
[INFO] --- resources:3.4.0:testResources (default-testResources) @ unidbg-adjust-runner ---
[INFO] skip non existing resourceDirectory /Users/sanbo/Desktop/api/qbdi/unidbg-adjust-runner/src/test/resources
[INFO] 
[INFO] --- compiler:3.15.0:testCompile (default-testCompile) @ unidbg-adjust-runner ---
[INFO] Nothing to compile - all classes are up to date.
[INFO] 
[INFO] --- surefire:3.2.5:test (default-test) @ unidbg-adjust-runner ---
[INFO] Using auto detected provider org.apache.maven.surefire.junitplatform.JUnitPlatformProvider
[INFO] 
[INFO] -------------------------------------------------------
[INFO]  T E S T S
[INFO] -------------------------------------------------------
[INFO] Running local.RecoveredNativeBackendIntegrationTest
[main]V/SignerInstance: Signing all the parameters begin: 2026-07-15T08:09:13.878+0800
[main]V/SignerInstance: Calling native begin: 2026-07-15T08:09:13.887+0800
[main]V/SignerInstance: Calling native end  : 2026-07-15T08:09:13.916+0800
[main]V/SignerInstance: Signing all the parameters end  : 2026-07-15T08:09:13.917+0800
[main]V/SignerInstance: Signing all the parameters begin: 2026-07-15T08:09:13.928+0800
[main]V/SignerInstance: Calling native begin: 2026-07-15T08:09:13.928+0800
[main]V/SignerInstance: Calling native end  : 2026-07-15T08:09:13.944+0800
[main]V/SignerInstance: Signing all the parameters end  : 2026-07-15T08:09:13.944+0800
[main]V/SignerInstance: Signing all the parameters begin: 2026-07-15T08:09:13.949+0800
[main]V/SignerInstance: Calling native begin: 2026-07-15T08:09:13.949+0800
[main]V/SignerInstance: Calling native end  : 2026-07-15T08:09:13.958+0800
[main]V/SignerInstance: Signing all the parameters end  : 2026-07-15T08:09:13.958+0800
[main]V/SignerInstance: Signing all the parameters begin: 2026-07-15T08:09:13.962+0800
[main]V/SignerInstance: Calling native begin: 2026-07-15T08:09:14.062+0800
[main]V/SignerInstance: Calling native end  : 2026-07-15T08:09:14.075+0800
[main]V/SignerInstance: Signing all the parameters end  : 2026-07-15T08:09:14.076+0800
[main]V/SignerInstance: Signing all the parameters begin: 2026-07-15T08:09:14.079+0800
[main]V/SignerInstance: Calling native begin: 2026-07-15T08:09:14.079+0800
[main]V/SignerInstance: Calling native end  : 2026-07-15T08:09:14.093+0800
[main]V/SignerInstance: Signing all the parameters end  : 2026-07-15T08:09:14.093+0800
[main]V/SignerInstance: Signing all the parameters begin: 2026-07-15T08:09:14.097+0800
[main]V/SignerInstance: Calling native begin: 2026-07-15T08:09:14.097+0800
[main]V/SignerInstance: Calling native end  : 2026-07-15T08:09:14.111+0800
[main]V/SignerInstance: Signing all the parameters end  : 2026-07-15T08:09:14.111+0800
[main]V/SignerInstance: Signing all the parameters begin: 2026-07-15T08:09:14.113+0800
[main]V/SignerInstance: Calling native begin: 2026-07-15T08:09:14.113+0800
[main]V/SignerInstance: Calling native end  : 2026-07-15T08:09:14.130+0800
[main]V/SignerInstance: Signing all the parameters end  : 2026-07-15T08:09:14.130+0800
[main]V/SignerInstance: Signing all the parameters begin: 2026-07-15T08:09:14.133+0800
[main]V/SignerInstance: Calling native begin: 2026-07-15T08:09:14.133+0800
[main]V/SignerInstance: Calling native end  : 2026-07-15T08:09:14.148+0800
[main]V/SignerInstance: Signing all the parameters end  : 2026-07-15T08:09:14.148+0800
[main]V/SignerInstance: Signing all the parameters begin: 2026-07-15T08:09:14.152+0800
[main]V/SignerInstance: Calling native begin: 2026-07-15T08:09:14.152+0800
[main]V/SignerInstance: Calling native end  : 2026-07-15T08:09:14.162+0800
[main]V/SignerInstance: Signing all the parameters end  : 2026-07-15T08:09:14.162+0800
[main]V/SignerInstance: Signing all the parameters begin: 2026-07-15T08:09:14.165+0800
[main]V/SignerInstance: Calling native begin: 2026-07-15T08:09:14.165+0800
[main]V/SignerInstance: Calling native end  : 2026-07-15T08:09:14.175+0800
[main]V/SignerInstance: Signing all the parameters end  : 2026-07-15T08:09:14.175+0800
[main]V/SignerInstance: Signing all the parameters begin: 2026-07-15T08:09:14.178+0800
[main]V/SignerInstance: Calling native begin: 2026-07-15T08:09:14.269+0800
[main]V/SignerInstance: Calling native end  : 2026-07-15T08:09:14.282+0800
[main]V/SignerInstance: Signing all the parameters end  : 2026-07-15T08:09:14.282+0800
[main]V/SignerInstance: Signing all the parameters begin: 2026-07-15T08:09:14.285+0800
[main]V/SignerInstance: Calling native begin: 2026-07-15T08:09:14.285+0800
[main]V/SignerInstance: Calling native end  : 2026-07-15T08:09:14.295+0800
[main]V/SignerInstance: Signing all the parameters end  : 2026-07-15T08:09:14.295+0800
[main]V/SignerInstance: Signing all the parameters begin: 2026-07-15T08:09:14.298+0800
[main]V/SignerInstance: Calling native begin: 2026-07-15T08:09:14.298+0800
[main]V/SignerInstance: Calling native end  : 2026-07-15T08:09:14.307+0800
[main]V/SignerInstance: Signing all the parameters end  : 2026-07-15T08:09:14.307+0800
[main]V/SignerInstance: Signing all the parameters begin: 2026-07-15T08:09:14.310+0800
[main]V/SignerInstance: Calling native begin: 2026-07-15T08:09:14.310+0800
[main]V/SignerInstance: Calling native end  : 2026-07-15T08:09:14.323+0800
[main]V/SignerInstance: Signing all the parameters end  : 2026-07-15T08:09:14.323+0800
[main]V/SignerInstance: Signing all the parameters begin: 2026-07-15T08:09:14.341+0800
[main]V/SignerInstance: Calling native begin: 2026-07-15T08:09:14.342+0800
[main]V/SignerInstance: Calling native end  : 2026-07-15T08:09:14.354+0800
[main]V/SignerInstance: Signing all the parameters end  : 2026-07-15T08:09:14.354+0800
[main]V/SignerInstance: Signing all the parameters begin: 2026-07-15T08:09:14.358+0800
[main]V/SignerInstance: Calling native begin: 2026-07-15T08:09:14.358+0800
[main]V/SignerInstance: Calling native end  : 2026-07-15T08:09:14.370+0800
[main]V/SignerInstance: Signing all the parameters end  : 2026-07-15T08:09:14.370+0800
[main]V/SignerInstance: Signing all the parameters begin: 2026-07-15T08:09:14.373+0800
[main]V/SignerInstance: Calling native begin: 2026-07-15T08:09:14.373+0800
[main]V/SignerInstance: Calling native end  : 2026-07-15T08:09:14.386+0800
[main]V/SignerInstance: Signing all the parameters end  : 2026-07-15T08:09:14.386+0800
[main]V/SignerInstance: Signing all the parameters begin: 2026-07-15T08:09:14.389+0800
[main]V/SignerInstance: Calling native begin: 2026-07-15T08:09:14.475+0800
[main]V/SignerInstance: Calling native end  : 2026-07-15T08:09:14.487+0800
[main]V/SignerInstance: Signing all the parameters end  : 2026-07-15T08:09:14.487+0800
[main]V/SignerInstance: Signing all the parameters begin: 2026-07-15T08:09:14.490+0800
[main]V/SignerInstance: Calling native begin: 2026-07-15T08:09:14.490+0800
[main]V/SignerInstance: Calling native end  : 2026-07-15T08:09:14.503+0800
[main]V/SignerInstance: Signing all the parameters end  : 2026-07-15T08:09:14.503+0800
loaded libsigner.so base=0x12340000 size=0x148000
[main]V/SignerInstance: Signing all the parameters begin: 2026-07-15T08:09:16.245+0800
[main]V/SignerInstance: Calling native begin: 2026-07-15T08:09:16.245+0800
[main] WARN com.github.unidbg.Utils - read path=java.io.RandomAccessFile@a10c1b5, fp=10674152, _count=4096, length=10670511, buffer=RW@0x12309000
[main]V/SignerInstance: Calling native end  : 2026-07-15T08:09:29.555+0800
[main]V/SignerInstance: Signing all the parameters end  : 2026-07-15T08:09:29.555+0800
[main]V/SignerInstance: Signing all the parameters begin: 2026-07-15T08:09:29.558+0800
[main]V/SignerInstance: Calling native begin: 2026-07-15T08:09:29.558+0800
[main]V/SignerInstance: Calling native end  : 2026-07-15T08:09:29.577+0800
[main]V/SignerInstance: Signing all the parameters end  : 2026-07-15T08:09:29.577+0800
loaded libsigner.so base=0x12340000 size=0x148000
[main]V/SignerInstance: Signing all the parameters begin: 2026-07-15T08:09:29.752+0800
[main]V/SignerInstance: Calling native begin: 2026-07-15T08:09:29.752+0800
[main] WARN com.github.unidbg.Utils - read path=java.io.RandomAccessFile@e4d2696, fp=10674152, _count=4096, length=10670511, buffer=RW@0x12309000
[main]V/SignerInstance: Calling native end  : 2026-07-15T08:09:43.022+0800
[main]V/SignerInstance: Signing all the parameters end  : 2026-07-15T08:09:43.023+0800
[main]V/SignerInstance: Signing all the parameters begin: 2026-07-15T08:09:43.025+0800
[main]V/SignerInstance: Calling native begin: 2026-07-15T08:09:43.025+0800
[main]V/SignerInstance: Calling native end  : 2026-07-15T08:09:43.043+0800
[main]V/SignerInstance: Signing all the parameters end  : 2026-07-15T08:09:43.043+0800
[INFO] Tests run: 21, Failures: 0, Errors: 0, Skipped: 0, Time elapsed: 29.25 s -- in local.RecoveredNativeBackendIntegrationTest
[INFO] 
[INFO] Results:
[INFO] 
[INFO] Tests run: 21, Failures: 0, Errors: 0, Skipped: 0
[INFO] 
[INFO] ------------------------------------------------------------------------
[INFO] BUILD SUCCESS
[INFO] ------------------------------------------------------------------------
[INFO] Total time:  30.304 s
[INFO] Finished at: 2026-07-15T08:09:43+08:00
[INFO] ------------------------------------------------------------------------
