[INFO] Scanning for projects...
[INFO] 
[INFO] ------------------< local.qbdi:unidbg-adjust-runner >-------------------
[INFO] Building unidbg-adjust-runner 1.0-SNAPSHOT
[INFO]   from pom.xml
[INFO] --------------------------------[ jar ]---------------------------------
[INFO] 
[INFO] --- resources:3.4.0:resources (default-resources) @ unidbg-adjust-runner ---
[INFO] skip non existing resourceDirectory /Users/sanbo/Desktop/api/qbdi/unidbg-adjust-runner/src/main/resources
[INFO] 
[INFO] --- compiler:3.15.0:compile (default-compile) @ unidbg-adjust-runner ---
[INFO] Nothing to compile - all classes are up to date.
[INFO] 
[INFO] --- resources:3.4.0:testResources (default-testResources) @ unidbg-adjust-runner ---
[INFO] skip non existing resourceDirectory /Users/sanbo/Desktop/api/qbdi/unidbg-adjust-runner/src/test/resources
[INFO] 
[INFO] --- compiler:3.15.0:testCompile (default-testCompile) @ unidbg-adjust-runner ---
[INFO] Nothing to compile - all classes are up to date.
[INFO] 
[INFO] --- surefire:3.2.5:test (default-test) @ unidbg-adjust-runner ---
[INFO] Using auto detected provider org.apache.maven.surefire.junitplatform.JUnitPlatformProvider
[INFO] 
[INFO] -------------------------------------------------------
[INFO]  T E S T S
[INFO] -------------------------------------------------------
[INFO] Running com.adjust.sdk.sig.SignerNativeIntegrationTest
loaded libsigner.so base=0x12340000 size=0x148000
[main]V/SignerInstance: Signing all the parameters begin: 2026-07-15T12:29:32.653+0800
[main]V/SignerInstance: Calling native begin: 2026-07-15T12:29:32.680+0800
[main]V/SignerInstance: Calling native end  : 2026-07-15T12:29:42.684+0800
[main]V/SignerInstance: Signing all the parameters end  : 2026-07-15T12:29:42.685+0800
[main]V/SignerInstance: Signing all the parameters begin: 2026-07-15T12:29:42.690+0800
[main]V/SignerInstance: Calling native begin: 2026-07-15T12:29:42.690+0800
[main]V/SignerInstance: Calling native end  : 2026-07-15T12:29:52.856+0800
[main]V/SignerInstance: Signing all the parameters end  : 2026-07-15T12:29:52.859+0800
[INFO] Tests run: 1, Failures: 0, Errors: 0, Skipped: 0, Time elapsed: 22.84 s -- in com.adjust.sdk.sig.SignerNativeIntegrationTest
[INFO] 
[INFO] Results:
[INFO] 
[INFO] Tests run: 1, Failures: 0, Errors: 0, Skipped: 0
[INFO] 
[INFO] ------------------------------------------------------------------------
[INFO] BUILD SUCCESS
[INFO] ------------------------------------------------------------------------
[INFO] Total time:  28.127 s
[INFO] Finished at: 2026-07-15T12:29:53+08:00
[INFO] ------------------------------------------------------------------------
