[INFO] Scanning for projects...
[INFO] 
[INFO] ------------------< local.qbdi:unidbg-adjust-runner >-------------------
[INFO] Building unidbg-adjust-runner 1.0-SNAPSHOT
[INFO]   from pom.xml
[INFO] --------------------------------[ jar ]---------------------------------
[INFO] 
[INFO] --- resources:3.4.0:resources (default-resources) @ unidbg-adjust-runner ---
[INFO] skip non existing resourceDirectory /Users/sanbo/Desktop/api/qbdi/unidbg-adjust-runner/src/main/resources
[INFO] 
[INFO] --- compiler:3.15.0:compile (default-compile) @ unidbg-adjust-runner ---
[INFO] Nothing to compile - all classes are up to date.
[INFO] 
[INFO] --- resources:3.4.0:testResources (default-testResources) @ unidbg-adjust-runner ---
[INFO] skip non existing resourceDirectory /Users/sanbo/Desktop/api/qbdi/unidbg-adjust-runner/src/test/resources
[INFO] 
[INFO] --- compiler:3.15.0:testCompile (default-testCompile) @ unidbg-adjust-runner ---
[INFO] Nothing to compile - all classes are up to date.
[INFO] 
[INFO] --- surefire:3.2.5:test (default-test) @ unidbg-adjust-runner ---
[INFO] Using auto detected provider org.apache.maven.surefire.junitplatform.JUnitPlatformProvider
[INFO] 
[INFO] -------------------------------------------------------
[INFO]  T E S T S
[INFO] -------------------------------------------------------
[INFO] Running local.RecoveredNativeBackendIntegrationTest
[main]V/SignerInstance: Signing all the parameters begin: 2026-07-15T10:34:47.740+0800
[main]V/SignerInstance: Calling native begin: 2026-07-15T10:34:47.758+0800
[main]V/SignerInstance: Calling native end  : 2026-07-15T10:34:47.799+0800
[main]V/SignerInstance: Signing all the parameters end  : 2026-07-15T10:34:47.800+0800
[main]V/SignerInstance: Signing all the parameters begin: 2026-07-15T10:34:47.814+0800
[main]V/SignerInstance: Calling native begin: 2026-07-15T10:34:47.815+0800
[main]V/SignerInstance: Calling native end  : 2026-07-15T10:34:47.835+0800
[main]V/SignerInstance: Signing all the parameters end  : 2026-07-15T10:34:47.835+0800
[main]V/SignerInstance: Signing all the parameters begin: 2026-07-15T10:34:47.845+0800
[main]V/SignerInstance: Calling native begin: 2026-07-15T10:34:47.845+0800
[main]V/SignerInstance: Calling native end  : 2026-07-15T10:34:47.857+0800
[main]V/SignerInstance: Signing all the parameters end  : 2026-07-15T10:34:47.857+0800
[main]V/SignerInstance: Signing all the parameters begin: 2026-07-15T10:34:47.862+0800
[main]V/SignerInstance: Calling native begin: 2026-07-15T10:34:47.934+0800
[main]V/SignerInstance: Calling native end  : 2026-07-15T10:34:47.951+0800
[main]V/SignerInstance: Signing all the parameters end  : 2026-07-15T10:34:47.951+0800
[main]V/SignerInstance: Signing all the parameters begin: 2026-07-15T10:34:47.955+0800
[main]V/SignerInstance: Calling native begin: 2026-07-15T10:34:47.955+0800
[main]V/SignerInstance: Calling native end  : 2026-07-15T10:34:47.971+0800
[main]V/SignerInstance: Signing all the parameters end  : 2026-07-15T10:34:47.971+0800
[main]V/SignerInstance: Signing all the parameters begin: 2026-07-15T10:34:47.976+0800
[main]V/SignerInstance: Calling native begin: 2026-07-15T10:34:47.976+0800
[main]V/SignerInstance: Calling native end  : 2026-07-15T10:34:47.992+0800
[main]V/SignerInstance: Signing all the parameters end  : 2026-07-15T10:34:47.992+0800
[main]V/SignerInstance: Signing all the parameters begin: 2026-07-15T10:34:47.995+0800
[main]V/SignerInstance: Calling native begin: 2026-07-15T10:34:47.995+0800
[main]V/SignerInstance: Calling native end  : 2026-07-15T10:34:48.016+0800
[main]V/SignerInstance: Signing all the parameters end  : 2026-07-15T10:34:48.017+0800
[main]V/SignerInstance: Signing all the parameters begin: 2026-07-15T10:34:48.022+0800
[main]V/SignerInstance: Calling native begin: 2026-07-15T10:34:48.022+0800
[main]V/SignerInstance: Calling native end  : 2026-07-15T10:34:48.037+0800
[main]V/SignerInstance: Signing all the parameters end  : 2026-07-15T10:34:48.037+0800
[main]V/SignerInstance: Signing all the parameters begin: 2026-07-15T10:34:48.042+0800
[main]V/SignerInstance: Calling native begin: 2026-07-15T10:34:48.042+0800
[main]V/SignerInstance: Calling native end  : 2026-07-15T10:34:48.054+0800
[main]V/SignerInstance: Signing all the parameters end  : 2026-07-15T10:34:48.054+0800
[main]V/SignerInstance: Signing all the parameters begin: 2026-07-15T10:34:48.057+0800
[main]V/SignerInstance: Calling native begin: 2026-07-15T10:34:48.057+0800
[main]V/SignerInstance: Calling native end  : 2026-07-15T10:34:48.069+0800
[main]V/SignerInstance: Signing all the parameters end  : 2026-07-15T10:34:48.070+0800
[main]V/SignerInstance: Signing all the parameters begin: 2026-07-15T10:34:48.073+0800
[main]V/SignerInstance: Calling native begin: 2026-07-15T10:34:48.105+0800
[main]V/SignerInstance: Calling native end  : 2026-07-15T10:34:48.121+0800
[main]V/SignerInstance: Signing all the parameters end  : 2026-07-15T10:34:48.121+0800
[main]V/SignerInstance: Signing all the parameters begin: 2026-07-15T10:34:48.126+0800
[main]V/SignerInstance: Calling native begin: 2026-07-15T10:34:48.126+0800
[main]V/SignerInstance: Calling native end  : 2026-07-15T10:34:48.138+0800
[main]V/SignerInstance: Signing all the parameters end  : 2026-07-15T10:34:48.138+0800
[main]V/SignerInstance: Signing all the parameters begin: 2026-07-15T10:34:48.143+0800
[main]V/SignerInstance: Calling native begin: 2026-07-15T10:34:48.143+0800
[main]V/SignerInstance: Calling native end  : 2026-07-15T10:34:48.155+0800
[main]V/SignerInstance: Signing all the parameters end  : 2026-07-15T10:34:48.156+0800
[main]V/SignerInstance: Signing all the parameters begin: 2026-07-15T10:34:48.161+0800
[main]V/SignerInstance: Calling native begin: 2026-07-15T10:34:48.161+0800
[main]V/SignerInstance: Calling native end  : 2026-07-15T10:34:48.176+0800
[main]V/SignerInstance: Signing all the parameters end  : 2026-07-15T10:34:48.177+0800
[main]V/SignerInstance: Signing all the parameters begin: 2026-07-15T10:34:48.197+0800
[main]V/SignerInstance: Calling native begin: 2026-07-15T10:34:48.198+0800
[main]V/SignerInstance: Calling native end  : 2026-07-15T10:34:48.212+0800
[main]V/SignerInstance: Signing all the parameters end  : 2026-07-15T10:34:48.212+0800
[main]V/SignerInstance: Signing all the parameters begin: 2026-07-15T10:34:48.215+0800
[main]V/SignerInstance: Calling native begin: 2026-07-15T10:34:48.215+0800
[main]V/SignerInstance: Calling native end  : 2026-07-15T10:34:48.231+0800
[main]V/SignerInstance: Signing all the parameters end  : 2026-07-15T10:34:48.231+0800
[main]V/SignerInstance: Signing all the parameters begin: 2026-07-15T10:34:48.235+0800
[main]V/SignerInstance: Calling native begin: 2026-07-15T10:34:48.235+0800
[main]V/SignerInstance: Calling native end  : 2026-07-15T10:34:48.253+0800
[main]V/SignerInstance: Signing all the parameters end  : 2026-07-15T10:34:48.253+0800
[main]V/SignerInstance: Signing all the parameters begin: 2026-07-15T10:34:48.262+0800
[main]V/SignerInstance: Calling native begin: 2026-07-15T10:34:48.299+0800
[main]V/SignerInstance: Calling native end  : 2026-07-15T10:34:48.314+0800
[main]V/SignerInstance: Signing all the parameters end  : 2026-07-15T10:34:48.314+0800
[main]V/SignerInstance: Signing all the parameters begin: 2026-07-15T10:34:48.317+0800
[main]V/SignerInstance: Calling native begin: 2026-07-15T10:34:48.317+0800
[main]V/SignerInstance: Calling native end  : 2026-07-15T10:34:48.330+0800
[main]V/SignerInstance: Signing all the parameters end  : 2026-07-15T10:34:48.330+0800
loaded libsigner.so base=0x12340000 size=0x148000
[main]V/SignerInstance: Signing all the parameters begin: 2026-07-15T10:34:50.121+0800
[main]V/SignerInstance: Calling native begin: 2026-07-15T10:34:50.121+0800
[main] WARN com.github.unidbg.Utils - read path=java.io.RandomAccessFile@787f32b7, fp=10674152, _count=4096, length=10670511, buffer=RW@0x12309000
[main]V/SignerInstance: Calling native end  : 2026-07-15T10:35:04.669+0800
[main]V/SignerInstance: Signing all the parameters end  : 2026-07-15T10:35:04.669+0800
[main]V/SignerInstance: Signing all the parameters begin: 2026-07-15T10:35:04.674+0800
[main]V/SignerInstance: Calling native begin: 2026-07-15T10:35:04.674+0800
[main]V/SignerInstance: Calling native end  : 2026-07-15T10:35:04.707+0800
[main]V/SignerInstance: Signing all the parameters end  : 2026-07-15T10:35:04.707+0800
loaded libsigner.so base=0x12340000 size=0x148000
[main]V/SignerInstance: Signing all the parameters begin: 2026-07-15T10:35:05.099+0800
[main]V/SignerInstance: Calling native begin: 2026-07-15T10:35:05.099+0800
[main] WARN com.github.unidbg.Utils - read path=java.io.RandomAccessFile@4088741b, fp=10674152, _count=4096, length=10670511, buffer=RW@0x12309000
[main]V/SignerInstance: Calling native end  : 2026-07-15T10:35:25.988+0800
[main]V/SignerInstance: Signing all the parameters end  : 2026-07-15T10:35:25.988+0800
[main]V/SignerInstance: Signing all the parameters begin: 2026-07-15T10:35:25.994+0800
[main]V/SignerInstance: Calling native begin: 2026-07-15T10:35:25.995+0800
[main]V/SignerInstance: Calling native end  : 2026-07-15T10:35:26.017+0800
[main]V/SignerInstance: Signing all the parameters end  : 2026-07-15T10:35:26.017+0800
[INFO] Tests run: 21, Failures: 0, Errors: 0, Skipped: 0, Time elapsed: 38.41 s -- in local.RecoveredNativeBackendIntegrationTest
[INFO] 
[INFO] Results:
[INFO] 
[INFO] Tests run: 21, Failures: 0, Errors: 0, Skipped: 0
[INFO] 
[INFO] ------------------------------------------------------------------------
[INFO] BUILD SUCCESS
[INFO] ------------------------------------------------------------------------
[INFO] Total time:  39.807 s
[INFO] Finished at: 2026-07-15T10:35:26+08:00
[INFO] ------------------------------------------------------------------------
