[INFO] Scanning for projects...
[INFO] 
[INFO] ------------------< local.qbdi:unidbg-adjust-runner >-------------------
[INFO] Building unidbg-adjust-runner 1.0-SNAPSHOT
[INFO]   from pom.xml
[INFO] --------------------------------[ jar ]---------------------------------
[INFO] 
[INFO] --- resources:3.4.0:resources (default-resources) @ unidbg-adjust-runner ---
[INFO] skip non existing resourceDirectory /Users/sanbo/Desktop/api/qbdi/unidbg-adjust-runner/src/main/resources
[INFO] 
[INFO] --- compiler:3.15.0:compile (default-compile) @ unidbg-adjust-runner ---
[INFO] Nothing to compile - all classes are up to date.
[INFO] 
[INFO] --- resources:3.4.0:testResources (default-testResources) @ unidbg-adjust-runner ---
[INFO] skip non existing resourceDirectory /Users/sanbo/Desktop/api/qbdi/unidbg-adjust-runner/src/test/resources
[INFO] 
[INFO] --- compiler:3.15.0:testCompile (default-testCompile) @ unidbg-adjust-runner ---
[INFO] Nothing to compile - all classes are up to date.
[INFO] 
[INFO] --- surefire:3.2.5:test (default-test) @ unidbg-adjust-runner ---
[INFO] Using auto detected provider org.apache.maven.surefire.junitplatform.JUnitPlatformProvider
[INFO] 
[INFO] -------------------------------------------------------
[INFO]  T E S T S
[INFO] -------------------------------------------------------
[INFO] Running local.RecoveredNativeBackendIntegrationTest
[main]V/SignerInstance: Signing all the parameters begin: 2026-07-15T15:49:17.986+0800
[main]V/SignerInstance: Calling native begin: 2026-07-15T15:49:18.031+0800
[main]V/SignerInstance: Calling native end  : 2026-07-15T15:49:18.118+0800
[main]V/SignerInstance: Signing all the parameters end  : 2026-07-15T15:49:18.130+0800
[main]V/SignerInstance: Signing all the parameters begin: 2026-07-15T15:49:18.187+0800
[main]V/SignerInstance: Calling native begin: 2026-07-15T15:49:18.196+0800
[main]V/SignerInstance: Calling native end  : 2026-07-15T15:49:18.273+0800
[main]V/SignerInstance: Signing all the parameters end  : 2026-07-15T15:49:18.273+0800
[main]V/SignerInstance: Signing all the parameters begin: 2026-07-15T15:49:18.303+0800
[main]V/SignerInstance: Calling native begin: 2026-07-15T15:49:18.304+0800
[main]V/SignerInstance: Calling native end  : 2026-07-15T15:49:18.346+0800
[main]V/SignerInstance: Signing all the parameters end  : 2026-07-15T15:49:18.346+0800
[main]V/SignerInstance: Signing all the parameters begin: 2026-07-15T15:49:18.375+0800
[main]V/SignerInstance: Calling native begin: 2026-07-15T15:49:18.609+0800
[main]V/SignerInstance: Calling native end  : 2026-07-15T15:49:18.654+0800
[main]V/SignerInstance: Signing all the parameters end  : 2026-07-15T15:49:18.657+0800
[main]V/SignerInstance: Signing all the parameters begin: 2026-07-15T15:49:18.686+0800
[main]V/SignerInstance: Calling native begin: 2026-07-15T15:49:18.688+0800
[main]V/SignerInstance: Calling native end  : 2026-07-15T15:49:18.731+0800
[main]V/SignerInstance: Signing all the parameters end  : 2026-07-15T15:49:18.731+0800
[main]V/SignerInstance: Signing all the parameters begin: 2026-07-15T15:49:18.762+0800
[main]V/SignerInstance: Calling native begin: 2026-07-15T15:49:18.763+0800
[main]V/SignerInstance: Calling native end  : 2026-07-15T15:49:18.811+0800
[main]V/SignerInstance: Signing all the parameters end  : 2026-07-15T15:49:18.811+0800
[main]V/SignerInstance: Signing all the parameters begin: 2026-07-15T15:49:18.872+0800
[main]V/SignerInstance: Calling native begin: 2026-07-15T15:49:18.873+0800
[main]V/SignerInstance: Calling native end  : 2026-07-15T15:49:18.934+0800
[main]V/SignerInstance: Signing all the parameters end  : 2026-07-15T15:49:18.934+0800
[main]V/SignerInstance: Signing all the parameters begin: 2026-07-15T15:49:18.959+0800
[main]V/SignerInstance: Calling native begin: 2026-07-15T15:49:18.960+0800
[main]V/SignerInstance: Calling native end  : 2026-07-15T15:49:19.015+0800
[main]V/SignerInstance: Signing all the parameters end  : 2026-07-15T15:49:19.015+0800
[main]V/SignerInstance: Signing all the parameters begin: 2026-07-15T15:49:19.066+0800
[main]V/SignerInstance: Calling native begin: 2026-07-15T15:49:19.066+0800
[main]V/SignerInstance: Calling native end  : 2026-07-15T15:49:19.108+0800
[main]V/SignerInstance: Signing all the parameters end  : 2026-07-15T15:49:19.108+0800
[main]V/SignerInstance: Signing all the parameters begin: 2026-07-15T15:49:19.150+0800
[main]V/SignerInstance: Calling native begin: 2026-07-15T15:49:19.150+0800
[main]V/SignerInstance: Calling native end  : 2026-07-15T15:49:19.184+0800
[main]V/SignerInstance: Signing all the parameters end  : 2026-07-15T15:49:19.185+0800
[main]V/SignerInstance: Signing all the parameters begin: 2026-07-15T15:49:19.199+0800
[main]V/SignerInstance: Calling native begin: 2026-07-15T15:49:19.281+0800
[main]V/SignerInstance: Calling native end  : 2026-07-15T15:49:19.333+0800
[main]V/SignerInstance: Signing all the parameters end  : 2026-07-15T15:49:19.333+0800
[main]V/SignerInstance: Signing all the parameters begin: 2026-07-15T15:49:19.368+0800
[main]V/SignerInstance: Calling native begin: 2026-07-15T15:49:19.368+0800
[main]V/SignerInstance: Calling native end  : 2026-07-15T15:49:19.412+0800
[main]V/SignerInstance: Signing all the parameters end  : 2026-07-15T15:49:19.412+0800
[main]V/SignerInstance: Signing all the parameters begin: 2026-07-15T15:49:19.439+0800
[main]V/SignerInstance: Calling native begin: 2026-07-15T15:49:19.443+0800
[main]V/SignerInstance: Calling native end  : 2026-07-15T15:49:19.474+0800
[main]V/SignerInstance: Signing all the parameters end  : 2026-07-15T15:49:19.474+0800
[main]V/SignerInstance: Signing all the parameters begin: 2026-07-15T15:49:19.486+0800
[main]V/SignerInstance: Calling native begin: 2026-07-15T15:49:19.494+0800
[main]V/SignerInstance: Calling native end  : 2026-07-15T15:49:19.544+0800
[main]V/SignerInstance: Signing all the parameters end  : 2026-07-15T15:49:19.544+0800
[main]V/SignerInstance: Signing all the parameters begin: 2026-07-15T15:49:19.612+0800
[main]V/SignerInstance: Calling native begin: 2026-07-15T15:49:19.614+0800
[main]V/SignerInstance: Calling native end  : 2026-07-15T15:49:19.646+0800
[main]V/SignerInstance: Signing all the parameters end  : 2026-07-15T15:49:19.652+0800
[main]V/SignerInstance: Signing all the parameters begin: 2026-07-15T15:49:19.662+0800
[main]V/SignerInstance: Calling native begin: 2026-07-15T15:49:19.663+0800
[main]V/SignerInstance: Calling native end  : 2026-07-15T15:49:19.723+0800
[main]V/SignerInstance: Signing all the parameters end  : 2026-07-15T15:49:19.723+0800
[main]V/SignerInstance: Signing all the parameters begin: 2026-07-15T15:49:19.736+0800
[main]V/SignerInstance: Calling native begin: 2026-07-15T15:49:19.736+0800
[main]V/SignerInstance: Calling native end  : 2026-07-15T15:49:19.791+0800
[main]V/SignerInstance: Signing all the parameters end  : 2026-07-15T15:49:19.791+0800
[main]V/SignerInstance: Signing all the parameters begin: 2026-07-15T15:49:19.809+0800
[main]V/SignerInstance: Calling native begin: 2026-07-15T15:49:19.865+0800
[main]V/SignerInstance: Calling native end  : 2026-07-15T15:49:19.913+0800
[main]V/SignerInstance: Signing all the parameters end  : 2026-07-15T15:49:19.914+0800
[main]V/SignerInstance: Signing all the parameters begin: 2026-07-15T15:49:19.919+0800
[main]V/SignerInstance: Calling native begin: 2026-07-15T15:49:19.919+0800
[main]V/SignerInstance: Calling native end  : 2026-07-15T15:49:19.960+0800
[main]V/SignerInstance: Signing all the parameters end  : 2026-07-15T15:49:19.962+0800
loaded libsigner.so base=0x12340000 size=0x148000
[main]V/SignerInstance: Signing all the parameters begin: 2026-07-15T15:49:22.203+0800
[main]V/SignerInstance: Calling native begin: 2026-07-15T15:49:22.203+0800
[main]V/SignerInstance: Calling native end  : 2026-07-15T15:49:57.336+0800
[main]V/SignerInstance: Signing all the parameters end  : 2026-07-15T15:49:57.336+0800
[main]V/SignerInstance: Signing all the parameters begin: 2026-07-15T15:49:57.352+0800
[main]V/SignerInstance: Calling native begin: 2026-07-15T15:49:57.352+0800
[main]V/SignerInstance: Calling native end  : 2026-07-15T15:49:57.425+0800
[main]V/SignerInstance: Signing all the parameters end  : 2026-07-15T15:49:57.426+0800
loaded libsigner.so base=0x12340000 size=0x148000
[main]V/SignerInstance: Signing all the parameters begin: 2026-07-15T15:49:57.940+0800
[main]V/SignerInstance: Calling native begin: 2026-07-15T15:49:57.940+0800
[main]V/SignerInstance: Calling native end  : 2026-07-15T15:50:31.313+0800
[main]V/SignerInstance: Signing all the parameters end  : 2026-07-15T15:50:31.315+0800
[main]V/SignerInstance: Signing all the parameters begin: 2026-07-15T15:50:31.343+0800
[main]V/SignerInstance: Calling native begin: 2026-07-15T15:50:31.348+0800
[main]V/SignerInstance: Calling native end  : 2026-07-15T15:50:31.454+0800
[main]V/SignerInstance: Signing all the parameters end  : 2026-07-15T15:50:31.455+0800
[INFO] Tests run: 21, Failures: 0, Errors: 0, Skipped: 0, Time elapsed: 74.07 s -- in local.RecoveredNativeBackendIntegrationTest
[INFO] 
[INFO] Results:
[INFO] 
[INFO] Tests run: 21, Failures: 0, Errors: 0, Skipped: 0
[INFO] 
[INFO] ------------------------------------------------------------------------
[INFO] BUILD SUCCESS
[INFO] ------------------------------------------------------------------------
[INFO] Total time:  01:19 min
[INFO] Finished at: 2026-07-15T15:50:31+08:00
[INFO] ------------------------------------------------------------------------
