[INFO] Scanning for projects...
[INFO] 
[INFO] ------------------< local.qbdi:unidbg-adjust-runner >-------------------
[INFO] Building unidbg-adjust-runner 1.0-SNAPSHOT
[INFO]   from pom.xml
[INFO] --------------------------------[ jar ]---------------------------------
[INFO] 
[INFO] --- resources:3.4.0:resources (default-resources) @ unidbg-adjust-runner ---
[INFO] skip non existing resourceDirectory /Users/sanbo/Desktop/api/qbdi/unidbg-adjust-runner/src/main/resources
[INFO] 
[INFO] --- compiler:3.15.0:compile (default-compile) @ unidbg-adjust-runner ---
[INFO] Nothing to compile - all classes are up to date.
[INFO] 
[INFO] --- resources:3.4.0:testResources (default-testResources) @ unidbg-adjust-runner ---
[INFO] skip non existing resourceDirectory /Users/sanbo/Desktop/api/qbdi/unidbg-adjust-runner/src/test/resources
[INFO] 
[INFO] --- compiler:3.15.0:testCompile (default-testCompile) @ unidbg-adjust-runner ---
[INFO] Nothing to compile - all classes are up to date.
[INFO] 
[INFO] --- surefire:3.2.5:test (default-test) @ unidbg-adjust-runner ---
[INFO] Using auto detected provider org.apache.maven.surefire.junitplatform.JUnitPlatformProvider
[INFO] 
[INFO] -------------------------------------------------------
[INFO]  T E S T S
[INFO] -------------------------------------------------------
[INFO] Running local.RecoveredNativeBackendIntegrationTest
[main]V/SignerInstance: Signing all the parameters begin: 2026-07-15T09:45:41.890+0800
[main]V/SignerInstance: Calling native begin: 2026-07-15T09:45:41.905+0800
[main]V/SignerInstance: Calling native end  : 2026-07-15T09:45:41.938+0800
[main]V/SignerInstance: Signing all the parameters end  : 2026-07-15T09:45:41.939+0800
[main]V/SignerInstance: Signing all the parameters begin: 2026-07-15T09:45:41.952+0800
[main]V/SignerInstance: Calling native begin: 2026-07-15T09:45:41.952+0800
[main]V/SignerInstance: Calling native end  : 2026-07-15T09:45:41.968+0800
[main]V/SignerInstance: Signing all the parameters end  : 2026-07-15T09:45:41.968+0800
[main]V/SignerInstance: Signing all the parameters begin: 2026-07-15T09:45:41.973+0800
[main]V/SignerInstance: Calling native begin: 2026-07-15T09:45:41.973+0800
[main]V/SignerInstance: Calling native end  : 2026-07-15T09:45:41.983+0800
[main]V/SignerInstance: Signing all the parameters end  : 2026-07-15T09:45:41.983+0800
[main]V/SignerInstance: Signing all the parameters begin: 2026-07-15T09:45:41.988+0800
[main]V/SignerInstance: Calling native begin: 2026-07-15T09:45:42.060+0800
[main]V/SignerInstance: Calling native end  : 2026-07-15T09:45:42.073+0800
[main]V/SignerInstance: Signing all the parameters end  : 2026-07-15T09:45:42.074+0800
[main]V/SignerInstance: Signing all the parameters begin: 2026-07-15T09:45:42.077+0800
[main]V/SignerInstance: Calling native begin: 2026-07-15T09:45:42.078+0800
[main]V/SignerInstance: Calling native end  : 2026-07-15T09:45:42.091+0800
[main]V/SignerInstance: Signing all the parameters end  : 2026-07-15T09:45:42.091+0800
[main]V/SignerInstance: Signing all the parameters begin: 2026-07-15T09:45:42.095+0800
[main]V/SignerInstance: Calling native begin: 2026-07-15T09:45:42.095+0800
[main]V/SignerInstance: Calling native end  : 2026-07-15T09:45:42.108+0800
[main]V/SignerInstance: Signing all the parameters end  : 2026-07-15T09:45:42.108+0800
[main]V/SignerInstance: Signing all the parameters begin: 2026-07-15T09:45:42.111+0800
[main]V/SignerInstance: Calling native begin: 2026-07-15T09:45:42.111+0800
[main]V/SignerInstance: Calling native end  : 2026-07-15T09:45:42.127+0800
[main]V/SignerInstance: Signing all the parameters end  : 2026-07-15T09:45:42.127+0800
[main]V/SignerInstance: Signing all the parameters begin: 2026-07-15T09:45:42.130+0800
[main]V/SignerInstance: Calling native begin: 2026-07-15T09:45:42.131+0800
[main]V/SignerInstance: Calling native end  : 2026-07-15T09:45:42.144+0800
[main]V/SignerInstance: Signing all the parameters end  : 2026-07-15T09:45:42.144+0800
[main]V/SignerInstance: Signing all the parameters begin: 2026-07-15T09:45:42.148+0800
[main]V/SignerInstance: Calling native begin: 2026-07-15T09:45:42.149+0800
[main]V/SignerInstance: Calling native end  : 2026-07-15T09:45:42.159+0800
[main]V/SignerInstance: Signing all the parameters end  : 2026-07-15T09:45:42.159+0800
[main]V/SignerInstance: Signing all the parameters begin: 2026-07-15T09:45:42.162+0800
[main]V/SignerInstance: Calling native begin: 2026-07-15T09:45:42.162+0800
[main]V/SignerInstance: Calling native end  : 2026-07-15T09:45:42.173+0800
[main]V/SignerInstance: Signing all the parameters end  : 2026-07-15T09:45:42.173+0800
[main]V/SignerInstance: Signing all the parameters begin: 2026-07-15T09:45:42.177+0800
[main]V/SignerInstance: Calling native begin: 2026-07-15T09:45:42.230+0800
[main]V/SignerInstance: Calling native end  : 2026-07-15T09:45:42.243+0800
[main]V/SignerInstance: Signing all the parameters end  : 2026-07-15T09:45:42.243+0800
[main]V/SignerInstance: Signing all the parameters begin: 2026-07-15T09:45:42.246+0800
[main]V/SignerInstance: Calling native begin: 2026-07-15T09:45:42.246+0800
[main]V/SignerInstance: Calling native end  : 2026-07-15T09:45:42.257+0800
[main]V/SignerInstance: Signing all the parameters end  : 2026-07-15T09:45:42.257+0800
[main]V/SignerInstance: Signing all the parameters begin: 2026-07-15T09:45:42.260+0800
[main]V/SignerInstance: Calling native begin: 2026-07-15T09:45:42.260+0800
[main]V/SignerInstance: Calling native end  : 2026-07-15T09:45:42.270+0800
[main]V/SignerInstance: Signing all the parameters end  : 2026-07-15T09:45:42.270+0800
[main]V/SignerInstance: Signing all the parameters begin: 2026-07-15T09:45:42.273+0800
[main]V/SignerInstance: Calling native begin: 2026-07-15T09:45:42.273+0800
[main]V/SignerInstance: Calling native end  : 2026-07-15T09:45:42.285+0800
[main]V/SignerInstance: Signing all the parameters end  : 2026-07-15T09:45:42.285+0800
[main]V/SignerInstance: Signing all the parameters begin: 2026-07-15T09:45:42.303+0800
[main]V/SignerInstance: Calling native begin: 2026-07-15T09:45:42.303+0800
[main]V/SignerInstance: Calling native end  : 2026-07-15T09:45:42.316+0800
[main]V/SignerInstance: Signing all the parameters end  : 2026-07-15T09:45:42.316+0800
[main]V/SignerInstance: Signing all the parameters begin: 2026-07-15T09:45:42.319+0800
[main]V/SignerInstance: Calling native begin: 2026-07-15T09:45:42.319+0800
[main]V/SignerInstance: Calling native end  : 2026-07-15T09:45:42.332+0800
[main]V/SignerInstance: Signing all the parameters end  : 2026-07-15T09:45:42.332+0800
[main]V/SignerInstance: Signing all the parameters begin: 2026-07-15T09:45:42.336+0800
[main]V/SignerInstance: Calling native begin: 2026-07-15T09:45:42.336+0800
[main]V/SignerInstance: Calling native end  : 2026-07-15T09:45:42.348+0800
[main]V/SignerInstance: Signing all the parameters end  : 2026-07-15T09:45:42.349+0800
[main]V/SignerInstance: Signing all the parameters begin: 2026-07-15T09:45:42.356+0800
[main]V/SignerInstance: Calling native begin: 2026-07-15T09:45:42.438+0800
[main]V/SignerInstance: Calling native end  : 2026-07-15T09:45:42.450+0800
[main]V/SignerInstance: Signing all the parameters end  : 2026-07-15T09:45:42.451+0800
[main]V/SignerInstance: Signing all the parameters begin: 2026-07-15T09:45:42.454+0800
[main]V/SignerInstance: Calling native begin: 2026-07-15T09:45:42.454+0800
[main]V/SignerInstance: Calling native end  : 2026-07-15T09:45:42.467+0800
[main]V/SignerInstance: Signing all the parameters end  : 2026-07-15T09:45:42.467+0800
loaded libsigner.so base=0x12340000 size=0x148000
[main]V/SignerInstance: Signing all the parameters begin: 2026-07-15T09:45:44.084+0800
[main]V/SignerInstance: Calling native begin: 2026-07-15T09:45:44.084+0800
[main] WARN com.github.unidbg.Utils - read path=java.io.RandomAccessFile@787f32b7, fp=10674152, _count=4096, length=10670511, buffer=RW@0x12309000
[main]V/SignerInstance: Calling native end  : 2026-07-15T09:45:57.422+0800
[main]V/SignerInstance: Signing all the parameters end  : 2026-07-15T09:45:57.422+0800
[main]V/SignerInstance: Signing all the parameters begin: 2026-07-15T09:45:57.425+0800
[main]V/SignerInstance: Calling native begin: 2026-07-15T09:45:57.425+0800
[main]V/SignerInstance: Calling native end  : 2026-07-15T09:45:57.442+0800
[main]V/SignerInstance: Signing all the parameters end  : 2026-07-15T09:45:57.442+0800
loaded libsigner.so base=0x12340000 size=0x148000
[main]V/SignerInstance: Signing all the parameters begin: 2026-07-15T09:45:57.623+0800
[main]V/SignerInstance: Calling native begin: 2026-07-15T09:45:57.623+0800
[main] WARN com.github.unidbg.Utils - read path=java.io.RandomAccessFile@4088741b, fp=10674152, _count=4096, length=10670511, buffer=RW@0x12309000
[main]V/SignerInstance: Calling native end  : 2026-07-15T09:46:11.065+0800
[main]V/SignerInstance: Signing all the parameters end  : 2026-07-15T09:46:11.065+0800
[main]V/SignerInstance: Signing all the parameters begin: 2026-07-15T09:46:11.068+0800
[main]V/SignerInstance: Calling native begin: 2026-07-15T09:46:11.068+0800
[main]V/SignerInstance: Calling native end  : 2026-07-15T09:46:11.085+0800
[main]V/SignerInstance: Signing all the parameters end  : 2026-07-15T09:46:11.085+0800
[INFO] Tests run: 21, Failures: 0, Errors: 0, Skipped: 0, Time elapsed: 29.32 s -- in local.RecoveredNativeBackendIntegrationTest
[INFO] 
[INFO] Results:
[INFO] 
[INFO] Tests run: 21, Failures: 0, Errors: 0, Skipped: 0
[INFO] 
[INFO] ------------------------------------------------------------------------
[INFO] BUILD SUCCESS
[INFO] ------------------------------------------------------------------------
[INFO] Total time:  30.570 s
[INFO] Finished at: 2026-07-15T09:46:11+08:00
[INFO] ------------------------------------------------------------------------
