[INFO] Scanning for projects...
[INFO] 
[INFO] ------------------< local.qbdi:unidbg-adjust-runner >-------------------
[INFO] Building unidbg-adjust-runner 1.0-SNAPSHOT
[INFO]   from pom.xml
[INFO] --------------------------------[ jar ]---------------------------------
[INFO] 
[INFO] --- resources:3.4.0:resources (default-resources) @ unidbg-adjust-runner ---
[INFO] skip non existing resourceDirectory /Users/sanbo/Desktop/api/qbdi/unidbg-adjust-runner/src/main/resources
[INFO] 
[INFO] --- compiler:3.15.0:compile (default-compile) @ unidbg-adjust-runner ---
[INFO] Nothing to compile - all classes are up to date.
[INFO] 
[INFO] --- resources:3.4.0:testResources (default-testResources) @ unidbg-adjust-runner ---
[INFO] skip non existing resourceDirectory /Users/sanbo/Desktop/api/qbdi/unidbg-adjust-runner/src/test/resources
[INFO] 
[INFO] --- compiler:3.15.0:testCompile (default-testCompile) @ unidbg-adjust-runner ---
[INFO] Nothing to compile - all classes are up to date.
[INFO] 
[INFO] --- surefire:3.2.5:test (default-test) @ unidbg-adjust-runner ---
[INFO] Using auto detected provider org.apache.maven.surefire.junitplatform.JUnitPlatformProvider
[INFO] 
[INFO] -------------------------------------------------------
[INFO]  T E S T S
[INFO] -------------------------------------------------------
[INFO] Running local.RecoveredNativeBackendIntegrationTest
[main]V/SignerInstance: Signing all the parameters begin: 2026-07-15T07:42:39.708+0800
[main]V/SignerInstance: Calling native begin: 2026-07-15T07:42:39.722+0800
[main]V/SignerInstance: Calling native end  : 2026-07-15T07:42:39.755+0800
[main]V/SignerInstance: Signing all the parameters end  : 2026-07-15T07:42:39.755+0800
[main]V/SignerInstance: Signing all the parameters begin: 2026-07-15T07:42:39.768+0800
[main]V/SignerInstance: Calling native begin: 2026-07-15T07:42:39.768+0800
[main]V/SignerInstance: Calling native end  : 2026-07-15T07:42:39.787+0800
[main]V/SignerInstance: Signing all the parameters end  : 2026-07-15T07:42:39.787+0800
[main]V/SignerInstance: Signing all the parameters begin: 2026-07-15T07:42:39.792+0800
[main]V/SignerInstance: Calling native begin: 2026-07-15T07:42:39.793+0800
[main]V/SignerInstance: Calling native end  : 2026-07-15T07:42:39.804+0800
[main]V/SignerInstance: Signing all the parameters end  : 2026-07-15T07:42:39.804+0800
[main]V/SignerInstance: Signing all the parameters begin: 2026-07-15T07:42:39.808+0800
[main]V/SignerInstance: Calling native begin: 2026-07-15T07:42:39.870+0800
[main]V/SignerInstance: Calling native end  : 2026-07-15T07:42:39.885+0800
[main]V/SignerInstance: Signing all the parameters end  : 2026-07-15T07:42:39.885+0800
[main]V/SignerInstance: Signing all the parameters begin: 2026-07-15T07:42:39.889+0800
[main]V/SignerInstance: Calling native begin: 2026-07-15T07:42:39.889+0800
[main]V/SignerInstance: Calling native end  : 2026-07-15T07:42:39.902+0800
[main]V/SignerInstance: Signing all the parameters end  : 2026-07-15T07:42:39.902+0800
[main]V/SignerInstance: Signing all the parameters begin: 2026-07-15T07:42:39.906+0800
[main]V/SignerInstance: Calling native begin: 2026-07-15T07:42:39.906+0800
[main]V/SignerInstance: Calling native end  : 2026-07-15T07:42:39.919+0800
[main]V/SignerInstance: Signing all the parameters end  : 2026-07-15T07:42:39.919+0800
[main]V/SignerInstance: Signing all the parameters begin: 2026-07-15T07:42:39.922+0800
[main]V/SignerInstance: Calling native begin: 2026-07-15T07:42:39.922+0800
[main]V/SignerInstance: Calling native end  : 2026-07-15T07:42:39.938+0800
[main]V/SignerInstance: Signing all the parameters end  : 2026-07-15T07:42:39.938+0800
[main]V/SignerInstance: Signing all the parameters begin: 2026-07-15T07:42:39.942+0800
[main]V/SignerInstance: Calling native begin: 2026-07-15T07:42:39.942+0800
[main]V/SignerInstance: Calling native end  : 2026-07-15T07:42:39.955+0800
[main]V/SignerInstance: Signing all the parameters end  : 2026-07-15T07:42:39.955+0800
[main]V/SignerInstance: Signing all the parameters begin: 2026-07-15T07:42:39.959+0800
[main]V/SignerInstance: Calling native begin: 2026-07-15T07:42:39.960+0800
[main]V/SignerInstance: Calling native end  : 2026-07-15T07:42:39.970+0800
[main]V/SignerInstance: Signing all the parameters end  : 2026-07-15T07:42:39.970+0800
[main]V/SignerInstance: Signing all the parameters begin: 2026-07-15T07:42:39.973+0800
[main]V/SignerInstance: Calling native begin: 2026-07-15T07:42:39.973+0800
[main]V/SignerInstance: Calling native end  : 2026-07-15T07:42:39.983+0800
[main]V/SignerInstance: Signing all the parameters end  : 2026-07-15T07:42:39.983+0800
[main]V/SignerInstance: Signing all the parameters begin: 2026-07-15T07:42:39.987+0800
[main]V/SignerInstance: Calling native begin: 2026-07-15T07:42:40.024+0800
[main]V/SignerInstance: Calling native end  : 2026-07-15T07:42:40.037+0800
[main]V/SignerInstance: Signing all the parameters end  : 2026-07-15T07:42:40.037+0800
[main]V/SignerInstance: Signing all the parameters begin: 2026-07-15T07:42:40.040+0800
[main]V/SignerInstance: Calling native begin: 2026-07-15T07:42:40.041+0800
[main]V/SignerInstance: Calling native end  : 2026-07-15T07:42:40.050+0800
[main]V/SignerInstance: Signing all the parameters end  : 2026-07-15T07:42:40.050+0800
[main]V/SignerInstance: Signing all the parameters begin: 2026-07-15T07:42:40.053+0800
[main]V/SignerInstance: Calling native begin: 2026-07-15T07:42:40.054+0800
[main]V/SignerInstance: Calling native end  : 2026-07-15T07:42:40.064+0800
[main]V/SignerInstance: Signing all the parameters end  : 2026-07-15T07:42:40.064+0800
[main]V/SignerInstance: Signing all the parameters begin: 2026-07-15T07:42:40.067+0800
[main]V/SignerInstance: Calling native begin: 2026-07-15T07:42:40.067+0800
[main]V/SignerInstance: Calling native end  : 2026-07-15T07:42:40.078+0800
[main]V/SignerInstance: Signing all the parameters end  : 2026-07-15T07:42:40.079+0800
[main]V/SignerInstance: Signing all the parameters begin: 2026-07-15T07:42:40.097+0800
[main]V/SignerInstance: Calling native begin: 2026-07-15T07:42:40.097+0800
[main]V/SignerInstance: Calling native end  : 2026-07-15T07:42:40.110+0800
[main]V/SignerInstance: Signing all the parameters end  : 2026-07-15T07:42:40.110+0800
[main]V/SignerInstance: Signing all the parameters begin: 2026-07-15T07:42:40.113+0800
[main]V/SignerInstance: Calling native begin: 2026-07-15T07:42:40.113+0800
[main]V/SignerInstance: Calling native end  : 2026-07-15T07:42:40.125+0800
[main]V/SignerInstance: Signing all the parameters end  : 2026-07-15T07:42:40.126+0800
[main]V/SignerInstance: Signing all the parameters begin: 2026-07-15T07:42:40.129+0800
[main]V/SignerInstance: Calling native begin: 2026-07-15T07:42:40.129+0800
[main]V/SignerInstance: Calling native end  : 2026-07-15T07:42:40.141+0800
[main]V/SignerInstance: Signing all the parameters end  : 2026-07-15T07:42:40.141+0800
[main]V/SignerInstance: Signing all the parameters begin: 2026-07-15T07:42:40.148+0800
[main]V/SignerInstance: Calling native begin: 2026-07-15T07:42:40.200+0800
[main]V/SignerInstance: Calling native end  : 2026-07-15T07:42:40.212+0800
[main]V/SignerInstance: Signing all the parameters end  : 2026-07-15T07:42:40.212+0800
[main]V/SignerInstance: Signing all the parameters begin: 2026-07-15T07:42:40.216+0800
[main]V/SignerInstance: Calling native begin: 2026-07-15T07:42:40.216+0800
[main]V/SignerInstance: Calling native end  : 2026-07-15T07:42:40.228+0800
[main]V/SignerInstance: Signing all the parameters end  : 2026-07-15T07:42:40.228+0800
loaded libsigner.so base=0x12340000 size=0x148000
[main]V/SignerInstance: Signing all the parameters begin: 2026-07-15T07:42:42.366+0800
[main]V/SignerInstance: Calling native begin: 2026-07-15T07:42:42.366+0800
[main] WARN com.github.unidbg.Utils - read path=java.io.RandomAccessFile@7d0cc890, fp=10674152, _count=4096, length=10670511, buffer=RW@0x12309000
[main]V/SignerInstance: Calling native end  : 2026-07-15T07:42:55.825+0800
[main]V/SignerInstance: Signing all the parameters end  : 2026-07-15T07:42:55.825+0800
[main]V/SignerInstance: Signing all the parameters begin: 2026-07-15T07:42:55.827+0800
[main]V/SignerInstance: Calling native begin: 2026-07-15T07:42:55.828+0800
[main]V/SignerInstance: Calling native end  : 2026-07-15T07:42:55.847+0800
[main]V/SignerInstance: Signing all the parameters end  : 2026-07-15T07:42:55.847+0800
loaded libsigner.so base=0x12340000 size=0x148000
[main]V/SignerInstance: Signing all the parameters begin: 2026-07-15T07:42:56.036+0800
[main]V/SignerInstance: Calling native begin: 2026-07-15T07:42:56.036+0800
/bin/sh: line 1: 61370 Abort trap: 6           '/Library/Java/JavaVirtualMachines/jdk-11.0.16.1.jdk/Contents/Home/bin/java' '-XX:TieredStopAtLevel=1' '-XX:ErrorFile=/Users/sanbo/Desktop/api/qbdi/unidbg-adjust-runner/../.omx/crash-diagnostics/hs_err_pid%p.log' '-jar' '/Users/sanbo/Desktop/api/qbdi/unidbg-adjust-runner/target/surefire/surefirebooter-20260715074239321_3.jar' '/Users/sanbo/Desktop/api/qbdi/unidbg-adjust-runner/target/surefire' '2026-07-15T07-42-39_161-jvmRun1' 'surefire-20260715074239321_1tmp' 'surefire_0-20260715074239321_2tmp'
[INFO] 
[INFO] Results:
[INFO] 
[INFO] Tests run: 0, Failures: 0, Errors: 0, Skipped: 0
[INFO] 
[WARNING] Corrupted channel by directly writing to native stream in forked JVM 1. See FAQ web page and the dump file /Users/sanbo/Desktop/api/qbdi/unidbg-adjust-runner/target/surefire-reports/2026-07-15T07-42-39_161-jvmRun1.dumpstream
[INFO] ------------------------------------------------------------------------
[INFO] BUILD FAILURE
[INFO] ------------------------------------------------------------------------
[INFO] Total time:  17.677 s
[INFO] Finished at: 2026-07-15T07:42:56+08:00
[INFO] ------------------------------------------------------------------------
[ERROR] Failed to execute goal org.apache.maven.plugins:maven-surefire-plugin:3.2.5:test (default-test) on project unidbg-adjust-runner: 
[ERROR] 
[ERROR] Please refer to /Users/sanbo/Desktop/api/qbdi/unidbg-adjust-runner/target/surefire-reports for the individual test results.
[ERROR] Please refer to dump files (if any exist) [date].dump, [date]-jvmRun[N].dump and [date].dumpstream.
[ERROR] ExecutionException The forked VM terminated without properly saying goodbye. VM crash or System.exit called?
[ERROR] Command was /bin/sh -c cd '/Users/sanbo/Desktop/api/qbdi/unidbg-adjust-runner' && '/Library/Java/JavaVirtualMachines/jdk-11.0.16.1.jdk/Contents/Home/bin/java' '-XX:TieredStopAtLevel=1' '-XX:ErrorFile=/Users/sanbo/Desktop/api/qbdi/unidbg-adjust-runner/../.omx/crash-diagnostics/hs_err_pid%p.log' '-jar' '/Users/sanbo/Desktop/api/qbdi/unidbg-adjust-runner/target/surefire/surefirebooter-20260715074239321_3.jar' '/Users/sanbo/Desktop/api/qbdi/unidbg-adjust-runner/target/surefire' '2026-07-15T07-42-39_161-jvmRun1' 'surefire-20260715074239321_1tmp' 'surefire_0-20260715074239321_2tmp'
[ERROR] Error occurred in starting fork, check output in log
[ERROR] Process Exit Code: 134
[ERROR] Crashed tests:
[ERROR] local.RecoveredNativeBackendIntegrationTest
[ERROR] org.apache.maven.surefire.booter.SurefireBooterForkException: ExecutionException The forked VM terminated without properly saying goodbye. VM crash or System.exit called?
[ERROR] Command was /bin/sh -c cd '/Users/sanbo/Desktop/api/qbdi/unidbg-adjust-runner' && '/Library/Java/JavaVirtualMachines/jdk-11.0.16.1.jdk/Contents/Home/bin/java' '-XX:TieredStopAtLevel=1' '-XX:ErrorFile=/Users/sanbo/Desktop/api/qbdi/unidbg-adjust-runner/../.omx/crash-diagnostics/hs_err_pid%p.log' '-jar' '/Users/sanbo/Desktop/api/qbdi/unidbg-adjust-runner/target/surefire/surefirebooter-20260715074239321_3.jar' '/Users/sanbo/Desktop/api/qbdi/unidbg-adjust-runner/target/surefire' '2026-07-15T07-42-39_161-jvmRun1' 'surefire-20260715074239321_1tmp' 'surefire_0-20260715074239321_2tmp'
[ERROR] Error occurred in starting fork, check output in log
[ERROR] Process Exit Code: 134
[ERROR] Crashed tests:
[ERROR] local.RecoveredNativeBackendIntegrationTest
[ERROR] 	at org.apache.maven.plugin.surefire.booterclient.ForkStarter.awaitResultsDone(ForkStarter.java:456)
[ERROR] 	at org.apache.maven.plugin.surefire.booterclient.ForkStarter.runSuitesForkPerTestSet(ForkStarter.java:418)
[ERROR] 	at org.apache.maven.plugin.surefire.booterclient.ForkStarter.run(ForkStarter.java:297)
[ERROR] 	at org.apache.maven.plugin.surefire.booterclient.ForkStarter.run(ForkStarter.java:250)
[ERROR] 	at org.apache.maven.plugin.surefire.AbstractSurefireMojo.executeProvider(AbstractSurefireMojo.java:1241)
[ERROR] 	at org.apache.maven.plugin.surefire.AbstractSurefireMojo.executeAfterPreconditionsChecked(AbstractSurefireMojo.java:1090)
[ERROR] 	at org.apache.maven.plugin.surefire.AbstractSurefireMojo.execute(AbstractSurefireMojo.java:910)
[ERROR] 	at org.apache.maven.plugin.DefaultBuildPluginManager.executeMojo(DefaultBuildPluginManager.java:126)
[ERROR] 	at org.apache.maven.lifecycle.internal.MojoExecutor.doExecute2(MojoExecutor.java:328)
[ERROR] 	at org.apache.maven.lifecycle.internal.MojoExecutor.doExecute(MojoExecutor.java:316)
[ERROR] 	at org.apache.maven.lifecycle.internal.MojoExecutor.execute(MojoExecutor.java:212)
[ERROR] 	at org.apache.maven.lifecycle.internal.MojoExecutor.execute(MojoExecutor.java:174)
[ERROR] 	at org.apache.maven.lifecycle.internal.MojoExecutor.access$000(MojoExecutor.java:75)
[ERROR] 	at org.apache.maven.lifecycle.internal.MojoExecutor$1.run(MojoExecutor.java:162)
[ERROR] 	at org.apache.maven.plugin.DefaultMojosExecutionStrategy.execute(DefaultMojosExecutionStrategy.java:39)
[ERROR] 	at org.apache.maven.lifecycle.internal.MojoExecutor.execute(MojoExecutor.java:159)
[ERROR] 	at org.apache.maven.lifecycle.internal.LifecycleModuleBuilder.buildProject(LifecycleModuleBuilder.java:105)
[ERROR] 	at org.apache.maven.lifecycle.internal.LifecycleModuleBuilder.buildProject(LifecycleModuleBuilder.java:73)
[ERROR] 	at org.apache.maven.lifecycle.internal.builder.singlethreaded.SingleThreadedBuilder.build(SingleThreadedBuilder.java:53)
[ERROR] 	at org.apache.maven.lifecycle.internal.LifecycleStarter.execute(LifecycleStarter.java:118)
[ERROR] 	at org.apache.maven.DefaultMaven.doExecute(DefaultMaven.java:261)
[ERROR] 	at org.apache.maven.DefaultMaven.doExecute(DefaultMaven.java:173)
[ERROR] 	at org.apache.maven.DefaultMaven.execute(DefaultMaven.java:101)
[ERROR] 	at org.apache.maven.cli.MavenCli.execute(MavenCli.java:919)
[ERROR] 	at org.apache.maven.cli.MavenCli.doMain(MavenCli.java:285)
[ERROR] 	at org.apache.maven.cli.MavenCli.main(MavenCli.java:207)
[ERROR] 	at java.base/jdk.internal.reflect.NativeMethodAccessorImpl.invoke0(Native Method)
[ERROR] 	at java.base/jdk.internal.reflect.NativeMethodAccessorImpl.invoke(NativeMethodAccessorImpl.java:62)
[ERROR] 	at java.base/jdk.internal.reflect.DelegatingMethodAccessorImpl.invoke(DelegatingMethodAccessorImpl.java:43)
[ERROR] 	at java.base/java.lang.reflect.Method.invoke(Method.java:566)
[ERROR] 	at org.codehaus.plexus.classworlds.launcher.Launcher.launchEnhanced(Launcher.java:255)
[ERROR] 	at org.codehaus.plexus.classworlds.launcher.Launcher.launch(Launcher.java:201)
[ERROR] 	at org.codehaus.plexus.classworlds.launcher.Launcher.mainWithExitCode(Launcher.java:361)
[ERROR] 	at org.codehaus.plexus.classworlds.launcher.Launcher.main(Launcher.java:314)
[ERROR] Caused by: org.apache.maven.surefire.booter.SurefireBooterForkException: The forked VM terminated without properly saying goodbye. VM crash or System.exit called?
[ERROR] Command was /bin/sh -c cd '/Users/sanbo/Desktop/api/qbdi/unidbg-adjust-runner' && '/Library/Java/JavaVirtualMachines/jdk-11.0.16.1.jdk/Contents/Home/bin/java' '-XX:TieredStopAtLevel=1' '-XX:ErrorFile=/Users/sanbo/Desktop/api/qbdi/unidbg-adjust-runner/../.omx/crash-diagnostics/hs_err_pid%p.log' '-jar' '/Users/sanbo/Desktop/api/qbdi/unidbg-adjust-runner/target/surefire/surefirebooter-20260715074239321_3.jar' '/Users/sanbo/Desktop/api/qbdi/unidbg-adjust-runner/target/surefire' '2026-07-15T07-42-39_161-jvmRun1' 'surefire-20260715074239321_1tmp' 'surefire_0-20260715074239321_2tmp'
[ERROR] Error occurred in starting fork, check output in log
[ERROR] Process Exit Code: 134
[ERROR] Crashed tests:
[ERROR] local.RecoveredNativeBackendIntegrationTest
[ERROR] 	at org.apache.maven.plugin.surefire.booterclient.ForkStarter.fork(ForkStarter.java:643)
[ERROR] 	at org.apache.maven.plugin.surefire.booterclient.ForkStarter.lambda$null$7(ForkStarter.java:401)
[ERROR] 	at java.base/java.util.concurrent.FutureTask.run(FutureTask.java:264)
[ERROR] 	at java.base/java.util.concurrent.ThreadPoolExecutor.runWorker(ThreadPoolExecutor.java:1128)
[ERROR] 	at java.base/java.util.concurrent.ThreadPoolExecutor$Worker.run(ThreadPoolExecutor.java:628)
[ERROR] 	at java.base/java.lang.Thread.run(Thread.java:834)
[ERROR] 
[ERROR] -> [Help 1]
[ERROR] 
[ERROR] To see the full stack trace of the errors, re-run Maven with the -e switch.
[ERROR] Re-run Maven using the -X switch to enable full debug logging.
[ERROR] 
[ERROR] For more information about the errors and possible solutions, please read the following articles:
[ERROR] [Help 1] http://cwiki.apache.org/confluence/display/MAVEN/MojoExecutionException
