[PASS 1] analyze_android_keystore_keypair_cluster_91428.py
[PASS 2] analyze_android_log_routing.py
[PASS 3] analyze_api23_keystore_resolver.py
[PASS 4] analyze_apk_signing_block_entries_127194.py
[PASS 5] analyze_apk_signing_block_locator_1259b8.py
[PASS 6] analyze_apple_iphone_detector_4b020.py
[PASS 7] analyze_big_integer_unsigned_bytes_917a8.py
[PASS 8] analyze_build_detector_421dc.py
[PASS 9] analyze_container_ownership_cluster_1222a8_123254.py
[PASS 10] analyze_container_parser_cluster_12243c_123288.py
[PASS 11] analyze_context_dynamic_pair.py
[PASS 12] analyze_correction_basis_transpose_135050_full.py
[PASS 13] analyze_cpu_feature_constructor_139d04.py
[PASS 14] analyze_cpu_feature_decoder_1398cc.py
[PASS 15] analyze_descriptor_batch_24444.py
[PASS 16] analyze_descriptor_matcher_42eb0.py
[PASS 17] analyze_descriptor_predicates_23730.py
[PASS 18] analyze_detector_context_flag_leaves.py
[PASS 19] analyze_detector_fanout_7ba5c.py
[PASS 20] analyze_detector_fixed_matcher_7bbb0.py
[PASS 21] analyze_detector_jni_object_pipeline.py
[PASS 22] analyze_detector_marker_matcher_868b4.py
[PASS 23] analyze_detector_predicate_352d4.py
[PASS 24] analyze_detector_record_filter_34f9c.py
[PASS 25] analyze_detector_record_stages_13dc8_14078.py
[PASS 26] analyze_detector_scratch_appender_8f56c.py
[PASS 27] analyze_detector_scratch_destructor_8fb44.py
[PASS 28] analyze_detector_scratch_failure_publication_8746c.py
[PASS 29] analyze_detector_scratch_producer_8746c_progress.py
[PASS 30] analyze_detector_scratch_property_pipeline_8746c.py
[PASS 31] analyze_detector_sensor_display_pipeline_8746c.py
[PASS 32] analyze_detector_wrappers_40c70_44c38.py
[PASS 33] analyze_detectors_40ffc_418e8.py
[PASS 34] analyze_detectors_43104_44db0.py
[PASS 35] analyze_detectors_456b8_47f94.py
[PASS 36] analyze_emulator_socket_path_probe_1f058.py
[PASS 37] analyze_entropy_seed_12f3ac_full.py
[PASS 38] analyze_environment_dispatcher_143e8.py
[PASS 39] analyze_environment_probe_2c618.py
[PASS 40] analyze_environment_probe_2cc9c.py
[PASS 41] analyze_environment_stage_f328.py
[PASS 42] analyze_environment_stage_fce0.py
[PASS 43] analyze_expected_java_hmac.py
[PASS 44] analyze_file_list_aliases_and_payload_1203e4_1206d0.py
[PASS 45] analyze_file_list_record_reader_11fe4c.py
[PASS 46] analyze_file_list_sequence_reader_12014c.py
[PASS 47] analyze_final_consumer_11da64.py
[PASS 48] analyze_final_consumer.py
[PASS 49] analyze_final_descriptors.py
[PASS 50] analyze_fingerprint_descriptor_detector_456b8.py
[PASS 51] analyze_frida_server_probe_1309cc.py
[PASS 52] analyze_generic_either_field_detector_47788.py
[PASS 53] analyze_getline_helper_d6ed8.py
[PASS 54] analyze_google_phone_detector_47f94.py
[PASS 55] analyze_hmac_fail_open.py
[PASS 56] analyze_indexed_string_materializer_d1bf4.py
[PASS 57] analyze_itools_detector_490f0.py
[PASS 58] analyze_java_mac_producer.py
[PASS 59] analyze_java_retry_lockdown.py
[PASS 60] analyze_jni_acquisition_helpers_92b24_92ddc.py
[PASS 61] analyze_jni_apk_contents_signers_c2b78.py
[PASS 62] analyze_jni_byte_array_elements_95110.py
[PASS 63] analyze_jni_byte_array_update_b081c.py
[PASS 64] analyze_jni_certificate_selector_1dde0.py
[PASS 65] analyze_jni_certificate_sha1_parent_1e578.py
[PASS 66] analyze_jni_cipher_init_96ea8.py
[PASS 67] analyze_jni_class_assignable_9816c.py
[PASS 68] analyze_jni_display_metrics_getter_bce98.py
[PASS 69] analyze_jni_exception_consumer_92a20.py
[PASS 70] analyze_jni_get_package_info_ba914.py
[PASS 71] analyze_jni_has_multiple_signers_c4064.py
[PASS 72] analyze_jni_indexed_object_method_reader_a948c.py
[PASS 73] analyze_jni_int_field_reader_b21b4.py
[PASS 74] analyze_jni_legacy_signatures_field_b8830.py
[PASS 75] analyze_jni_message_digest_digest_b0f38.py
[PASS 76] analyze_jni_message_digest_get_instance_af438.py
[PASS 77] analyze_jni_package_manager_b3bf4.py
[PASS 78] analyze_jni_package_name_b3230.py
[PASS 79] analyze_jni_result_materialization.py
[PASS 80] analyze_jni_signature_to_byte_array_c2248.py
[PASS 81] analyze_jni_signing_certificate_history_c375c.py
[PASS 82] analyze_jni_signing_info_field_b9424.py
[PASS 83] analyze_jni_size_method_reader_a8978.py
[PASS 84] analyze_jni_string_field_reader_b2978.py
[PASS 85] analyze_jni_string_utf_length_927c4.py
[PASS 86] analyze_jni_system_service_getter_b5828.py
[PASS 87] analyze_jni_throw_exception_b1e40.py
[PASS 88] analyze_large_container_ownership_1238ec_124a20.py
[PASS 89] analyze_large_container_parser_123a80_124a24.py
[PASS 90] analyze_legacy_key_resolver_c9988_full.py
[PASS 91] analyze_legacy_key_resolver.py
[PASS 92] analyze_map_metadata_jni.py
[PASS 93] analyze_map_plaintext_materializer_11d798.py
[PASS 94] analyze_map_put_cleanup.py
[PASS 95] analyze_map_remove_cleanup.py
[PASS 96] analyze_map_selected_value_walker_11ba78_full.py
[PASS 97] analyze_map_selected_value_walker_11ba78.py
[PASS 98] analyze_mapped_file_destructor_d3d90.py
[PASS 99] analyze_metadata_area_resolver_d313c.py
[PASS 100] analyze_module_runtime_scaffolding_8070.py
[PASS 101] analyze_native_context_init.py
[PASS 102] analyze_native_result_builder_transaction.py
[PASS 103] analyze_native_signing_context_orchestrator.py
[PASS 104] analyze_new_string_utf_helper_8af4.py
[PASS 105] analyze_nsign_hmac_flow.py
[PASS 106] analyze_nsign_jni_orchestrator_full.py
[PASS 107] analyze_nsign_jni_orchestrator.py
[PASS 108] analyze_nsign_support_helpers.py
[PASS 109] analyze_opaque_helpers.py
[PASS 110] analyze_owned_pointer_array_destructor_c8c44.py
[PASS 111] analyze_owned_pointer108_check.py
[PASS 112] analyze_owned_pointer108_producer.py
[PASS 113] analyze_owned_pointer110_producer.py
[PASS 114] analyze_owned_string_pair_d2018.py
[PASS 115] analyze_package_suffix_helper.py
[PASS 116] analyze_packed_transition_34820.py
[PASS 117] analyze_packed_transition_counter_34bf4.py
[PASS 118] analyze_parser_owner_constructor_124c90.py
[PASS 119] analyze_parser_owner_destructor_125074.py
[PASS 120] analyze_path_existence_counter_1f95c.py
[PASS 121] analyze_post_detector_pair_wrappers.py
[PASS 122] analyze_post_detector_predicate_59658.py
[PASS 123] analyze_post_detector_predicate_6c590.py
[PASS 124] analyze_post_detector_predicate_6dbbc.py
[PASS 125] analyze_post_detector_predicate_78f68.py
[PASS 126] analyze_post_detector_predicates_76f2c_77f7c.py
[PASS 127] analyze_post_detector_stage_12a30.py
[PASS 128] analyze_proc_maps_scanner_d78b8_full.py
[PASS 129] analyze_proc_self_cmdline_owned_string_1709c.py
[PASS 130] analyze_property_info_source_d352c.py
[PASS 131] analyze_protected_engine_algorithm_selection.py
[PASS 132] analyze_protected_engine_full.py
[PASS 133] analyze_protected_engine_input_init.py
[PASS 134] analyze_protected_random_helpers_full.py
[PASS 135] analyze_public_source_digest_check.py
[PASS 136] analyze_public_source_list_check.py
[PASS 137] analyze_public_source_list_producer.py
[PASS 138] analyze_readable_file_descriptor_batch_23274.py
[PASS 139] analyze_readable_file_reader_d6a2c.py
[PASS 140] analyze_record_cross_match_34954.py
[PASS 141] analyze_recursive_metadata_destructor_d22d4.py
[PASS 142] analyze_recursive_metadata_parser_d28d0.py
[PASS 143] analyze_repeated_file_parser_cluster_120858_121aac.py
[PASS 144] analyze_signer_code_trampoline_13063c.py
[PASS 145] analyze_slice_string_materializer_d1a38.py
[PASS 146] analyze_substring_predicate_127a78.py
[PASS 147] analyze_system_property_compatibility_d4244_d4678.py
[PASS 148] analyze_system_property_metadata_init_d3ff0.py
[PASS 149] analyze_three_file_list_parser_121adc.py
[PASS 150] analyze_timestamp_log_frontend.py
[PASS 151] analyze_tracerpid_periodic_callback.py
[PASS 152] analyze_unordered_fixed_pair_matcher_87158.py
[PASS 153] analyze_virtualbox_dmi_file_probe_24860.py
[PASS 154] analyze_zip_eocd_cluster_125210_125770.py
ANALYZER_SUMMARY total=154 pass=154 fail=0
