[INFO] Scanning for projects...
[INFO] 
[INFO] ------------------< local.qbdi:unidbg-adjust-runner >-------------------
[INFO] Building unidbg-adjust-runner 1.0-SNAPSHOT
[INFO]   from pom.xml
[INFO] --------------------------------[ jar ]---------------------------------
[INFO] 
[INFO] --- resources:3.4.0:resources (default-resources) @ unidbg-adjust-runner ---
[INFO] skip non existing resourceDirectory /Users/sanbo/Desktop/api/qbdi/unidbg-adjust-runner/src/main/resources
[INFO] 
[INFO] --- compiler:3.15.0:compile (default-compile) @ unidbg-adjust-runner ---
[INFO] Nothing to compile - all classes are up to date.
[INFO] 
[INFO] --- resources:3.4.0:testResources (default-testResources) @ unidbg-adjust-runner ---
[INFO] skip non existing resourceDirectory /Users/sanbo/Desktop/api/qbdi/unidbg-adjust-runner/src/test/resources
[INFO] 
[INFO] --- compiler:3.15.0:testCompile (default-testCompile) @ unidbg-adjust-runner ---
[INFO] Nothing to compile - all classes are up to date.
[INFO] 
[INFO] --- surefire:3.2.5:test (default-test) @ unidbg-adjust-runner ---
[INFO] Using auto detected provider org.apache.maven.surefire.junitplatform.JUnitPlatformProvider
[INFO] 
[INFO] -------------------------------------------------------
[INFO]  T E S T S
[INFO] -------------------------------------------------------
[INFO] Running local.RecoveredNativeBackendIntegrationTest
[main]V/SignerInstance: Signing all the parameters begin: 2026-07-15T08:30:17.512+0800
[main]V/SignerInstance: Calling native begin: 2026-07-15T08:30:17.524+0800
[main]V/SignerInstance: Calling native end  : 2026-07-15T08:30:17.555+0800
[main]V/SignerInstance: Signing all the parameters end  : 2026-07-15T08:30:17.556+0800
[main]V/SignerInstance: Signing all the parameters begin: 2026-07-15T08:30:17.567+0800
[main]V/SignerInstance: Calling native begin: 2026-07-15T08:30:17.568+0800
[main]V/SignerInstance: Calling native end  : 2026-07-15T08:30:17.584+0800
[main]V/SignerInstance: Signing all the parameters end  : 2026-07-15T08:30:17.584+0800
[main]V/SignerInstance: Signing all the parameters begin: 2026-07-15T08:30:17.588+0800
[main]V/SignerInstance: Calling native begin: 2026-07-15T08:30:17.588+0800
[main]V/SignerInstance: Calling native end  : 2026-07-15T08:30:17.597+0800
[main]V/SignerInstance: Signing all the parameters end  : 2026-07-15T08:30:17.597+0800
[main]V/SignerInstance: Signing all the parameters begin: 2026-07-15T08:30:17.601+0800
[main]V/SignerInstance: Calling native begin: 2026-07-15T08:30:17.654+0800
[main]V/SignerInstance: Calling native end  : 2026-07-15T08:30:17.668+0800
[main]V/SignerInstance: Signing all the parameters end  : 2026-07-15T08:30:17.668+0800
[main]V/SignerInstance: Signing all the parameters begin: 2026-07-15T08:30:17.672+0800
[main]V/SignerInstance: Calling native begin: 2026-07-15T08:30:17.672+0800
[main]V/SignerInstance: Calling native end  : 2026-07-15T08:30:17.686+0800
[main]V/SignerInstance: Signing all the parameters end  : 2026-07-15T08:30:17.686+0800
[main]V/SignerInstance: Signing all the parameters begin: 2026-07-15T08:30:17.691+0800
[main]V/SignerInstance: Calling native begin: 2026-07-15T08:30:17.691+0800
[main]V/SignerInstance: Calling native end  : 2026-07-15T08:30:17.704+0800
[main]V/SignerInstance: Signing all the parameters end  : 2026-07-15T08:30:17.704+0800
[main]V/SignerInstance: Signing all the parameters begin: 2026-07-15T08:30:17.707+0800
[main]V/SignerInstance: Calling native begin: 2026-07-15T08:30:17.707+0800
[main]V/SignerInstance: Calling native end  : 2026-07-15T08:30:17.724+0800
[main]V/SignerInstance: Signing all the parameters end  : 2026-07-15T08:30:17.724+0800
[main]V/SignerInstance: Signing all the parameters begin: 2026-07-15T08:30:17.727+0800
[main]V/SignerInstance: Calling native begin: 2026-07-15T08:30:17.727+0800
[main]V/SignerInstance: Calling native end  : 2026-07-15T08:30:17.741+0800
[main]V/SignerInstance: Signing all the parameters end  : 2026-07-15T08:30:17.741+0800
[main]V/SignerInstance: Signing all the parameters begin: 2026-07-15T08:30:17.745+0800
[main]V/SignerInstance: Calling native begin: 2026-07-15T08:30:17.745+0800
[main]V/SignerInstance: Calling native end  : 2026-07-15T08:30:17.755+0800
[main]V/SignerInstance: Signing all the parameters end  : 2026-07-15T08:30:17.755+0800
[main]V/SignerInstance: Signing all the parameters begin: 2026-07-15T08:30:17.758+0800
[main]V/SignerInstance: Calling native begin: 2026-07-15T08:30:17.758+0800
[main]V/SignerInstance: Calling native end  : 2026-07-15T08:30:17.769+0800
[main]V/SignerInstance: Signing all the parameters end  : 2026-07-15T08:30:17.769+0800
[main]V/SignerInstance: Signing all the parameters begin: 2026-07-15T08:30:17.774+0800
[main]V/SignerInstance: Calling native begin: 2026-07-15T08:30:17.800+0800
[main]V/SignerInstance: Calling native end  : 2026-07-15T08:30:17.814+0800
[main]V/SignerInstance: Signing all the parameters end  : 2026-07-15T08:30:17.814+0800
[main]V/SignerInstance: Signing all the parameters begin: 2026-07-15T08:30:17.817+0800
[main]V/SignerInstance: Calling native begin: 2026-07-15T08:30:17.817+0800
[main]V/SignerInstance: Calling native end  : 2026-07-15T08:30:17.826+0800
[main]V/SignerInstance: Signing all the parameters end  : 2026-07-15T08:30:17.826+0800
[main]V/SignerInstance: Signing all the parameters begin: 2026-07-15T08:30:17.830+0800
[main]V/SignerInstance: Calling native begin: 2026-07-15T08:30:17.830+0800
[main]V/SignerInstance: Calling native end  : 2026-07-15T08:30:17.842+0800
[main]V/SignerInstance: Signing all the parameters end  : 2026-07-15T08:30:17.842+0800
[main]V/SignerInstance: Signing all the parameters begin: 2026-07-15T08:30:17.845+0800
[main]V/SignerInstance: Calling native begin: 2026-07-15T08:30:17.845+0800
[main]V/SignerInstance: Calling native end  : 2026-07-15T08:30:17.860+0800
[main]V/SignerInstance: Signing all the parameters end  : 2026-07-15T08:30:17.860+0800
[main]V/SignerInstance: Signing all the parameters begin: 2026-07-15T08:30:17.879+0800
[main]V/SignerInstance: Calling native begin: 2026-07-15T08:30:17.879+0800
[main]V/SignerInstance: Calling native end  : 2026-07-15T08:30:17.892+0800
[main]V/SignerInstance: Signing all the parameters end  : 2026-07-15T08:30:17.892+0800
[main]V/SignerInstance: Signing all the parameters begin: 2026-07-15T08:30:17.895+0800
[main]V/SignerInstance: Calling native begin: 2026-07-15T08:30:17.895+0800
[main]V/SignerInstance: Calling native end  : 2026-07-15T08:30:17.908+0800
[main]V/SignerInstance: Signing all the parameters end  : 2026-07-15T08:30:17.908+0800
[main]V/SignerInstance: Signing all the parameters begin: 2026-07-15T08:30:17.912+0800
[main]V/SignerInstance: Calling native begin: 2026-07-15T08:30:17.912+0800
[main]V/SignerInstance: Calling native end  : 2026-07-15T08:30:17.925+0800
[main]V/SignerInstance: Signing all the parameters end  : 2026-07-15T08:30:17.925+0800
[main]V/SignerInstance: Signing all the parameters begin: 2026-07-15T08:30:17.929+0800
[main]V/SignerInstance: Calling native begin: 2026-07-15T08:30:17.960+0800
[main]V/SignerInstance: Calling native end  : 2026-07-15T08:30:17.974+0800
[main]V/SignerInstance: Signing all the parameters end  : 2026-07-15T08:30:17.974+0800
[main]V/SignerInstance: Signing all the parameters begin: 2026-07-15T08:30:17.976+0800
[main]V/SignerInstance: Calling native begin: 2026-07-15T08:30:17.977+0800
[main]V/SignerInstance: Calling native end  : 2026-07-15T08:30:17.989+0800
[main]V/SignerInstance: Signing all the parameters end  : 2026-07-15T08:30:17.989+0800
loaded libsigner.so base=0x12340000 size=0x148000
[main]V/SignerInstance: Signing all the parameters begin: 2026-07-15T08:30:19.769+0800
[main]V/SignerInstance: Calling native begin: 2026-07-15T08:30:19.769+0800
[main] WARN com.github.unidbg.Utils - read path=java.io.RandomAccessFile@a10c1b5, fp=10674152, _count=4096, length=10670511, buffer=RW@0x12309000
[main]V/SignerInstance: Calling native end  : 2026-07-15T08:30:33.299+0800
[main]V/SignerInstance: Signing all the parameters end  : 2026-07-15T08:30:33.299+0800
[main]V/SignerInstance: Signing all the parameters begin: 2026-07-15T08:30:33.303+0800
[main]V/SignerInstance: Calling native begin: 2026-07-15T08:30:33.303+0800
[main]V/SignerInstance: Calling native end  : 2026-07-15T08:30:33.329+0800
[main]V/SignerInstance: Signing all the parameters end  : 2026-07-15T08:30:33.329+0800
loaded libsigner.so base=0x12340000 size=0x148000
[main]V/SignerInstance: Signing all the parameters begin: 2026-07-15T08:30:33.519+0800
[main]V/SignerInstance: Calling native begin: 2026-07-15T08:30:33.519+0800
[main] WARN com.github.unidbg.Utils - read path=java.io.RandomAccessFile@e4d2696, fp=10674152, _count=4096, length=10670511, buffer=RW@0x12309000
[main]V/SignerInstance: Calling native end  : 2026-07-15T08:30:47.038+0800
[main]V/SignerInstance: Signing all the parameters end  : 2026-07-15T08:30:47.038+0800
[main]V/SignerInstance: Signing all the parameters begin: 2026-07-15T08:30:47.042+0800
[main]V/SignerInstance: Calling native begin: 2026-07-15T08:30:47.042+0800
[main]V/SignerInstance: Calling native end  : 2026-07-15T08:30:47.060+0800
[main]V/SignerInstance: Signing all the parameters end  : 2026-07-15T08:30:47.060+0800
[INFO] Tests run: 21, Failures: 0, Errors: 0, Skipped: 0, Time elapsed: 29.65 s -- in local.RecoveredNativeBackendIntegrationTest
[INFO] 
[INFO] Results:
[INFO] 
[INFO] Tests run: 21, Failures: 0, Errors: 0, Skipped: 0
[INFO] 
[INFO] ------------------------------------------------------------------------
[INFO] BUILD SUCCESS
[INFO] ------------------------------------------------------------------------
[INFO] Total time:  30.767 s
[INFO] Finished at: 2026-07-15T08:30:47+08:00
[INFO] ------------------------------------------------------------------------
