[INFO] Scanning for projects...
[INFO] 
[INFO] ------------------< local.qbdi:unidbg-adjust-runner >-------------------
[INFO] Building unidbg-adjust-runner 1.0-SNAPSHOT
[INFO]   from pom.xml
[INFO] --------------------------------[ jar ]---------------------------------
[INFO] 
[INFO] --- resources:3.4.0:resources (default-resources) @ unidbg-adjust-runner ---
[INFO] skip non existing resourceDirectory /Users/sanbo/Desktop/api/qbdi/unidbg-adjust-runner/src/main/resources
[INFO] 
[INFO] --- compiler:3.15.0:compile (default-compile) @ unidbg-adjust-runner ---
[INFO] Nothing to compile - all classes are up to date.
[INFO] 
[INFO] --- resources:3.4.0:testResources (default-testResources) @ unidbg-adjust-runner ---
[INFO] skip non existing resourceDirectory /Users/sanbo/Desktop/api/qbdi/unidbg-adjust-runner/src/test/resources
[INFO] 
[INFO] --- compiler:3.15.0:testCompile (default-testCompile) @ unidbg-adjust-runner ---
[INFO] Recompiling the module because of changed source code.
[INFO] Compiling 18 source files with javac [debug target 11] to target/test-classes
[INFO] 
[INFO] --- surefire:3.2.5:test (default-test) @ unidbg-adjust-runner ---
[INFO] Using auto detected provider org.apache.maven.surefire.junitplatform.JUnitPlatformProvider
[INFO] 
[INFO] -------------------------------------------------------
[INFO]  T E S T S
[INFO] -------------------------------------------------------
[INFO] Running local.JniCertificateSha1ParentNativeIntegrationTest
loaded libsigner.so base=0x12340000 size=0x148000
[main]V/signer: Signing all the parameters begin: 2026-07-14T23:48:39.854Z-0400
[main]V/signer: Signing all the parameters end  : 2026-07-14T23:48:43.662Z-0400
1e578 status=0->0 api=35 signatureArray=2dbf4cbd signature=20b5f2ac certificateBytes=7e3060d8 digest=2692b61e digestBytes=7b64240d elements=12022000 length=20 sha1=c0cfa6f8ecb636b7d03915227b2ce6517c514ef6 deletes=[647149086, 2117099736, 2070160397, 767511741] events=[copy20, release-elements, delete-1eb04, delete-1ee98, delete-1ecd0, delete-1f008]
[INFO] Tests run: 1, Failures: 0, Errors: 0, Skipped: 0, Time elapsed: 5.491 s -- in local.JniCertificateSha1ParentNativeIntegrationTest
[INFO] 
[INFO] Results:
[INFO] 
[INFO] Tests run: 1, Failures: 0, Errors: 0, Skipped: 0
[INFO] 
[INFO] ------------------------------------------------------------------------
[INFO] BUILD SUCCESS
[INFO] ------------------------------------------------------------------------
[INFO] Total time:  7.616 s
[INFO] Finished at: 2026-07-15T11:48:43+08:00
[INFO] ------------------------------------------------------------------------
