[INFO] Scanning for projects...
[INFO] 
[INFO] ------------------< local.qbdi:unidbg-adjust-runner >-------------------
[INFO] Building unidbg-adjust-runner 1.0-SNAPSHOT
[INFO]   from pom.xml
[INFO] --------------------------------[ jar ]---------------------------------
[INFO] 
[INFO] --- resources:3.4.0:resources (default-resources) @ unidbg-adjust-runner ---
[INFO] skip non existing resourceDirectory /Users/sanbo/Desktop/api/qbdi/unidbg-adjust-runner/src/main/resources
[INFO] 
[INFO] --- compiler:3.15.0:compile (default-compile) @ unidbg-adjust-runner ---
[INFO] Nothing to compile - all classes are up to date.
[INFO] 
[INFO] --- resources:3.4.0:testResources (default-testResources) @ unidbg-adjust-runner ---
[INFO] skip non existing resourceDirectory /Users/sanbo/Desktop/api/qbdi/unidbg-adjust-runner/src/test/resources
[INFO] 
[INFO] --- compiler:3.15.0:testCompile (default-testCompile) @ unidbg-adjust-runner ---
[INFO] Nothing to compile - all classes are up to date.
[INFO] 
[INFO] --- surefire:3.2.5:test (default-test) @ unidbg-adjust-runner ---
[INFO] Using auto detected provider org.apache.maven.surefire.junitplatform.JUnitPlatformProvider
[INFO] 
[INFO] -------------------------------------------------------
[INFO]  T E S T S
[INFO] -------------------------------------------------------
[INFO] Running local.RecoveredNativeBackendIntegrationTest
[main]V/SignerInstance: Signing all the parameters begin: 2026-07-15T10:53:03.162+0800
[main]V/SignerInstance: Calling native begin: 2026-07-15T10:53:03.180+0800
[main]V/SignerInstance: Calling native end  : 2026-07-15T10:53:03.220+0800
[main]V/SignerInstance: Signing all the parameters end  : 2026-07-15T10:53:03.221+0800
[main]V/SignerInstance: Signing all the parameters begin: 2026-07-15T10:53:03.238+0800
[main]V/SignerInstance: Calling native begin: 2026-07-15T10:53:03.238+0800
[main]V/SignerInstance: Calling native end  : 2026-07-15T10:53:03.261+0800
[main]V/SignerInstance: Signing all the parameters end  : 2026-07-15T10:53:03.261+0800
[main]V/SignerInstance: Signing all the parameters begin: 2026-07-15T10:53:03.266+0800
[main]V/SignerInstance: Calling native begin: 2026-07-15T10:53:03.266+0800
[main]V/SignerInstance: Calling native end  : 2026-07-15T10:53:03.279+0800
[main]V/SignerInstance: Signing all the parameters end  : 2026-07-15T10:53:03.279+0800
[main]V/SignerInstance: Signing all the parameters begin: 2026-07-15T10:53:03.283+0800
[main]V/SignerInstance: Calling native begin: 2026-07-15T10:53:03.372+0800
[main]V/SignerInstance: Calling native end  : 2026-07-15T10:53:03.390+0800
[main]V/SignerInstance: Signing all the parameters end  : 2026-07-15T10:53:03.390+0800
[main]V/SignerInstance: Signing all the parameters begin: 2026-07-15T10:53:03.394+0800
[main]V/SignerInstance: Calling native begin: 2026-07-15T10:53:03.394+0800
[main]V/SignerInstance: Calling native end  : 2026-07-15T10:53:03.412+0800
[main]V/SignerInstance: Signing all the parameters end  : 2026-07-15T10:53:03.412+0800
[main]V/SignerInstance: Signing all the parameters begin: 2026-07-15T10:53:03.417+0800
[main]V/SignerInstance: Calling native begin: 2026-07-15T10:53:03.418+0800
[main]V/SignerInstance: Calling native end  : 2026-07-15T10:53:03.435+0800
[main]V/SignerInstance: Signing all the parameters end  : 2026-07-15T10:53:03.435+0800
[main]V/SignerInstance: Signing all the parameters begin: 2026-07-15T10:53:03.439+0800
[main]V/SignerInstance: Calling native begin: 2026-07-15T10:53:03.440+0800
[main]V/SignerInstance: Calling native end  : 2026-07-15T10:53:03.460+0800
[main]V/SignerInstance: Signing all the parameters end  : 2026-07-15T10:53:03.460+0800
[main]V/SignerInstance: Signing all the parameters begin: 2026-07-15T10:53:03.464+0800
[main]V/SignerInstance: Calling native begin: 2026-07-15T10:53:03.464+0800
[main]V/SignerInstance: Calling native end  : 2026-07-15T10:53:03.481+0800
[main]V/SignerInstance: Signing all the parameters end  : 2026-07-15T10:53:03.481+0800
[main]V/SignerInstance: Signing all the parameters begin: 2026-07-15T10:53:03.485+0800
[main]V/SignerInstance: Calling native begin: 2026-07-15T10:53:03.485+0800
[main]V/SignerInstance: Calling native end  : 2026-07-15T10:53:03.499+0800
[main]V/SignerInstance: Signing all the parameters end  : 2026-07-15T10:53:03.499+0800
[main]V/SignerInstance: Signing all the parameters begin: 2026-07-15T10:53:03.503+0800
[main]V/SignerInstance: Calling native begin: 2026-07-15T10:53:03.503+0800
[main]V/SignerInstance: Calling native end  : 2026-07-15T10:53:03.515+0800
[main]V/SignerInstance: Signing all the parameters end  : 2026-07-15T10:53:03.515+0800
[main]V/SignerInstance: Signing all the parameters begin: 2026-07-15T10:53:03.520+0800
[main]V/SignerInstance: Calling native begin: 2026-07-15T10:53:03.569+0800
[main]V/SignerInstance: Calling native end  : 2026-07-15T10:53:03.584+0800
[main]V/SignerInstance: Signing all the parameters end  : 2026-07-15T10:53:03.584+0800
[main]V/SignerInstance: Signing all the parameters begin: 2026-07-15T10:53:03.587+0800
[main]V/SignerInstance: Calling native begin: 2026-07-15T10:53:03.588+0800
[main]V/SignerInstance: Calling native end  : 2026-07-15T10:53:03.601+0800
[main]V/SignerInstance: Signing all the parameters end  : 2026-07-15T10:53:03.601+0800
[main]V/SignerInstance: Signing all the parameters begin: 2026-07-15T10:53:03.605+0800
[main]V/SignerInstance: Calling native begin: 2026-07-15T10:53:03.605+0800
[main]V/SignerInstance: Calling native end  : 2026-07-15T10:53:03.618+0800
[main]V/SignerInstance: Signing all the parameters end  : 2026-07-15T10:53:03.618+0800
[main]V/SignerInstance: Signing all the parameters begin: 2026-07-15T10:53:03.622+0800
[main]V/SignerInstance: Calling native begin: 2026-07-15T10:53:03.622+0800
[main]V/SignerInstance: Calling native end  : 2026-07-15T10:53:03.638+0800
[main]V/SignerInstance: Signing all the parameters end  : 2026-07-15T10:53:03.638+0800
[main]V/SignerInstance: Signing all the parameters begin: 2026-07-15T10:53:03.661+0800
[main]V/SignerInstance: Calling native begin: 2026-07-15T10:53:03.661+0800
[main]V/SignerInstance: Calling native end  : 2026-07-15T10:53:03.676+0800
[main]V/SignerInstance: Signing all the parameters end  : 2026-07-15T10:53:03.676+0800
[main]V/SignerInstance: Signing all the parameters begin: 2026-07-15T10:53:03.682+0800
[main]V/SignerInstance: Calling native begin: 2026-07-15T10:53:03.682+0800
[main]V/SignerInstance: Calling native end  : 2026-07-15T10:53:03.699+0800
[main]V/SignerInstance: Signing all the parameters end  : 2026-07-15T10:53:03.700+0800
[main]V/SignerInstance: Signing all the parameters begin: 2026-07-15T10:53:03.704+0800
[main]V/SignerInstance: Calling native begin: 2026-07-15T10:53:03.704+0800
[main]V/SignerInstance: Calling native end  : 2026-07-15T10:53:03.722+0800
[main]V/SignerInstance: Signing all the parameters end  : 2026-07-15T10:53:03.722+0800
[main]V/SignerInstance: Signing all the parameters begin: 2026-07-15T10:53:03.731+0800
[main]V/SignerInstance: Calling native begin: 2026-07-15T10:53:03.804+0800
[main]V/SignerInstance: Calling native end  : 2026-07-15T10:53:03.819+0800
[main]V/SignerInstance: Signing all the parameters end  : 2026-07-15T10:53:03.820+0800
[main]V/SignerInstance: Signing all the parameters begin: 2026-07-15T10:53:03.823+0800
[main]V/SignerInstance: Calling native begin: 2026-07-15T10:53:03.823+0800
[main]V/SignerInstance: Calling native end  : 2026-07-15T10:53:03.838+0800
[main]V/SignerInstance: Signing all the parameters end  : 2026-07-15T10:53:03.838+0800
loaded libsigner.so base=0x12340000 size=0x148000
[main]V/SignerInstance: Signing all the parameters begin: 2026-07-15T10:53:05.732+0800
[main]V/SignerInstance: Calling native begin: 2026-07-15T10:53:05.732+0800
[main] WARN com.github.unidbg.Utils - read path=java.io.RandomAccessFile@787f32b7, fp=10674152, _count=4096, length=10670511, buffer=RW@0x12309000
[main]V/SignerInstance: Calling native end  : 2026-07-15T10:53:22.086+0800
[main]V/SignerInstance: Signing all the parameters end  : 2026-07-15T10:53:22.086+0800
[main]V/SignerInstance: Signing all the parameters begin: 2026-07-15T10:53:22.092+0800
[main]V/SignerInstance: Calling native begin: 2026-07-15T10:53:22.092+0800
[main]V/SignerInstance: Calling native end  : 2026-07-15T10:53:22.121+0800
[main]V/SignerInstance: Signing all the parameters end  : 2026-07-15T10:53:22.121+0800
loaded libsigner.so base=0x12340000 size=0x148000
[main]V/SignerInstance: Signing all the parameters begin: 2026-07-15T10:53:22.343+0800
[main]V/SignerInstance: Calling native begin: 2026-07-15T10:53:22.343+0800
[main] WARN com.github.unidbg.Utils - read path=java.io.RandomAccessFile@4088741b, fp=10674152, _count=4096, length=10670511, buffer=RW@0x12309000
[main]V/SignerInstance: Calling native end  : 2026-07-15T10:53:37.789+0800
[main]V/SignerInstance: Signing all the parameters end  : 2026-07-15T10:53:37.790+0800
[main]V/SignerInstance: Signing all the parameters begin: 2026-07-15T10:53:37.793+0800
[main]V/SignerInstance: Calling native begin: 2026-07-15T10:53:37.794+0800
[main]V/SignerInstance: Calling native end  : 2026-07-15T10:53:37.814+0800
[main]V/SignerInstance: Signing all the parameters end  : 2026-07-15T10:53:37.814+0800
[INFO] Tests run: 21, Failures: 0, Errors: 0, Skipped: 0, Time elapsed: 34.78 s -- in local.RecoveredNativeBackendIntegrationTest
[INFO] 
[INFO] Results:
[INFO] 
[INFO] Tests run: 21, Failures: 0, Errors: 0, Skipped: 0
[INFO] 
[INFO] ------------------------------------------------------------------------
[INFO] BUILD SUCCESS
[INFO] ------------------------------------------------------------------------
[INFO] Total time:  36.279 s
[INFO] Finished at: 2026-07-15T10:53:37+08:00
[INFO] ------------------------------------------------------------------------
