[INFO] Scanning for projects...
[INFO] 
[INFO] ------------------< local.qbdi:unidbg-adjust-runner >-------------------
[INFO] Building unidbg-adjust-runner 1.0-SNAPSHOT
[INFO]   from pom.xml
[INFO] --------------------------------[ jar ]---------------------------------
[INFO] 
[INFO] --- resources:3.4.0:resources (default-resources) @ unidbg-adjust-runner ---
[INFO] skip non existing resourceDirectory /Users/sanbo/Desktop/api/qbdi/unidbg-adjust-runner/src/main/resources
[INFO] 
[INFO] --- compiler:3.15.0:compile (default-compile) @ unidbg-adjust-runner ---
[INFO] Nothing to compile - all classes are up to date.
[INFO] 
[INFO] --- resources:3.4.0:testResources (default-testResources) @ unidbg-adjust-runner ---
[INFO] skip non existing resourceDirectory /Users/sanbo/Desktop/api/qbdi/unidbg-adjust-runner/src/test/resources
[INFO] 
[INFO] --- compiler:3.15.0:testCompile (default-testCompile) @ unidbg-adjust-runner ---
[INFO] Nothing to compile - all classes are up to date.
[INFO] 
[INFO] --- surefire:3.2.5:test (default-test) @ unidbg-adjust-runner ---
[INFO] Using auto detected provider org.apache.maven.surefire.junitplatform.JUnitPlatformProvider
[INFO] 
[INFO] -------------------------------------------------------
[INFO]  T E S T S
[INFO] -------------------------------------------------------
[INFO] Running local.RecoveredNativeBackendIntegrationTest
[main]V/SignerInstance: Signing all the parameters begin: 2026-07-15T12:09:18.685+0800
[main]V/SignerInstance: Calling native begin: 2026-07-15T12:09:18.715+0800
[main]V/SignerInstance: Calling native end  : 2026-07-15T12:09:18.776+0800
[main]V/SignerInstance: Signing all the parameters end  : 2026-07-15T12:09:18.778+0800
[main]V/SignerInstance: Signing all the parameters begin: 2026-07-15T12:09:18.800+0800
[main]V/SignerInstance: Calling native begin: 2026-07-15T12:09:18.800+0800
[main]V/SignerInstance: Calling native end  : 2026-07-15T12:09:18.824+0800
[main]V/SignerInstance: Signing all the parameters end  : 2026-07-15T12:09:18.824+0800
[main]V/SignerInstance: Signing all the parameters begin: 2026-07-15T12:09:18.834+0800
[main]V/SignerInstance: Calling native begin: 2026-07-15T12:09:18.834+0800
[main]V/SignerInstance: Calling native end  : 2026-07-15T12:09:18.853+0800
[main]V/SignerInstance: Signing all the parameters end  : 2026-07-15T12:09:18.853+0800
[main]V/SignerInstance: Signing all the parameters begin: 2026-07-15T12:09:18.858+0800
[main]V/SignerInstance: Calling native begin: 2026-07-15T12:09:18.952+0800
[main]V/SignerInstance: Calling native end  : 2026-07-15T12:09:18.975+0800
[main]V/SignerInstance: Signing all the parameters end  : 2026-07-15T12:09:18.975+0800
[main]V/SignerInstance: Signing all the parameters begin: 2026-07-15T12:09:18.984+0800
[main]V/SignerInstance: Calling native begin: 2026-07-15T12:09:18.984+0800
[main]V/SignerInstance: Calling native end  : 2026-07-15T12:09:19.006+0800
[main]V/SignerInstance: Signing all the parameters end  : 2026-07-15T12:09:19.006+0800
[main]V/SignerInstance: Signing all the parameters begin: 2026-07-15T12:09:19.014+0800
[main]V/SignerInstance: Calling native begin: 2026-07-15T12:09:19.014+0800
[main]V/SignerInstance: Calling native end  : 2026-07-15T12:09:19.035+0800
[main]V/SignerInstance: Signing all the parameters end  : 2026-07-15T12:09:19.035+0800
[main]V/SignerInstance: Signing all the parameters begin: 2026-07-15T12:09:19.040+0800
[main]V/SignerInstance: Calling native begin: 2026-07-15T12:09:19.040+0800
[main]V/SignerInstance: Calling native end  : 2026-07-15T12:09:19.069+0800
[main]V/SignerInstance: Signing all the parameters end  : 2026-07-15T12:09:19.069+0800
[main]V/SignerInstance: Signing all the parameters begin: 2026-07-15T12:09:19.074+0800
[main]V/SignerInstance: Calling native begin: 2026-07-15T12:09:19.075+0800
[main]V/SignerInstance: Calling native end  : 2026-07-15T12:09:19.095+0800
[main]V/SignerInstance: Signing all the parameters end  : 2026-07-15T12:09:19.095+0800
[main]V/SignerInstance: Signing all the parameters begin: 2026-07-15T12:09:19.104+0800
[main]V/SignerInstance: Calling native begin: 2026-07-15T12:09:19.105+0800
[main]V/SignerInstance: Calling native end  : 2026-07-15T12:09:19.121+0800
[main]V/SignerInstance: Signing all the parameters end  : 2026-07-15T12:09:19.121+0800
[main]V/SignerInstance: Signing all the parameters begin: 2026-07-15T12:09:19.126+0800
[main]V/SignerInstance: Calling native begin: 2026-07-15T12:09:19.126+0800
[main]V/SignerInstance: Calling native end  : 2026-07-15T12:09:19.143+0800
[main]V/SignerInstance: Signing all the parameters end  : 2026-07-15T12:09:19.144+0800
[main]V/SignerInstance: Signing all the parameters begin: 2026-07-15T12:09:19.148+0800
[main]V/SignerInstance: Calling native begin: 2026-07-15T12:09:19.241+0800
[main]V/SignerInstance: Calling native end  : 2026-07-15T12:09:19.271+0800
[main]V/SignerInstance: Signing all the parameters end  : 2026-07-15T12:09:19.271+0800
[main]V/SignerInstance: Signing all the parameters begin: 2026-07-15T12:09:19.275+0800
[main]V/SignerInstance: Calling native begin: 2026-07-15T12:09:19.276+0800
[main]V/SignerInstance: Calling native end  : 2026-07-15T12:09:19.292+0800
[main]V/SignerInstance: Signing all the parameters end  : 2026-07-15T12:09:19.293+0800
[main]V/SignerInstance: Signing all the parameters begin: 2026-07-15T12:09:19.300+0800
[main]V/SignerInstance: Calling native begin: 2026-07-15T12:09:19.300+0800
[main]V/SignerInstance: Calling native end  : 2026-07-15T12:09:19.321+0800
[main]V/SignerInstance: Signing all the parameters end  : 2026-07-15T12:09:19.322+0800
[main]V/SignerInstance: Signing all the parameters begin: 2026-07-15T12:09:19.325+0800
[main]V/SignerInstance: Calling native begin: 2026-07-15T12:09:19.326+0800
[main]V/SignerInstance: Calling native end  : 2026-07-15T12:09:19.343+0800
[main]V/SignerInstance: Signing all the parameters end  : 2026-07-15T12:09:19.343+0800
[main]V/SignerInstance: Signing all the parameters begin: 2026-07-15T12:09:19.367+0800
[main]V/SignerInstance: Calling native begin: 2026-07-15T12:09:19.367+0800
[main]V/SignerInstance: Calling native end  : 2026-07-15T12:09:19.389+0800
[main]V/SignerInstance: Signing all the parameters end  : 2026-07-15T12:09:19.390+0800
[main]V/SignerInstance: Signing all the parameters begin: 2026-07-15T12:09:19.397+0800
[main]V/SignerInstance: Calling native begin: 2026-07-15T12:09:19.397+0800
[main]V/SignerInstance: Calling native end  : 2026-07-15T12:09:19.420+0800
[main]V/SignerInstance: Signing all the parameters end  : 2026-07-15T12:09:19.420+0800
[main]V/SignerInstance: Signing all the parameters begin: 2026-07-15T12:09:19.425+0800
[main]V/SignerInstance: Calling native begin: 2026-07-15T12:09:19.425+0800
[main]V/SignerInstance: Calling native end  : 2026-07-15T12:09:19.443+0800
[main]V/SignerInstance: Signing all the parameters end  : 2026-07-15T12:09:19.443+0800
[main]V/SignerInstance: Signing all the parameters begin: 2026-07-15T12:09:19.453+0800
[main]V/SignerInstance: Calling native begin: 2026-07-15T12:09:19.479+0800
[main]V/SignerInstance: Calling native end  : 2026-07-15T12:09:19.500+0800
[main]V/SignerInstance: Signing all the parameters end  : 2026-07-15T12:09:19.500+0800
[main]V/SignerInstance: Signing all the parameters begin: 2026-07-15T12:09:19.507+0800
[main]V/SignerInstance: Calling native begin: 2026-07-15T12:09:19.507+0800
[main]V/SignerInstance: Calling native end  : 2026-07-15T12:09:19.530+0800
[main]V/SignerInstance: Signing all the parameters end  : 2026-07-15T12:09:19.530+0800
loaded libsigner.so base=0x12340000 size=0x148000
[main]V/SignerInstance: Signing all the parameters begin: 2026-07-15T12:09:21.198+0800
[main]V/SignerInstance: Calling native begin: 2026-07-15T12:09:21.198+0800
[main]V/SignerInstance: Calling native end  : 2026-07-15T12:09:47.652+0800
[main]V/SignerInstance: Signing all the parameters end  : 2026-07-15T12:09:47.653+0800
[main]V/SignerInstance: Signing all the parameters begin: 2026-07-15T12:09:47.672+0800
[main]V/SignerInstance: Calling native begin: 2026-07-15T12:09:47.673+0800
[main]V/SignerInstance: Calling native end  : 2026-07-15T12:09:47.791+0800
[main]V/SignerInstance: Signing all the parameters end  : 2026-07-15T12:09:47.791+0800
loaded libsigner.so base=0x12340000 size=0x148000
[main]V/SignerInstance: Signing all the parameters begin: 2026-07-15T12:09:48.210+0800
[main]V/SignerInstance: Calling native begin: 2026-07-15T12:09:48.210+0800
[main]V/SignerInstance: Calling native end  : 2026-07-15T12:10:19.344+0800
[main]V/SignerInstance: Signing all the parameters end  : 2026-07-15T12:10:19.344+0800
[main]V/SignerInstance: Signing all the parameters begin: 2026-07-15T12:10:19.355+0800
[main]V/SignerInstance: Calling native begin: 2026-07-15T12:10:19.356+0800
[main]V/SignerInstance: Calling native end  : 2026-07-15T12:10:19.392+0800
[main]V/SignerInstance: Signing all the parameters end  : 2026-07-15T12:10:19.393+0800
[INFO] Tests run: 21, Failures: 0, Errors: 0, Skipped: 0, Time elapsed: 60.94 s -- in local.RecoveredNativeBackendIntegrationTest
[INFO] 
[INFO] Results:
[INFO] 
[INFO] Tests run: 21, Failures: 0, Errors: 0, Skipped: 0
[INFO] 
[INFO] ------------------------------------------------------------------------
[INFO] BUILD SUCCESS
[INFO] ------------------------------------------------------------------------
[INFO] Total time:  01:04 min
[INFO] Finished at: 2026-07-15T12:10:19+08:00
[INFO] ------------------------------------------------------------------------
