[INFO] Scanning for projects...
[INFO] 
[INFO] ------------------< local.qbdi:unidbg-adjust-runner >-------------------
[INFO] Building unidbg-adjust-runner 1.0-SNAPSHOT
[INFO]   from pom.xml
[INFO] --------------------------------[ jar ]---------------------------------
[INFO] 
[INFO] --- resources:3.4.0:resources (default-resources) @ unidbg-adjust-runner ---
[INFO] skip non existing resourceDirectory /Users/sanbo/Desktop/api/qbdi/unidbg-adjust-runner/src/main/resources
[INFO] 
[INFO] --- compiler:3.15.0:compile (default-compile) @ unidbg-adjust-runner ---
[INFO] Nothing to compile - all classes are up to date.
[INFO] 
[INFO] --- resources:3.4.0:testResources (default-testResources) @ unidbg-adjust-runner ---
[INFO] skip non existing resourceDirectory /Users/sanbo/Desktop/api/qbdi/unidbg-adjust-runner/src/test/resources
[INFO] 
[INFO] --- compiler:3.15.0:testCompile (default-testCompile) @ unidbg-adjust-runner ---
[INFO] Nothing to compile - all classes are up to date.
[INFO] 
[INFO] --- surefire:3.2.5:test (default-test) @ unidbg-adjust-runner ---
[INFO] Using auto detected provider org.apache.maven.surefire.junitplatform.JUnitPlatformProvider
[INFO] 
[INFO] -------------------------------------------------------
[INFO]  T E S T S
[INFO] -------------------------------------------------------
[INFO] Running com.adjust.sdk.sig.SignerNativeIntegrationTest
loaded libsigner.so base=0x12340000 size=0x148000
[main] WARN com.github.unidbg.linux.ARM64SyscallHandler - handleInterrupt intno=2, NR=107, svcNumber=0x0, PC=RX@0x121aa74c[libc.so]0x6a74c, LR=RX@0x121630e0[libc.so]0x230e0, syscall=null
[main] WARN com.github.unidbg.linux.ARM64SyscallHandler - handleInterrupt intno=2, NR=110, svcNumber=0x0, PC=RX@0x121aab6c[libc.so]0x6ab6c, LR=RX@0x12414b3c[libsigner.so]0xd4b3c, syscall=null
[main]V/SignerInstance: Signing all the parameters begin: 2026-07-15T05:59:04.626+0800
[main]V/SignerInstance: Calling native begin: 2026-07-15T05:59:04.633+0800
[main]V/signer: Signing all the parameters begin: 2026-07-14T17:59:04.641Z-0400
[main]V/signer: Signing all the parameters end  : 2026-07-14T17:59:08.013Z-0400
[main]V/SignerInstance: Calling native end  : 2026-07-15T05:59:08.041+0800
[main]V/SignerInstance: Signing all the parameters end  : 2026-07-15T05:59:08.041+0800
[main]V/SignerInstance: Signing all the parameters begin: 2026-07-15T05:59:08.042+0800
[main]V/SignerInstance: Calling native begin: 2026-07-15T05:59:08.043+0800
[main]V/signer: Signing all the parameters begin: 2026-07-14T17:59:08.053Z-0400
[main]V/signer: Signing all the parameters end  : 2026-07-14T17:59:11.595Z-0400
[main]V/SignerInstance: Calling native end  : 2026-07-15T05:59:11.624+0800
[main]V/SignerInstance: Signing all the parameters end  : 2026-07-15T05:59:11.624+0800
[INFO] Tests run: 1, Failures: 0, Errors: 0, Skipped: 0, Time elapsed: 8.328 s -- in com.adjust.sdk.sig.SignerNativeIntegrationTest
[INFO] 
[INFO] Results:
[INFO] 
[INFO] Tests run: 1, Failures: 0, Errors: 0, Skipped: 0
[INFO] 
[INFO] ------------------------------------------------------------------------
[INFO] BUILD SUCCESS
[INFO] ------------------------------------------------------------------------
[INFO] Total time:  9.219 s
[INFO] Finished at: 2026-07-15T05:59:11+08:00
[INFO] ------------------------------------------------------------------------
