sha=2729ef2e43bd21f44e915bb15bcf2da3b6949897e007ae3b9a37a9de11b844f9
[INFO] Scanning for projects...
[INFO] 
[INFO] ------------------< local.qbdi:unidbg-adjust-runner >-------------------
[INFO] Building unidbg-adjust-runner 1.0-SNAPSHOT
[INFO]   from pom.xml
[INFO] --------------------------------[ jar ]---------------------------------
[INFO] 
[INFO] --- resources:3.4.0:resources (default-resources) @ unidbg-adjust-runner ---
[INFO] skip non existing resourceDirectory /Users/sanbo/Desktop/api/qbdi/unidbg-adjust-runner/src/main/resources
[INFO] 
[INFO] --- compiler:3.15.0:compile (default-compile) @ unidbg-adjust-runner ---
[INFO] Nothing to compile - all classes are up to date.
[INFO] 
[INFO] --- resources:3.4.0:testResources (default-testResources) @ unidbg-adjust-runner ---
[INFO] skip non existing resourceDirectory /Users/sanbo/Desktop/api/qbdi/unidbg-adjust-runner/src/test/resources
[INFO] 
[INFO] --- compiler:3.15.0:testCompile (default-testCompile) @ unidbg-adjust-runner ---
[INFO] Nothing to compile - all classes are up to date.
[INFO] 
[INFO] --- surefire:3.2.5:test (default-test) @ unidbg-adjust-runner ---
[INFO] Using auto detected provider org.apache.maven.surefire.junitplatform.JUnitPlatformProvider
[INFO] 
[INFO] -------------------------------------------------------
[INFO]  T E S T S
[INFO] -------------------------------------------------------
[INFO] Running local.RecoveredNativeBackendIntegrationTest
[main]V/SignerInstance: Signing all the parameters begin: 2026-07-15T09:56:37.065+0800
[main]V/SignerInstance: Calling native begin: 2026-07-15T09:56:37.089+0800
[main]V/SignerInstance: Calling native end  : 2026-07-15T09:56:37.139+0800
[main]V/SignerInstance: Signing all the parameters end  : 2026-07-15T09:56:37.140+0800
[main]V/SignerInstance: Signing all the parameters begin: 2026-07-15T09:56:37.169+0800
[main]V/SignerInstance: Calling native begin: 2026-07-15T09:56:37.169+0800
[main]V/SignerInstance: Calling native end  : 2026-07-15T09:56:37.200+0800
[main]V/SignerInstance: Signing all the parameters end  : 2026-07-15T09:56:37.201+0800
[main]V/SignerInstance: Signing all the parameters begin: 2026-07-15T09:56:37.209+0800
[main]V/SignerInstance: Calling native begin: 2026-07-15T09:56:37.209+0800
[main]V/SignerInstance: Calling native end  : 2026-07-15T09:56:37.228+0800
[main]V/SignerInstance: Signing all the parameters end  : 2026-07-15T09:56:37.228+0800
[main]V/SignerInstance: Signing all the parameters begin: 2026-07-15T09:56:37.235+0800
[main]V/SignerInstance: Calling native begin: 2026-07-15T09:56:37.324+0800
[main]V/SignerInstance: Calling native end  : 2026-07-15T09:56:37.349+0800
[main]V/SignerInstance: Signing all the parameters end  : 2026-07-15T09:56:37.349+0800
[main]V/SignerInstance: Signing all the parameters begin: 2026-07-15T09:56:37.356+0800
[main]V/SignerInstance: Calling native begin: 2026-07-15T09:56:37.356+0800
[main]V/SignerInstance: Calling native end  : 2026-07-15T09:56:37.379+0800
[main]V/SignerInstance: Signing all the parameters end  : 2026-07-15T09:56:37.380+0800
[main]V/SignerInstance: Signing all the parameters begin: 2026-07-15T09:56:37.388+0800
[main]V/SignerInstance: Calling native begin: 2026-07-15T09:56:37.388+0800
[main]V/SignerInstance: Calling native end  : 2026-07-15T09:56:37.409+0800
[main]V/SignerInstance: Signing all the parameters end  : 2026-07-15T09:56:37.409+0800
[main]V/SignerInstance: Signing all the parameters begin: 2026-07-15T09:56:37.415+0800
[main]V/SignerInstance: Calling native begin: 2026-07-15T09:56:37.415+0800
[main]V/SignerInstance: Calling native end  : 2026-07-15T09:56:37.452+0800
[main]V/SignerInstance: Signing all the parameters end  : 2026-07-15T09:56:37.452+0800
[main]V/SignerInstance: Signing all the parameters begin: 2026-07-15T09:56:37.459+0800
[main]V/SignerInstance: Calling native begin: 2026-07-15T09:56:37.460+0800
[main]V/SignerInstance: Calling native end  : 2026-07-15T09:56:37.477+0800
[main]V/SignerInstance: Signing all the parameters end  : 2026-07-15T09:56:37.477+0800
[main]V/SignerInstance: Signing all the parameters begin: 2026-07-15T09:56:37.483+0800
[main]V/SignerInstance: Calling native begin: 2026-07-15T09:56:37.484+0800
[main]V/SignerInstance: Calling native end  : 2026-07-15T09:56:37.496+0800
[main]V/SignerInstance: Signing all the parameters end  : 2026-07-15T09:56:37.496+0800
[main]V/SignerInstance: Signing all the parameters begin: 2026-07-15T09:56:37.500+0800
[main]V/SignerInstance: Calling native begin: 2026-07-15T09:56:37.500+0800
[main]V/SignerInstance: Calling native end  : 2026-07-15T09:56:37.516+0800
[main]V/SignerInstance: Signing all the parameters end  : 2026-07-15T09:56:37.517+0800
[main]V/SignerInstance: Signing all the parameters begin: 2026-07-15T09:56:37.520+0800
[main]V/SignerInstance: Calling native begin: 2026-07-15T09:56:37.576+0800
[main]V/SignerInstance: Calling native end  : 2026-07-15T09:56:37.597+0800
[main]V/SignerInstance: Signing all the parameters end  : 2026-07-15T09:56:37.597+0800
[main]V/SignerInstance: Signing all the parameters begin: 2026-07-15T09:56:37.603+0800
[main]V/SignerInstance: Calling native begin: 2026-07-15T09:56:37.604+0800
[main]V/SignerInstance: Calling native end  : 2026-07-15T09:56:37.618+0800
[main]V/SignerInstance: Signing all the parameters end  : 2026-07-15T09:56:37.619+0800
[main]V/SignerInstance: Signing all the parameters begin: 2026-07-15T09:56:37.624+0800
[main]V/SignerInstance: Calling native begin: 2026-07-15T09:56:37.624+0800
[main]V/SignerInstance: Calling native end  : 2026-07-15T09:56:37.637+0800
[main]V/SignerInstance: Signing all the parameters end  : 2026-07-15T09:56:37.638+0800
[main]V/SignerInstance: Signing all the parameters begin: 2026-07-15T09:56:37.643+0800
[main]V/SignerInstance: Calling native begin: 2026-07-15T09:56:37.644+0800
[main]V/SignerInstance: Calling native end  : 2026-07-15T09:56:37.663+0800
[main]V/SignerInstance: Signing all the parameters end  : 2026-07-15T09:56:37.663+0800
[main]V/SignerInstance: Signing all the parameters begin: 2026-07-15T09:56:37.690+0800
[main]V/SignerInstance: Calling native begin: 2026-07-15T09:56:37.690+0800
[main]V/SignerInstance: Calling native end  : 2026-07-15T09:56:37.710+0800
[main]V/SignerInstance: Signing all the parameters end  : 2026-07-15T09:56:37.710+0800
[main]V/SignerInstance: Signing all the parameters begin: 2026-07-15T09:56:37.717+0800
[main]V/SignerInstance: Calling native begin: 2026-07-15T09:56:37.717+0800
[main]V/SignerInstance: Calling native end  : 2026-07-15T09:56:37.737+0800
[main]V/SignerInstance: Signing all the parameters end  : 2026-07-15T09:56:37.737+0800
[main]V/SignerInstance: Signing all the parameters begin: 2026-07-15T09:56:37.744+0800
[main]V/SignerInstance: Calling native begin: 2026-07-15T09:56:37.745+0800
[main]V/SignerInstance: Calling native end  : 2026-07-15T09:56:37.770+0800
[main]V/SignerInstance: Signing all the parameters end  : 2026-07-15T09:56:37.770+0800
[main]V/SignerInstance: Signing all the parameters begin: 2026-07-15T09:56:37.791+0800
[main]V/SignerInstance: Calling native begin: 2026-07-15T09:56:37.875+0800
[main]V/SignerInstance: Calling native end  : 2026-07-15T09:56:37.899+0800
[main]V/SignerInstance: Signing all the parameters end  : 2026-07-15T09:56:37.899+0800
[main]V/SignerInstance: Signing all the parameters begin: 2026-07-15T09:56:37.904+0800
[main]V/SignerInstance: Calling native begin: 2026-07-15T09:56:37.904+0800
[main]V/SignerInstance: Calling native end  : 2026-07-15T09:56:37.926+0800
[main]V/SignerInstance: Signing all the parameters end  : 2026-07-15T09:56:37.926+0800
loaded libsigner.so base=0x12340000 size=0x148000
[main]V/SignerInstance: Signing all the parameters begin: 2026-07-15T09:56:39.837+0800
[main]V/SignerInstance: Calling native begin: 2026-07-15T09:56:39.837+0800
[main] WARN com.github.unidbg.Utils - read path=java.io.RandomAccessFile@787f32b7, fp=10674152, _count=4096, length=10670511, buffer=RW@0x12309000
[main]V/SignerInstance: Calling native end  : 2026-07-15T09:56:58.425+0800
[main]V/SignerInstance: Signing all the parameters end  : 2026-07-15T09:56:58.425+0800
[main]V/SignerInstance: Signing all the parameters begin: 2026-07-15T09:56:58.434+0800
[main]V/SignerInstance: Calling native begin: 2026-07-15T09:56:58.434+0800
[main]V/SignerInstance: Calling native end  : 2026-07-15T09:56:58.476+0800
[main]V/SignerInstance: Signing all the parameters end  : 2026-07-15T09:56:58.476+0800
loaded libsigner.so base=0x12340000 size=0x148000
[main]V/SignerInstance: Signing all the parameters begin: 2026-07-15T09:56:58.807+0800
[main]V/SignerInstance: Calling native begin: 2026-07-15T09:56:58.808+0800
[main] WARN com.github.unidbg.Utils - read path=java.io.RandomAccessFile@4088741b, fp=10674152, _count=4096, length=10670511, buffer=RW@0x12309000
[main]V/SignerInstance: Calling native end  : 2026-07-15T09:57:18.070+0800
[main]V/SignerInstance: Signing all the parameters end  : 2026-07-15T09:57:18.071+0800
[main]V/SignerInstance: Signing all the parameters begin: 2026-07-15T09:57:18.077+0800
[main]V/SignerInstance: Calling native begin: 2026-07-15T09:57:18.077+0800
[main]V/SignerInstance: Calling native end  : 2026-07-15T09:57:18.104+0800
[main]V/SignerInstance: Signing all the parameters end  : 2026-07-15T09:57:18.104+0800
[INFO] Tests run: 21, Failures: 0, Errors: 0, Skipped: 0, Time elapsed: 41.21 s -- in local.RecoveredNativeBackendIntegrationTest
[INFO] 
[INFO] Results:
[INFO] 
[INFO] Tests run: 21, Failures: 0, Errors: 0, Skipped: 0
[INFO] 
[INFO] ------------------------------------------------------------------------
[INFO] BUILD SUCCESS
[INFO] ------------------------------------------------------------------------
[INFO] Total time:  43.425 s
[INFO] Finished at: 2026-07-15T09:57:18+08:00
[INFO] ------------------------------------------------------------------------
