[INFO] Scanning for projects...
[INFO] 
[INFO] ------------------< local.qbdi:unidbg-adjust-runner >-------------------
[INFO] Building unidbg-adjust-runner 1.0-SNAPSHOT
[INFO]   from pom.xml
[INFO] --------------------------------[ jar ]---------------------------------
[INFO] 
[INFO] --- resources:3.4.0:resources (default-resources) @ unidbg-adjust-runner ---
[INFO] skip non existing resourceDirectory /Users/sanbo/Desktop/api/qbdi/unidbg-adjust-runner/src/main/resources
[INFO] 
[INFO] --- compiler:3.15.0:compile (default-compile) @ unidbg-adjust-runner ---
[INFO] Nothing to compile - all classes are up to date.
[INFO] 
[INFO] --- resources:3.4.0:testResources (default-testResources) @ unidbg-adjust-runner ---
[INFO] skip non existing resourceDirectory /Users/sanbo/Desktop/api/qbdi/unidbg-adjust-runner/src/test/resources
[INFO] 
[INFO] --- compiler:3.15.0:testCompile (default-testCompile) @ unidbg-adjust-runner ---
[INFO] Nothing to compile - all classes are up to date.
[INFO] 
[INFO] --- surefire:3.2.5:test (default-test) @ unidbg-adjust-runner ---
[INFO] Using auto detected provider org.apache.maven.surefire.junitplatform.JUnitPlatformProvider
[INFO] 
[INFO] -------------------------------------------------------
[INFO]  T E S T S
[INFO] -------------------------------------------------------
[INFO] Running local.RecoveredNativeBackendIntegrationTest
[main]V/SignerInstance: Signing all the parameters begin: 2026-07-15T16:22:25.578+0800
[main]V/SignerInstance: Calling native begin: 2026-07-15T16:22:25.605+0800
[main]V/SignerInstance: Calling native end  : 2026-07-15T16:22:25.657+0800
[main]V/SignerInstance: Signing all the parameters end  : 2026-07-15T16:22:25.658+0800
[main]V/SignerInstance: Signing all the parameters begin: 2026-07-15T16:22:25.679+0800
[main]V/SignerInstance: Calling native begin: 2026-07-15T16:22:25.679+0800
[main]V/SignerInstance: Calling native end  : 2026-07-15T16:22:25.704+0800
[main]V/SignerInstance: Signing all the parameters end  : 2026-07-15T16:22:25.705+0800
[main]V/SignerInstance: Signing all the parameters begin: 2026-07-15T16:22:25.714+0800
[main]V/SignerInstance: Calling native begin: 2026-07-15T16:22:25.715+0800
[main]V/SignerInstance: Calling native end  : 2026-07-15T16:22:25.728+0800
[main]V/SignerInstance: Signing all the parameters end  : 2026-07-15T16:22:25.729+0800
[main]V/SignerInstance: Signing all the parameters begin: 2026-07-15T16:22:25.733+0800
[main]V/SignerInstance: Calling native begin: 2026-07-15T16:22:25.804+0800
[main]V/SignerInstance: Calling native end  : 2026-07-15T16:22:25.824+0800
[main]V/SignerInstance: Signing all the parameters end  : 2026-07-15T16:22:25.824+0800
[main]V/SignerInstance: Signing all the parameters begin: 2026-07-15T16:22:25.829+0800
[main]V/SignerInstance: Calling native begin: 2026-07-15T16:22:25.830+0800
[main]V/SignerInstance: Calling native end  : 2026-07-15T16:22:25.847+0800
[main]V/SignerInstance: Signing all the parameters end  : 2026-07-15T16:22:25.847+0800
[main]V/SignerInstance: Signing all the parameters begin: 2026-07-15T16:22:25.852+0800
[main]V/SignerInstance: Calling native begin: 2026-07-15T16:22:25.852+0800
[main]V/SignerInstance: Calling native end  : 2026-07-15T16:22:25.870+0800
[main]V/SignerInstance: Signing all the parameters end  : 2026-07-15T16:22:25.870+0800
[main]V/SignerInstance: Signing all the parameters begin: 2026-07-15T16:22:25.874+0800
[main]V/SignerInstance: Calling native begin: 2026-07-15T16:22:25.874+0800
[main]V/SignerInstance: Calling native end  : 2026-07-15T16:22:25.898+0800
[main]V/SignerInstance: Signing all the parameters end  : 2026-07-15T16:22:25.898+0800
[main]V/SignerInstance: Signing all the parameters begin: 2026-07-15T16:22:25.902+0800
[main]V/SignerInstance: Calling native begin: 2026-07-15T16:22:25.902+0800
[main]V/SignerInstance: Calling native end  : 2026-07-15T16:22:25.919+0800
[main]V/SignerInstance: Signing all the parameters end  : 2026-07-15T16:22:25.919+0800
[main]V/SignerInstance: Signing all the parameters begin: 2026-07-15T16:22:25.926+0800
[main]V/SignerInstance: Calling native begin: 2026-07-15T16:22:25.927+0800
[main]V/SignerInstance: Calling native end  : 2026-07-15T16:22:25.942+0800
[main]V/SignerInstance: Signing all the parameters end  : 2026-07-15T16:22:25.942+0800
[main]V/SignerInstance: Signing all the parameters begin: 2026-07-15T16:22:25.946+0800
[main]V/SignerInstance: Calling native begin: 2026-07-15T16:22:25.947+0800
[main]V/SignerInstance: Calling native end  : 2026-07-15T16:22:25.961+0800
[main]V/SignerInstance: Signing all the parameters end  : 2026-07-15T16:22:25.962+0800
[main]V/SignerInstance: Signing all the parameters begin: 2026-07-15T16:22:25.968+0800
[main]V/SignerInstance: Calling native begin: 2026-07-15T16:22:26.026+0800
[main]V/SignerInstance: Calling native end  : 2026-07-15T16:22:26.044+0800
[main]V/SignerInstance: Signing all the parameters end  : 2026-07-15T16:22:26.044+0800
[main]V/SignerInstance: Signing all the parameters begin: 2026-07-15T16:22:26.048+0800
[main]V/SignerInstance: Calling native begin: 2026-07-15T16:22:26.049+0800
[main]V/SignerInstance: Calling native end  : 2026-07-15T16:22:26.061+0800
[main]V/SignerInstance: Signing all the parameters end  : 2026-07-15T16:22:26.062+0800
[main]V/SignerInstance: Signing all the parameters begin: 2026-07-15T16:22:26.066+0800
[main]V/SignerInstance: Calling native begin: 2026-07-15T16:22:26.066+0800
[main]V/SignerInstance: Calling native end  : 2026-07-15T16:22:26.081+0800
[main]V/SignerInstance: Signing all the parameters end  : 2026-07-15T16:22:26.081+0800
[main]V/SignerInstance: Signing all the parameters begin: 2026-07-15T16:22:26.085+0800
[main]V/SignerInstance: Calling native begin: 2026-07-15T16:22:26.086+0800
[main]V/SignerInstance: Calling native end  : 2026-07-15T16:22:26.105+0800
[main]V/SignerInstance: Signing all the parameters end  : 2026-07-15T16:22:26.106+0800
[main]V/SignerInstance: Signing all the parameters begin: 2026-07-15T16:22:26.137+0800
[main]V/SignerInstance: Calling native begin: 2026-07-15T16:22:26.138+0800
[main]V/SignerInstance: Calling native end  : 2026-07-15T16:22:26.162+0800
[main]V/SignerInstance: Signing all the parameters end  : 2026-07-15T16:22:26.162+0800
[main]V/SignerInstance: Signing all the parameters begin: 2026-07-15T16:22:26.168+0800
[main]V/SignerInstance: Calling native begin: 2026-07-15T16:22:26.168+0800
[main]V/SignerInstance: Calling native end  : 2026-07-15T16:22:26.195+0800
[main]V/SignerInstance: Signing all the parameters end  : 2026-07-15T16:22:26.195+0800
[main]V/SignerInstance: Signing all the parameters begin: 2026-07-15T16:22:26.200+0800
[main]V/SignerInstance: Calling native begin: 2026-07-15T16:22:26.201+0800
[main]V/SignerInstance: Calling native end  : 2026-07-15T16:22:26.221+0800
[main]V/SignerInstance: Signing all the parameters end  : 2026-07-15T16:22:26.221+0800
[main]V/SignerInstance: Signing all the parameters begin: 2026-07-15T16:22:26.232+0800
[main]V/SignerInstance: Calling native begin: 2026-07-15T16:22:26.252+0800
[main]V/SignerInstance: Calling native end  : 2026-07-15T16:22:26.268+0800
[main]V/SignerInstance: Signing all the parameters end  : 2026-07-15T16:22:26.268+0800
[main]V/SignerInstance: Signing all the parameters begin: 2026-07-15T16:22:26.272+0800
[main]V/SignerInstance: Calling native begin: 2026-07-15T16:22:26.272+0800
[main]V/SignerInstance: Calling native end  : 2026-07-15T16:22:26.289+0800
[main]V/SignerInstance: Signing all the parameters end  : 2026-07-15T16:22:26.289+0800
loaded libsigner.so base=0x12340000 size=0x148000
[main]V/SignerInstance: Signing all the parameters begin: 2026-07-15T16:22:28.279+0800
[main]V/SignerInstance: Calling native begin: 2026-07-15T16:22:28.279+0800
[main] WARN com.github.unidbg.Utils - read path=java.io.RandomAccessFile@787f32b7, fp=10674152, _count=4096, length=10670511, buffer=RW@0x12309000
[main]V/SignerInstance: Calling native end  : 2026-07-15T16:22:43.326+0800
[main]V/SignerInstance: Signing all the parameters end  : 2026-07-15T16:22:43.327+0800
[main]V/SignerInstance: Signing all the parameters begin: 2026-07-15T16:22:43.331+0800
[main]V/SignerInstance: Calling native begin: 2026-07-15T16:22:43.331+0800
[main]V/SignerInstance: Calling native end  : 2026-07-15T16:22:43.361+0800
[main]V/SignerInstance: Signing all the parameters end  : 2026-07-15T16:22:43.361+0800
loaded libsigner.so base=0x12340000 size=0x148000
[main]V/SignerInstance: Signing all the parameters begin: 2026-07-15T16:22:43.562+0800
[main]V/SignerInstance: Calling native begin: 2026-07-15T16:22:43.563+0800
[main] WARN com.github.unidbg.Utils - read path=java.io.RandomAccessFile@4088741b, fp=10674152, _count=4096, length=10670511, buffer=RW@0x12309000
[main]V/SignerInstance: Calling native end  : 2026-07-15T16:22:59.955+0800
[main]V/SignerInstance: Signing all the parameters end  : 2026-07-15T16:22:59.955+0800
[main]V/SignerInstance: Signing all the parameters begin: 2026-07-15T16:22:59.961+0800
[main]V/SignerInstance: Calling native begin: 2026-07-15T16:22:59.961+0800
[main]V/SignerInstance: Calling native end  : 2026-07-15T16:22:59.984+0800
[main]V/SignerInstance: Signing all the parameters end  : 2026-07-15T16:22:59.984+0800
[INFO] Tests run: 21, Failures: 0, Errors: 0, Skipped: 0, Time elapsed: 34.60 s -- in local.RecoveredNativeBackendIntegrationTest
[INFO] 
[INFO] Results:
[INFO] 
[INFO] Tests run: 21, Failures: 0, Errors: 0, Skipped: 0
[INFO] 
[INFO] ------------------------------------------------------------------------
[INFO] BUILD SUCCESS
[INFO] ------------------------------------------------------------------------
[INFO] Total time:  36.662 s
[INFO] Finished at: 2026-07-15T16:23:00+08:00
[INFO] ------------------------------------------------------------------------
