[INFO] Scanning for projects...
[INFO] 
[INFO] ------------------< local.qbdi:unidbg-adjust-runner >-------------------
[INFO] Building unidbg-adjust-runner 1.0-SNAPSHOT
[INFO]   from pom.xml
[INFO] --------------------------------[ jar ]---------------------------------
[INFO] 
[INFO] --- resources:3.4.0:resources (default-resources) @ unidbg-adjust-runner ---
[INFO] skip non existing resourceDirectory /Users/sanbo/Desktop/api/qbdi/unidbg-adjust-runner/src/main/resources
[INFO] 
[INFO] --- compiler:3.15.0:compile (default-compile) @ unidbg-adjust-runner ---
[INFO] Nothing to compile - all classes are up to date.
[INFO] 
[INFO] --- resources:3.4.0:testResources (default-testResources) @ unidbg-adjust-runner ---
[INFO] skip non existing resourceDirectory /Users/sanbo/Desktop/api/qbdi/unidbg-adjust-runner/src/test/resources
[INFO] 
[INFO] --- compiler:3.15.0:testCompile (default-testCompile) @ unidbg-adjust-runner ---
[INFO] Nothing to compile - all classes are up to date.
[INFO] 
[INFO] --- surefire:3.2.5:test (default-test) @ unidbg-adjust-runner ---
[INFO] Using auto detected provider org.apache.maven.surefire.junitplatform.JUnitPlatformProvider
[INFO] 
[INFO] -------------------------------------------------------
[INFO]  T E S T S
[INFO] -------------------------------------------------------
[INFO] Running local.RecoveredNativeBackendIntegrationTest
[main]V/SignerInstance: Signing all the parameters begin: 2026-07-15T08:51:43.283+0800
[main]V/SignerInstance: Calling native begin: 2026-07-15T08:51:43.294+0800
[main]V/SignerInstance: Calling native end  : 2026-07-15T08:51:43.326+0800
[main]V/SignerInstance: Signing all the parameters end  : 2026-07-15T08:51:43.326+0800
[main]V/SignerInstance: Signing all the parameters begin: 2026-07-15T08:51:43.339+0800
[main]V/SignerInstance: Calling native begin: 2026-07-15T08:51:43.339+0800
[main]V/SignerInstance: Calling native end  : 2026-07-15T08:51:43.355+0800
[main]V/SignerInstance: Signing all the parameters end  : 2026-07-15T08:51:43.355+0800
[main]V/SignerInstance: Signing all the parameters begin: 2026-07-15T08:51:43.359+0800
[main]V/SignerInstance: Calling native begin: 2026-07-15T08:51:43.359+0800
[main]V/SignerInstance: Calling native end  : 2026-07-15T08:51:43.369+0800
[main]V/SignerInstance: Signing all the parameters end  : 2026-07-15T08:51:43.369+0800
[main]V/SignerInstance: Signing all the parameters begin: 2026-07-15T08:51:43.373+0800
[main]V/SignerInstance: Calling native begin: 2026-07-15T08:51:43.461+0800
[main]V/SignerInstance: Calling native end  : 2026-07-15T08:51:43.474+0800
[main]V/SignerInstance: Signing all the parameters end  : 2026-07-15T08:51:43.474+0800
[main]V/SignerInstance: Signing all the parameters begin: 2026-07-15T08:51:43.477+0800
[main]V/SignerInstance: Calling native begin: 2026-07-15T08:51:43.478+0800
[main]V/SignerInstance: Calling native end  : 2026-07-15T08:51:43.491+0800
[main]V/SignerInstance: Signing all the parameters end  : 2026-07-15T08:51:43.491+0800
[main]V/SignerInstance: Signing all the parameters begin: 2026-07-15T08:51:43.495+0800
[main]V/SignerInstance: Calling native begin: 2026-07-15T08:51:43.495+0800
[main]V/SignerInstance: Calling native end  : 2026-07-15T08:51:43.509+0800
[main]V/SignerInstance: Signing all the parameters end  : 2026-07-15T08:51:43.509+0800
[main]V/SignerInstance: Signing all the parameters begin: 2026-07-15T08:51:43.512+0800
[main]V/SignerInstance: Calling native begin: 2026-07-15T08:51:43.512+0800
[main]V/SignerInstance: Calling native end  : 2026-07-15T08:51:43.528+0800
[main]V/SignerInstance: Signing all the parameters end  : 2026-07-15T08:51:43.529+0800
[main]V/SignerInstance: Signing all the parameters begin: 2026-07-15T08:51:43.532+0800
[main]V/SignerInstance: Calling native begin: 2026-07-15T08:51:43.532+0800
[main]V/SignerInstance: Calling native end  : 2026-07-15T08:51:43.548+0800
[main]V/SignerInstance: Signing all the parameters end  : 2026-07-15T08:51:43.548+0800
[main]V/SignerInstance: Signing all the parameters begin: 2026-07-15T08:51:43.552+0800
[main]V/SignerInstance: Calling native begin: 2026-07-15T08:51:43.552+0800
[main]V/SignerInstance: Calling native end  : 2026-07-15T08:51:43.562+0800
[main]V/SignerInstance: Signing all the parameters end  : 2026-07-15T08:51:43.562+0800
[main]V/SignerInstance: Signing all the parameters begin: 2026-07-15T08:51:43.565+0800
[main]V/SignerInstance: Calling native begin: 2026-07-15T08:51:43.565+0800
[main]V/SignerInstance: Calling native end  : 2026-07-15T08:51:43.575+0800
[main]V/SignerInstance: Signing all the parameters end  : 2026-07-15T08:51:43.575+0800
[main]V/SignerInstance: Signing all the parameters begin: 2026-07-15T08:51:43.578+0800
[main]V/SignerInstance: Calling native begin: 2026-07-15T08:51:43.677+0800
[main]V/SignerInstance: Calling native end  : 2026-07-15T08:51:43.690+0800
[main]V/SignerInstance: Signing all the parameters end  : 2026-07-15T08:51:43.690+0800
[main]V/SignerInstance: Signing all the parameters begin: 2026-07-15T08:51:43.693+0800
[main]V/SignerInstance: Calling native begin: 2026-07-15T08:51:43.693+0800
[main]V/SignerInstance: Calling native end  : 2026-07-15T08:51:43.703+0800
[main]V/SignerInstance: Signing all the parameters end  : 2026-07-15T08:51:43.703+0800
[main]V/SignerInstance: Signing all the parameters begin: 2026-07-15T08:51:43.705+0800
[main]V/SignerInstance: Calling native begin: 2026-07-15T08:51:43.706+0800
[main]V/SignerInstance: Calling native end  : 2026-07-15T08:51:43.715+0800
[main]V/SignerInstance: Signing all the parameters end  : 2026-07-15T08:51:43.715+0800
[main]V/SignerInstance: Signing all the parameters begin: 2026-07-15T08:51:43.717+0800
[main]V/SignerInstance: Calling native begin: 2026-07-15T08:51:43.718+0800
[main]V/SignerInstance: Calling native end  : 2026-07-15T08:51:43.730+0800
[main]V/SignerInstance: Signing all the parameters end  : 2026-07-15T08:51:43.731+0800
[main]V/SignerInstance: Signing all the parameters begin: 2026-07-15T08:51:43.748+0800
[main]V/SignerInstance: Calling native begin: 2026-07-15T08:51:43.748+0800
[main]V/SignerInstance: Calling native end  : 2026-07-15T08:51:43.761+0800
[main]V/SignerInstance: Signing all the parameters end  : 2026-07-15T08:51:43.761+0800
[main]V/SignerInstance: Signing all the parameters begin: 2026-07-15T08:51:43.765+0800
[main]V/SignerInstance: Calling native begin: 2026-07-15T08:51:43.765+0800
[main]V/SignerInstance: Calling native end  : 2026-07-15T08:51:43.778+0800
[main]V/SignerInstance: Signing all the parameters end  : 2026-07-15T08:51:43.778+0800
[main]V/SignerInstance: Signing all the parameters begin: 2026-07-15T08:51:43.781+0800
[main]V/SignerInstance: Calling native begin: 2026-07-15T08:51:43.781+0800
[main]V/SignerInstance: Calling native end  : 2026-07-15T08:51:43.794+0800
[main]V/SignerInstance: Signing all the parameters end  : 2026-07-15T08:51:43.795+0800
[main]V/SignerInstance: Signing all the parameters begin: 2026-07-15T08:51:43.798+0800
[main]V/SignerInstance: Calling native begin: 2026-07-15T08:51:43.845+0800
[main]V/SignerInstance: Calling native end  : 2026-07-15T08:51:43.859+0800
[main]V/SignerInstance: Signing all the parameters end  : 2026-07-15T08:51:43.859+0800
[main]V/SignerInstance: Signing all the parameters begin: 2026-07-15T08:51:43.863+0800
[main]V/SignerInstance: Calling native begin: 2026-07-15T08:51:43.863+0800
[main]V/SignerInstance: Calling native end  : 2026-07-15T08:51:43.875+0800
[main]V/SignerInstance: Signing all the parameters end  : 2026-07-15T08:51:43.875+0800
loaded libsigner.so base=0x12340000 size=0x148000
[main]V/SignerInstance: Signing all the parameters begin: 2026-07-15T08:51:46.178+0800
[main]V/SignerInstance: Calling native begin: 2026-07-15T08:51:46.179+0800
[main] WARN com.github.unidbg.Utils - read path=java.io.RandomAccessFile@a10c1b5, fp=10674152, _count=4096, length=10670511, buffer=RW@0x12309000
[main]V/SignerInstance: Calling native end  : 2026-07-15T08:51:59.517+0800
[main]V/SignerInstance: Signing all the parameters end  : 2026-07-15T08:51:59.517+0800
[main]V/SignerInstance: Signing all the parameters begin: 2026-07-15T08:51:59.520+0800
[main]V/SignerInstance: Calling native begin: 2026-07-15T08:51:59.520+0800
[main]V/SignerInstance: Calling native end  : 2026-07-15T08:51:59.539+0800
[main]V/SignerInstance: Signing all the parameters end  : 2026-07-15T08:51:59.539+0800
loaded libsigner.so base=0x12340000 size=0x148000
[main]V/SignerInstance: Signing all the parameters begin: 2026-07-15T08:51:59.719+0800
[main]V/SignerInstance: Calling native begin: 2026-07-15T08:51:59.719+0800
[main] WARN com.github.unidbg.Utils - read path=java.io.RandomAccessFile@e4d2696, fp=10674152, _count=4096, length=10670511, buffer=RW@0x12309000
[main]V/SignerInstance: Calling native end  : 2026-07-15T08:52:12.980+0800
[main]V/SignerInstance: Signing all the parameters end  : 2026-07-15T08:52:12.980+0800
[main]V/SignerInstance: Signing all the parameters begin: 2026-07-15T08:52:12.983+0800
[main]V/SignerInstance: Calling native begin: 2026-07-15T08:52:12.983+0800
[main]V/SignerInstance: Calling native end  : 2026-07-15T08:52:12.999+0800
[main]V/SignerInstance: Signing all the parameters end  : 2026-07-15T08:52:12.999+0800
[INFO] Tests run: 21, Failures: 0, Errors: 0, Skipped: 0, Time elapsed: 29.81 s -- in local.RecoveredNativeBackendIntegrationTest
[INFO] 
[INFO] Results:
[INFO] 
[INFO] Tests run: 21, Failures: 0, Errors: 0, Skipped: 0
[INFO] 
[INFO] ------------------------------------------------------------------------
[INFO] BUILD SUCCESS
[INFO] ------------------------------------------------------------------------
[INFO] Total time:  30.845 s
[INFO] Finished at: 2026-07-15T08:52:13+08:00
[INFO] ------------------------------------------------------------------------
