[INFO] Scanning for projects...
[INFO] 
[INFO] ------------------< local.qbdi:unidbg-adjust-runner >-------------------
[INFO] Building unidbg-adjust-runner 1.0-SNAPSHOT
[INFO]   from pom.xml
[INFO] --------------------------------[ jar ]---------------------------------
[INFO] 
[INFO] --- resources:3.4.0:resources (default-resources) @ unidbg-adjust-runner ---
[INFO] skip non existing resourceDirectory /Users/sanbo/Desktop/api/qbdi/unidbg-adjust-runner/src/main/resources
[INFO] 
[INFO] --- compiler:3.15.0:compile (default-compile) @ unidbg-adjust-runner ---
[INFO] Nothing to compile - all classes are up to date.
[INFO] 
[INFO] --- resources:3.4.0:testResources (default-testResources) @ unidbg-adjust-runner ---
[INFO] skip non existing resourceDirectory /Users/sanbo/Desktop/api/qbdi/unidbg-adjust-runner/src/test/resources
[INFO] 
[INFO] --- compiler:3.15.0:testCompile (default-testCompile) @ unidbg-adjust-runner ---
[INFO] Nothing to compile - all classes are up to date.
[INFO] 
[INFO] --- surefire:3.2.5:test (default-test) @ unidbg-adjust-runner ---
[INFO] Using auto detected provider org.apache.maven.surefire.junitplatform.JUnitPlatformProvider
[INFO] 
[INFO] -------------------------------------------------------
[INFO]  T E S T S
[INFO] -------------------------------------------------------
[INFO] Running local.RecoveredNativeBackendIntegrationTest
[main]V/SignerInstance: Signing all the parameters begin: 2026-07-15T07:43:36.138+0800
[main]V/SignerInstance: Calling native begin: 2026-07-15T07:43:36.152+0800
[main]V/SignerInstance: Calling native end  : 2026-07-15T07:43:36.185+0800
[main]V/SignerInstance: Signing all the parameters end  : 2026-07-15T07:43:36.186+0800
[main]V/SignerInstance: Signing all the parameters begin: 2026-07-15T07:43:36.199+0800
[main]V/SignerInstance: Calling native begin: 2026-07-15T07:43:36.199+0800
[main]V/SignerInstance: Calling native end  : 2026-07-15T07:43:36.215+0800
[main]V/SignerInstance: Signing all the parameters end  : 2026-07-15T07:43:36.215+0800
[main]V/SignerInstance: Signing all the parameters begin: 2026-07-15T07:43:36.220+0800
[main]V/SignerInstance: Calling native begin: 2026-07-15T07:43:36.221+0800
[main]V/SignerInstance: Calling native end  : 2026-07-15T07:43:36.230+0800
[main]V/SignerInstance: Signing all the parameters end  : 2026-07-15T07:43:36.230+0800
[main]V/SignerInstance: Signing all the parameters begin: 2026-07-15T07:43:36.234+0800
[main]V/SignerInstance: Calling native begin: 2026-07-15T07:43:36.296+0800
[main]V/SignerInstance: Calling native end  : 2026-07-15T07:43:36.310+0800
[main]V/SignerInstance: Signing all the parameters end  : 2026-07-15T07:43:36.310+0800
[main]V/SignerInstance: Signing all the parameters begin: 2026-07-15T07:43:36.314+0800
[main]V/SignerInstance: Calling native begin: 2026-07-15T07:43:36.314+0800
[main]V/SignerInstance: Calling native end  : 2026-07-15T07:43:36.327+0800
[main]V/SignerInstance: Signing all the parameters end  : 2026-07-15T07:43:36.328+0800
[main]V/SignerInstance: Signing all the parameters begin: 2026-07-15T07:43:36.332+0800
[main]V/SignerInstance: Calling native begin: 2026-07-15T07:43:36.332+0800
[main]V/SignerInstance: Calling native end  : 2026-07-15T07:43:36.346+0800
[main]V/SignerInstance: Signing all the parameters end  : 2026-07-15T07:43:36.346+0800
[main]V/SignerInstance: Signing all the parameters begin: 2026-07-15T07:43:36.349+0800
[main]V/SignerInstance: Calling native begin: 2026-07-15T07:43:36.349+0800
[main]V/SignerInstance: Calling native end  : 2026-07-15T07:43:36.366+0800
[main]V/SignerInstance: Signing all the parameters end  : 2026-07-15T07:43:36.366+0800
[main]V/SignerInstance: Signing all the parameters begin: 2026-07-15T07:43:36.370+0800
[main]V/SignerInstance: Calling native begin: 2026-07-15T07:43:36.371+0800
[main]V/SignerInstance: Calling native end  : 2026-07-15T07:43:36.384+0800
[main]V/SignerInstance: Signing all the parameters end  : 2026-07-15T07:43:36.384+0800
[main]V/SignerInstance: Signing all the parameters begin: 2026-07-15T07:43:36.388+0800
[main]V/SignerInstance: Calling native begin: 2026-07-15T07:43:36.388+0800
[main]V/SignerInstance: Calling native end  : 2026-07-15T07:43:36.399+0800
[main]V/SignerInstance: Signing all the parameters end  : 2026-07-15T07:43:36.400+0800
[main]V/SignerInstance: Signing all the parameters begin: 2026-07-15T07:43:36.404+0800
[main]V/SignerInstance: Calling native begin: 2026-07-15T07:43:36.404+0800
[main]V/SignerInstance: Calling native end  : 2026-07-15T07:43:36.414+0800
[main]V/SignerInstance: Signing all the parameters end  : 2026-07-15T07:43:36.414+0800
[main]V/SignerInstance: Signing all the parameters begin: 2026-07-15T07:43:36.417+0800
[main]V/SignerInstance: Calling native begin: 2026-07-15T07:43:36.479+0800
[main]V/SignerInstance: Calling native end  : 2026-07-15T07:43:36.494+0800
[main]V/SignerInstance: Signing all the parameters end  : 2026-07-15T07:43:36.494+0800
[main]V/SignerInstance: Signing all the parameters begin: 2026-07-15T07:43:36.497+0800
[main]V/SignerInstance: Calling native begin: 2026-07-15T07:43:36.497+0800
[main]V/SignerInstance: Calling native end  : 2026-07-15T07:43:36.507+0800
[main]V/SignerInstance: Signing all the parameters end  : 2026-07-15T07:43:36.507+0800
[main]V/SignerInstance: Signing all the parameters begin: 2026-07-15T07:43:36.510+0800
[main]V/SignerInstance: Calling native begin: 2026-07-15T07:43:36.511+0800
[main]V/SignerInstance: Calling native end  : 2026-07-15T07:43:36.521+0800
[main]V/SignerInstance: Signing all the parameters end  : 2026-07-15T07:43:36.521+0800
[main]V/SignerInstance: Signing all the parameters begin: 2026-07-15T07:43:36.524+0800
[main]V/SignerInstance: Calling native begin: 2026-07-15T07:43:36.524+0800
[main]V/SignerInstance: Calling native end  : 2026-07-15T07:43:36.538+0800
[main]V/SignerInstance: Signing all the parameters end  : 2026-07-15T07:43:36.538+0800
[main]V/SignerInstance: Signing all the parameters begin: 2026-07-15T07:43:36.556+0800
[main]V/SignerInstance: Calling native begin: 2026-07-15T07:43:36.556+0800
[main]V/SignerInstance: Calling native end  : 2026-07-15T07:43:36.569+0800
[main]V/SignerInstance: Signing all the parameters end  : 2026-07-15T07:43:36.569+0800
[main]V/SignerInstance: Signing all the parameters begin: 2026-07-15T07:43:36.573+0800
[main]V/SignerInstance: Calling native begin: 2026-07-15T07:43:36.573+0800
[main]V/SignerInstance: Calling native end  : 2026-07-15T07:43:36.586+0800
[main]V/SignerInstance: Signing all the parameters end  : 2026-07-15T07:43:36.586+0800
[main]V/SignerInstance: Signing all the parameters begin: 2026-07-15T07:43:36.589+0800
[main]V/SignerInstance: Calling native begin: 2026-07-15T07:43:36.589+0800
[main]V/SignerInstance: Calling native end  : 2026-07-15T07:43:36.603+0800
[main]V/SignerInstance: Signing all the parameters end  : 2026-07-15T07:43:36.603+0800
[main]V/SignerInstance: Signing all the parameters begin: 2026-07-15T07:43:36.611+0800
[main]V/SignerInstance: Calling native begin: 2026-07-15T07:43:36.638+0800
[main]V/SignerInstance: Calling native end  : 2026-07-15T07:43:36.651+0800
[main]V/SignerInstance: Signing all the parameters end  : 2026-07-15T07:43:36.651+0800
[main]V/SignerInstance: Signing all the parameters begin: 2026-07-15T07:43:36.654+0800
[main]V/SignerInstance: Calling native begin: 2026-07-15T07:43:36.654+0800
[main]V/SignerInstance: Calling native end  : 2026-07-15T07:43:36.667+0800
[main]V/SignerInstance: Signing all the parameters end  : 2026-07-15T07:43:36.667+0800
loaded libsigner.so base=0x12340000 size=0x148000
[main]V/SignerInstance: Signing all the parameters begin: 2026-07-15T07:43:38.196+0800
[main]V/SignerInstance: Calling native begin: 2026-07-15T07:43:38.196+0800
[main] WARN com.github.unidbg.Utils - read path=java.io.RandomAccessFile@7d0cc890, fp=10674152, _count=4096, length=10670511, buffer=RW@0x12309000
[main]V/SignerInstance: Calling native end  : 2026-07-15T07:43:54.118+0800
[main]V/SignerInstance: Signing all the parameters end  : 2026-07-15T07:43:54.118+0800
[main]V/SignerInstance: Signing all the parameters begin: 2026-07-15T07:43:54.121+0800
[main]V/SignerInstance: Calling native begin: 2026-07-15T07:43:54.121+0800
[main]V/SignerInstance: Calling native end  : 2026-07-15T07:43:54.142+0800
[main]V/SignerInstance: Signing all the parameters end  : 2026-07-15T07:43:54.142+0800
loaded libsigner.so base=0x12340000 size=0x148000
[main]V/SignerInstance: Signing all the parameters begin: 2026-07-15T07:43:54.321+0800
[main]V/SignerInstance: Calling native begin: 2026-07-15T07:43:54.321+0800
[main] WARN com.github.unidbg.Utils - read path=java.io.RandomAccessFile@4088741b, fp=10674152, _count=4096, length=10670511, buffer=RW@0x12309000
[main]V/SignerInstance: Calling native end  : 2026-07-15T07:44:07.788+0800
[main]V/SignerInstance: Signing all the parameters end  : 2026-07-15T07:44:07.788+0800
[main]V/SignerInstance: Signing all the parameters begin: 2026-07-15T07:44:07.791+0800
[main]V/SignerInstance: Calling native begin: 2026-07-15T07:44:07.791+0800
[main]V/SignerInstance: Calling native end  : 2026-07-15T07:44:07.808+0800
[main]V/SignerInstance: Signing all the parameters end  : 2026-07-15T07:44:07.808+0800
[INFO] Tests run: 21, Failures: 0, Errors: 0, Skipped: 0, Time elapsed: 31.81 s -- in local.RecoveredNativeBackendIntegrationTest
[INFO] 
[INFO] Results:
[INFO] 
[INFO] Tests run: 21, Failures: 0, Errors: 0, Skipped: 0
[INFO] 
[INFO] ------------------------------------------------------------------------
[INFO] BUILD SUCCESS
[INFO] ------------------------------------------------------------------------
[INFO] Total time:  32.986 s
[INFO] Finished at: 2026-07-15T07:44:07+08:00
[INFO] ------------------------------------------------------------------------
