[INFO] Scanning for projects...
[INFO] 
[INFO] ------------------< local.qbdi:unidbg-adjust-runner >-------------------
[INFO] Building unidbg-adjust-runner 1.0-SNAPSHOT
[INFO]   from pom.xml
[INFO] --------------------------------[ jar ]---------------------------------
[INFO] 
[INFO] --- resources:3.4.0:resources (default-resources) @ unidbg-adjust-runner ---
[INFO] skip non existing resourceDirectory /Users/sanbo/Desktop/api/qbdi/unidbg-adjust-runner/src/main/resources
[INFO] 
[INFO] --- compiler:3.15.0:compile (default-compile) @ unidbg-adjust-runner ---
[INFO] Nothing to compile - all classes are up to date.
[INFO] 
[INFO] --- resources:3.4.0:testResources (default-testResources) @ unidbg-adjust-runner ---
[INFO] skip non existing resourceDirectory /Users/sanbo/Desktop/api/qbdi/unidbg-adjust-runner/src/test/resources
[INFO] 
[INFO] --- compiler:3.15.0:testCompile (default-testCompile) @ unidbg-adjust-runner ---
[INFO] Nothing to compile - all classes are up to date.
[INFO] 
[INFO] --- surefire:3.2.5:test (default-test) @ unidbg-adjust-runner ---
[INFO] Using auto detected provider org.apache.maven.surefire.junitplatform.JUnitPlatformProvider
[INFO] 
[INFO] -------------------------------------------------------
[INFO]  T E S T S
[INFO] -------------------------------------------------------
[INFO] Running local.RecoveredNativeBackendIntegrationTest
[main]V/SignerInstance: Signing all the parameters begin: 2026-07-15T12:30:39.984+0800
[main]V/SignerInstance: Calling native begin: 2026-07-15T12:30:40.028+0800
[main]V/SignerInstance: Calling native end  : 2026-07-15T12:30:40.196+0800
[main]V/SignerInstance: Signing all the parameters end  : 2026-07-15T12:30:40.203+0800
[main]V/SignerInstance: Signing all the parameters begin: 2026-07-15T12:30:40.294+0800
[main]V/SignerInstance: Calling native begin: 2026-07-15T12:30:40.294+0800
[main]V/SignerInstance: Calling native end  : 2026-07-15T12:30:40.390+0800
[main]V/SignerInstance: Signing all the parameters end  : 2026-07-15T12:30:40.391+0800
[main]V/SignerInstance: Signing all the parameters begin: 2026-07-15T12:30:40.430+0800
[main]V/SignerInstance: Calling native begin: 2026-07-15T12:30:40.430+0800
[main]V/SignerInstance: Calling native end  : 2026-07-15T12:30:40.487+0800
[main]V/SignerInstance: Signing all the parameters end  : 2026-07-15T12:30:40.487+0800
[main]V/SignerInstance: Signing all the parameters begin: 2026-07-15T12:30:40.548+0800
[main]V/SignerInstance: Calling native begin: 2026-07-15T12:30:40.833+0800
[main]V/SignerInstance: Calling native end  : 2026-07-15T12:30:40.894+0800
[main]V/SignerInstance: Signing all the parameters end  : 2026-07-15T12:30:40.895+0800
[main]V/SignerInstance: Signing all the parameters begin: 2026-07-15T12:30:40.913+0800
[main]V/SignerInstance: Calling native begin: 2026-07-15T12:30:40.914+0800
[main]V/SignerInstance: Calling native end  : 2026-07-15T12:30:40.968+0800
[main]V/SignerInstance: Signing all the parameters end  : 2026-07-15T12:30:40.968+0800
[main]V/SignerInstance: Signing all the parameters begin: 2026-07-15T12:30:41.017+0800
[main]V/SignerInstance: Calling native begin: 2026-07-15T12:30:41.018+0800
[main]V/SignerInstance: Calling native end  : 2026-07-15T12:30:41.115+0800
[main]V/SignerInstance: Signing all the parameters end  : 2026-07-15T12:30:41.116+0800
[main]V/SignerInstance: Signing all the parameters begin: 2026-07-15T12:30:41.172+0800
[main]V/SignerInstance: Calling native begin: 2026-07-15T12:30:41.172+0800
[main]V/SignerInstance: Calling native end  : 2026-07-15T12:30:41.261+0800
[main]V/SignerInstance: Signing all the parameters end  : 2026-07-15T12:30:41.261+0800
[main]V/SignerInstance: Signing all the parameters begin: 2026-07-15T12:30:41.304+0800
[main]V/SignerInstance: Calling native begin: 2026-07-15T12:30:41.305+0800
[main]V/SignerInstance: Calling native end  : 2026-07-15T12:30:41.378+0800
[main]V/SignerInstance: Signing all the parameters end  : 2026-07-15T12:30:41.378+0800
[main]V/SignerInstance: Signing all the parameters begin: 2026-07-15T12:30:41.445+0800
[main]V/SignerInstance: Calling native begin: 2026-07-15T12:30:41.446+0800
[main]V/SignerInstance: Calling native end  : 2026-07-15T12:30:41.498+0800
[main]V/SignerInstance: Signing all the parameters end  : 2026-07-15T12:30:41.507+0800
[main]V/SignerInstance: Signing all the parameters begin: 2026-07-15T12:30:41.568+0800
[main]V/SignerInstance: Calling native begin: 2026-07-15T12:30:41.569+0800
[main]V/SignerInstance: Calling native end  : 2026-07-15T12:30:41.650+0800
[main]V/SignerInstance: Signing all the parameters end  : 2026-07-15T12:30:41.650+0800
[main]V/SignerInstance: Signing all the parameters begin: 2026-07-15T12:30:41.668+0800
[main]V/SignerInstance: Calling native begin: 2026-07-15T12:30:41.818+0800
[main]V/SignerInstance: Calling native end  : 2026-07-15T12:30:41.887+0800
[main]V/SignerInstance: Signing all the parameters end  : 2026-07-15T12:30:41.887+0800
[main]V/SignerInstance: Signing all the parameters begin: 2026-07-15T12:30:41.923+0800
[main]V/SignerInstance: Calling native begin: 2026-07-15T12:30:41.923+0800
[main]V/SignerInstance: Calling native end  : 2026-07-15T12:30:41.976+0800
[main]V/SignerInstance: Signing all the parameters end  : 2026-07-15T12:30:41.976+0800
[main]V/SignerInstance: Signing all the parameters begin: 2026-07-15T12:30:41.998+0800
[main]V/SignerInstance: Calling native begin: 2026-07-15T12:30:41.998+0800
[main]V/SignerInstance: Calling native end  : 2026-07-15T12:30:42.202+0800
[main]V/SignerInstance: Signing all the parameters end  : 2026-07-15T12:30:42.203+0800
[main]V/SignerInstance: Signing all the parameters begin: 2026-07-15T12:30:42.245+0800
[main]V/SignerInstance: Calling native begin: 2026-07-15T12:30:42.246+0800
[main]V/SignerInstance: Calling native end  : 2026-07-15T12:30:42.307+0800
[main]V/SignerInstance: Signing all the parameters end  : 2026-07-15T12:30:42.308+0800
[main]V/SignerInstance: Signing all the parameters begin: 2026-07-15T12:30:42.441+0800
[main]V/SignerInstance: Calling native begin: 2026-07-15T12:30:42.441+0800
[main]V/SignerInstance: Calling native end  : 2026-07-15T12:30:42.505+0800
[main]V/SignerInstance: Signing all the parameters end  : 2026-07-15T12:30:42.505+0800
[main]V/SignerInstance: Signing all the parameters begin: 2026-07-15T12:30:42.519+0800
[main]V/SignerInstance: Calling native begin: 2026-07-15T12:30:42.520+0800
[main]V/SignerInstance: Calling native end  : 2026-07-15T12:30:42.622+0800
[main]V/SignerInstance: Signing all the parameters end  : 2026-07-15T12:30:42.645+0800
[main]V/SignerInstance: Signing all the parameters begin: 2026-07-15T12:30:42.654+0800
[main]V/SignerInstance: Calling native begin: 2026-07-15T12:30:42.654+0800
[main]V/SignerInstance: Calling native end  : 2026-07-15T12:30:42.707+0800
[main]V/SignerInstance: Signing all the parameters end  : 2026-07-15T12:30:42.707+0800
[main]V/SignerInstance: Signing all the parameters begin: 2026-07-15T12:30:42.749+0800
[main]V/SignerInstance: Calling native begin: 2026-07-15T12:30:42.996+0800
[main]V/SignerInstance: Calling native end  : 2026-07-15T12:30:43.085+0800
[main]V/SignerInstance: Signing all the parameters end  : 2026-07-15T12:30:43.085+0800
[main]V/SignerInstance: Signing all the parameters begin: 2026-07-15T12:30:43.110+0800
[main]V/SignerInstance: Calling native begin: 2026-07-15T12:30:43.110+0800
[main]V/SignerInstance: Calling native end  : 2026-07-15T12:30:43.163+0800
[main]V/SignerInstance: Signing all the parameters end  : 2026-07-15T12:30:43.163+0800
loaded libsigner.so base=0x12340000 size=0x148000
[main]V/SignerInstance: Signing all the parameters begin: 2026-07-15T12:30:46.381+0800
[main]V/SignerInstance: Calling native begin: 2026-07-15T12:30:46.381+0800
[main]V/SignerInstance: Calling native end  : 2026-07-15T12:31:24.236+0800
[main]V/SignerInstance: Signing all the parameters end  : 2026-07-15T12:31:24.237+0800
[main]V/SignerInstance: Signing all the parameters begin: 2026-07-15T12:31:24.257+0800
[main]V/SignerInstance: Calling native begin: 2026-07-15T12:31:24.257+0800
[main]V/SignerInstance: Calling native end  : 2026-07-15T12:31:24.390+0800
[main]V/SignerInstance: Signing all the parameters end  : 2026-07-15T12:31:24.416+0800
loaded libsigner.so base=0x12340000 size=0x148000
[main]V/SignerInstance: Signing all the parameters begin: 2026-07-15T12:31:25.113+0800
[main]V/SignerInstance: Calling native begin: 2026-07-15T12:31:25.113+0800
[main]V/SignerInstance: Calling native end  : 2026-07-15T12:32:06.299+0800
[main]V/SignerInstance: Signing all the parameters end  : 2026-07-15T12:32:06.300+0800
[main]V/SignerInstance: Signing all the parameters begin: 2026-07-15T12:32:06.323+0800
[main]V/SignerInstance: Calling native begin: 2026-07-15T12:32:06.323+0800
[main]V/SignerInstance: Calling native end  : 2026-07-15T12:32:06.380+0800
[main]V/SignerInstance: Signing all the parameters end  : 2026-07-15T12:32:06.380+0800
[INFO] Tests run: 21, Failures: 0, Errors: 0, Skipped: 0, Time elapsed: 87.10 s -- in local.RecoveredNativeBackendIntegrationTest
[INFO] 
[INFO] Results:
[INFO] 
[INFO] Tests run: 21, Failures: 0, Errors: 0, Skipped: 0
[INFO] 
[INFO] ------------------------------------------------------------------------
[INFO] BUILD SUCCESS
[INFO] ------------------------------------------------------------------------
[INFO] Total time:  01:32 min
[INFO] Finished at: 2026-07-15T12:32:06+08:00
[INFO] ------------------------------------------------------------------------
