[INFO] Scanning for projects...
[INFO] 
[INFO] ------------------< local.qbdi:unidbg-adjust-runner >-------------------
[INFO] Building unidbg-adjust-runner 1.0-SNAPSHOT
[INFO]   from pom.xml
[INFO] --------------------------------[ jar ]---------------------------------
[INFO] 
[INFO] --- resources:3.4.0:resources (default-resources) @ unidbg-adjust-runner ---
[INFO] skip non existing resourceDirectory /Users/sanbo/Desktop/api/qbdi/unidbg-adjust-runner/src/main/resources
[INFO] 
[INFO] --- compiler:3.15.0:compile (default-compile) @ unidbg-adjust-runner ---
[INFO] Nothing to compile - all classes are up to date.
[INFO] 
[INFO] --- resources:3.4.0:testResources (default-testResources) @ unidbg-adjust-runner ---
[INFO] skip non existing resourceDirectory /Users/sanbo/Desktop/api/qbdi/unidbg-adjust-runner/src/test/resources
[INFO] 
[INFO] --- compiler:3.15.0:testCompile (default-testCompile) @ unidbg-adjust-runner ---
[INFO] Nothing to compile - all classes are up to date.
[INFO] 
[INFO] --- surefire:3.2.5:test (default-test) @ unidbg-adjust-runner ---
[INFO] Using auto detected provider org.apache.maven.surefire.junitplatform.JUnitPlatformProvider
[INFO] 
[INFO] -------------------------------------------------------
[INFO]  T E S T S
[INFO] -------------------------------------------------------
[INFO] Running local.RecoveredNativeBackendIntegrationTest
[main]V/SignerInstance: Signing all the parameters begin: 2026-07-15T07:23:16.566+0800
[main]V/SignerInstance: Calling native begin: 2026-07-15T07:23:16.577+0800
[main]V/SignerInstance: Calling native end  : 2026-07-15T07:23:16.611+0800
[main]V/SignerInstance: Signing all the parameters end  : 2026-07-15T07:23:16.612+0800
[main]V/SignerInstance: Signing all the parameters begin: 2026-07-15T07:23:16.625+0800
[main]V/SignerInstance: Calling native begin: 2026-07-15T07:23:16.625+0800
[main]V/SignerInstance: Calling native end  : 2026-07-15T07:23:16.641+0800
[main]V/SignerInstance: Signing all the parameters end  : 2026-07-15T07:23:16.641+0800
[main]V/SignerInstance: Signing all the parameters begin: 2026-07-15T07:23:16.646+0800
[main]V/SignerInstance: Calling native begin: 2026-07-15T07:23:16.646+0800
[main]V/SignerInstance: Calling native end  : 2026-07-15T07:23:16.656+0800
[main]V/SignerInstance: Signing all the parameters end  : 2026-07-15T07:23:16.657+0800
[main]V/SignerInstance: Signing all the parameters begin: 2026-07-15T07:23:16.662+0800
[main]V/SignerInstance: Calling native begin: 2026-07-15T07:23:16.775+0800
[main]V/SignerInstance: Calling native end  : 2026-07-15T07:23:16.791+0800
[main]V/SignerInstance: Signing all the parameters end  : 2026-07-15T07:23:16.791+0800
[main]V/SignerInstance: Signing all the parameters begin: 2026-07-15T07:23:16.794+0800
[main]V/SignerInstance: Calling native begin: 2026-07-15T07:23:16.795+0800
[main]V/SignerInstance: Calling native end  : 2026-07-15T07:23:16.809+0800
[main]V/SignerInstance: Signing all the parameters end  : 2026-07-15T07:23:16.809+0800
[main]V/SignerInstance: Signing all the parameters begin: 2026-07-15T07:23:16.814+0800
[main]V/SignerInstance: Calling native begin: 2026-07-15T07:23:16.815+0800
[main]V/SignerInstance: Calling native end  : 2026-07-15T07:23:16.829+0800
[main]V/SignerInstance: Signing all the parameters end  : 2026-07-15T07:23:16.829+0800
[main]V/SignerInstance: Signing all the parameters begin: 2026-07-15T07:23:16.831+0800
[main]V/SignerInstance: Calling native begin: 2026-07-15T07:23:16.832+0800
[main]V/SignerInstance: Calling native end  : 2026-07-15T07:23:16.849+0800
[main]V/SignerInstance: Signing all the parameters end  : 2026-07-15T07:23:16.849+0800
[main]V/SignerInstance: Signing all the parameters begin: 2026-07-15T07:23:16.853+0800
[main]V/SignerInstance: Calling native begin: 2026-07-15T07:23:16.854+0800
[main]V/SignerInstance: Calling native end  : 2026-07-15T07:23:16.867+0800
[main]V/SignerInstance: Signing all the parameters end  : 2026-07-15T07:23:16.867+0800
[main]V/SignerInstance: Signing all the parameters begin: 2026-07-15T07:23:16.872+0800
[main]V/SignerInstance: Calling native begin: 2026-07-15T07:23:16.872+0800
[main]V/SignerInstance: Calling native end  : 2026-07-15T07:23:16.884+0800
[main]V/SignerInstance: Signing all the parameters end  : 2026-07-15T07:23:16.884+0800
[main]V/SignerInstance: Signing all the parameters begin: 2026-07-15T07:23:16.888+0800
[main]V/SignerInstance: Calling native begin: 2026-07-15T07:23:16.888+0800
[main]V/SignerInstance: Calling native end  : 2026-07-15T07:23:16.899+0800
[main]V/SignerInstance: Signing all the parameters end  : 2026-07-15T07:23:16.899+0800
[main]V/SignerInstance: Signing all the parameters begin: 2026-07-15T07:23:16.903+0800
[main]V/SignerInstance: Calling native begin: 2026-07-15T07:23:16.949+0800
[main]V/SignerInstance: Calling native end  : 2026-07-15T07:23:16.962+0800
[main]V/SignerInstance: Signing all the parameters end  : 2026-07-15T07:23:16.962+0800
[main]V/SignerInstance: Signing all the parameters begin: 2026-07-15T07:23:16.965+0800
[main]V/SignerInstance: Calling native begin: 2026-07-15T07:23:16.965+0800
[main]V/SignerInstance: Calling native end  : 2026-07-15T07:23:16.975+0800
[main]V/SignerInstance: Signing all the parameters end  : 2026-07-15T07:23:16.975+0800
[main]V/SignerInstance: Signing all the parameters begin: 2026-07-15T07:23:16.978+0800
[main]V/SignerInstance: Calling native begin: 2026-07-15T07:23:16.978+0800
[main]V/SignerInstance: Calling native end  : 2026-07-15T07:23:16.988+0800
[main]V/SignerInstance: Signing all the parameters end  : 2026-07-15T07:23:16.988+0800
[main]V/SignerInstance: Signing all the parameters begin: 2026-07-15T07:23:16.992+0800
[main]V/SignerInstance: Calling native begin: 2026-07-15T07:23:16.992+0800
[main]V/SignerInstance: Calling native end  : 2026-07-15T07:23:17.004+0800
[main]V/SignerInstance: Signing all the parameters end  : 2026-07-15T07:23:17.005+0800
[main]V/SignerInstance: Signing all the parameters begin: 2026-07-15T07:23:17.023+0800
[main]V/SignerInstance: Calling native begin: 2026-07-15T07:23:17.023+0800
[main]V/SignerInstance: Calling native end  : 2026-07-15T07:23:17.035+0800
[main]V/SignerInstance: Signing all the parameters end  : 2026-07-15T07:23:17.035+0800
[main]V/SignerInstance: Signing all the parameters begin: 2026-07-15T07:23:17.040+0800
[main]V/SignerInstance: Calling native begin: 2026-07-15T07:23:17.040+0800
[main]V/SignerInstance: Calling native end  : 2026-07-15T07:23:17.052+0800
[main]V/SignerInstance: Signing all the parameters end  : 2026-07-15T07:23:17.053+0800
[main]V/SignerInstance: Signing all the parameters begin: 2026-07-15T07:23:17.056+0800
[main]V/SignerInstance: Calling native begin: 2026-07-15T07:23:17.056+0800
[main]V/SignerInstance: Calling native end  : 2026-07-15T07:23:17.069+0800
[main]V/SignerInstance: Signing all the parameters end  : 2026-07-15T07:23:17.069+0800
[main]V/SignerInstance: Signing all the parameters begin: 2026-07-15T07:23:17.075+0800
[main]V/SignerInstance: Calling native begin: 2026-07-15T07:23:17.140+0800
[main]V/SignerInstance: Calling native end  : 2026-07-15T07:23:17.153+0800
[main]V/SignerInstance: Signing all the parameters end  : 2026-07-15T07:23:17.153+0800
[main]V/SignerInstance: Signing all the parameters begin: 2026-07-15T07:23:17.156+0800
[main]V/SignerInstance: Calling native begin: 2026-07-15T07:23:17.156+0800
[main]V/SignerInstance: Calling native end  : 2026-07-15T07:23:17.168+0800
[main]V/SignerInstance: Signing all the parameters end  : 2026-07-15T07:23:17.168+0800
loaded libsigner.so base=0x12340000 size=0x148000
[main]V/SignerInstance: Signing all the parameters begin: 2026-07-15T07:23:18.621+0800
[main]V/SignerInstance: Calling native begin: 2026-07-15T07:23:18.621+0800
[main] WARN com.github.unidbg.Utils - read path=java.io.RandomAccessFile@7d0cc890, fp=10674152, _count=4096, length=10670511, buffer=RW@0x12309000
[main]V/SignerInstance: Calling native end  : 2026-07-15T07:23:32.013+0800
[main]V/SignerInstance: Signing all the parameters end  : 2026-07-15T07:23:32.013+0800
[main]V/SignerInstance: Signing all the parameters begin: 2026-07-15T07:23:32.017+0800
[main]V/SignerInstance: Calling native begin: 2026-07-15T07:23:32.017+0800
[main]V/SignerInstance: Calling native end  : 2026-07-15T07:23:32.034+0800
[main]V/SignerInstance: Signing all the parameters end  : 2026-07-15T07:23:32.034+0800
loaded libsigner.so base=0x12340000 size=0x148000
[main]V/SignerInstance: Signing all the parameters begin: 2026-07-15T07:23:32.215+0800
[main]V/SignerInstance: Calling native begin: 2026-07-15T07:23:32.215+0800
[main] WARN com.github.unidbg.Utils - read path=java.io.RandomAccessFile@4088741b, fp=10674152, _count=4096, length=10670511, buffer=RW@0x12309000
[main]V/SignerInstance: Calling native end  : 2026-07-15T07:23:45.361+0800
[main]V/SignerInstance: Signing all the parameters end  : 2026-07-15T07:23:45.361+0800
[main]V/SignerInstance: Signing all the parameters begin: 2026-07-15T07:23:45.364+0800
[main]V/SignerInstance: Calling native begin: 2026-07-15T07:23:45.364+0800
[main]V/SignerInstance: Calling native end  : 2026-07-15T07:23:45.381+0800
[main]V/SignerInstance: Signing all the parameters end  : 2026-07-15T07:23:45.381+0800
[INFO] Tests run: 21, Failures: 0, Errors: 0, Skipped: 0, Time elapsed: 28.92 s -- in local.RecoveredNativeBackendIntegrationTest
[INFO] 
[INFO] Results:
[INFO] 
[INFO] Tests run: 21, Failures: 0, Errors: 0, Skipped: 0
[INFO] 
[INFO] ------------------------------------------------------------------------
[INFO] BUILD SUCCESS
[INFO] ------------------------------------------------------------------------
[INFO] Total time:  29.947 s
[INFO] Finished at: 2026-07-15T07:23:45+08:00
[INFO] ------------------------------------------------------------------------
