[INFO] Scanning for projects...
[INFO] 
[INFO] ------------------< local.qbdi:unidbg-adjust-runner >-------------------
[INFO] Building unidbg-adjust-runner 1.0-SNAPSHOT
[INFO]   from pom.xml
[INFO] --------------------------------[ jar ]---------------------------------
[INFO] 
[INFO] --- resources:3.4.0:resources (default-resources) @ unidbg-adjust-runner ---
[INFO] skip non existing resourceDirectory /Users/sanbo/Desktop/api/qbdi/unidbg-adjust-runner/src/main/resources
[INFO] 
[INFO] --- compiler:3.15.0:compile (default-compile) @ unidbg-adjust-runner ---
[INFO] Nothing to compile - all classes are up to date.
[INFO] 
[INFO] --- resources:3.4.0:testResources (default-testResources) @ unidbg-adjust-runner ---
[INFO] skip non existing resourceDirectory /Users/sanbo/Desktop/api/qbdi/unidbg-adjust-runner/src/test/resources
[INFO] 
[INFO] --- compiler:3.15.0:testCompile (default-testCompile) @ unidbg-adjust-runner ---
[INFO] Recompiling the module because of changed source code.
[INFO] Compiling 14 source files with javac [debug target 11] to target/test-classes
[WARNING] 未与 -source 11 一起设置系统模块路径
[INFO] 
[INFO] --- surefire:3.2.5:test (default-test) @ unidbg-adjust-runner ---
[INFO] Using auto detected provider org.apache.maven.surefire.junitplatform.JUnitPlatformProvider
[INFO] 
[INFO] -------------------------------------------------------
[INFO]  T E S T S
[INFO] -------------------------------------------------------
[INFO] Running local.MinicalVcloudScorpioProbeNativeIntegrationTest
loaded libsigner.so base=0x12340000 size=0x148000
[main]V/signer: Signing all the parameters begin: 2026-07-14T18:17:37.406Z-0400
[main]V/signer: Signing all the parameters end  : 2026-07-14T18:17:40.705Z-0400
loaded libsigner.so base=0x12340000 size=0x148000
[main]V/signer: Signing all the parameters begin: 2026-07-14T18:17:40.913Z-0400
[main]V/signer: Signing all the parameters end  : 2026-07-14T18:17:44.091Z-0400
[ERROR] Tests run: 2, Failures: 2, Errors: 0, Skipped: 0, Time elapsed: 8.207 s <<< FAILURE! -- in local.MinicalVcloudScorpioProbeNativeIntegrationTest
[ERROR] local.MinicalVcloudScorpioProbeNativeIntegrationTest.ordinaryGooglePropertiesReturnFalseWithoutCorrection2c -- Time elapsed: 4.817 s <<< FAILURE!
org.opentest4j.AssertionFailedError: expected: <1> but was: <2>
	at org.junit.jupiter.api.AssertionFailureBuilder.build(AssertionFailureBuilder.java:151)
	at org.junit.jupiter.api.AssertionFailureBuilder.buildAndThrow(AssertionFailureBuilder.java:132)
	at org.junit.jupiter.api.AssertEquals.failNotEqual(AssertEquals.java:197)
	at org.junit.jupiter.api.AssertEquals.assertEquals(AssertEquals.java:150)
	at org.junit.jupiter.api.AssertEquals.assertEquals(AssertEquals.java:145)
	at org.junit.jupiter.api.Assertions.assertEquals(Assertions.java:531)
	at local.MinicalVcloudScorpioProbeNativeIntegrationTest.ordinaryGooglePropertiesReturnFalseWithoutCorrection2c(MinicalVcloudScorpioProbeNativeIntegrationTest.java:30)
	at java.base/java.lang.reflect.Method.invoke(Method.java:568)
	at java.base/java.util.ArrayList.forEach(ArrayList.java:1511)
	at java.base/java.util.ArrayList.forEach(ArrayList.java:1511)

[ERROR] local.MinicalVcloudScorpioProbeNativeIntegrationTest.mixedCaseMinicalManufacturerReturnsTrueAndAppliesCorrection2c -- Time elapsed: 3.380 s <<< FAILURE!
org.opentest4j.AssertionFailedError: expected: <1> but was: <2>
	at org.junit.jupiter.api.AssertionFailureBuilder.build(AssertionFailureBuilder.java:151)
	at org.junit.jupiter.api.AssertionFailureBuilder.buildAndThrow(AssertionFailureBuilder.java:132)
	at org.junit.jupiter.api.AssertEquals.failNotEqual(AssertEquals.java:197)
	at org.junit.jupiter.api.AssertEquals.assertEquals(AssertEquals.java:150)
	at org.junit.jupiter.api.AssertEquals.assertEquals(AssertEquals.java:145)
	at org.junit.jupiter.api.Assertions.assertEquals(Assertions.java:531)
	at local.MinicalVcloudScorpioProbeNativeIntegrationTest.mixedCaseMinicalManufacturerReturnsTrueAndAppliesCorrection2c(MinicalVcloudScorpioProbeNativeIntegrationTest.java:41)
	at java.base/java.lang.reflect.Method.invoke(Method.java:568)
	at java.base/java.util.ArrayList.forEach(ArrayList.java:1511)
	at java.base/java.util.ArrayList.forEach(ArrayList.java:1511)

[INFO] 
[INFO] Results:
[INFO] 
[ERROR] Failures: 
[ERROR]   MinicalVcloudScorpioProbeNativeIntegrationTest.mixedCaseMinicalManufacturerReturnsTrueAndAppliesCorrection2c:41 expected: <1> but was: <2>
[ERROR]   MinicalVcloudScorpioProbeNativeIntegrationTest.ordinaryGooglePropertiesReturnFalseWithoutCorrection2c:30 expected: <1> but was: <2>
[INFO] 
[ERROR] Tests run: 2, Failures: 2, Errors: 0, Skipped: 0
[INFO] 
[INFO] ------------------------------------------------------------------------
[INFO] BUILD FAILURE
[INFO] ------------------------------------------------------------------------
[INFO] Total time:  9.861 s
[INFO] Finished at: 2026-07-15T06:17:44+08:00
[INFO] ------------------------------------------------------------------------
[ERROR] Failed to execute goal org.apache.maven.plugins:maven-surefire-plugin:3.2.5:test (default-test) on project unidbg-adjust-runner: There are test failures.
[ERROR] 
[ERROR] Please refer to /Users/sanbo/Desktop/api/qbdi/unidbg-adjust-runner/target/surefire-reports for the individual test results.
[ERROR] Please refer to dump files (if any exist) [date].dump, [date]-jvmRun[N].dump and [date].dumpstream.
[ERROR] -> [Help 1]
[ERROR] 
[ERROR] To see the full stack trace of the errors, re-run Maven with the -e switch.
[ERROR] Re-run Maven using the -X switch to enable full debug logging.
[ERROR] 
[ERROR] For more information about the errors and possible solutions, please read the following articles:
[ERROR] [Help 1] http://cwiki.apache.org/confluence/display/MAVEN/MojoFailureException
