[INFO] Scanning for projects...
[INFO] 
[INFO] ------------------< local.qbdi:unidbg-adjust-runner >-------------------
[INFO] Building unidbg-adjust-runner 1.0-SNAPSHOT
[INFO]   from pom.xml
[INFO] --------------------------------[ jar ]---------------------------------
[INFO] 
[INFO] --- resources:3.4.0:resources (default-resources) @ unidbg-adjust-runner ---
[INFO] skip non existing resourceDirectory /Users/sanbo/Desktop/api/qbdi/unidbg-adjust-runner/src/main/resources
[INFO] 
[INFO] --- compiler:3.15.0:compile (default-compile) @ unidbg-adjust-runner ---
[INFO] Nothing to compile - all classes are up to date.
[INFO] 
[INFO] --- resources:3.4.0:testResources (default-testResources) @ unidbg-adjust-runner ---
[INFO] skip non existing resourceDirectory /Users/sanbo/Desktop/api/qbdi/unidbg-adjust-runner/src/test/resources
[INFO] 
[INFO] --- compiler:3.15.0:testCompile (default-testCompile) @ unidbg-adjust-runner ---
[INFO] Recompiling the module because of changed source code.
[INFO] Compiling 14 source files with javac [debug target 11] to target/test-classes
[WARNING] 未与 -source 11 一起设置系统模块路径
[INFO] 
[INFO] --- surefire:3.2.5:test (default-test) @ unidbg-adjust-runner ---
[INFO] Using auto detected provider org.apache.maven.surefire.junitplatform.JUnitPlatformProvider
[INFO] 
[INFO] -------------------------------------------------------
[INFO]  T E S T S
[INFO] -------------------------------------------------------
[INFO] Running local.MinicalVcloudScorpioProbeNativeIntegrationTest
loaded libsigner.so base=0x12340000 size=0x148000
[main]V/signer: Signing all the parameters begin: 2026-07-14T18:18:32.804Z-0400
[main]V/signer: Signing all the parameters end  : 2026-07-14T18:18:36.101Z-0400
loaded libsigner.so base=0x12340000 size=0x148000
[main]V/signer: Signing all the parameters begin: 2026-07-14T18:18:36.309Z-0400
[main]V/signer: Signing all the parameters end  : 2026-07-14T18:18:39.602Z-0400
[INFO] Tests run: 2, Failures: 0, Errors: 0, Skipped: 0, Time elapsed: 8.364 s -- in local.MinicalVcloudScorpioProbeNativeIntegrationTest
[INFO] 
[INFO] Results:
[INFO] 
[INFO] Tests run: 2, Failures: 0, Errors: 0, Skipped: 0
[INFO] 
[INFO] ------------------------------------------------------------------------
[INFO] BUILD SUCCESS
[INFO] ------------------------------------------------------------------------
[INFO] Total time:  10.017 s
[INFO] Finished at: 2026-07-15T06:18:39+08:00
[INFO] ------------------------------------------------------------------------
