[qbdi-host] native-init stage=nSign-entry android-api=36 context=unidbg@0x5026735c params=unidbg@0x10f7f7de hmac=unidbg@0x73a8da0f
[qbdi-host] native-fce0 offset=0xfce0 lr=0xf814 x0=0xe4fff2e4 x1=0xe4ffe9e8 x2=0x4 x3=0xe4fff3c8 status0=0
[qbdi-host] native-fce0 offset=0xfce4 lr=0xf814 x0=0xe4fff2e4 x1=0xe4ffe9e8 x2=0x4 x3=0xe4fff3c8 status0=0
[qbdi-host] native-fce0 offset=0x1127c lr=0xf814 x0=0x0 x1=0x1 x2=0x12486160 x3=0xe4fff3c8 status0=-1
[qbdi-host] native-fce0 offset=0x11280 lr=0x11280 x0=0x0 x1=0x1 x2=0x12486160 x3=0xe4fff3c8 status0=-1
[qbdi-host] native-fce0 offset=0x11bd0 lr=0x11280 x0=0x0 x1=0x1 x2=0x1248615c x3=0xe4fff3c8 status0=-1
[qbdi-host] native-fce0 offset=0x11bd4 lr=0x11bd4 x0=0x0 x1=0x1 x2=0x1248615c x3=0xe4fff3c8 status0=-1
[qbdi-host] native-fce0 offset=0x128cc lr=0x11bd4 x0=0x0 x1=0x1 x2=0x12486158 x3=0xe4fff3c8 status0=-1
[qbdi-host] native-fce0 offset=0x128d0 lr=0x128d0 x0=0x0 x1=0x1 x2=0x12486158 x3=0xe4fff3c8 status0=-1
[qbdi-host] native-fce0 offset=0x111bc lr=0x128d0 x0=0x0 x1=0x1 x2=0x12486154 x3=0xe4fff3c8 status0=-1
[qbdi-host] native-fce0 offset=0x111c0 lr=0x111c0 x0=0x0 x1=0x1 x2=0x12486154 x3=0xe4fff3c8 status0=-1
[qbdi-host] native-fce0 offset=0x113a4 lr=0x111c0 x0=0x0 x1=0x1 x2=0x12486150 x3=0xe4fff3c8 status0=-1
[qbdi-host] native-fce0 offset=0x113a8 lr=0x113a8 x0=0x0 x1=0x1 x2=0x12486150 x3=0xe4fff3c8 status0=-1
[qbdi-host] native-fce0 offset=0x11c58 lr=0x113a8 x0=0x0 x1=0x1 x2=0x1248614c x3=0xe4fff3c8 status0=-1
[qbdi-host] native-fce0 offset=0x11c5c lr=0x11c5c x0=0x0 x1=0x1 x2=0x1248614c x3=0xe4fff3c8 status0=-1
[qbdi-host] native-fce0 offset=0x11514 lr=0x11c5c x0=0x0 x1=0x1 x2=0x12486148 x3=0xe4fff3c8 status0=-1
[qbdi-host] native-fce0 offset=0x11518 lr=0x11518 x0=0x0 x1=0x1 x2=0x12486148 x3=0xe4fff3c8 status0=-1
[qbdi-host] native-fce0 offset=0x119f8 lr=0x11518 x0=0x0 x1=0x1 x2=0x12486144 x3=0xe4fff3c8 status0=-1
[qbdi-host] native-fce0 offset=0x119fc lr=0x119fc x0=0x0 x1=0x1 x2=0x12486144 x3=0xe4fff3c8 status0=-1
[qbdi-host] native-fce0 offset=0x119b4 lr=0x119fc x0=0x0 x1=0x1 x2=0x12486140 x3=0xe4fff3c8 status0=-1
[qbdi-host] native-fce0 offset=0x119b8 lr=0x119b8 x0=0x0 x1=0x1 x2=0x12486140 x3=0xe4fff3c8 status0=-1
[qbdi-host] native-fce0 offset=0x11c14 lr=0x119b8 x0=0x0 x1=0x1 x2=0x1248613c x3=0xe4fff3c8 status0=-1
[qbdi-host] native-fce0 offset=0x11c18 lr=0x11c18 x0=0x0 x1=0x1 x2=0x1248613c x3=0xe4fff3c8 status0=-1
[qbdi-host] native-fce0 offset=0x11754 lr=0x11c18 x0=0x0 x1=0x1 x2=0x12486138 x3=0xe4fff3c8 status0=-1
[qbdi-host] native-fce0 offset=0x11758 lr=0x11758 x0=0x0 x1=0x1 x2=0x12486138 x3=0xe4fff3c8 status0=-1
[qbdi-host] native-fce0 offset=0x11ce0 lr=0x11758 x0=0x0 x1=0x1 x2=0x12486134 x3=0xe4fff3c8 status0=-1
[qbdi-host] native-fce0 offset=0x11ce4 lr=0x11ce4 x0=0x0 x1=0x1 x2=0x12486134 x3=0xe4fff3c8 status0=-1
[qbdi-host] native-fce0 offset=0x11370 lr=0x11ce4 x0=0x0 x1=0x1 x2=0x12486130 x3=0xe4fff3c8 status0=-1
[qbdi-host] native-fce0 offset=0x11374 lr=0x11374 x0=0x0 x1=0x1 x2=0x12486130 x3=0xe4fff3c8 status0=-1
[qbdi-host] native-fce0 offset=0x12888 lr=0x11374 x0=0x0 x1=0x1 x2=0x1248612c x3=0xe4fff3c8 status0=-1
[qbdi-host] native-fce0 offset=0x1288c lr=0x1288c x0=0x0 x1=0x1 x2=0x1248612c x3=0xe4fff3c8 status0=-1
[qbdi-host] native-fce0 offset=0x12780 lr=0x1288c x0=0x0 x1=0x1 x2=0x12486128 x3=0xe4fff3c8 status0=-1
[qbdi-host] native-fce0 offset=0x12784 lr=0x12784 x0=0x0 x1=0x1 x2=0x12486128 x3=0xe4fff3c8 status0=-1
[qbdi-host] native-fce0 offset=0x114d0 lr=0x12784 x0=0x0 x1=0x1 x2=0x12486124 x3=0xe4fff3c8 status0=-1
[qbdi-host] native-fce0 offset=0x114d4 lr=0x114d4 x0=0x0 x1=0x1 x2=0x12486124 x3=0xe4fff3c8 status0=-1
[qbdi-host] native-fce0 offset=0x117ec lr=0x114d4 x0=0x0 x1=0x1 x2=0x12486120 x3=0xe4fff3c8 status0=-1
[qbdi-host] native-fce0 offset=0x117f0 lr=0x117f0 x0=0x0 x1=0x1 x2=0x12486120 x3=0xe4fff3c8 status0=-1
[qbdi-host] native-fce0 offset=0x12688 lr=0x117f0 x0=0x0 x1=0x1 x2=0x1248611c x3=0xe4fff3c8 status0=-1
[qbdi-host] native-fce0 offset=0x1268c lr=0x1268c x0=0x0 x1=0x1 x2=0x1248611c x3=0xe4fff3c8 status0=-1
[qbdi-host] native-fce0 offset=0x127c4 lr=0x1268c x0=0x0 x1=0x1 x2=0x12486118 x3=0xe4fff3c8 status0=-1
[qbdi-host] native-fce0 offset=0x127c8 lr=0x127c8 x0=0x0 x1=0x1 x2=0x12486118 x3=0xe4fff3c8 status0=-1
[qbdi-host] native-fce0 offset=0x11a3c lr=0x127c8 x0=0x0 x1=0x1 x2=0x12486114 x3=0xe4fff3c8 status0=-1
[qbdi-host] native-fce0 offset=0x11a40 lr=0x11a40 x0=0x0 x1=0x1 x2=0x12486114 x3=0xe4fff3c8 status0=-1
[qbdi-host] native-fce0 offset=0x126cc lr=0x11a40 x0=0x0 x1=0x1 x2=0x12486110 x3=0xe4fff3c8 status0=-1
[qbdi-host] native-fce0 offset=0x126d0 lr=0x126d0 x0=0x0 x1=0x1 x2=0x12486110 x3=0xe4fff3c8 status0=-1
[qbdi-host] native-fce0 offset=0x123bc lr=0x126d0 x0=0x0 x1=0x1 x2=0x1248610c x3=0xe4fff3c8 status0=-1
[qbdi-host] native-fce0 offset=0x123c0 lr=0x123c0 x0=0x0 x1=0x1 x2=0x1248610c x3=0xe4fff3c8 status0=-1
[qbdi-host] native-fce0 offset=0x12548 lr=0x123c0 x0=0x0 x1=0x1 x2=0x12486108 x3=0xe4fff3c8 status0=-1
[qbdi-host] native-fce0 offset=0x1254c lr=0x1254c x0=0x0 x1=0x1 x2=0x12486108 x3=0xe4fff3c8 status0=-1
[qbdi-host] native-fce0 offset=0x11c9c lr=0x1254c x0=0x0 x1=0x1 x2=0x12486104 x3=0xe4fff3c8 status0=-1
[qbdi-host] native-fce0 offset=0x11ca0 lr=0x11ca0 x0=0x0 x1=0x1 x2=0x12486104 x3=0xe4fff3c8 status0=-1
[qbdi-host] native-fce0 offset=0x1213c lr=0x11ca0 x0=0xe4ffe770 x1=0x0 x2=0x90 x3=0xe4fff3c8 status0=0
[qbdi-host] native-fce0 offset=0x12140 lr=0x12140 x0=0xe4ffe770 x1=0x0 x2=0x0 x3=0x80 status0=0
[qbdi-host] native-fce0 offset=0x121b4 lr=0x12140 x0=0xe4ffe9e8 x1=0xe4ffe750 x2=0xe4ffe770 x3=0xe4ffe760 status0=305229968
[qbdi-host] native-fce0 offset=0x121b8 lr=0x121b8 x0=0x0 x1=0x124843f1 x2=0x123170a6 x3=0x9709b64dfebf04fa status0=-1
[qbdi-host] native-fce0 offset=0x11b6c lr=0x121b8 x0=0xe4ffe9e8 x1=0xe4ffe800 x2=0x18 x3=0x9709b64dfebf04fa status0=305229968
[qbdi-host] native-fce0 offset=0x11b70 lr=0x11b70 x0=0x0 x1=0x72 x2=0x7cc6cd681c28aca2 x3=0x72 status0=-1
[qbdi-host] native-fce0 offset=0x122bc lr=0x11b70 x0=0xe4ffe9e8 x1=0xe4ffe800 x2=0x18 x3=0x72 status0=305229968
[qbdi-host] native-fce0 offset=0x122c0 lr=0x122c0 x0=0x0 x1=0xcb4d943b51002de0 x2=0x21969685771d1792 x3=0x12483040 status0=-1
[qbdi-host] native-fce0 offset=0x129d0 lr=0x122c0 x0=0x0 x1=0xcb4d943b51002de0 x2=0x21969685771d1792 x3=0x12483040 status0=-1
[qbdi-host] native-fce0 offset=0x129d4 lr=0x122c0 x0=0xe4fff3c8 x1=0xcb4d943b51002de0 x2=0x21969685771d1792 x3=0x12483040 status0=1235820544
[qbdi-host] native-fce0 offset=0x129d4 lr=0x122c0 x0=0xe4fff3c8 x1=0xcb4d943b51002de0 x2=0x21969685771d1792 x3=0x12483040 status0=1235820544
[qbdi-host] native-fce0 offset=0x129d8 lr=0x129d8 x0=0xe4fff3c8 x1=0xcb4d943b51002de0 x2=0x21969685771d1792 x3=0x12483040 status0=1235820544
[qbdi-host] native-init stage=entry caller=0xcbc30 context=unidbg@0xe4fff3c8 flags=0x51183fffffd1e
[qbdi-host] native-init stage=select-0x2b state=0xdceadccbe705fd3c context=unidbg@0xe4fff3c8
[qbdi-host] native-init stage=wrapper-entry context=unidbg@0xe4fff3c8 flags=0x51183fffffd1e
[qbdi-host] native-init stage=correction-call code=0x2b context=unidbg@0xe4fff3c8
[qbdi-host] native-init stage=before-flag-set context=unidbg@0xe4fff3c8 flags=0x51183fffffd1e
[qbdi-host] native-init stage=after-flag-set context=unidbg@0xe4fff3c8 flags=0x51183fffffd1f
[qbdi-host] native-init stage=exit context=unidbg@0xe4fff3c8 flags=0x2051983fffffd1f
[qbdi-host] native-init stage=public-source-probe-call path=/data/app/~~7_posD2Xt1__e0e3j-WT5Q==/local.qbdi.adjustreference-g0OvN03MKCT_ocLhy-EC4Q==/base.apk result=unidbg@0xe4fff2d4 initial=0x0
[qbdi-host] native-hmac offset=0xe6c0 lr=0xcbd48 x0=unidbg@0xfffe1640 x1=unidbg@0xe4fff2d4 x2=unidbg@0xe4fff3c8 x3=unidbg@0x5026735c x4=unidbg@0x73a8da0f x5=unidbg@0xa6 status0=-127248
[qbdi-host] native-hmac offset=0xe6c4 lr=0xcbd48 x0=unidbg@0xfffe1640 x1=unidbg@0xe4fff2d4 x2=unidbg@0xe4fff3c8 x3=unidbg@0x5026735c x4=unidbg@0x73a8da0f x5=unidbg@0xa6 status0=-1
[qbdi-host] native-hmac offset=0xe754 lr=0xcbd48 x0=unidbg@0xe4fff3c8 x1=unidbg@0xe4fff2d4 x2=unidbg@0xe4fff3c8 x3=unidbg@0x5026735c x4=unidbg@0x73a8da0f x5=unidbg@0xa6 status0=-1
[qbdi-host] native-hmac offset=0xe758 lr=0xe758 x0=unidbg@0xe4fff3c8 x1=unidbg@0xe4fff2d4 x2=unidbg@0xe4fff3c8 x3=unidbg@0x5026735c x4=unidbg@0x73a8da0f x5=unidbg@0xa6 status0=-1
[qbdi-host] native-hmac offset=0xee84 lr=0xe758 x0=unidbg@0xfffe1640 x1=unidbg@0xe4fff2d4 x2=unidbg@0xe4fff3c8 x3=unidbg@0x5026735c x4=unidbg@0xe4fff228 x5=unidbg@0xa6 status0=-127248
[qbdi-host] native-hmac offset=0xee88 lr=0xee88 x0=unidbg@0x1 x1=unidbg@0x3b7d3a38 x2=unidbg@0x9b7c7a7ca26efd5e x3=unidbg@0xae3d031031c3afc4 x4=unidbg@0x9affff1cdb2c520f x5=unidbg@0x937c2e25e72252cc status0=-1
[qbdi-host] native-hmac offset=0xed70 lr=0xee88 x0=unidbg@0xe4fff2d4 x1=unidbg@0xfffe1640 x2=unidbg@0x10f7f7de x3=unidbg@0xe4fff200 x4=unidbg@0x9affff1cdb2c520f x5=unidbg@0x937c2e25e72252cc status0=0
[qbdi-host] native-hmac offset=0xed74 lr=0xed74 x0=null x1=unidbg@0xfffffffffa8d36d4 x2=unidbg@0x3a63c45d x3=RW@0x12484af0[libsigner.so]0x144af0 x4=unidbg@0x9affff1cdb2c520f x5=unidbg@0x937c2e25e72252cc status0=-1
[qbdi-host] native-hmac offset=0xeec4 lr=0xed74 x0=unidbg@0xe4fff2d4 x1=unidbg@0xfffe1640 x2=unidbg@0x73cd37c0 x3=unidbg@0xe4fff1f8 x4=unidbg@0x9affff1cdb2c520f x5=unidbg@0x937c2e25e72252cc status0=0
[qbdi-host] native-hmac offset=0xeec8 lr=0xeec8 x0=null x1=unidbg@0xffffffff83d61724 x2=unidbg@0xffffffff8b04c6b3 x3=RW@0x12484954[libsigner.so]0x144954 x4=unidbg@0x9affff1cdb2c520f x5=unidbg@0x937c2e25e72252cc status0=-1
[qbdi-host] native-hmac offset=0xf0a4 lr=0xeec8 x0=unidbg@0xfffe1640 x1=unidbg@0xe4fff2d4 x2=unidbg@0x21337f7b x3=unidbg@0x5505ae1a x4=unidbg@0xe4fff208 x5=unidbg@0xe4fff218 status0=-127248
[qbdi-host] native-hmac offset=0xf0a8 lr=0xf0a8 x0=unidbg@0x1 x1=unidbg@0x7a362b6b x2=null x3=unidbg@0x20 x4=RW@0x12318640 x5=RW@0x122202b0[libc.so]0xe02b0 status0=-1
[qbdi-host] native-hmac offset=0xedac lr=0xf0a8 x0=unidbg@0xe4fff3c8 x1=unidbg@0xe4fff2d4 x2=null x3=unidbg@0x20 x4=RW@0x12318640 x5=RW@0x122202b0[libc.so]0xe02b0 status0=-1
[qbdi-host] native-hmac offset=0xedb0 lr=0xedb0 x0=unidbg@0xe4fff3c8 x1=unidbg@0xe4fff2d4 x2=null x3=unidbg@0x20 x4=RW@0x12318640 x5=RW@0x122202b0[libc.so]0xe02b0 status0=-1
[qbdi-host] native-hmac offset=0xedcc lr=0xedb0 x0=unidbg@0xe4fff2d4 x1=unidbg@0xfffe1640 x2=unidbg@0x73a8da0f x3=unidbg@0xe4fff210 x4=unidbg@0xe4fff220 x5=RW@0x122202b0[libc.so]0xe02b0 status0=0
[qbdi-host] native-hmac offset=0xedd0 lr=0xedd0 x0=null x1=unidbg@0xfffe1640 x2=null x3=unidbg@0x20 x4=RW@0x12318620 x5=RW@0x122202b0[libc.so]0xe02b0 status0=-1
[qbdi-host] native-hmac offset=0xec30 lr=0xedd0 x0=unidbg@0xe4fff3c8 x1=unidbg@0xe4fff2d4 x2=null x3=unidbg@0x20 x4=RW@0x12318620 x5=RW@0x122202b0[libc.so]0xe02b0 status0=-1
[qbdi-host] native-hmac offset=0xec34 lr=0xec34 x0=unidbg@0xe4fff3c8 x1=unidbg@0xe4fff2d4 x2=null x3=unidbg@0x20 x4=RW@0x12318620 x5=RW@0x122202b0[libc.so]0xe02b0 status0=-1
[qbdi-host] native-hmac offset=0xeef8 lr=0xec34 x0=unidbg@0xe4fff3c8 x1=unidbg@0xe4fff2d4 x2=null x3=unidbg@0x20 x4=RW@0x12318620 x5=RW@0x122202b0[libc.so]0xe02b0 status0=-1
[qbdi-host] native-hmac offset=0xeefc lr=0xec34 x0=unidbg@0xe4fff3c8 x1=unidbg@0xe4fff2d4 x2=null x3=unidbg@0x20 x4=RW@0x12318620 x5=RW@0x122202b0[libc.so]0xe02b0 status0=-1
[qbdi-host] native-hmac offset=0xef00 lr=0xec34 x0=unidbg@0xe4fff3c8 x1=unidbg@0xe4fff2d4 x2=null x3=unidbg@0x20 x4=RW@0x12318620 x5=RW@0x122202b0[libc.so]0xe02b0 status0=-1
[qbdi-host] native-hmac offset=0xef04 lr=0xec34 x0=unidbg@0xe4fff3c8 x1=unidbg@0xe4fff2d4 x2=null x3=unidbg@0x20 x4=RW@0x12318620 x5=RW@0x122202b0[libc.so]0xe02b0 status0=-1
[qbdi-host] native-hmac offset=0xf144 lr=0xec34 x0=unidbg@0xe4fff3c8 x1=unidbg@0xe4fff2d4 x2=null x3=unidbg@0x20 x4=RW@0x12318620 x5=RW@0x122202b0[libc.so]0xe02b0 status0=-1
[qbdi-host] native-hmac offset=0xf148 lr=0xec34 x0=unidbg@0xe4fff3c8 x1=unidbg@0xe4fff2d4 x2=null x3=unidbg@0x20 x4=RW@0x12318620 x5=RW@0x122202b0[libc.so]0xe02b0 status0=-1
[qbdi-host] native-hmac offset=0xeef8 lr=0xec34 x0=unidbg@0xe4fff3c8 x1=unidbg@0xe4fff2d4 x2=null x3=unidbg@0x20 x4=RW@0x12318620 x5=RW@0x122202b0[libc.so]0xe02b0 status0=-1
[qbdi-host] native-hmac offset=0xeefc lr=0xec34 x0=unidbg@0xe4fff3c8 x1=unidbg@0xe4fff2d4 x2=null x3=unidbg@0x20 x4=RW@0x12318620 x5=RW@0x122202b0[libc.so]0xe02b0 status0=-1
[qbdi-host] native-hmac offset=0xef00 lr=0xec34 x0=unidbg@0xe4fff3c8 x1=unidbg@0xe4fff2d4 x2=null x3=unidbg@0x20 x4=RW@0x12318620 x5=RW@0x122202b0[libc.so]0xe02b0 status0=-1
[qbdi-host] native-hmac offset=0xef04 lr=0xec34 x0=unidbg@0xe4fff3c8 x1=unidbg@0xe4fff2d4 x2=null x3=unidbg@0x20 x4=RW@0x12318620 x5=RW@0x122202b0[libc.so]0xe02b0 status0=-1
[qbdi-host] native-hmac offset=0xf144 lr=0xec34 x0=unidbg@0xe4fff3c8 x1=unidbg@0xe4fff2d4 x2=null x3=unidbg@0x20 x4=RW@0x12318620 x5=RW@0x122202b0[libc.so]0xe02b0 status0=-1
[qbdi-host] native-hmac offset=0xf148 lr=0xec34 x0=unidbg@0xe4fff3c8 x1=unidbg@0xe4fff2d4 x2=null x3=unidbg@0x20 x4=RW@0x12318620 x5=RW@0x122202b0[libc.so]0xe02b0 status0=-1
[qbdi-host] native-hmac offset=0xeef8 lr=0xec34 x0=unidbg@0xe4fff3c8 x1=unidbg@0xe4fff2d4 x2=null x3=unidbg@0x20 x4=RW@0x12318620 x5=RW@0x122202b0[libc.so]0xe02b0 status0=-1
[qbdi-host] native-hmac offset=0xeefc lr=0xec34 x0=unidbg@0xe4fff3c8 x1=unidbg@0xe4fff2d4 x2=null x3=unidbg@0x20 x4=RW@0x12318620 x5=RW@0x122202b0[libc.so]0xe02b0 status0=-1
[qbdi-host] native-hmac offset=0xef00 lr=0xec34 x0=unidbg@0xe4fff3c8 x1=unidbg@0xe4fff2d4 x2=null x3=unidbg@0x20 x4=RW@0x12318620 x5=RW@0x122202b0[libc.so]0xe02b0 status0=-1
[qbdi-host] native-hmac offset=0xef04 lr=0xec34 x0=unidbg@0xe4fff3c8 x1=unidbg@0xe4fff2d4 x2=null x3=unidbg@0x20 x4=RW@0x12318620 x5=RW@0x122202b0[libc.so]0xe02b0 status0=-1
[qbdi-host] native-hmac offset=0xf144 lr=0xec34 x0=unidbg@0xe4fff3c8 x1=unidbg@0xe4fff2d4 x2=null x3=unidbg@0x20 x4=RW@0x12318620 x5=RW@0x122202b0[libc.so]0xe02b0 status0=-1
[qbdi-host] native-hmac offset=0xf148 lr=0xec34 x0=unidbg@0xe4fff3c8 x1=unidbg@0xe4fff2d4 x2=null x3=unidbg@0x20 x4=RW@0x12318620 x5=RW@0x122202b0[libc.so]0xe02b0 status0=-1
[qbdi-host] native-hmac offset=0xeef8 lr=0xec34 x0=unidbg@0xe4fff3c8 x1=unidbg@0xe4fff2d4 x2=null x3=unidbg@0x20 x4=RW@0x12318620 x5=RW@0x122202b0[libc.so]0xe02b0 status0=-1
[qbdi-host] native-hmac offset=0xeefc lr=0xec34 x0=unidbg@0xe4fff3c8 x1=unidbg@0xe4fff2d4 x2=null x3=unidbg@0x20 x4=RW@0x12318620 x5=RW@0x122202b0[libc.so]0xe02b0 status0=-1
[qbdi-host] native-hmac offset=0xef00 lr=0xec34 x0=unidbg@0xe4fff3c8 x1=unidbg@0xe4fff2d4 x2=null x3=unidbg@0x20 x4=RW@0x12318620 x5=RW@0x122202b0[libc.so]0xe02b0 status0=-1
[qbdi-host] native-hmac offset=0xef04 lr=0xec34 x0=unidbg@0xe4fff3c8 x1=unidbg@0xe4fff2d4 x2=null x3=unidbg@0x20 x4=RW@0x12318620 x5=RW@0x122202b0[libc.so]0xe02b0 status0=-1
[qbdi-host] native-hmac offset=0xf144 lr=0xec34 x0=unidbg@0xe4fff3c8 x1=unidbg@0xe4fff2d4 x2=null x3=unidbg@0x20 x4=RW@0x12318620 x5=RW@0x122202b0[libc.so]0xe02b0 status0=-1
[qbdi-host] native-hmac offset=0xf148 lr=0xec34 x0=unidbg@0xe4fff3c8 x1=unidbg@0xe4fff2d4 x2=null x3=unidbg@0x20 x4=RW@0x12318620 x5=RW@0x122202b0[libc.so]0xe02b0 status0=-1
[qbdi-host] native-hmac offset=0xeef8 lr=0xec34 x0=unidbg@0xe4fff3c8 x1=unidbg@0xe4fff2d4 x2=null x3=unidbg@0x20 x4=RW@0x12318620 x5=RW@0x122202b0[libc.so]0xe02b0 status0=-1
[qbdi-host] native-hmac offset=0xeefc lr=0xec34 x0=unidbg@0xe4fff3c8 x1=unidbg@0xe4fff2d4 x2=null x3=unidbg@0x20 x4=RW@0x12318620 x5=RW@0x122202b0[libc.so]0xe02b0 status0=-1
[qbdi-host] native-hmac offset=0xef00 lr=0xec34 x0=unidbg@0xe4fff3c8 x1=unidbg@0xe4fff2d4 x2=null x3=unidbg@0x20 x4=RW@0x12318620 x5=RW@0x122202b0[libc.so]0xe02b0 status0=-1
[qbdi-host] native-hmac offset=0xef04 lr=0xec34 x0=unidbg@0xe4fff3c8 x1=unidbg@0xe4fff2d4 x2=null x3=unidbg@0x20 x4=RW@0x12318620 x5=RW@0x122202b0[libc.so]0xe02b0 status0=-1
[qbdi-host] native-hmac offset=0xf144 lr=0xec34 x0=unidbg@0xe4fff3c8 x1=unidbg@0xe4fff2d4 x2=null x3=unidbg@0x20 x4=RW@0x12318620 x5=RW@0x122202b0[libc.so]0xe02b0 status0=-1
[qbdi-host] native-hmac offset=0xf148 lr=0xec34 x0=unidbg@0xe4fff3c8 x1=unidbg@0xe4fff2d4 x2=null x3=unidbg@0x20 x4=RW@0x12318620 x5=RW@0x122202b0[libc.so]0xe02b0 status0=-1
[qbdi-host] native-hmac offset=0xeef8 lr=0xec34 x0=unidbg@0xe4fff3c8 x1=unidbg@0xe4fff2d4 x2=null x3=unidbg@0x20 x4=RW@0x12318620 x5=RW@0x122202b0[libc.so]0xe02b0 status0=-1
[qbdi-host] native-hmac offset=0xeefc lr=0xec34 x0=unidbg@0xe4fff3c8 x1=unidbg@0xe4fff2d4 x2=null x3=unidbg@0x20 x4=RW@0x12318620 x5=RW@0x122202b0[libc.so]0xe02b0 status0=-1
[qbdi-host] native-hmac offset=0xef00 lr=0xec34 x0=unidbg@0xe4fff3c8 x1=unidbg@0xe4fff2d4 x2=null x3=unidbg@0x20 x4=RW@0x12318620 x5=RW@0x122202b0[libc.so]0xe02b0 status0=-1
[qbdi-host] native-hmac offset=0xef04 lr=0xec34 x0=unidbg@0xe4fff3c8 x1=unidbg@0xe4fff2d4 x2=null x3=unidbg@0x20 x4=RW@0x12318620 x5=RW@0x122202b0[libc.so]0xe02b0 status0=-1
[qbdi-host] native-hmac offset=0xf144 lr=0xec34 x0=unidbg@0xe4fff3c8 x1=unidbg@0xe4fff2d4 x2=null x3=unidbg@0x20 x4=RW@0x12318620 x5=RW@0x122202b0[libc.so]0xe02b0 status0=-1
[qbdi-host] native-hmac offset=0xf148 lr=0xec34 x0=unidbg@0xe4fff3c8 x1=unidbg@0xe4fff2d4 x2=null x3=unidbg@0x20 x4=RW@0x12318620 x5=RW@0x122202b0[libc.so]0xe02b0 status0=-1
[qbdi-host] native-hmac offset=0xeef8 lr=0xec34 x0=unidbg@0xe4fff3c8 x1=unidbg@0xe4fff2d4 x2=null x3=unidbg@0x20 x4=RW@0x12318620 x5=RW@0x122202b0[libc.so]0xe02b0 status0=-1
[qbdi-host] native-hmac offset=0xeefc lr=0xec34 x0=unidbg@0xe4fff3c8 x1=unidbg@0xe4fff2d4 x2=null x3=unidbg@0x20 x4=RW@0x12318620 x5=RW@0x122202b0[libc.so]0xe02b0 status0=-1
[qbdi-host] native-hmac offset=0xef00 lr=0xec34 x0=unidbg@0xe4fff3c8 x1=unidbg@0xe4fff2d4 x2=null x3=unidbg@0x20 x4=RW@0x12318620 x5=RW@0x122202b0[libc.so]0xe02b0 status0=-1
[qbdi-host] native-hmac offset=0xef04 lr=0xec34 x0=unidbg@0xe4fff3c8 x1=unidbg@0xe4fff2d4 x2=null x3=unidbg@0x20 x4=RW@0x12318620 x5=RW@0x122202b0[libc.so]0xe02b0 status0=-1
[qbdi-host] native-hmac offset=0xf144 lr=0xec34 x0=unidbg@0xe4fff3c8 x1=unidbg@0xe4fff2d4 x2=null x3=unidbg@0x20 x4=RW@0x12318620 x5=RW@0x122202b0[libc.so]0xe02b0 status0=-1
[qbdi-host] native-hmac offset=0xf148 lr=0xec34 x0=unidbg@0xe4fff3c8 x1=unidbg@0xe4fff2d4 x2=null x3=unidbg@0x20 x4=RW@0x12318620 x5=RW@0x122202b0[libc.so]0xe02b0 status0=-1
[qbdi-host] native-hmac offset=0xeef8 lr=0xec34 x0=unidbg@0xe4fff3c8 x1=unidbg@0xe4fff2d4 x2=null x3=unidbg@0x20 x4=RW@0x12318620 x5=RW@0x122202b0[libc.so]0xe02b0 status0=-1
[qbdi-host] native-hmac offset=0xeefc lr=0xec34 x0=unidbg@0xe4fff3c8 x1=unidbg@0xe4fff2d4 x2=null x3=unidbg@0x20 x4=RW@0x12318620 x5=RW@0x122202b0[libc.so]0xe02b0 status0=-1
[qbdi-host] native-hmac offset=0xef00 lr=0xec34 x0=unidbg@0xe4fff3c8 x1=unidbg@0xe4fff2d4 x2=null x3=unidbg@0x20 x4=RW@0x12318620 x5=RW@0x122202b0[libc.so]0xe02b0 status0=-1
[qbdi-host] native-hmac offset=0xef04 lr=0xec34 x0=unidbg@0xe4fff3c8 x1=unidbg@0xe4fff2d4 x2=null x3=unidbg@0x20 x4=RW@0x12318620 x5=RW@0x122202b0[libc.so]0xe02b0 status0=-1
[qbdi-host] native-hmac offset=0xf144 lr=0xec34 x0=unidbg@0xe4fff3c8 x1=unidbg@0xe4fff2d4 x2=null x3=unidbg@0x20 x4=RW@0x12318620 x5=RW@0x122202b0[libc.so]0xe02b0 status0=-1
[qbdi-host] native-hmac offset=0xf148 lr=0xec34 x0=unidbg@0xe4fff3c8 x1=unidbg@0xe4fff2d4 x2=null x3=unidbg@0x20 x4=RW@0x12318620 x5=RW@0x122202b0[libc.so]0xe02b0 status0=-1
[qbdi-host] native-hmac offset=0xeef8 lr=0xec34 x0=unidbg@0xe4fff3c8 x1=unidbg@0xe4fff2d4 x2=null x3=unidbg@0x20 x4=RW@0x12318620 x5=RW@0x122202b0[libc.so]0xe02b0 status0=-1
[qbdi-host] native-hmac offset=0xeefc lr=0xec34 x0=unidbg@0xe4fff3c8 x1=unidbg@0xe4fff2d4 x2=null x3=unidbg@0x20 x4=RW@0x12318620 x5=RW@0x122202b0[libc.so]0xe02b0 status0=-1
[qbdi-host] native-hmac offset=0xef00 lr=0xec34 x0=unidbg@0xe4fff3c8 x1=unidbg@0xe4fff2d4 x2=null x3=unidbg@0x20 x4=RW@0x12318620 x5=RW@0x122202b0[libc.so]0xe02b0 status0=-1
[qbdi-host] native-hmac offset=0xef04 lr=0xec34 x0=unidbg@0xe4fff3c8 x1=unidbg@0xe4fff2d4 x2=null x3=unidbg@0x20 x4=RW@0x12318620 x5=RW@0x122202b0[libc.so]0xe02b0 status0=-1
[qbdi-host] native-hmac offset=0xf144 lr=0xec34 x0=unidbg@0xe4fff3c8 x1=unidbg@0xe4fff2d4 x2=null x3=unidbg@0x20 x4=RW@0x12318620 x5=RW@0x122202b0[libc.so]0xe02b0 status0=-1
[qbdi-host] native-hmac offset=0xf148 lr=0xec34 x0=unidbg@0xe4fff3c8 x1=unidbg@0xe4fff2d4 x2=null x3=unidbg@0x20 x4=RW@0x12318620 x5=RW@0x122202b0[libc.so]0xe02b0 status0=-1
[qbdi-host] native-hmac offset=0xeef8 lr=0xec34 x0=unidbg@0xe4fff3c8 x1=unidbg@0xe4fff2d4 x2=null x3=unidbg@0x20 x4=RW@0x12318620 x5=RW@0x122202b0[libc.so]0xe02b0 status0=-1
[qbdi-host] native-hmac offset=0xeefc lr=0xec34 x0=unidbg@0xe4fff3c8 x1=unidbg@0xe4fff2d4 x2=null x3=unidbg@0x20 x4=RW@0x12318620 x5=RW@0x122202b0[libc.so]0xe02b0 status0=-1
[qbdi-host] native-hmac offset=0xef00 lr=0xec34 x0=unidbg@0xe4fff3c8 x1=unidbg@0xe4fff2d4 x2=null x3=unidbg@0x20 x4=RW@0x12318620 x5=RW@0x122202b0[libc.so]0xe02b0 status0=-1
[qbdi-host] native-hmac offset=0xef04 lr=0xec34 x0=unidbg@0xe4fff3c8 x1=unidbg@0xe4fff2d4 x2=null x3=unidbg@0x20 x4=RW@0x12318620 x5=RW@0x122202b0[libc.so]0xe02b0 status0=-1
[qbdi-host] native-hmac offset=0xf144 lr=0xec34 x0=unidbg@0xe4fff3c8 x1=unidbg@0xe4fff2d4 x2=null x3=unidbg@0x20 x4=RW@0x12318620 x5=RW@0x122202b0[libc.so]0xe02b0 status0=-1
[qbdi-host] native-hmac offset=0xf148 lr=0xec34 x0=unidbg@0xe4fff3c8 x1=unidbg@0xe4fff2d4 x2=null x3=unidbg@0x20 x4=RW@0x12318620 x5=RW@0x122202b0[libc.so]0xe02b0 status0=-1
[qbdi-host] native-hmac offset=0xeef8 lr=0xec34 x0=unidbg@0xe4fff3c8 x1=unidbg@0xe4fff2d4 x2=null x3=unidbg@0x20 x4=RW@0x12318620 x5=RW@0x122202b0[libc.so]0xe02b0 status0=-1
[qbdi-host] native-hmac offset=0xeefc lr=0xec34 x0=unidbg@0xe4fff3c8 x1=unidbg@0xe4fff2d4 x2=null x3=unidbg@0x20 x4=RW@0x12318620 x5=RW@0x122202b0[libc.so]0xe02b0 status0=-1
[qbdi-host] native-hmac offset=0xef00 lr=0xec34 x0=unidbg@0xe4fff3c8 x1=unidbg@0xe4fff2d4 x2=null x3=unidbg@0x20 x4=RW@0x12318620 x5=RW@0x122202b0[libc.so]0xe02b0 status0=-1
[qbdi-host] native-hmac offset=0xef04 lr=0xec34 x0=unidbg@0xe4fff3c8 x1=unidbg@0xe4fff2d4 x2=null x3=unidbg@0x20 x4=RW@0x12318620 x5=RW@0x122202b0[libc.so]0xe02b0 status0=-1
[qbdi-host] native-hmac offset=0xf144 lr=0xec34 x0=unidbg@0xe4fff3c8 x1=unidbg@0xe4fff2d4 x2=null x3=unidbg@0x20 x4=RW@0x12318620 x5=RW@0x122202b0[libc.so]0xe02b0 status0=-1
[qbdi-host] native-hmac offset=0xf148 lr=0xec34 x0=unidbg@0xe4fff3c8 x1=unidbg@0xe4fff2d4 x2=null x3=unidbg@0x20 x4=RW@0x12318620 x5=RW@0x122202b0[libc.so]0xe02b0 status0=-1
[qbdi-host] native-hmac offset=0xeef8 lr=0xec34 x0=unidbg@0xe4fff3c8 x1=unidbg@0xe4fff2d4 x2=null x3=unidbg@0x20 x4=RW@0x12318620 x5=RW@0x122202b0[libc.so]0xe02b0 status0=-1
[qbdi-host] native-hmac offset=0xeefc lr=0xec34 x0=unidbg@0xe4fff3c8 x1=unidbg@0xe4fff2d4 x2=null x3=unidbg@0x20 x4=RW@0x12318620 x5=RW@0x122202b0[libc.so]0xe02b0 status0=-1
[qbdi-host] native-hmac offset=0xef00 lr=0xec34 x0=unidbg@0xe4fff3c8 x1=unidbg@0xe4fff2d4 x2=null x3=unidbg@0x20 x4=RW@0x12318620 x5=RW@0x122202b0[libc.so]0xe02b0 status0=-1
[qbdi-host] native-hmac offset=0xef04 lr=0xec34 x0=unidbg@0xe4fff3c8 x1=unidbg@0xe4fff2d4 x2=null x3=unidbg@0x20 x4=RW@0x12318620 x5=RW@0x122202b0[libc.so]0xe02b0 status0=-1
[qbdi-host] native-hmac offset=0xf144 lr=0xec34 x0=unidbg@0xe4fff3c8 x1=unidbg@0xe4fff2d4 x2=null x3=unidbg@0x20 x4=RW@0x12318620 x5=RW@0x122202b0[libc.so]0xe02b0 status0=-1
[qbdi-host] native-hmac offset=0xf148 lr=0xec34 x0=unidbg@0xe4fff3c8 x1=unidbg@0xe4fff2d4 x2=null x3=unidbg@0x20 x4=RW@0x12318620 x5=RW@0x122202b0[libc.so]0xe02b0 status0=-1
[qbdi-host] native-hmac offset=0xeef8 lr=0xec34 x0=unidbg@0xe4fff3c8 x1=unidbg@0xe4fff2d4 x2=null x3=unidbg@0x20 x4=RW@0x12318620 x5=RW@0x122202b0[libc.so]0xe02b0 status0=-1
[qbdi-host] native-hmac offset=0xeefc lr=0xec34 x0=unidbg@0xe4fff3c8 x1=unidbg@0xe4fff2d4 x2=null x3=unidbg@0x20 x4=RW@0x12318620 x5=RW@0x122202b0[libc.so]0xe02b0 status0=-1
[qbdi-host] native-hmac offset=0xef00 lr=0xec34 x0=unidbg@0xe4fff3c8 x1=unidbg@0xe4fff2d4 x2=null x3=unidbg@0x20 x4=RW@0x12318620 x5=RW@0x122202b0[libc.so]0xe02b0 status0=-1
[qbdi-host] native-hmac offset=0xef04 lr=0xec34 x0=unidbg@0xe4fff3c8 x1=unidbg@0xe4fff2d4 x2=null x3=unidbg@0x20 x4=RW@0x12318620 x5=RW@0x122202b0[libc.so]0xe02b0 status0=-1
[qbdi-host] native-hmac offset=0xf144 lr=0xec34 x0=unidbg@0xe4fff3c8 x1=unidbg@0xe4fff2d4 x2=null x3=unidbg@0x20 x4=RW@0x12318620 x5=RW@0x122202b0[libc.so]0xe02b0 status0=-1
[qbdi-host] native-hmac offset=0xf148 lr=0xec34 x0=unidbg@0xe4fff3c8 x1=unidbg@0xe4fff2d4 x2=null x3=unidbg@0x20 x4=RW@0x12318620 x5=RW@0x122202b0[libc.so]0xe02b0 status0=-1
[qbdi-host] native-hmac offset=0xeef8 lr=0xec34 x0=unidbg@0xe4fff3c8 x1=unidbg@0xe4fff2d4 x2=null x3=unidbg@0x20 x4=RW@0x12318620 x5=RW@0x122202b0[libc.so]0xe02b0 status0=-1
[qbdi-host] native-hmac offset=0xeefc lr=0xec34 x0=unidbg@0xe4fff3c8 x1=unidbg@0xe4fff2d4 x2=null x3=unidbg@0x20 x4=RW@0x12318620 x5=RW@0x122202b0[libc.so]0xe02b0 status0=-1
[qbdi-host] native-hmac offset=0xef00 lr=0xec34 x0=unidbg@0xe4fff3c8 x1=unidbg@0xe4fff2d4 x2=null x3=unidbg@0x20 x4=RW@0x12318620 x5=RW@0x122202b0[libc.so]0xe02b0 status0=-1
[qbdi-host] native-hmac offset=0xef04 lr=0xec34 x0=unidbg@0xe4fff3c8 x1=unidbg@0xe4fff2d4 x2=null x3=unidbg@0x20 x4=RW@0x12318620 x5=RW@0x122202b0[libc.so]0xe02b0 status0=-1
[qbdi-host] native-hmac offset=0xf144 lr=0xec34 x0=unidbg@0xe4fff3c8 x1=unidbg@0xe4fff2d4 x2=null x3=unidbg@0x20 x4=RW@0x12318620 x5=RW@0x122202b0[libc.so]0xe02b0 status0=-1
[qbdi-host] native-hmac offset=0xf148 lr=0xec34 x0=unidbg@0xe4fff3c8 x1=unidbg@0xe4fff2d4 x2=null x3=unidbg@0x20 x4=RW@0x12318620 x5=RW@0x122202b0[libc.so]0xe02b0 status0=-1
[qbdi-host] native-hmac offset=0xeef8 lr=0xec34 x0=unidbg@0xe4fff3c8 x1=unidbg@0xe4fff2d4 x2=null x3=unidbg@0x20 x4=RW@0x12318620 x5=RW@0x122202b0[libc.so]0xe02b0 status0=-1
[qbdi-host] native-hmac offset=0xeefc lr=0xec34 x0=unidbg@0xe4fff3c8 x1=unidbg@0xe4fff2d4 x2=null x3=unidbg@0x20 x4=RW@0x12318620 x5=RW@0x122202b0[libc.so]0xe02b0 status0=-1
[qbdi-host] native-hmac offset=0xef00 lr=0xec34 x0=unidbg@0xe4fff3c8 x1=unidbg@0xe4fff2d4 x2=null x3=unidbg@0x20 x4=RW@0x12318620 x5=RW@0x122202b0[libc.so]0xe02b0 status0=-1
[qbdi-host] native-hmac offset=0xef04 lr=0xec34 x0=unidbg@0xe4fff3c8 x1=unidbg@0xe4fff2d4 x2=null x3=unidbg@0x20 x4=RW@0x12318620 x5=RW@0x122202b0[libc.so]0xe02b0 status0=-1
[qbdi-host] native-hmac offset=0xf144 lr=0xec34 x0=unidbg@0xe4fff3c8 x1=unidbg@0xe4fff2d4 x2=null x3=unidbg@0x20 x4=RW@0x12318620 x5=RW@0x122202b0[libc.so]0xe02b0 status0=-1
[qbdi-host] native-hmac offset=0xf148 lr=0xec34 x0=unidbg@0xe4fff3c8 x1=unidbg@0xe4fff2d4 x2=null x3=unidbg@0x20 x4=RW@0x12318620 x5=RW@0x122202b0[libc.so]0xe02b0 status0=-1
[qbdi-host] native-hmac offset=0xeef8 lr=0xec34 x0=unidbg@0xe4fff3c8 x1=unidbg@0xe4fff2d4 x2=null x3=unidbg@0x20 x4=RW@0x12318620 x5=RW@0x122202b0[libc.so]0xe02b0 status0=-1
[qbdi-host] native-hmac offset=0xeefc lr=0xec34 x0=unidbg@0xe4fff3c8 x1=unidbg@0xe4fff2d4 x2=null x3=unidbg@0x20 x4=RW@0x12318620 x5=RW@0x122202b0[libc.so]0xe02b0 status0=-1
[qbdi-host] native-hmac offset=0xef00 lr=0xec34 x0=unidbg@0xe4fff3c8 x1=unidbg@0xe4fff2d4 x2=null x3=unidbg@0x20 x4=RW@0x12318620 x5=RW@0x122202b0[libc.so]0xe02b0 status0=-1
[qbdi-host] native-hmac offset=0xef04 lr=0xec34 x0=unidbg@0xe4fff3c8 x1=unidbg@0xe4fff2d4 x2=null x3=unidbg@0x20 x4=RW@0x12318620 x5=RW@0x122202b0[libc.so]0xe02b0 status0=-1
[qbdi-host] native-hmac offset=0xf144 lr=0xec34 x0=unidbg@0xe4fff3c8 x1=unidbg@0xe4fff2d4 x2=null x3=unidbg@0x20 x4=RW@0x12318620 x5=RW@0x122202b0[libc.so]0xe02b0 status0=-1
[qbdi-host] native-hmac offset=0xf148 lr=0xec34 x0=unidbg@0xe4fff3c8 x1=unidbg@0xe4fff2d4 x2=null x3=unidbg@0x20 x4=RW@0x12318620 x5=RW@0x122202b0[libc.so]0xe02b0 status0=-1
[qbdi-host] native-hmac offset=0xeef8 lr=0xec34 x0=unidbg@0xe4fff3c8 x1=unidbg@0xe4fff2d4 x2=null x3=unidbg@0x20 x4=RW@0x12318620 x5=RW@0x122202b0[libc.so]0xe02b0 status0=-1
[qbdi-host] native-hmac offset=0xeefc lr=0xec34 x0=unidbg@0xe4fff3c8 x1=unidbg@0xe4fff2d4 x2=null x3=unidbg@0x20 x4=RW@0x12318620 x5=RW@0x122202b0[libc.so]0xe02b0 status0=-1
[qbdi-host] native-hmac offset=0xef00 lr=0xec34 x0=unidbg@0xe4fff3c8 x1=unidbg@0xe4fff2d4 x2=null x3=unidbg@0x20 x4=RW@0x12318620 x5=RW@0x122202b0[libc.so]0xe02b0 status0=-1
[qbdi-host] native-hmac offset=0xef04 lr=0xec34 x0=unidbg@0xe4fff3c8 x1=unidbg@0xe4fff2d4 x2=null x3=unidbg@0x20 x4=RW@0x12318620 x5=RW@0x122202b0[libc.so]0xe02b0 status0=-1
[qbdi-host] native-hmac offset=0xf144 lr=0xec34 x0=unidbg@0xe4fff3c8 x1=unidbg@0xe4fff2d4 x2=null x3=unidbg@0x20 x4=RW@0x12318620 x5=RW@0x122202b0[libc.so]0xe02b0 status0=-1
[qbdi-host] native-hmac offset=0xf148 lr=0xec34 x0=unidbg@0xe4fff3c8 x1=unidbg@0xe4fff2d4 x2=null x3=unidbg@0x20 x4=RW@0x12318620 x5=RW@0x122202b0[libc.so]0xe02b0 status0=-1
[qbdi-host] native-hmac offset=0xeef8 lr=0xec34 x0=unidbg@0xe4fff3c8 x1=unidbg@0xe4fff2d4 x2=null x3=unidbg@0x20 x4=RW@0x12318620 x5=RW@0x122202b0[libc.so]0xe02b0 status0=-1
[qbdi-host] native-hmac offset=0xeefc lr=0xec34 x0=unidbg@0xe4fff3c8 x1=unidbg@0xe4fff2d4 x2=null x3=unidbg@0x20 x4=RW@0x12318620 x5=RW@0x122202b0[libc.so]0xe02b0 status0=-1
[qbdi-host] native-hmac offset=0xef00 lr=0xec34 x0=unidbg@0xe4fff3c8 x1=unidbg@0xe4fff2d4 x2=null x3=unidbg@0x20 x4=RW@0x12318620 x5=RW@0x122202b0[libc.so]0xe02b0 status0=-1
[qbdi-host] native-hmac offset=0xef04 lr=0xec34 x0=unidbg@0xe4fff3c8 x1=unidbg@0xe4fff2d4 x2=null x3=unidbg@0x20 x4=RW@0x12318620 x5=RW@0x122202b0[libc.so]0xe02b0 status0=-1
[qbdi-host] native-hmac offset=0xf144 lr=0xec34 x0=unidbg@0xe4fff3c8 x1=unidbg@0xe4fff2d4 x2=null x3=unidbg@0x20 x4=RW@0x12318620 x5=RW@0x122202b0[libc.so]0xe02b0 status0=-1
[qbdi-host] native-hmac offset=0xf148 lr=0xec34 x0=unidbg@0xe4fff3c8 x1=unidbg@0xe4fff2d4 x2=null x3=unidbg@0x20 x4=RW@0x12318620 x5=RW@0x122202b0[libc.so]0xe02b0 status0=-1
[qbdi-host] native-hmac offset=0xeef8 lr=0xec34 x0=unidbg@0xe4fff3c8 x1=unidbg@0xe4fff2d4 x2=null x3=unidbg@0x20 x4=RW@0x12318620 x5=RW@0x122202b0[libc.so]0xe02b0 status0=-1
[qbdi-host] native-hmac offset=0xeefc lr=0xec34 x0=unidbg@0xe4fff3c8 x1=unidbg@0xe4fff2d4 x2=null x3=unidbg@0x20 x4=RW@0x12318620 x5=RW@0x122202b0[libc.so]0xe02b0 status0=-1
[qbdi-host] native-hmac offset=0xef00 lr=0xec34 x0=unidbg@0xe4fff3c8 x1=unidbg@0xe4fff2d4 x2=null x3=unidbg@0x20 x4=RW@0x12318620 x5=RW@0x122202b0[libc.so]0xe02b0 status0=-1
[qbdi-host] native-hmac offset=0xef04 lr=0xec34 x0=unidbg@0xe4fff3c8 x1=unidbg@0xe4fff2d4 x2=null x3=unidbg@0x20 x4=RW@0x12318620 x5=RW@0x122202b0[libc.so]0xe02b0 status0=-1
[qbdi-host] native-hmac offset=0xf144 lr=0xec34 x0=unidbg@0xe4fff3c8 x1=unidbg@0xe4fff2d4 x2=null x3=unidbg@0x20 x4=RW@0x12318620 x5=RW@0x122202b0[libc.so]0xe02b0 status0=-1
[qbdi-host] native-hmac offset=0xf148 lr=0xec34 x0=unidbg@0xe4fff3c8 x1=unidbg@0xe4fff2d4 x2=null x3=unidbg@0x20 x4=RW@0x12318620 x5=RW@0x122202b0[libc.so]0xe02b0 status0=-1
[qbdi-host] native-hmac offset=0xeef8 lr=0xec34 x0=unidbg@0xe4fff3c8 x1=unidbg@0xe4fff2d4 x2=null x3=unidbg@0x20 x4=RW@0x12318620 x5=RW@0x122202b0[libc.so]0xe02b0 status0=-1
[qbdi-host] native-hmac offset=0xeefc lr=0xec34 x0=unidbg@0xe4fff3c8 x1=unidbg@0xe4fff2d4 x2=null x3=unidbg@0x20 x4=RW@0x12318620 x5=RW@0x122202b0[libc.so]0xe02b0 status0=-1
[qbdi-host] native-hmac offset=0xef00 lr=0xec34 x0=unidbg@0xe4fff3c8 x1=unidbg@0xe4fff2d4 x2=null x3=unidbg@0x20 x4=RW@0x12318620 x5=RW@0x122202b0[libc.so]0xe02b0 status0=-1
[qbdi-host] native-hmac offset=0xef04 lr=0xec34 x0=unidbg@0xe4fff3c8 x1=unidbg@0xe4fff2d4 x2=null x3=unidbg@0x20 x4=RW@0x12318620 x5=RW@0x122202b0[libc.so]0xe02b0 status0=-1
[qbdi-host] native-hmac offset=0xf144 lr=0xec34 x0=unidbg@0xe4fff3c8 x1=unidbg@0xe4fff2d4 x2=null x3=unidbg@0x20 x4=RW@0x12318620 x5=RW@0x122202b0[libc.so]0xe02b0 status0=-1
[qbdi-host] native-hmac offset=0xf148 lr=0xec34 x0=unidbg@0xe4fff3c8 x1=unidbg@0xe4fff2d4 x2=null x3=unidbg@0x20 x4=RW@0x12318620 x5=RW@0x122202b0[libc.so]0xe02b0 status0=-1
[qbdi-host] native-hmac offset=0xeef8 lr=0xec34 x0=unidbg@0xe4fff3c8 x1=unidbg@0xe4fff2d4 x2=null x3=unidbg@0x20 x4=RW@0x12318620 x5=RW@0x122202b0[libc.so]0xe02b0 status0=-1
[qbdi-host] native-hmac offset=0xeefc lr=0xec34 x0=unidbg@0xe4fff3c8 x1=unidbg@0xe4fff2d4 x2=null x3=unidbg@0x20 x4=RW@0x12318620 x5=RW@0x122202b0[libc.so]0xe02b0 status0=-1
[qbdi-host] native-hmac offset=0xef00 lr=0xec34 x0=unidbg@0xe4fff3c8 x1=unidbg@0xe4fff2d4 x2=null x3=unidbg@0x20 x4=RW@0x12318620 x5=RW@0x122202b0[libc.so]0xe02b0 status0=-1
[qbdi-host] native-hmac offset=0xef04 lr=0xec34 x0=unidbg@0xe4fff3c8 x1=unidbg@0xe4fff2d4 x2=null x3=unidbg@0x20 x4=RW@0x12318620 x5=RW@0x122202b0[libc.so]0xe02b0 status0=-1
[qbdi-host] native-hmac offset=0xf144 lr=0xec34 x0=unidbg@0xe4fff3c8 x1=unidbg@0xe4fff2d4 x2=null x3=unidbg@0x20 x4=RW@0x12318620 x5=RW@0x122202b0[libc.so]0xe02b0 status0=-1
[qbdi-host] native-hmac offset=0xf148 lr=0xec34 x0=unidbg@0xe4fff3c8 x1=unidbg@0xe4fff2d4 x2=null x3=unidbg@0x20 x4=RW@0x12318620 x5=RW@0x122202b0[libc.so]0xe02b0 status0=-1
[qbdi-host] native-hmac offset=0xeef8 lr=0xec34 x0=unidbg@0xe4fff3c8 x1=unidbg@0xe4fff2d4 x2=null x3=unidbg@0x20 x4=RW@0x12318620 x5=RW@0x122202b0[libc.so]0xe02b0 status0=-1
[qbdi-host] native-hmac offset=0xeefc lr=0xec34 x0=unidbg@0xe4fff3c8 x1=unidbg@0xe4fff2d4 x2=null x3=unidbg@0x20 x4=RW@0x12318620 x5=RW@0x122202b0[libc.so]0xe02b0 status0=-1
[qbdi-host] native-hmac offset=0xef00 lr=0xec34 x0=unidbg@0xe4fff3c8 x1=unidbg@0xe4fff2d4 x2=null x3=unidbg@0x20 x4=RW@0x12318620 x5=RW@0x122202b0[libc.so]0xe02b0 status0=-1
[qbdi-host] native-hmac offset=0xef04 lr=0xec34 x0=unidbg@0xe4fff3c8 x1=unidbg@0xe4fff2d4 x2=null x3=unidbg@0x20 x4=RW@0x12318620 x5=RW@0x122202b0[libc.so]0xe02b0 status0=-1
[qbdi-host] native-hmac offset=0xf144 lr=0xec34 x0=unidbg@0xe4fff3c8 x1=unidbg@0xe4fff2d4 x2=null x3=unidbg@0x20 x4=RW@0x12318620 x5=RW@0x122202b0[libc.so]0xe02b0 status0=-1
[qbdi-host] native-hmac offset=0xf148 lr=0xec34 x0=unidbg@0xe4fff3c8 x1=unidbg@0xe4fff2d4 x2=null x3=unidbg@0x20 x4=RW@0x12318620 x5=RW@0x122202b0[libc.so]0xe02b0 status0=-1
[qbdi-host] native-hmac offset=0xeef8 lr=0xec34 x0=unidbg@0xe4fff3c8 x1=unidbg@0xe4fff2d4 x2=null x3=unidbg@0x20 x4=RW@0x12318620 x5=RW@0x122202b0[libc.so]0xe02b0 status0=-1
[qbdi-host] native-hmac offset=0xeefc lr=0xec34 x0=unidbg@0xe4fff3c8 x1=unidbg@0xe4fff2d4 x2=null x3=unidbg@0x20 x4=RW@0x12318620 x5=RW@0x122202b0[libc.so]0xe02b0 status0=-1
[qbdi-host] native-hmac offset=0xef00 lr=0xec34 x0=unidbg@0xe4fff3c8 x1=unidbg@0xe4fff2d4 x2=null x3=unidbg@0x20 x4=RW@0x12318620 x5=RW@0x122202b0[libc.so]0xe02b0 status0=-1
[qbdi-host] native-hmac offset=0xef04 lr=0xec34 x0=unidbg@0xe4fff3c8 x1=unidbg@0xe4fff2d4 x2=null x3=unidbg@0x20 x4=RW@0x12318620 x5=RW@0x122202b0[libc.so]0xe02b0 status0=-1
[qbdi-host] native-hmac offset=0xf144 lr=0xec34 x0=unidbg@0xe4fff3c8 x1=unidbg@0xe4fff2d4 x2=null x3=unidbg@0x20 x4=RW@0x12318620 x5=RW@0x122202b0[libc.so]0xe02b0 status0=-1
[qbdi-host] native-hmac offset=0xf148 lr=0xec34 x0=unidbg@0xe4fff3c8 x1=unidbg@0xe4fff2d4 x2=null x3=unidbg@0x20 x4=RW@0x12318620 x5=RW@0x122202b0[libc.so]0xe02b0 status0=-1
[qbdi-host] native-hmac offset=0xeef8 lr=0xec34 x0=unidbg@0xe4fff3c8 x1=unidbg@0xe4fff2d4 x2=null x3=unidbg@0x20 x4=RW@0x12318620 x5=RW@0x122202b0[libc.so]0xe02b0 status0=-1
[qbdi-host] native-hmac offset=0xeefc lr=0xec34 x0=unidbg@0xe4fff3c8 x1=unidbg@0xe4fff2d4 x2=null x3=unidbg@0x20 x4=RW@0x12318620 x5=RW@0x122202b0[libc.so]0xe02b0 status0=-1
[qbdi-host] native-hmac offset=0xef00 lr=0xec34 x0=unidbg@0xe4fff3c8 x1=unidbg@0xe4fff2d4 x2=null x3=unidbg@0x20 x4=RW@0x12318620 x5=RW@0x122202b0[libc.so]0xe02b0 status0=-1
[qbdi-host] native-hmac offset=0xef04 lr=0xec34 x0=unidbg@0xe4fff3c8 x1=unidbg@0xe4fff2d4 x2=null x3=unidbg@0x20 x4=RW@0x12318620 x5=RW@0x122202b0[libc.so]0xe02b0 status0=-1
[qbdi-host] native-hmac offset=0xf144 lr=0xec34 x0=unidbg@0xe4fff3c8 x1=unidbg@0xe4fff2d4 x2=null x3=unidbg@0x20 x4=RW@0x12318620 x5=RW@0x122202b0[libc.so]0xe02b0 status0=-1
[qbdi-host] native-hmac offset=0xf148 lr=0xec34 x0=unidbg@0xe4fff3c8 x1=unidbg@0xe4fff2d4 x2=null x3=unidbg@0x20 x4=RW@0x12318620 x5=RW@0x122202b0[libc.so]0xe02b0 status0=-1
[qbdi-host] native-hmac offset=0xeef8 lr=0xec34 x0=unidbg@0xe4fff3c8 x1=unidbg@0xe4fff2d4 x2=null x3=unidbg@0x20 x4=RW@0x12318620 x5=RW@0x122202b0[libc.so]0xe02b0 status0=-1
[qbdi-host] native-hmac offset=0xeefc lr=0xec34 x0=unidbg@0xe4fff3c8 x1=unidbg@0xe4fff2d4 x2=null x3=unidbg@0x20 x4=RW@0x12318620 x5=RW@0x122202b0[libc.so]0xe02b0 status0=-1
[qbdi-host] native-hmac offset=0xef00 lr=0xec34 x0=unidbg@0xe4fff3c8 x1=unidbg@0xe4fff2d4 x2=null x3=unidbg@0x20 x4=RW@0x12318620 x5=RW@0x122202b0[libc.so]0xe02b0 status0=-1
[qbdi-host] native-hmac offset=0xef04 lr=0xec34 x0=unidbg@0xe4fff3c8 x1=unidbg@0xe4fff2d4 x2=null x3=unidbg@0x20 x4=RW@0x12318620 x5=RW@0x122202b0[libc.so]0xe02b0 status0=-1
[qbdi-host] native-hmac offset=0xf144 lr=0xec34 x0=unidbg@0xe4fff3c8 x1=unidbg@0xe4fff2d4 x2=null x3=unidbg@0x20 x4=RW@0x12318620 x5=RW@0x122202b0[libc.so]0xe02b0 status0=-1
[qbdi-host] native-hmac offset=0xf148 lr=0xec34 x0=unidbg@0xe4fff3c8 x1=unidbg@0xe4fff2d4 x2=null x3=unidbg@0x20 x4=RW@0x12318620 x5=RW@0x122202b0[libc.so]0xe02b0 status0=-1
[qbdi-host] native-hmac offset=0xeef8 lr=0xec34 x0=unidbg@0xe4fff3c8 x1=unidbg@0xe4fff2d4 x2=null x3=unidbg@0x20 x4=RW@0x12318620 x5=RW@0x122202b0[libc.so]0xe02b0 status0=-1
[qbdi-host] native-hmac offset=0xeefc lr=0xec34 x0=unidbg@0xe4fff3c8 x1=unidbg@0xe4fff2d4 x2=null x3=unidbg@0x20 x4=RW@0x12318620 x5=RW@0x122202b0[libc.so]0xe02b0 status0=-1
[qbdi-host] native-hmac offset=0xef00 lr=0xec34 x0=unidbg@0xe4fff3c8 x1=unidbg@0xe4fff2d4 x2=null x3=unidbg@0x20 x4=RW@0x12318620 x5=RW@0x122202b0[libc.so]0xe02b0 status0=-1
[qbdi-host] native-hmac offset=0xef04 lr=0xec34 x0=unidbg@0xe4fff3c8 x1=unidbg@0xe4fff2d4 x2=null x3=unidbg@0x20 x4=RW@0x12318620 x5=RW@0x122202b0[libc.so]0xe02b0 status0=-1
[qbdi-host] native-hmac offset=0xf144 lr=0xec34 x0=unidbg@0xe4fff3c8 x1=unidbg@0xe4fff2d4 x2=null x3=unidbg@0x20 x4=RW@0x12318620 x5=RW@0x122202b0[libc.so]0xe02b0 status0=-1
[qbdi-host] native-hmac offset=0xf148 lr=0xec34 x0=unidbg@0xe4fff3c8 x1=unidbg@0xe4fff2d4 x2=null x3=unidbg@0x20 x4=RW@0x12318620 x5=RW@0x122202b0[libc.so]0xe02b0 status0=-1
[qbdi-host] native-hmac offset=0xeef8 lr=0xec34 x0=unidbg@0xe4fff3c8 x1=unidbg@0xe4fff2d4 x2=null x3=unidbg@0x20 x4=RW@0x12318620 x5=RW@0x122202b0[libc.so]0xe02b0 status0=-1
[qbdi-host] native-hmac offset=0xeefc lr=0xec34 x0=unidbg@0xe4fff3c8 x1=unidbg@0xe4fff2d4 x2=null x3=unidbg@0x20 x4=RW@0x12318620 x5=RW@0x122202b0[libc.so]0xe02b0 status0=-1
[qbdi-host] native-hmac offset=0xef00 lr=0xec34 x0=unidbg@0xe4fff3c8 x1=unidbg@0xe4fff2d4 x2=null x3=unidbg@0x20 x4=RW@0x12318620 x5=RW@0x122202b0[libc.so]0xe02b0 status0=-1
[qbdi-host] native-hmac offset=0xef04 lr=0xec34 x0=unidbg@0xe4fff3c8 x1=unidbg@0xe4fff2d4 x2=null x3=unidbg@0x20 x4=RW@0x12318620 x5=RW@0x122202b0[libc.so]0xe02b0 status0=-1
[qbdi-host] native-hmac offset=0xf144 lr=0xec34 x0=unidbg@0xe4fff3c8 x1=unidbg@0xe4fff2d4 x2=null x3=unidbg@0x20 x4=RW@0x12318620 x5=RW@0x122202b0[libc.so]0xe02b0 status0=-1
[qbdi-host] native-hmac offset=0xf148 lr=0xec34 x0=unidbg@0xe4fff3c8 x1=unidbg@0xe4fff2d4 x2=null x3=unidbg@0x20 x4=RW@0x12318620 x5=RW@0x122202b0[libc.so]0xe02b0 status0=-1
[qbdi-host] native-hmac offset=0xeef8 lr=0xec34 x0=unidbg@0xe4fff3c8 x1=unidbg@0xe4fff2d4 x2=null x3=unidbg@0x20 x4=RW@0x12318620 x5=RW@0x122202b0[libc.so]0xe02b0 status0=-1
[qbdi-host] native-hmac offset=0xeefc lr=0xec34 x0=unidbg@0xe4fff3c8 x1=unidbg@0xe4fff2d4 x2=null x3=unidbg@0x20 x4=RW@0x12318620 x5=RW@0x122202b0[libc.so]0xe02b0 status0=-1
[qbdi-host] native-hmac offset=0xef00 lr=0xec34 x0=unidbg@0xe4fff3c8 x1=unidbg@0xe4fff2d4 x2=null x3=unidbg@0x20 x4=RW@0x12318620 x5=RW@0x122202b0[libc.so]0xe02b0 status0=-1
[qbdi-host] native-hmac offset=0xef04 lr=0xec34 x0=unidbg@0xe4fff3c8 x1=unidbg@0xe4fff2d4 x2=null x3=unidbg@0x20 x4=RW@0x12318620 x5=RW@0x122202b0[libc.so]0xe02b0 status0=-1
[qbdi-host] native-hmac offset=0xf144 lr=0xec34 x0=unidbg@0xe4fff3c8 x1=unidbg@0xe4fff2d4 x2=null x3=unidbg@0x20 x4=RW@0x12318620 x5=RW@0x122202b0[libc.so]0xe02b0 status0=-1
[qbdi-host] native-hmac offset=0xf148 lr=0xec34 x0=unidbg@0xe4fff3c8 x1=unidbg@0xe4fff2d4 x2=null x3=unidbg@0x20 x4=RW@0x12318620 x5=RW@0x122202b0[libc.so]0xe02b0 status0=-1
[qbdi-host] native-hmac offset=0xeef8 lr=0xec34 x0=unidbg@0xe4fff3c8 x1=unidbg@0xe4fff2d4 x2=null x3=unidbg@0x20 x4=RW@0x12318620 x5=RW@0x122202b0[libc.so]0xe02b0 status0=-1
[qbdi-host] native-hmac offset=0xeefc lr=0xec34 x0=unidbg@0xe4fff3c8 x1=unidbg@0xe4fff2d4 x2=null x3=unidbg@0x20 x4=RW@0x12318620 x5=RW@0x122202b0[libc.so]0xe02b0 status0=-1
[qbdi-host] native-hmac offset=0xef00 lr=0xec34 x0=unidbg@0xe4fff3c8 x1=unidbg@0xe4fff2d4 x2=null x3=unidbg@0x20 x4=RW@0x12318620 x5=RW@0x122202b0[libc.so]0xe02b0 status0=-1
[qbdi-host] native-hmac offset=0xef04 lr=0xec34 x0=unidbg@0xe4fff3c8 x1=unidbg@0xe4fff2d4 x2=null x3=unidbg@0x20 x4=RW@0x12318620 x5=RW@0x122202b0[libc.so]0xe02b0 status0=-1
[qbdi-host] native-hmac offset=0xf144 lr=0xec34 x0=unidbg@0xe4fff3c8 x1=unidbg@0xe4fff2d4 x2=null x3=unidbg@0x20 x4=RW@0x12318620 x5=RW@0x122202b0[libc.so]0xe02b0 status0=-1
[qbdi-host] native-hmac offset=0xf148 lr=0xec34 x0=unidbg@0xe4fff3c8 x1=unidbg@0xe4fff2d4 x2=null x3=unidbg@0x20 x4=RW@0x12318620 x5=RW@0x122202b0[libc.so]0xe02b0 status0=-1
[qbdi-host] native-hmac offset=0xeef8 lr=0xec34 x0=unidbg@0xe4fff3c8 x1=unidbg@0xe4fff2d4 x2=null x3=unidbg@0x20 x4=RW@0x12318620 x5=RW@0x122202b0[libc.so]0xe02b0 status0=-1
[qbdi-host] native-hmac offset=0xeefc lr=0xec34 x0=unidbg@0xe4fff3c8 x1=unidbg@0xe4fff2d4 x2=null x3=unidbg@0x20 x4=RW@0x12318620 x5=RW@0x122202b0[libc.so]0xe02b0 status0=-1
[qbdi-host] native-hmac offset=0xef00 lr=0xec34 x0=unidbg@0xe4fff3c8 x1=unidbg@0xe4fff2d4 x2=null x3=unidbg@0x20 x4=RW@0x12318620 x5=RW@0x122202b0[libc.so]0xe02b0 status0=-1
[qbdi-host] native-hmac offset=0xef04 lr=0xec34 x0=unidbg@0xe4fff3c8 x1=unidbg@0xe4fff2d4 x2=null x3=unidbg@0x20 x4=RW@0x12318620 x5=RW@0x122202b0[libc.so]0xe02b0 status0=-1
[qbdi-host] native-hmac offset=0xf144 lr=0xec34 x0=unidbg@0xe4fff3c8 x1=unidbg@0xe4fff2d4 x2=null x3=unidbg@0x20 x4=RW@0x12318620 x5=RW@0x122202b0[libc.so]0xe02b0 status0=-1
[qbdi-host] native-hmac offset=0xf148 lr=0xec34 x0=unidbg@0xe4fff3c8 x1=unidbg@0xe4fff2d4 x2=null x3=unidbg@0x20 x4=RW@0x12318620 x5=RW@0x122202b0[libc.so]0xe02b0 status0=-1
[qbdi-host] native-hmac offset=0xeef8 lr=0xec34 x0=unidbg@0xe4fff3c8 x1=unidbg@0xe4fff2d4 x2=null x3=unidbg@0x20 x4=RW@0x12318620 x5=RW@0x122202b0[libc.so]0xe02b0 status0=-1
[qbdi-host] native-hmac offset=0xeefc lr=0xec34 x0=unidbg@0xe4fff3c8 x1=unidbg@0xe4fff2d4 x2=null x3=unidbg@0x20 x4=RW@0x12318620 x5=RW@0x122202b0[libc.so]0xe02b0 status0=-1
[qbdi-host] native-hmac offset=0xef00 lr=0xec34 x0=unidbg@0xe4fff3c8 x1=unidbg@0xe4fff2d4 x2=null x3=unidbg@0x20 x4=RW@0x12318620 x5=RW@0x122202b0[libc.so]0xe02b0 status0=-1
[qbdi-host] native-hmac offset=0xef04 lr=0xec34 x0=unidbg@0xe4fff3c8 x1=unidbg@0xe4fff2d4 x2=null x3=unidbg@0x20 x4=RW@0x12318620 x5=RW@0x122202b0[libc.so]0xe02b0 status0=-1
[qbdi-host] native-hmac offset=0xf144 lr=0xec34 x0=unidbg@0xe4fff3c8 x1=unidbg@0xe4fff2d4 x2=null x3=unidbg@0x20 x4=RW@0x12318620 x5=RW@0x122202b0[libc.so]0xe02b0 status0=-1
[qbdi-host] native-hmac offset=0xf148 lr=0xec34 x0=unidbg@0xe4fff3c8 x1=unidbg@0xe4fff2d4 x2=null x3=unidbg@0x20 x4=RW@0x12318620 x5=RW@0x122202b0[libc.so]0xe02b0 status0=-1
[qbdi-host] native-hmac offset=0xeef8 lr=0xec34 x0=unidbg@0xe4fff3c8 x1=unidbg@0xe4fff2d4 x2=null x3=unidbg@0x20 x4=RW@0x12318620 x5=RW@0x122202b0[libc.so]0xe02b0 status0=-1
[qbdi-host] native-hmac offset=0xeefc lr=0xec34 x0=unidbg@0xe4fff3c8 x1=unidbg@0xe4fff2d4 x2=null x3=unidbg@0x20 x4=RW@0x12318620 x5=RW@0x122202b0[libc.so]0xe02b0 status0=-1
[qbdi-host] native-hmac offset=0xef00 lr=0xec34 x0=unidbg@0xe4fff3c8 x1=unidbg@0xe4fff2d4 x2=null x3=unidbg@0x20 x4=RW@0x12318620 x5=RW@0x122202b0[libc.so]0xe02b0 status0=-1
[qbdi-host] native-hmac offset=0xef04 lr=0xec34 x0=unidbg@0xe4fff3c8 x1=unidbg@0xe4fff2d4 x2=null x3=unidbg@0x20 x4=RW@0x12318620 x5=RW@0x122202b0[libc.so]0xe02b0 status0=-1
[qbdi-host] native-hmac offset=0xf144 lr=0xec34 x0=unidbg@0xe4fff3c8 x1=unidbg@0xe4fff2d4 x2=null x3=unidbg@0x20 x4=RW@0x12318620 x5=RW@0x122202b0[libc.so]0xe02b0 status0=-1
[qbdi-host] native-hmac offset=0xf148 lr=0xec34 x0=unidbg@0xe4fff3c8 x1=unidbg@0xe4fff2d4 x2=null x3=unidbg@0x20 x4=RW@0x12318620 x5=RW@0x122202b0[libc.so]0xe02b0 status0=-1
[qbdi-host] native-hmac offset=0xefd8 lr=0xec34 x0=unidbg@0xe4fff3c8 x1=unidbg@0x1 x2=null x3=unidbg@0x20 x4=RW@0x12318620 x5=RW@0x122202b0[libc.so]0xe02b0 status0=-1
[qbdi-host] native-hmac offset=0xefdc lr=0xec34 x0=RW@0x12318620 x1=unidbg@0x1 x2=null x3=unidbg@0x20 x4=RW@0x12318620 x5=RW@0x122202b0[libc.so]0xe02b0 status0=-1
[qbdi-host] native-hmac offset=0xf030 lr=0xefe0 x0=unidbg@0xe4fff3c8 x1=unidbg@0x1 x2=unidbg@0x8 x3=unidbg@0x18 x4=unidbg@0x4 x5=unidbg@0xa9 status0=-1
[qbdi-host] native-hmac offset=0xf034 lr=0xefe0 x0=RW@0x12318640 x1=unidbg@0x1 x2=unidbg@0x8 x3=unidbg@0x18 x4=unidbg@0x4 x5=unidbg@0xa9 status0=-1
[qbdi-host] native-hmac offset=0xf000 lr=0xf038 x0=unidbg@0xe4fff3c8 x1=unidbg@0x1 x2=unidbg@0x8 x3=unidbg@0x18 x4=unidbg@0x5 x5=unidbg@0xaa status0=-1
[qbdi-host] native-hmac offset=0xf004 lr=0xf038 x0=unidbg@0xe4fff3c8 x1=unidbg@0x1 x2=unidbg@0x8 x3=unidbg@0x18 x4=unidbg@0x5 x5=unidbg@0xaa status0=-1
[qbdi-host] native-hmac offset=0xf114 lr=0xf014 x0=unidbg@0xe4fff3c8 x1=unidbg@0x1 x2=unidbg@0x8 x3=unidbg@0x18 x4=unidbg@0x5 x5=unidbg@0xaa status0=-1
[qbdi-host] native-hmac offset=0xf118 lr=0xf014 x0=unidbg@0xe4fff3c8 x1=unidbg@0x1 x2=unidbg@0x8 x3=unidbg@0x18 x4=unidbg@0x5 x5=unidbg@0xaa status0=-1
[qbdi-host] native-hmac offset=0xef68 lr=0xf128 x0=unidbg@0xe4fff3c8 x1=unidbg@0x1 x2=unidbg@0x8 x3=unidbg@0x18 x4=unidbg@0x5 x5=unidbg@0xaa status0=-1
[qbdi-host] native-hmac offset=0xef6c lr=0xf128 x0=unidbg@0xe4fff3c8 x1=unidbg@0x1 x2=unidbg@0x8 x3=unidbg@0x18 x4=unidbg@0x5 x5=unidbg@0xaa status0=-1
[qbdi-host] native-hmac offset=0xf184 lr=0xef7c x0=unidbg@0xe4fff3c8 x1=unidbg@0x1 x2=unidbg@0x8 x3=unidbg@0x18 x4=unidbg@0x5 x5=unidbg@0xaa status0=-1
[qbdi-host] native-init stage=public-source-probe-return success=0x1 result=0x0
[qbdi-host] native-init stage=legacy-state-probe-call context=unidbg@0xe4fff3c8 output=unidbg@0xe4fff2d4
[qbdi-host] native-init stage=legacy-state-probe-return result=0x0 output=0x0
[qbdi-host] native-init stage=legacy-state-probe-return result=0x0 output=0x0
[qbdi-host] native-init stage=legacy-state-selected state=0x23301822669a76fc
[main]E/SignerInstance: sign: Returned an null signature. Exiting...
Exception in thread "main" java.lang.IllegalStateException: Signer v4 did not produce a signature: {environment=sandbox, app_token=abc123, created_at=2026-07-10T00:00:00.000+0800, gps_adid=11111111-1111-1111-1111-111111111111, android_id=0123456789abcdef, device_type=phone, device_name=Pixel 9 Pro, os_name=android, os_version=15, language=zh, country=CN, headers_id=9, adj_signing_id=1400000, native_version=3.67.0, algorithm=adj8}
	at local.SignerEngine.sign(SignerEngine.java:60)
	at local.SignerEngine.signOnce(SignerEngine.java:77)
	at local.SignerOneClick.run(SignerOneClick.java:29)
	at local.SignerOneClick.run(SignerOneClick.java:21)
	at local.SignerOneClick.main(SignerOneClick.java:50)
