[main]V/SignerInstance: Signing all the parameters begin: 2026-07-15T05:40:30.809+0800
[main]V/SignerInstance: Calling native begin: 2026-07-15T05:40:30.823+0800
[main]V/SignerInstance: Calling native end  : 2026-07-15T05:40:30.857+0800
[main]V/SignerInstance: Signing all the parameters end  : 2026-07-15T05:40:30.858+0800
[main]V/SignerInstance: Signing all the parameters begin: 2026-07-15T05:40:30.872+0800
[main]V/SignerInstance: Calling native begin: 2026-07-15T05:40:30.872+0800
[main]V/SignerInstance: Calling native end  : 2026-07-15T05:40:30.891+0800
[main]V/SignerInstance: Signing all the parameters end  : 2026-07-15T05:40:30.891+0800
[main]V/SignerInstance: Signing all the parameters begin: 2026-07-15T05:40:30.895+0800
[main]V/SignerInstance: Calling native begin: 2026-07-15T05:40:30.895+0800
[main]V/SignerInstance: Calling native end  : 2026-07-15T05:40:30.906+0800
[main]V/SignerInstance: Signing all the parameters end  : 2026-07-15T05:40:30.906+0800
[main]V/SignerInstance: Signing all the parameters begin: 2026-07-15T05:40:30.910+0800
[main]V/SignerInstance: Calling native begin: 2026-07-15T05:40:30.985+0800
[main]V/SignerInstance: Calling native end  : 2026-07-15T05:40:30.999+0800
[main]V/SignerInstance: Signing all the parameters end  : 2026-07-15T05:40:31.000+0800
[main]V/SignerInstance: Signing all the parameters begin: 2026-07-15T05:40:31.003+0800
[main]V/SignerInstance: Calling native begin: 2026-07-15T05:40:31.003+0800
[main]V/SignerInstance: Calling native end  : 2026-07-15T05:40:31.017+0800
[main]V/SignerInstance: Signing all the parameters end  : 2026-07-15T05:40:31.017+0800
[main]V/SignerInstance: Signing all the parameters begin: 2026-07-15T05:40:31.022+0800
[main]V/SignerInstance: Calling native begin: 2026-07-15T05:40:31.022+0800
[main]V/SignerInstance: Calling native end  : 2026-07-15T05:40:31.037+0800
[main]V/SignerInstance: Signing all the parameters end  : 2026-07-15T05:40:31.037+0800
[main]V/SignerInstance: Signing all the parameters begin: 2026-07-15T05:40:31.040+0800
[main]V/SignerInstance: Calling native begin: 2026-07-15T05:40:31.040+0800
[main]V/SignerInstance: Calling native end  : 2026-07-15T05:40:31.057+0800
[main]V/SignerInstance: Signing all the parameters end  : 2026-07-15T05:40:31.057+0800
[main]V/SignerInstance: Signing all the parameters begin: 2026-07-15T05:40:31.061+0800
[main]V/SignerInstance: Calling native begin: 2026-07-15T05:40:31.061+0800
[main]V/SignerInstance: Calling native end  : 2026-07-15T05:40:31.076+0800
[main]V/SignerInstance: Signing all the parameters end  : 2026-07-15T05:40:31.076+0800
[main]V/SignerInstance: Signing all the parameters begin: 2026-07-15T05:40:31.080+0800
[main]V/SignerInstance: Calling native begin: 2026-07-15T05:40:31.081+0800
[main]V/SignerInstance: Calling native end  : 2026-07-15T05:40:31.091+0800
[main]V/SignerInstance: Signing all the parameters end  : 2026-07-15T05:40:31.091+0800
[main]V/SignerInstance: Signing all the parameters begin: 2026-07-15T05:40:31.097+0800
[main]V/SignerInstance: Calling native begin: 2026-07-15T05:40:31.097+0800
[main]V/SignerInstance: Calling native end  : 2026-07-15T05:40:31.108+0800
[main]V/SignerInstance: Signing all the parameters end  : 2026-07-15T05:40:31.108+0800
[main]V/SignerInstance: Signing all the parameters begin: 2026-07-15T05:40:31.111+0800
[main]V/SignerInstance: Calling native begin: 2026-07-15T05:40:31.137+0800
[main]V/SignerInstance: Calling native end  : 2026-07-15T05:40:31.151+0800
[main]V/SignerInstance: Signing all the parameters end  : 2026-07-15T05:40:31.151+0800
[main]V/SignerInstance: Signing all the parameters begin: 2026-07-15T05:40:31.154+0800
[main]V/SignerInstance: Calling native begin: 2026-07-15T05:40:31.154+0800
[main]V/SignerInstance: Calling native end  : 2026-07-15T05:40:31.165+0800
[main]V/SignerInstance: Signing all the parameters end  : 2026-07-15T05:40:31.165+0800
[main]V/SignerInstance: Signing all the parameters begin: 2026-07-15T05:40:31.168+0800
[main]V/SignerInstance: Calling native begin: 2026-07-15T05:40:31.168+0800
[main]V/SignerInstance: Calling native end  : 2026-07-15T05:40:31.178+0800
[main]V/SignerInstance: Signing all the parameters end  : 2026-07-15T05:40:31.178+0800
[main]V/SignerInstance: Signing all the parameters begin: 2026-07-15T05:40:31.181+0800
[main]V/SignerInstance: Calling native begin: 2026-07-15T05:40:31.182+0800
[main]V/SignerInstance: Calling native end  : 2026-07-15T05:40:31.196+0800
[main]V/SignerInstance: Signing all the parameters end  : 2026-07-15T05:40:31.196+0800
[main]V/SignerInstance: Signing all the parameters begin: 2026-07-15T05:40:31.215+0800
[main]V/SignerInstance: Calling native begin: 2026-07-15T05:40:31.216+0800
[main]V/SignerInstance: Calling native end  : 2026-07-15T05:40:31.229+0800
[main]V/SignerInstance: Signing all the parameters end  : 2026-07-15T05:40:31.229+0800
[main]V/SignerInstance: Signing all the parameters begin: 2026-07-15T05:40:31.232+0800
[main]V/SignerInstance: Calling native begin: 2026-07-15T05:40:31.232+0800
[main]V/SignerInstance: Calling native end  : 2026-07-15T05:40:31.246+0800
[main]V/SignerInstance: Signing all the parameters end  : 2026-07-15T05:40:31.246+0800
[main]V/SignerInstance: Signing all the parameters begin: 2026-07-15T05:40:31.249+0800
[main]V/SignerInstance: Calling native begin: 2026-07-15T05:40:31.250+0800
[main]V/SignerInstance: Calling native end  : 2026-07-15T05:40:31.264+0800
[main]V/SignerInstance: Signing all the parameters end  : 2026-07-15T05:40:31.264+0800
[main]V/SignerInstance: Signing all the parameters begin: 2026-07-15T05:40:31.268+0800
[main]V/SignerInstance: Calling native begin: 2026-07-15T05:40:31.293+0800
[main]V/SignerInstance: Calling native end  : 2026-07-15T05:40:31.307+0800
[main]V/SignerInstance: Signing all the parameters end  : 2026-07-15T05:40:31.307+0800
[main]V/SignerInstance: Signing all the parameters begin: 2026-07-15T05:40:31.311+0800
[main]V/SignerInstance: Calling native begin: 2026-07-15T05:40:31.311+0800
[main]V/SignerInstance: Calling native end  : 2026-07-15T05:40:31.326+0800
[main]V/SignerInstance: Signing all the parameters end  : 2026-07-15T05:40:31.326+0800
loaded libsigner.so base=0x12340000 size=0x148000
[main]V/SignerInstance: Signing all the parameters begin: 2026-07-15T05:40:32.924+0800
[main]V/SignerInstance: Calling native begin: 2026-07-15T05:40:32.924+0800
[main] WARN com.github.unidbg.Utils - read path=java.io.RandomAccessFile@5f462e3b, fp=10674152, _count=4096, length=10670511, buffer=RW@0x12309000
[main]V/SignerInstance: Calling native end  : 2026-07-15T05:40:46.521+0800
[main]V/SignerInstance: Signing all the parameters end  : 2026-07-15T05:40:46.521+0800
[main]V/SignerInstance: Signing all the parameters begin: 2026-07-15T05:40:46.524+0800
[main]V/SignerInstance: Calling native begin: 2026-07-15T05:40:46.524+0800
[main]V/SignerInstance: Calling native end  : 2026-07-15T05:40:46.545+0800
[main]V/SignerInstance: Signing all the parameters end  : 2026-07-15T05:40:46.545+0800
loaded libsigner.so base=0x12340000 size=0x148000
[main]V/SignerInstance: Signing all the parameters begin: 2026-07-15T05:40:46.732+0800
[main]V/SignerInstance: Calling native begin: 2026-07-15T05:40:46.732+0800
[main] WARN com.github.unidbg.Utils - read path=java.io.RandomAccessFile@e4d2696, fp=10674152, _count=4096, length=10670511, buffer=RW@0x12309000
[main]V/SignerInstance: Calling native end  : 2026-07-15T05:41:00.295+0800
[main]V/SignerInstance: Signing all the parameters end  : 2026-07-15T05:41:00.295+0800
[main]V/SignerInstance: Signing all the parameters begin: 2026-07-15T05:41:00.300+0800
[main]V/SignerInstance: Calling native begin: 2026-07-15T05:41:00.300+0800
[main]V/SignerInstance: Calling native end  : 2026-07-15T05:41:00.319+0800
[main]V/SignerInstance: Signing all the parameters end  : 2026-07-15T05:41:00.319+0800
