[INFO] Scanning for projects...
[INFO] 
[INFO] ------------------< local.qbdi:unidbg-adjust-runner >-------------------
[INFO] Building unidbg-adjust-runner 1.0-SNAPSHOT
[INFO]   from pom.xml
[INFO] --------------------------------[ jar ]---------------------------------
[INFO] 
[INFO] --- resources:3.4.0:resources (default-resources) @ unidbg-adjust-runner ---
[INFO] skip non existing resourceDirectory /Users/sanbo/Desktop/api/qbdi/unidbg-adjust-runner/src/main/resources
[INFO] 
[INFO] --- compiler:3.15.0:compile (default-compile) @ unidbg-adjust-runner ---
[INFO] Nothing to compile - all classes are up to date.
[INFO] 
[INFO] --- resources:3.4.0:testResources (default-testResources) @ unidbg-adjust-runner ---
[INFO] skip non existing resourceDirectory /Users/sanbo/Desktop/api/qbdi/unidbg-adjust-runner/src/test/resources
[INFO] 
[INFO] --- compiler:3.15.0:testCompile (default-testCompile) @ unidbg-adjust-runner ---
[INFO] Nothing to compile - all classes are up to date.
[INFO] 
[INFO] --- surefire:3.2.5:test (default-test) @ unidbg-adjust-runner ---
[INFO] Using auto detected provider org.apache.maven.surefire.junitplatform.JUnitPlatformProvider
[INFO] 
[INFO] -------------------------------------------------------
[INFO]  T E S T S
[INFO] -------------------------------------------------------
[INFO] Running local.RecoveredNativeBackendIntegrationTest
[main]V/SignerInstance: Signing all the parameters begin: 2026-07-15T06:26:47.304+0800
[main]V/SignerInstance: Calling native begin: 2026-07-15T06:26:47.313+0800
[main]V/SignerInstance: Calling native end  : 2026-07-15T06:26:47.340+0800
[main]V/SignerInstance: Signing all the parameters end  : 2026-07-15T06:26:47.341+0800
[main]V/SignerInstance: Signing all the parameters begin: 2026-07-15T06:26:47.351+0800
[main]V/SignerInstance: Calling native begin: 2026-07-15T06:26:47.352+0800
[main]V/SignerInstance: Calling native end  : 2026-07-15T06:26:47.367+0800
[main]V/SignerInstance: Signing all the parameters end  : 2026-07-15T06:26:47.367+0800
[main]V/SignerInstance: Signing all the parameters begin: 2026-07-15T06:26:47.371+0800
[main]V/SignerInstance: Calling native begin: 2026-07-15T06:26:47.371+0800
[main]V/SignerInstance: Calling native end  : 2026-07-15T06:26:47.380+0800
[main]V/SignerInstance: Signing all the parameters end  : 2026-07-15T06:26:47.380+0800
[main]V/SignerInstance: Signing all the parameters begin: 2026-07-15T06:26:47.383+0800
[main]V/SignerInstance: Calling native begin: 2026-07-15T06:26:47.454+0800
[main]V/SignerInstance: Calling native end  : 2026-07-15T06:26:47.467+0800
[main]V/SignerInstance: Signing all the parameters end  : 2026-07-15T06:26:47.467+0800
[main]V/SignerInstance: Signing all the parameters begin: 2026-07-15T06:26:47.470+0800
[main]V/SignerInstance: Calling native begin: 2026-07-15T06:26:47.470+0800
[main]V/SignerInstance: Calling native end  : 2026-07-15T06:26:47.483+0800
[main]V/SignerInstance: Signing all the parameters end  : 2026-07-15T06:26:47.483+0800
[main]V/SignerInstance: Signing all the parameters begin: 2026-07-15T06:26:47.487+0800
[main]V/SignerInstance: Calling native begin: 2026-07-15T06:26:47.487+0800
[main]V/SignerInstance: Calling native end  : 2026-07-15T06:26:47.499+0800
[main]V/SignerInstance: Signing all the parameters end  : 2026-07-15T06:26:47.499+0800
[main]V/SignerInstance: Signing all the parameters begin: 2026-07-15T06:26:47.504+0800
[main]V/SignerInstance: Calling native begin: 2026-07-15T06:26:47.504+0800
[main]V/SignerInstance: Calling native end  : 2026-07-15T06:26:47.520+0800
[main]V/SignerInstance: Signing all the parameters end  : 2026-07-15T06:26:47.521+0800
[main]V/SignerInstance: Signing all the parameters begin: 2026-07-15T06:26:47.524+0800
[main]V/SignerInstance: Calling native begin: 2026-07-15T06:26:47.524+0800
[main]V/SignerInstance: Calling native end  : 2026-07-15T06:26:47.536+0800
[main]V/SignerInstance: Signing all the parameters end  : 2026-07-15T06:26:47.536+0800
[main]V/SignerInstance: Signing all the parameters begin: 2026-07-15T06:26:47.540+0800
[main]V/SignerInstance: Calling native begin: 2026-07-15T06:26:47.540+0800
[main]V/SignerInstance: Calling native end  : 2026-07-15T06:26:47.550+0800
[main]V/SignerInstance: Signing all the parameters end  : 2026-07-15T06:26:47.550+0800
[main]V/SignerInstance: Signing all the parameters begin: 2026-07-15T06:26:47.553+0800
[main]V/SignerInstance: Calling native begin: 2026-07-15T06:26:47.553+0800
[main]V/SignerInstance: Calling native end  : 2026-07-15T06:26:47.562+0800
[main]V/SignerInstance: Signing all the parameters end  : 2026-07-15T06:26:47.562+0800
[main]V/SignerInstance: Signing all the parameters begin: 2026-07-15T06:26:47.567+0800
[main]V/SignerInstance: Calling native begin: 2026-07-15T06:26:47.638+0800
[main]V/SignerInstance: Calling native end  : 2026-07-15T06:26:47.650+0800
[main]V/SignerInstance: Signing all the parameters end  : 2026-07-15T06:26:47.650+0800
[main]V/SignerInstance: Signing all the parameters begin: 2026-07-15T06:26:47.653+0800
[main]V/SignerInstance: Calling native begin: 2026-07-15T06:26:47.653+0800
[main]V/SignerInstance: Calling native end  : 2026-07-15T06:26:47.662+0800
[main]V/SignerInstance: Signing all the parameters end  : 2026-07-15T06:26:47.662+0800
[main]V/SignerInstance: Signing all the parameters begin: 2026-07-15T06:26:47.665+0800
[main]V/SignerInstance: Calling native begin: 2026-07-15T06:26:47.665+0800
[main]V/SignerInstance: Calling native end  : 2026-07-15T06:26:47.674+0800
[main]V/SignerInstance: Signing all the parameters end  : 2026-07-15T06:26:47.674+0800
[main]V/SignerInstance: Signing all the parameters begin: 2026-07-15T06:26:47.676+0800
[main]V/SignerInstance: Calling native begin: 2026-07-15T06:26:47.677+0800
[main]V/SignerInstance: Calling native end  : 2026-07-15T06:26:47.688+0800
[main]V/SignerInstance: Signing all the parameters end  : 2026-07-15T06:26:47.688+0800
[main]V/SignerInstance: Signing all the parameters begin: 2026-07-15T06:26:47.705+0800
[main]V/SignerInstance: Calling native begin: 2026-07-15T06:26:47.705+0800
[main]V/SignerInstance: Calling native end  : 2026-07-15T06:26:47.717+0800
[main]V/SignerInstance: Signing all the parameters end  : 2026-07-15T06:26:47.717+0800
[main]V/SignerInstance: Signing all the parameters begin: 2026-07-15T06:26:47.721+0800
[main]V/SignerInstance: Calling native begin: 2026-07-15T06:26:47.721+0800
[main]V/SignerInstance: Calling native end  : 2026-07-15T06:26:47.733+0800
[main]V/SignerInstance: Signing all the parameters end  : 2026-07-15T06:26:47.733+0800
[main]V/SignerInstance: Signing all the parameters begin: 2026-07-15T06:26:47.736+0800
[main]V/SignerInstance: Calling native begin: 2026-07-15T06:26:47.736+0800
[main]V/SignerInstance: Calling native end  : 2026-07-15T06:26:47.748+0800
[main]V/SignerInstance: Signing all the parameters end  : 2026-07-15T06:26:47.748+0800
[main]V/SignerInstance: Signing all the parameters begin: 2026-07-15T06:26:47.751+0800
[main]V/SignerInstance: Calling native begin: 2026-07-15T06:26:47.837+0800
[main]V/SignerInstance: Calling native end  : 2026-07-15T06:26:47.850+0800
[main]V/SignerInstance: Signing all the parameters end  : 2026-07-15T06:26:47.850+0800
[main]V/SignerInstance: Signing all the parameters begin: 2026-07-15T06:26:47.853+0800
[main]V/SignerInstance: Calling native begin: 2026-07-15T06:26:47.853+0800
[main]V/SignerInstance: Calling native end  : 2026-07-15T06:26:47.865+0800
[main]V/SignerInstance: Signing all the parameters end  : 2026-07-15T06:26:47.865+0800
loaded libsigner.so base=0x12340000 size=0x148000
[main]V/SignerInstance: Signing all the parameters begin: 2026-07-15T06:26:49.755+0800
[main]V/SignerInstance: Calling native begin: 2026-07-15T06:26:49.755+0800
[main] WARN com.github.unidbg.Utils - read path=java.io.RandomAccessFile@5f462e3b, fp=10674152, _count=4096, length=10670511, buffer=RW@0x12309000
[main]V/SignerInstance: Calling native end  : 2026-07-15T06:27:03.104+0800
[main]V/SignerInstance: Signing all the parameters end  : 2026-07-15T06:27:03.104+0800
[main]V/SignerInstance: Signing all the parameters begin: 2026-07-15T06:27:03.109+0800
[main]V/SignerInstance: Calling native begin: 2026-07-15T06:27:03.109+0800
[main]V/SignerInstance: Calling native end  : 2026-07-15T06:27:03.131+0800
[main]V/SignerInstance: Signing all the parameters end  : 2026-07-15T06:27:03.132+0800
loaded libsigner.so base=0x12340000 size=0x148000
[main]V/SignerInstance: Signing all the parameters begin: 2026-07-15T06:27:03.306+0800
[main]V/SignerInstance: Calling native begin: 2026-07-15T06:27:03.306+0800
[main] WARN com.github.unidbg.Utils - read path=java.io.RandomAccessFile@e4d2696, fp=10674152, _count=4096, length=10670511, buffer=RW@0x12309000
[main]V/SignerInstance: Calling native end  : 2026-07-15T06:27:16.470+0800
[main]V/SignerInstance: Signing all the parameters end  : 2026-07-15T06:27:16.470+0800
[main]V/SignerInstance: Signing all the parameters begin: 2026-07-15T06:27:16.474+0800
[main]V/SignerInstance: Calling native begin: 2026-07-15T06:27:16.474+0800
[main]V/SignerInstance: Calling native end  : 2026-07-15T06:27:16.490+0800
[main]V/SignerInstance: Signing all the parameters end  : 2026-07-15T06:27:16.490+0800
[INFO] Tests run: 21, Failures: 0, Errors: 0, Skipped: 0, Time elapsed: 29.27 s -- in local.RecoveredNativeBackendIntegrationTest
[INFO] 
[INFO] Results:
[INFO] 
[INFO] Tests run: 21, Failures: 0, Errors: 0, Skipped: 0
[INFO] 
[INFO] ------------------------------------------------------------------------
[INFO] BUILD SUCCESS
[INFO] ------------------------------------------------------------------------
[INFO] Total time:  30.102 s
[INFO] Finished at: 2026-07-15T06:27:16+08:00
[INFO] ------------------------------------------------------------------------
