[main]V/SignerInstance: Signing all the parameters begin: 2026-07-15T05:37:57.453+0800
[main]V/SignerInstance: Calling native begin: 2026-07-15T05:37:57.469+0800
[main]V/SignerInstance: Calling native end  : 2026-07-15T05:37:57.507+0800
[main]V/SignerInstance: Signing all the parameters end  : 2026-07-15T05:37:57.508+0800
[main]V/SignerInstance: Signing all the parameters begin: 2026-07-15T05:37:57.522+0800
[main]V/SignerInstance: Calling native begin: 2026-07-15T05:37:57.523+0800
[main]V/SignerInstance: Calling native end  : 2026-07-15T05:37:57.542+0800
[main]V/SignerInstance: Signing all the parameters end  : 2026-07-15T05:37:57.542+0800
[main]V/SignerInstance: Signing all the parameters begin: 2026-07-15T05:37:57.547+0800
[main]V/SignerInstance: Calling native begin: 2026-07-15T05:37:57.547+0800
[main]V/SignerInstance: Calling native end  : 2026-07-15T05:37:57.557+0800
[main]V/SignerInstance: Signing all the parameters end  : 2026-07-15T05:37:57.558+0800
[main]V/SignerInstance: Signing all the parameters begin: 2026-07-15T05:37:57.562+0800
[main]V/SignerInstance: Calling native begin: 2026-07-15T05:37:57.660+0800
[main]V/SignerInstance: Calling native end  : 2026-07-15T05:37:57.676+0800
[main]V/SignerInstance: Signing all the parameters end  : 2026-07-15T05:37:57.676+0800
[main]V/SignerInstance: Signing all the parameters begin: 2026-07-15T05:37:57.679+0800
[main]V/SignerInstance: Calling native begin: 2026-07-15T05:37:57.680+0800
[main]V/SignerInstance: Calling native end  : 2026-07-15T05:37:57.696+0800
[main]V/SignerInstance: Signing all the parameters end  : 2026-07-15T05:37:57.697+0800
[main]V/SignerInstance: Signing all the parameters begin: 2026-07-15T05:37:57.702+0800
[main]V/SignerInstance: Calling native begin: 2026-07-15T05:37:57.702+0800
[main]V/SignerInstance: Calling native end  : 2026-07-15T05:37:57.718+0800
[main]V/SignerInstance: Signing all the parameters end  : 2026-07-15T05:37:57.718+0800
[main]V/SignerInstance: Signing all the parameters begin: 2026-07-15T05:37:57.721+0800
[main]V/SignerInstance: Calling native begin: 2026-07-15T05:37:57.721+0800
[main]V/SignerInstance: Calling native end  : 2026-07-15T05:37:57.744+0800
[main]V/SignerInstance: Signing all the parameters end  : 2026-07-15T05:37:57.745+0800
[main]V/SignerInstance: Signing all the parameters begin: 2026-07-15T05:37:57.748+0800
[main]V/SignerInstance: Calling native begin: 2026-07-15T05:37:57.748+0800
[main]V/SignerInstance: Calling native end  : 2026-07-15T05:37:57.765+0800
[main]V/SignerInstance: Signing all the parameters end  : 2026-07-15T05:37:57.765+0800
[main]V/SignerInstance: Signing all the parameters begin: 2026-07-15T05:37:57.769+0800
[main]V/SignerInstance: Calling native begin: 2026-07-15T05:37:57.769+0800
[main]V/SignerInstance: Calling native end  : 2026-07-15T05:37:57.783+0800
[main]V/SignerInstance: Signing all the parameters end  : 2026-07-15T05:37:57.783+0800
[main]V/SignerInstance: Signing all the parameters begin: 2026-07-15T05:37:57.787+0800
[main]V/SignerInstance: Calling native begin: 2026-07-15T05:37:57.787+0800
[main]V/SignerInstance: Calling native end  : 2026-07-15T05:37:57.799+0800
[main]V/SignerInstance: Signing all the parameters end  : 2026-07-15T05:37:57.799+0800
[main]V/SignerInstance: Signing all the parameters begin: 2026-07-15T05:37:57.803+0800
[main]V/SignerInstance: Calling native begin: 2026-07-15T05:37:57.829+0800
[main]V/SignerInstance: Calling native end  : 2026-07-15T05:37:57.843+0800
[main]V/SignerInstance: Signing all the parameters end  : 2026-07-15T05:37:57.843+0800
[main]V/SignerInstance: Signing all the parameters begin: 2026-07-15T05:37:57.847+0800
[main]V/SignerInstance: Calling native begin: 2026-07-15T05:37:57.847+0800
[main]V/SignerInstance: Calling native end  : 2026-07-15T05:37:57.857+0800
[main]V/SignerInstance: Signing all the parameters end  : 2026-07-15T05:37:57.858+0800
[main]V/SignerInstance: Signing all the parameters begin: 2026-07-15T05:37:57.861+0800
[main]V/SignerInstance: Calling native begin: 2026-07-15T05:37:57.861+0800
[main]V/SignerInstance: Calling native end  : 2026-07-15T05:37:57.872+0800
[main]V/SignerInstance: Signing all the parameters end  : 2026-07-15T05:37:57.872+0800
[main]V/SignerInstance: Signing all the parameters begin: 2026-07-15T05:37:57.876+0800
[main]V/SignerInstance: Calling native begin: 2026-07-15T05:37:57.876+0800
[main]V/SignerInstance: Calling native end  : 2026-07-15T05:37:57.890+0800
[main]V/SignerInstance: Signing all the parameters end  : 2026-07-15T05:37:57.890+0800
[main]V/SignerInstance: Signing all the parameters begin: 2026-07-15T05:37:57.909+0800
[main]V/SignerInstance: Calling native begin: 2026-07-15T05:37:57.909+0800
[main]V/SignerInstance: Calling native end  : 2026-07-15T05:37:57.922+0800
[main]V/SignerInstance: Signing all the parameters end  : 2026-07-15T05:37:57.922+0800
[main]V/SignerInstance: Signing all the parameters begin: 2026-07-15T05:37:57.926+0800
[main]V/SignerInstance: Calling native begin: 2026-07-15T05:37:57.926+0800
[main]V/SignerInstance: Calling native end  : 2026-07-15T05:37:57.939+0800
[main]V/SignerInstance: Signing all the parameters end  : 2026-07-15T05:37:57.940+0800
[main]V/SignerInstance: Signing all the parameters begin: 2026-07-15T05:37:57.943+0800
[main]V/SignerInstance: Calling native begin: 2026-07-15T05:37:57.943+0800
[main]V/SignerInstance: Calling native end  : 2026-07-15T05:37:57.958+0800
[main]V/SignerInstance: Signing all the parameters end  : 2026-07-15T05:37:57.958+0800
[main]V/SignerInstance: Signing all the parameters begin: 2026-07-15T05:37:57.966+0800
[main]V/SignerInstance: Calling native begin: 2026-07-15T05:37:57.991+0800
[main]V/SignerInstance: Calling native end  : 2026-07-15T05:37:58.005+0800
[main]V/SignerInstance: Signing all the parameters end  : 2026-07-15T05:37:58.005+0800
[main]V/SignerInstance: Signing all the parameters begin: 2026-07-15T05:37:58.008+0800
[main]V/SignerInstance: Calling native begin: 2026-07-15T05:37:58.008+0800
[main]V/SignerInstance: Calling native end  : 2026-07-15T05:37:58.022+0800
[main]V/SignerInstance: Signing all the parameters end  : 2026-07-15T05:37:58.022+0800
loaded libsigner.so base=0x12340000 size=0x148000
[main]V/SignerInstance: Signing all the parameters begin: 2026-07-15T05:37:59.564+0800
[main]V/SignerInstance: Calling native begin: 2026-07-15T05:37:59.564+0800
[main] WARN com.github.unidbg.Utils - read path=java.io.RandomAccessFile@7d0cc890, fp=10674152, _count=4096, length=10670511, buffer=RW@0x12309000
[main]V/SignerInstance: Calling native end  : 2026-07-15T05:38:13.145+0800
[main]V/SignerInstance: Signing all the parameters end  : 2026-07-15T05:38:13.145+0800
[main]V/SignerInstance: Signing all the parameters begin: 2026-07-15T05:38:13.148+0800
[main]V/SignerInstance: Calling native begin: 2026-07-15T05:38:13.148+0800
[main]V/SignerInstance: Calling native end  : 2026-07-15T05:38:13.167+0800
[main]V/SignerInstance: Signing all the parameters end  : 2026-07-15T05:38:13.167+0800
/bin/sh: line 1: 44302 Abort trap: 6           '/Library/Java/JavaVirtualMachines/jdk-11.0.16.1.jdk/Contents/Home/bin/java' '-XX:TieredStopAtLevel=1' '-XX:ErrorFile=/Users/sanbo/Desktop/api/qbdi/unidbg-adjust-runner/../.omx/crash-diagnostics/hs_err_pid%p.log' '-jar' '/Users/sanbo/Desktop/api/qbdi/unidbg-adjust-runner/target/surefire/surefirebooter-20260715053757012_3.jar' '/Users/sanbo/Desktop/api/qbdi/unidbg-adjust-runner/target/surefire' '2026-07-15T05-37-56_832-jvmRun1' 'surefire-20260715053757012_1tmp' 'surefire_0-20260715053757012_2tmp'
[ERROR] Failed to execute goal org.apache.maven.plugins:maven-surefire-plugin:3.2.5:test (default-test) on project unidbg-adjust-runner: 
[ERROR] 
[ERROR] Please refer to /Users/sanbo/Desktop/api/qbdi/unidbg-adjust-runner/target/surefire-reports for the individual test results.
[ERROR] Please refer to dump files (if any exist) [date].dump, [date]-jvmRun[N].dump and [date].dumpstream.
[ERROR] ExecutionException The forked VM terminated without properly saying goodbye. VM crash or System.exit called?
[ERROR] Command was /bin/sh -c cd '/Users/sanbo/Desktop/api/qbdi/unidbg-adjust-runner' && '/Library/Java/JavaVirtualMachines/jdk-11.0.16.1.jdk/Contents/Home/bin/java' '-XX:TieredStopAtLevel=1' '-XX:ErrorFile=/Users/sanbo/Desktop/api/qbdi/unidbg-adjust-runner/../.omx/crash-diagnostics/hs_err_pid%p.log' '-jar' '/Users/sanbo/Desktop/api/qbdi/unidbg-adjust-runner/target/surefire/surefirebooter-20260715053757012_3.jar' '/Users/sanbo/Desktop/api/qbdi/unidbg-adjust-runner/target/surefire' '2026-07-15T05-37-56_832-jvmRun1' 'surefire-20260715053757012_1tmp' 'surefire_0-20260715053757012_2tmp'
[ERROR] Error occurred in starting fork, check output in log
[ERROR] Process Exit Code: 134
[ERROR] Crashed tests:
[ERROR] local.RecoveredNativeBackendIntegrationTest
[ERROR] org.apache.maven.surefire.booter.SurefireBooterForkException: ExecutionException The forked VM terminated without properly saying goodbye. VM crash or System.exit called?
[ERROR] Command was /bin/sh -c cd '/Users/sanbo/Desktop/api/qbdi/unidbg-adjust-runner' && '/Library/Java/JavaVirtualMachines/jdk-11.0.16.1.jdk/Contents/Home/bin/java' '-XX:TieredStopAtLevel=1' '-XX:ErrorFile=/Users/sanbo/Desktop/api/qbdi/unidbg-adjust-runner/../.omx/crash-diagnostics/hs_err_pid%p.log' '-jar' '/Users/sanbo/Desktop/api/qbdi/unidbg-adjust-runner/target/surefire/surefirebooter-20260715053757012_3.jar' '/Users/sanbo/Desktop/api/qbdi/unidbg-adjust-runner/target/surefire' '2026-07-15T05-37-56_832-jvmRun1' 'surefire-20260715053757012_1tmp' 'surefire_0-20260715053757012_2tmp'
[ERROR] Error occurred in starting fork, check output in log
[ERROR] Process Exit Code: 134
[ERROR] Crashed tests:
[ERROR] local.RecoveredNativeBackendIntegrationTest
[ERROR] 	at org.apache.maven.plugin.surefire.booterclient.ForkStarter.awaitResultsDone(ForkStarter.java:456)
[ERROR] 	at org.apache.maven.plugin.surefire.booterclient.ForkStarter.runSuitesForkPerTestSet(ForkStarter.java:418)
[ERROR] 	at org.apache.maven.plugin.surefire.booterclient.ForkStarter.run(ForkStarter.java:297)
[ERROR] 	at org.apache.maven.plugin.surefire.booterclient.ForkStarter.run(ForkStarter.java:250)
[ERROR] 	at org.apache.maven.plugin.surefire.AbstractSurefireMojo.executeProvider(AbstractSurefireMojo.java:1241)
[ERROR] 	at org.apache.maven.plugin.surefire.AbstractSurefireMojo.executeAfterPreconditionsChecked(AbstractSurefireMojo.java:1090)
[ERROR] 	at org.apache.maven.plugin.surefire.AbstractSurefireMojo.execute(AbstractSurefireMojo.java:910)
[ERROR] 	at org.apache.maven.plugin.DefaultBuildPluginManager.executeMojo(DefaultBuildPluginManager.java:126)
[ERROR] 	at org.apache.maven.lifecycle.internal.MojoExecutor.doExecute2(MojoExecutor.java:328)
[ERROR] 	at org.apache.maven.lifecycle.internal.MojoExecutor.doExecute(MojoExecutor.java:316)
[ERROR] 	at org.apache.maven.lifecycle.internal.MojoExecutor.execute(MojoExecutor.java:212)
[ERROR] 	at org.apache.maven.lifecycle.internal.MojoExecutor.execute(MojoExecutor.java:174)
[ERROR] 	at org.apache.maven.lifecycle.internal.MojoExecutor.access$000(MojoExecutor.java:75)
[ERROR] 	at org.apache.maven.lifecycle.internal.MojoExecutor$1.run(MojoExecutor.java:162)
[ERROR] 	at org.apache.maven.plugin.DefaultMojosExecutionStrategy.execute(DefaultMojosExecutionStrategy.java:39)
[ERROR] 	at org.apache.maven.lifecycle.internal.MojoExecutor.execute(MojoExecutor.java:159)
[ERROR] 	at org.apache.maven.lifecycle.internal.LifecycleModuleBuilder.buildProject(LifecycleModuleBuilder.java:105)
[ERROR] 	at org.apache.maven.lifecycle.internal.LifecycleModuleBuilder.buildProject(LifecycleModuleBuilder.java:73)
[ERROR] 	at org.apache.maven.lifecycle.internal.builder.singlethreaded.SingleThreadedBuilder.build(SingleThreadedBuilder.java:53)
[ERROR] 	at org.apache.maven.lifecycle.internal.LifecycleStarter.execute(LifecycleStarter.java:118)
[ERROR] 	at org.apache.maven.DefaultMaven.doExecute(DefaultMaven.java:261)
[ERROR] 	at org.apache.maven.DefaultMaven.doExecute(DefaultMaven.java:173)
[ERROR] 	at org.apache.maven.DefaultMaven.execute(DefaultMaven.java:101)
[ERROR] 	at org.apache.maven.cli.MavenCli.execute(MavenCli.java:919)
[ERROR] 	at org.apache.maven.cli.MavenCli.doMain(MavenCli.java:285)
[ERROR] 	at org.apache.maven.cli.MavenCli.main(MavenCli.java:207)
[ERROR] 	at java.base/jdk.internal.reflect.NativeMethodAccessorImpl.invoke0(Native Method)
[ERROR] 	at java.base/jdk.internal.reflect.NativeMethodAccessorImpl.invoke(NativeMethodAccessorImpl.java:62)
[ERROR] 	at java.base/jdk.internal.reflect.DelegatingMethodAccessorImpl.invoke(DelegatingMethodAccessorImpl.java:43)
[ERROR] 	at java.base/java.lang.reflect.Method.invoke(Method.java:566)
[ERROR] 	at org.codehaus.plexus.classworlds.launcher.Launcher.launchEnhanced(Launcher.java:255)
[ERROR] 	at org.codehaus.plexus.classworlds.launcher.Launcher.launch(Launcher.java:201)
[ERROR] 	at org.codehaus.plexus.classworlds.launcher.Launcher.mainWithExitCode(Launcher.java:361)
[ERROR] 	at org.codehaus.plexus.classworlds.launcher.Launcher.main(Launcher.java:314)
[ERROR] Caused by: org.apache.maven.surefire.booter.SurefireBooterForkException: The forked VM terminated without properly saying goodbye. VM crash or System.exit called?
[ERROR] Command was /bin/sh -c cd '/Users/sanbo/Desktop/api/qbdi/unidbg-adjust-runner' && '/Library/Java/JavaVirtualMachines/jdk-11.0.16.1.jdk/Contents/Home/bin/java' '-XX:TieredStopAtLevel=1' '-XX:ErrorFile=/Users/sanbo/Desktop/api/qbdi/unidbg-adjust-runner/../.omx/crash-diagnostics/hs_err_pid%p.log' '-jar' '/Users/sanbo/Desktop/api/qbdi/unidbg-adjust-runner/target/surefire/surefirebooter-20260715053757012_3.jar' '/Users/sanbo/Desktop/api/qbdi/unidbg-adjust-runner/target/surefire' '2026-07-15T05-37-56_832-jvmRun1' 'surefire-20260715053757012_1tmp' 'surefire_0-20260715053757012_2tmp'
[ERROR] Error occurred in starting fork, check output in log
[ERROR] Process Exit Code: 134
[ERROR] Crashed tests:
[ERROR] local.RecoveredNativeBackendIntegrationTest
[ERROR] 	at org.apache.maven.plugin.surefire.booterclient.ForkStarter.fork(ForkStarter.java:643)
[ERROR] 	at org.apache.maven.plugin.surefire.booterclient.ForkStarter.lambda$null$7(ForkStarter.java:401)
[ERROR] 	at java.base/java.util.concurrent.FutureTask.run(FutureTask.java:264)
[ERROR] 	at java.base/java.util.concurrent.ThreadPoolExecutor.runWorker(ThreadPoolExecutor.java:1128)
[ERROR] 	at java.base/java.util.concurrent.ThreadPoolExecutor$Worker.run(ThreadPoolExecutor.java:628)
[ERROR] 	at java.base/java.lang.Thread.run(Thread.java:834)
[ERROR] 
[ERROR] -> [Help 1]
[ERROR] 
[ERROR] To see the full stack trace of the errors, re-run Maven with the -e switch.
[ERROR] Re-run Maven using the -X switch to enable full debug logging.
[ERROR] 
[ERROR] For more information about the errors and possible solutions, please read the following articles:
[ERROR] [Help 1] http://cwiki.apache.org/confluence/display/MAVEN/MojoExecutionException
