loaded libsigner.so base=0x12340000 size=0x148000
[main]V/SignerInstance: Signing all the parameters begin: 2026-07-15T02:53:50.968+0800
[main]V/SignerInstance: Calling native begin: 2026-07-15T02:53:50.976+0800
[main]V/signer: Signing all the parameters begin: 2025-10-09T04:53:20.123Z-0400
[qbdi-host] detector-scratch stage=producer-entry caller=libsigner.so+0xf3c0 env=unidbg@0xfffe1640 context=unidbg@0x557a1e2d scratch=unidbg@0xe4ffe9e8
[qbdi-host] detector-scratch stage=property-entry caller=libsigner.so+0x8d27c name=ro.bootloader output=unidbg@0xe4ffe260
[qbdi-host] detector-scratch stage=property-entry caller=libsigner.so+0x8b248 name=ro.product.manufacturer output=unidbg@0xe4ffe260
[qbdi-host] detector-scratch stage=property-entry caller=libsigner.so+0x8dd04 name=ro.product.model output=unidbg@0xe4ffe260
[qbdi-host] detector-scratch stage=property-entry caller=libsigner.so+0x8c0ec name=ro.product.device output=unidbg@0xe4ffe260
[qbdi-host] detector-scratch stage=property-entry caller=libsigner.so+0x8eeac name=ro.build.display.id output=unidbg@0xe4ffe260
[qbdi-host] detector-scratch stage=property-entry caller=libsigner.so+0x8b5bc name=ro.product.name output=unidbg@0xe4ffe260
[qbdi-host] detector-scratch stage=property-entry caller=libsigner.so+0x8e960 name=ro.build.host output=unidbg@0xe4ffe260
[qbdi-host] detector-scratch stage=property-entry caller=libsigner.so+0x8d300 name=ro.build.fingerprint output=unidbg@0xe4ffe260
[qbdi-host] detector-scratch stage=property-entry caller=libsigner.so+0x8b7b0 name=ro.build.type output=unidbg@0xe4ffe260
[qbdi-host] detector-scratch stage=property-entry caller=libsigner.so+0x8d9b4 name=ro.product.brand output=unidbg@0xe4ffe260
[qbdi-host] detector-scratch stage=property-entry caller=libsigner.so+0x8b36c name=ro.build.user output=unidbg@0xe4ffe260
[qbdi-host] detector-scratch stage=property-entry caller=libsigner.so+0x8b9ac name=ro.hardware output=unidbg@0xe4ffe260
[qbdi-host] detector-scratch stage=property-entry caller=libsigner.so+0x8bd78 name=ro.product.cpu.abilist output=unidbg@0xe4ffe260
[qbdi-host] detector-scratch stage=system-service-entry caller=libsigner.so+0x8af28 status=0x0 context=unidbg@0x557a1e2d field=SENSOR_SERVICE output=unidbg@0xe4ffe350
[qbdi-host] detector-scratch stage=system-service-return status=0x0 field=SENSOR_SERVICE handle=0x28d6290 type=android/hardware/SensorManager
[qbdi-host] detector-scratch stage=sensor-list-entry caller=libsigner.so+0x8cc64 status=0x0 manager=unidbg@0x28d6290 type=-1 output=unidbg@0xe4ffe340
[qbdi-host] detector-scratch stage=sensor-list-return status=0x0 handle=0x6ca0256d type=java/util/ArrayList value=[android.hardware.Sensor@5ef0d29e]
[qbdi-host] detector-scratch stage=size-entry caller=libsigner.so+0x8da64 status=0x0 object=unidbg@0x6ca0256d output=unidbg@0xe4ffe330 initial=0x0
[qbdi-host] detector-scratch stage=size-return status=0x0 value=1/0x1
[qbdi-host] detector-scratch stage=get-entry caller=libsigner.so+0x8e35c status=0x0 object=unidbg@0x6ca0256d index=0 output=unidbg@0xe4ffe320 initial=0x0
[qbdi-host] detector-scratch stage=get-return status=0x0 index=0 handle=0x5ef0d29e type=android/hardware/Sensor value=local.DeviceProfile$Sensor@38f57b3d
[qbdi-host] detector-scratch stage=sensor-name-entry caller=libsigner.so+0x8bf64 status=0x0 sensor=unidbg@0x5ef0d29e output=unidbg@0xe4ffe310
[qbdi-host] detector-scratch stage=sensor-name-return status=0x0 handle=0x51850751 type=java/lang/String value=LSM6DSO
[qbdi-host] detector-scratch stage=sensor-vendor-entry caller=libsigner.so+0x8ca78 status=0x0 sensor=unidbg@0x5ef0d29e output=unidbg@0xe4ffe300
[qbdi-host] detector-scratch stage=sensor-vendor-return status=0x0 handle=0x3ce3db41 type=java/lang/String value=STMicroelectronics
[qbdi-host] detector-scratch stage=system-resources-entry caller=libsigner.so+0x8c2a4 status=0x0 output=unidbg@0xe4ffe380
[qbdi-host] detector-scratch stage=system-resources-return status=0x0 handle=0x64df9a61 type=android/content/res/Resources value=system-resources
[qbdi-host] detector-scratch stage=display-metrics-entry caller=libsigner.so+0x8e9cc status=0x0 object=unidbg@0x64df9a61 output=unidbg@0xe4ffe370 initial=0x0
[qbdi-host] detector-scratch stage=display-metrics-return status=0x0 handle=0x77602954 type=android/util/DisplayMetrics
[qbdi-host] detector-scratch stage=int-field-entry caller=libsigner.so+0x8d568 name=widthPixels status=0x0 object=unidbg@0x77602954 output=unidbg@0xe4ffea48 scratch-offset=0x60 initial=0x0
[qbdi-host] detector-scratch stage=int-field-return pc=libsigner.so+0x8d568 name=widthPixels status=0x0 value=1440/0x5a0
[qbdi-host] detector-scratch stage=int-field-entry caller=libsigner.so+0x8c324 name=heightPixels status=0x0 object=unidbg@0x77602954 output=unidbg@0xe4ffea4c scratch-offset=0x64 initial=0x0
[qbdi-host] detector-scratch stage=int-field-return pc=libsigner.so+0x8c324 name=heightPixels status=0x0 value=3120/0xc30
[qbdi-host] detector-scratch stage=producer-return status=0x0 scratch=unidbg@0xe4ffe9e8 width-height-pair=0x5a0/0xc30 string-count=1
[qbdi-host] detector-scratch stage=raw-pointers +0x00=0x12318380 +0x08=0x12318340 +0x10=0x1231f0f0 +0x18=0x1231f0c0 +0x20=0x1231f0d0 +0x28=0x12318360 +0x30=0x123183a0 +0x38=0x123183c0 +0x40=0x1231f100 +0x48=0x12318320 +0x50=0x123183e0 +0x58=0x1231f0e0 +0x68=0x1231f110
[qbdi-host] detector-scratch stage=all-fields +0x00=TRACE_PRODUCT_NAME +0x08=TRACE_MANUFACTURER +0x10=TRACE_BRAND +0x18=TRACE_MODEL +0x20=TRACE_DEVICE +0x28=TRACE_DISPLAY_ID +0x30=TRACE_FINGERPRINT +0x38=TRACE_BUILD_TYPE +0x40=TRACE_HARDWARE +0x48=TRACE_BOOTLOADER +0x50=TRACE_BUILD_USER +0x58=TRACE_HOST +0x68=TRACE_ABILIST
[qbdi-host] detector-scratch stage=fixed-fields +0x00=TRACE_PRODUCT_NAME +0x08=TRACE_MANUFACTURER +0x10=TRACE_BRAND +0x18=TRACE_MODEL +0x20=TRACE_DEVICE +0x30=TRACE_FINGERPRINT +0x38=TRACE_BUILD_TYPE +0x40=TRACE_HARDWARE +0x50=TRACE_BUILD_USER
[qbdi-host] detector-scratch stage=dynamic-pairs [0]=LSM6DSO|STMicroelectronics
[main]V/signer: Signing all the parameters end  : 2025-10-09T04:53:20.123Z-0400
[main]V/SignerInstance: Calling native end  : 2026-07-15T02:53:54.514+0800
[main]V/SignerInstance: Signing all the parameters end  : 2026-07-15T02:53:54.515+0800
[main]V/SignerInstance: Signing all the parameters begin: 2026-07-15T02:53:54.515+0800
[main]V/SignerInstance: Calling native begin: 2026-07-15T02:53:54.516+0800
[main]V/signer: Signing all the parameters begin: 2025-10-09T04:53:20.123Z-0400
[qbdi-host] detector-scratch stage=producer-entry caller=libsigner.so+0xf3c0 env=unidbg@0xfffe1640 context=unidbg@0x76a82f33 scratch=unidbg@0xe4ffe9e8
[qbdi-host] detector-scratch stage=property-entry caller=libsigner.so+0x8d27c name=ro.bootloader output=unidbg@0xe4ffe260
[qbdi-host] detector-scratch stage=property-entry caller=libsigner.so+0x8b248 name=ro.product.manufacturer output=unidbg@0xe4ffe260
[qbdi-host] detector-scratch stage=property-entry caller=libsigner.so+0x8dd04 name=ro.product.model output=unidbg@0xe4ffe260
[qbdi-host] detector-scratch stage=property-entry caller=libsigner.so+0x8c0ec name=ro.product.device output=unidbg@0xe4ffe260
[qbdi-host] detector-scratch stage=property-entry caller=libsigner.so+0x8eeac name=ro.build.display.id output=unidbg@0xe4ffe260
[qbdi-host] detector-scratch stage=property-entry caller=libsigner.so+0x8b5bc name=ro.product.name output=unidbg@0xe4ffe260
[qbdi-host] detector-scratch stage=property-entry caller=libsigner.so+0x8e960 name=ro.build.host output=unidbg@0xe4ffe260
[qbdi-host] detector-scratch stage=property-entry caller=libsigner.so+0x8d300 name=ro.build.fingerprint output=unidbg@0xe4ffe260
[qbdi-host] detector-scratch stage=property-entry caller=libsigner.so+0x8b7b0 name=ro.build.type output=unidbg@0xe4ffe260
[qbdi-host] detector-scratch stage=property-entry caller=libsigner.so+0x8d9b4 name=ro.product.brand output=unidbg@0xe4ffe260
[qbdi-host] detector-scratch stage=property-entry caller=libsigner.so+0x8b36c name=ro.build.user output=unidbg@0xe4ffe260
[qbdi-host] detector-scratch stage=property-entry caller=libsigner.so+0x8b9ac name=ro.hardware output=unidbg@0xe4ffe260
[qbdi-host] detector-scratch stage=property-entry caller=libsigner.so+0x8bd78 name=ro.product.cpu.abilist output=unidbg@0xe4ffe260
[qbdi-host] detector-scratch stage=system-service-entry caller=libsigner.so+0x8af28 status=0x0 context=unidbg@0x76a82f33 field=SENSOR_SERVICE output=unidbg@0xe4ffe350
[qbdi-host] detector-scratch stage=system-service-return status=0x0 field=SENSOR_SERVICE handle=0x4a067c25 type=android/hardware/SensorManager
[qbdi-host] detector-scratch stage=sensor-list-entry caller=libsigner.so+0x8cc64 status=0x0 manager=unidbg@0x4a067c25 type=-1 output=unidbg@0xe4ffe340
[qbdi-host] detector-scratch stage=sensor-list-return status=0x0 handle=0xa1217f9 type=java/util/ArrayList value=[android.hardware.Sensor@3bde62ff]
[qbdi-host] detector-scratch stage=size-entry caller=libsigner.so+0x8da64 status=0x0 object=unidbg@0xa1217f9 output=unidbg@0xe4ffe330 initial=0x0
[qbdi-host] detector-scratch stage=size-return status=0x0 value=1/0x1
[qbdi-host] detector-scratch stage=get-entry caller=libsigner.so+0x8e35c status=0x0 object=unidbg@0xa1217f9 index=0 output=unidbg@0xe4ffe320 initial=0x0
[qbdi-host] detector-scratch stage=get-return status=0x0 index=0 handle=0x3bde62ff type=android/hardware/Sensor value=local.DeviceProfile$Sensor@38f57b3d
[qbdi-host] detector-scratch stage=sensor-name-entry caller=libsigner.so+0x8bf64 status=0x0 sensor=unidbg@0x3bde62ff output=unidbg@0xe4ffe310
[qbdi-host] detector-scratch stage=sensor-name-return status=0x0 handle=0x523424b5 type=java/lang/String value=LSM6DSO
[qbdi-host] detector-scratch stage=sensor-vendor-entry caller=libsigner.so+0x8ca78 status=0x0 sensor=unidbg@0x3bde62ff output=unidbg@0xe4ffe300
[qbdi-host] detector-scratch stage=sensor-vendor-return status=0x0 handle=0x2baa8d82 type=java/lang/String value=STMicroelectronics
[qbdi-host] detector-scratch stage=system-resources-entry caller=libsigner.so+0x8c2a4 status=0x0 output=unidbg@0xe4ffe380
[qbdi-host] detector-scratch stage=system-resources-return status=0x0 handle=0x319dead1 type=android/content/res/Resources value=system-resources
[qbdi-host] detector-scratch stage=display-metrics-entry caller=libsigner.so+0x8e9cc status=0x0 object=unidbg@0x319dead1 output=unidbg@0xe4ffe370 initial=0x0
[qbdi-host] detector-scratch stage=display-metrics-return status=0x0 handle=0x791cbf87 type=android/util/DisplayMetrics
[qbdi-host] detector-scratch stage=int-field-entry caller=libsigner.so+0x8d568 name=widthPixels status=0x0 object=unidbg@0x791cbf87 output=unidbg@0xe4ffea48 scratch-offset=0x60 initial=0x0
[qbdi-host] detector-scratch stage=int-field-return pc=libsigner.so+0x8d568 name=widthPixels status=0x0 value=1440/0x5a0
[qbdi-host] detector-scratch stage=int-field-entry caller=libsigner.so+0x8c324 name=heightPixels status=0x0 object=unidbg@0x791cbf87 output=unidbg@0xe4ffea4c scratch-offset=0x64 initial=0x0
[qbdi-host] detector-scratch stage=int-field-return pc=libsigner.so+0x8c324 name=heightPixels status=0x0 value=3120/0xc30
[qbdi-host] detector-scratch stage=producer-return status=0x0 scratch=unidbg@0xe4ffe9e8 width-height-pair=0x5a0/0xc30 string-count=1
[qbdi-host] detector-scratch stage=raw-pointers +0x00=0x12318540 +0x08=0x12318580 +0x10=0x1231f120 +0x18=0x1231f160 +0x20=0x1231f170 +0x28=0x12318560 +0x30=0x12318520 +0x38=0x12318500 +0x40=0x1231f0f0 +0x48=0x12318400 +0x50=0x12318340 +0x58=0x1231f130 +0x68=0x1231f0c0
[qbdi-host] detector-scratch stage=all-fields +0x00=TRACE_PRODUCT_NAME +0x08=TRACE_MANUFACTURER +0x10=TRACE_BRAND +0x18=TRACE_MODEL +0x20=TRACE_DEVICE +0x28=TRACE_DISPLAY_ID +0x30=TRACE_FINGERPRINT +0x38=TRACE_BUILD_TYPE +0x40=TRACE_HARDWARE +0x48=TRACE_BOOTLOADER +0x50=TRACE_BUILD_USER +0x58=TRACE_HOST +0x68=TRACE_ABILIST
[qbdi-host] detector-scratch stage=fixed-fields +0x00=TRACE_PRODUCT_NAME +0x08=TRACE_MANUFACTURER +0x10=TRACE_BRAND +0x18=TRACE_MODEL +0x20=TRACE_DEVICE +0x30=TRACE_FINGERPRINT +0x38=TRACE_BUILD_TYPE +0x40=TRACE_HARDWARE +0x50=TRACE_BUILD_USER
[qbdi-host] detector-scratch stage=dynamic-pairs [0]=LSM6DSO|STMicroelectronics
[main]V/signer: Signing all the parameters end  : 2025-10-09T04:53:20.123Z-0400
[main]V/SignerInstance: Calling native end  : 2026-07-15T02:53:57.973+0800
[main]V/SignerInstance: Signing all the parameters end  : 2026-07-15T02:53:57.973+0800
[main]V/SignerInstance: SDKv5 Signing all the parameters begin: 2026-07-15T02:53:57.973+0800
[main]V/SignerInstance: Signing all the parameters begin: 2026-07-15T02:53:57.973+0800
[main]V/SignerInstance: Calling native begin: 2026-07-15T02:53:57.974+0800
[main]V/signer: Signing all the parameters begin: 2025-10-09T04:53:20.123Z-0400
[qbdi-host] detector-scratch stage=producer-entry caller=libsigner.so+0xf3c0 env=unidbg@0xfffe1640 context=unidbg@0x1df98368 scratch=unidbg@0xe4ffe9e8
[qbdi-host] detector-scratch stage=property-entry caller=libsigner.so+0x8d27c name=ro.bootloader output=unidbg@0xe4ffe260
[qbdi-host] detector-scratch stage=property-entry caller=libsigner.so+0x8b248 name=ro.product.manufacturer output=unidbg@0xe4ffe260
[qbdi-host] detector-scratch stage=property-entry caller=libsigner.so+0x8dd04 name=ro.product.model output=unidbg@0xe4ffe260
[qbdi-host] detector-scratch stage=property-entry caller=libsigner.so+0x8c0ec name=ro.product.device output=unidbg@0xe4ffe260
[qbdi-host] detector-scratch stage=property-entry caller=libsigner.so+0x8eeac name=ro.build.display.id output=unidbg@0xe4ffe260
[qbdi-host] detector-scratch stage=property-entry caller=libsigner.so+0x8b5bc name=ro.product.name output=unidbg@0xe4ffe260
[qbdi-host] detector-scratch stage=property-entry caller=libsigner.so+0x8e960 name=ro.build.host output=unidbg@0xe4ffe260
[qbdi-host] detector-scratch stage=property-entry caller=libsigner.so+0x8d300 name=ro.build.fingerprint output=unidbg@0xe4ffe260
[qbdi-host] detector-scratch stage=property-entry caller=libsigner.so+0x8b7b0 name=ro.build.type output=unidbg@0xe4ffe260
[qbdi-host] detector-scratch stage=property-entry caller=libsigner.so+0x8d9b4 name=ro.product.brand output=unidbg@0xe4ffe260
[qbdi-host] detector-scratch stage=property-entry caller=libsigner.so+0x8b36c name=ro.build.user output=unidbg@0xe4ffe260
[qbdi-host] detector-scratch stage=property-entry caller=libsigner.so+0x8b9ac name=ro.hardware output=unidbg@0xe4ffe260
[qbdi-host] detector-scratch stage=property-entry caller=libsigner.so+0x8bd78 name=ro.product.cpu.abilist output=unidbg@0xe4ffe260
[qbdi-host] detector-scratch stage=system-service-entry caller=libsigner.so+0x8af28 status=0x0 context=unidbg@0x1df98368 field=SENSOR_SERVICE output=unidbg@0xe4ffe350
[qbdi-host] detector-scratch stage=system-service-return status=0x0 field=SENSOR_SERVICE handle=0x2a492f2a type=android/hardware/SensorManager
[qbdi-host] detector-scratch stage=sensor-list-entry caller=libsigner.so+0x8cc64 status=0x0 manager=unidbg@0x2a492f2a type=-1 output=unidbg@0xe4ffe340
[qbdi-host] detector-scratch stage=sensor-list-return status=0x0 handle=0x3277e499 type=java/util/ArrayList value=[android.hardware.Sensor@585811a4]
[qbdi-host] detector-scratch stage=size-entry caller=libsigner.so+0x8da64 status=0x0 object=unidbg@0x3277e499 output=unidbg@0xe4ffe330 initial=0x0
[qbdi-host] detector-scratch stage=size-return status=0x0 value=1/0x1
[qbdi-host] detector-scratch stage=get-entry caller=libsigner.so+0x8e35c status=0x0 object=unidbg@0x3277e499 index=0 output=unidbg@0xe4ffe320 initial=0x0
[qbdi-host] detector-scratch stage=get-return status=0x0 index=0 handle=0x585811a4 type=android/hardware/Sensor value=local.DeviceProfile$Sensor@38f57b3d
[qbdi-host] detector-scratch stage=sensor-name-entry caller=libsigner.so+0x8bf64 status=0x0 sensor=unidbg@0x585811a4 output=unidbg@0xe4ffe310
[qbdi-host] detector-scratch stage=sensor-name-return status=0x0 handle=0x22c01ab0 type=java/lang/String value=LSM6DSO
[qbdi-host] detector-scratch stage=sensor-vendor-entry caller=libsigner.so+0x8ca78 status=0x0 sensor=unidbg@0x585811a4 output=unidbg@0xe4ffe300
[qbdi-host] detector-scratch stage=sensor-vendor-return status=0x0 handle=0x411341bd type=java/lang/String value=STMicroelectronics
[qbdi-host] detector-scratch stage=system-resources-entry caller=libsigner.so+0x8c2a4 status=0x0 output=unidbg@0xe4ffe380
[qbdi-host] detector-scratch stage=system-resources-return status=0x0 handle=0x4c4d362a type=android/content/res/Resources value=system-resources
[qbdi-host] detector-scratch stage=display-metrics-entry caller=libsigner.so+0x8e9cc status=0x0 object=unidbg@0x4c4d362a output=unidbg@0xe4ffe370 initial=0x0
[qbdi-host] detector-scratch stage=display-metrics-return status=0x0 handle=0x5400db36 type=android/util/DisplayMetrics
[qbdi-host] detector-scratch stage=int-field-entry caller=libsigner.so+0x8d568 name=widthPixels status=0x0 object=unidbg@0x5400db36 output=unidbg@0xe4ffea48 scratch-offset=0x60 initial=0x0
[qbdi-host] detector-scratch stage=int-field-return pc=libsigner.so+0x8d568 name=widthPixels status=0x0 value=1440/0x5a0
[qbdi-host] detector-scratch stage=int-field-entry caller=libsigner.so+0x8c324 name=heightPixels status=0x0 object=unidbg@0x5400db36 output=unidbg@0xe4ffea4c scratch-offset=0x64 initial=0x0
[qbdi-host] detector-scratch stage=int-field-return pc=libsigner.so+0x8c324 name=heightPixels status=0x0 value=3120/0xc30
[qbdi-host] detector-scratch stage=producer-return status=0x0 scratch=unidbg@0xe4ffe9e8 width-height-pair=0x5a0/0xc30 string-count=1
[qbdi-host] detector-scratch stage=raw-pointers +0x00=0x123184e0 +0x08=0x123185c0 +0x10=0x1231f0d0 +0x18=0x1231f190 +0x20=0x1231f1a0 +0x28=0x123185a0 +0x30=0x123184c0 +0x38=0x123184a0 +0x40=0x1231f120 +0x48=0x12318380 +0x50=0x12318340 +0x58=0x1231f140 +0x68=0x1231f150
[qbdi-host] detector-scratch stage=all-fields +0x00=TRACE_PRODUCT_NAME +0x08=TRACE_MANUFACTURER +0x10=TRACE_BRAND +0x18=TRACE_MODEL +0x20=TRACE_DEVICE +0x28=TRACE_DISPLAY_ID +0x30=TRACE_FINGERPRINT +0x38=TRACE_BUILD_TYPE +0x40=TRACE_HARDWARE +0x48=TRACE_BOOTLOADER +0x50=TRACE_BUILD_USER +0x58=TRACE_HOST +0x68=TRACE_ABILIST
[qbdi-host] detector-scratch stage=fixed-fields +0x00=TRACE_PRODUCT_NAME +0x08=TRACE_MANUFACTURER +0x10=TRACE_BRAND +0x18=TRACE_MODEL +0x20=TRACE_DEVICE +0x30=TRACE_FINGERPRINT +0x38=TRACE_BUILD_TYPE +0x40=TRACE_HARDWARE +0x50=TRACE_BUILD_USER
[qbdi-host] detector-scratch stage=dynamic-pairs [0]=LSM6DSO|STMicroelectronics
[main]V/signer: Signing all the parameters end  : 2025-10-09T04:53:20.123Z-0400
[main]V/SignerInstance: Calling native end  : 2026-07-15T02:54:00.381+0800
[main]V/SignerInstance: Signing all the parameters end  : 2026-07-15T02:54:00.381+0800
[main]V/SignerInstance: SDKv5 Signing all the parameters end  : 2026-07-15T02:54:00.386+0800
