loaded libsigner.so base=0x12340000 size=0x148000
[main]V/SignerInstance: Signing all the parameters begin: 2026-07-15T03:31:53.144+0800
[main]V/SignerInstance: Calling native begin: 2026-07-15T03:31:53.154+0800
[main]V/signer: Signing all the parameters begin: 2025-10-09T04:53:20.123Z-0400
[qbdi-host] detector-scratch stage=producer-entry caller=libsigner.so+0xf3c0 env=unidbg@0xfffe1640 context=unidbg@0x4de41af9 scratch=unidbg@0xe4ffe9e8
[qbdi-host] detector-scratch stage=property-entry caller=libsigner.so+0x8d27c name=ro.bootloader output=unidbg@0xe4ffe260
[qbdi-host] detector-scratch stage=property-return caller=libsigner.so+0x8d27c name=ro.bootloader length=6 value=BHZ10i
[qbdi-host] detector-scratch stage=malloc-entry caller=libsigner.so+0x8bc40 size=7/0x7
[qbdi-host] detector-scratch stage=malloc-return caller=libsigner.so+0x8bc40 size=7/0x7 result=0x12317078
[qbdi-host] detector-scratch stage=property-entry caller=libsigner.so+0x8b248 name=ro.product.manufacturer output=unidbg@0xe4ffe260
[qbdi-host] detector-scratch stage=property-return caller=libsigner.so+0x8b248 name=ro.product.manufacturer length=3 value=LGE
[qbdi-host] detector-scratch stage=malloc-entry caller=libsigner.so+0x8ea34 size=4/0x4
[qbdi-host] detector-scratch stage=malloc-return caller=libsigner.so+0x8ea34 size=4/0x4 result=0x12317080
[qbdi-host] detector-scratch stage=property-entry caller=libsigner.so+0x8dd04 name=ro.product.model output=unidbg@0xe4ffe260
[qbdi-host] detector-scratch stage=property-return caller=libsigner.so+0x8dd04 name=ro.product.model length=8 value=Nexus 5X
[qbdi-host] detector-scratch stage=malloc-entry caller=libsigner.so+0x8e410 size=9/0x9
[qbdi-host] detector-scratch stage=malloc-return caller=libsigner.so+0x8e410 size=9/0x9 result=0x1231f0c0
[qbdi-host] detector-scratch stage=property-entry caller=libsigner.so+0x8c0ec name=ro.product.device output=unidbg@0xe4ffe260
[qbdi-host] detector-scratch stage=property-return caller=libsigner.so+0x8c0ec name=ro.product.device length=8 value=bullhead
[qbdi-host] detector-scratch stage=malloc-entry caller=libsigner.so+0x8c554 size=9/0x9
[qbdi-host] detector-scratch stage=malloc-return caller=libsigner.so+0x8c554 size=9/0x9 result=0x1231f0d0
[qbdi-host] detector-scratch stage=property-entry caller=libsigner.so+0x8eeac name=ro.build.display.id output=unidbg@0xe4ffe260
[qbdi-host] detector-scratch stage=property-return caller=libsigner.so+0x8eeac name=ro.build.display.id length=6 value=MDA89E
[qbdi-host] detector-scratch stage=malloc-entry caller=libsigner.so+0x8f2b0 size=7/0x7
[qbdi-host] detector-scratch stage=malloc-return caller=libsigner.so+0x8f2b0 size=7/0x7 result=0x12317088
[qbdi-host] detector-scratch stage=property-entry caller=libsigner.so+0x8b5bc name=ro.product.name output=unidbg@0xe4ffe260
[qbdi-host] detector-scratch stage=property-return caller=libsigner.so+0x8b5bc name=ro.product.name length=8 value=bullhead
[qbdi-host] detector-scratch stage=malloc-entry caller=libsigner.so+0x8b8e4 size=9/0x9
[qbdi-host] detector-scratch stage=malloc-return caller=libsigner.so+0x8b8e4 size=9/0x9 result=0x1231f0e0
[qbdi-host] detector-scratch stage=property-entry caller=libsigner.so+0x8e960 name=ro.build.host output=unidbg@0xe4ffe260
[qbdi-host] detector-scratch stage=property-return caller=libsigner.so+0x8e960 name=ro.build.host length=26 value=vpef12.mtv.corp.google.com
[qbdi-host] detector-scratch stage=malloc-entry caller=libsigner.so+0x8aa4c size=27/0x1b
[qbdi-host] detector-scratch stage=malloc-return caller=libsigner.so+0x8aa4c size=27/0x1b result=0x12318320
[qbdi-host] detector-scratch stage=property-entry caller=libsigner.so+0x8d300 name=ro.build.fingerprint output=unidbg@0xe4ffe260
[qbdi-host] detector-scratch stage=property-return caller=libsigner.so+0x8d300 name=ro.build.fingerprint length=61 value=google/bullhead/bullhead:6.0/MDA89E/2296692:user/release-keys
[qbdi-host] detector-scratch stage=malloc-entry caller=libsigner.so+0x8b180 size=62/0x3e
[qbdi-host] detector-scratch stage=malloc-return caller=libsigner.so+0x8b180 size=62/0x3e result=0x1231ec40
[qbdi-host] detector-scratch stage=property-entry caller=libsigner.so+0x8b7b0 name=ro.build.type output=unidbg@0xe4ffe260
[qbdi-host] detector-scratch stage=property-return caller=libsigner.so+0x8b7b0 name=ro.build.type length=4 value=user
[qbdi-host] detector-scratch stage=malloc-entry caller=libsigner.so+0x8b888 size=5/0x5
[qbdi-host] detector-scratch stage=malloc-return caller=libsigner.so+0x8b888 size=5/0x5 result=0x12317090
[qbdi-host] detector-scratch stage=property-entry caller=libsigner.so+0x8d9b4 name=ro.product.brand output=unidbg@0xe4ffe260
[qbdi-host] detector-scratch stage=property-return caller=libsigner.so+0x8d9b4 name=ro.product.brand length=6 value=google
[qbdi-host] detector-scratch stage=malloc-entry caller=libsigner.so+0x8d038 size=7/0x7
[qbdi-host] detector-scratch stage=malloc-return caller=libsigner.so+0x8d038 size=7/0x7 result=0x12317098
[qbdi-host] detector-scratch stage=property-entry caller=libsigner.so+0x8b36c name=ro.build.user output=unidbg@0xe4ffe260
[qbdi-host] detector-scratch stage=property-return caller=libsigner.so+0x8b36c name=ro.build.user length=13 value=android-build
[qbdi-host] detector-scratch stage=malloc-entry caller=libsigner.so+0x8c9d4 size=14/0xe
[qbdi-host] detector-scratch stage=malloc-return caller=libsigner.so+0x8c9d4 size=14/0xe result=0x1231f0f0
[qbdi-host] detector-scratch stage=property-entry caller=libsigner.so+0x8b9ac name=ro.hardware output=unidbg@0xe4ffe260
[qbdi-host] detector-scratch stage=property-return caller=libsigner.so+0x8b9ac name=ro.hardware length=8 value=bullhead
[qbdi-host] detector-scratch stage=malloc-entry caller=libsigner.so+0x8f250 size=9/0x9
[qbdi-host] detector-scratch stage=malloc-return caller=libsigner.so+0x8f250 size=9/0x9 result=0x1231f100
[qbdi-host] detector-scratch stage=property-entry caller=libsigner.so+0x8bd78 name=ro.product.cpu.abilist output=unidbg@0xe4ffe260
[qbdi-host] detector-scratch stage=property-return caller=libsigner.so+0x8bd78 name=ro.product.cpu.abilist length=29 value=arm64-v8a,armeabi-v7a,armeabi
[qbdi-host] detector-scratch stage=malloc-entry caller=libsigner.so+0x8db58 size=30/0x1e
[qbdi-host] detector-scratch stage=malloc-return caller=libsigner.so+0x8db58 size=30/0x1e result=0x12318340
[qbdi-host] detector-scratch stage=system-service-entry caller=libsigner.so+0x8af28 status=0x0 context=unidbg@0x4de41af9 field=SENSOR_SERVICE output=unidbg@0xe4ffe350
[qbdi-host] detector-scratch stage=system-service-return status=0x0 field=SENSOR_SERVICE handle=0x277f7dd3 type=android/hardware/SensorManager
[qbdi-host] detector-scratch stage=sensor-list-entry caller=libsigner.so+0x8cc64 status=0x0 manager=unidbg@0x277f7dd3 type=-1 output=unidbg@0xe4ffe340
[qbdi-host] detector-scratch stage=sensor-list-return status=0x0 handle=0x6c8bca63 type=java/util/ArrayList value=[android.hardware.Sensor@2364305a, android.hardware.Sensor@470a696f]
[qbdi-host] detector-scratch stage=size-entry caller=libsigner.so+0x8da64 status=0x0 object=unidbg@0x6c8bca63 output=unidbg@0xe4ffe330 initial=0x0
[qbdi-host] detector-scratch stage=size-return status=0x0 value=2/0x2
[qbdi-host] detector-scratch stage=get-entry caller=libsigner.so+0x8e35c status=0x0 object=unidbg@0x6c8bca63 index=0 output=unidbg@0xe4ffe320 initial=0x0
[qbdi-host] detector-scratch stage=get-return status=0x0 index=0 handle=0x2364305a type=android/hardware/Sensor value=local.DeviceProfile$Sensor@1bc715b8
[qbdi-host] detector-scratch stage=sensor-name-entry caller=libsigner.so+0x8bf64 status=0x0 sensor=unidbg@0x2364305a output=unidbg@0xe4ffe310
[qbdi-host] detector-scratch stage=sensor-name-return status=0x0 handle=0x292d1c71 type=java/lang/String value=LSM6DSO
[qbdi-host] detector-scratch stage=sensor-utf-entry caller=libsigner.so+0x8ad40 status=0x0 string=unidbg@0x292d1c71 chars-output=unidbg@0xe4ffe2f0 length-output=unidbg@0xe4ffe2e0
[qbdi-host] detector-scratch stage=sensor-utf-return caller=libsigner.so+0x8ad40 status=0x0 string=unidbg@0x292d1c71 chars=0x12022000 length=7 value=LSM6DSO
[qbdi-host] detector-scratch stage=sensor-vendor-entry caller=libsigner.so+0x8ca78 status=0x0 sensor=unidbg@0x2364305a output=unidbg@0xe4ffe300
[qbdi-host] detector-scratch stage=sensor-vendor-return status=0x0 handle=0x2b491fee type=java/lang/String value=STMicroelectronics
[qbdi-host] detector-scratch stage=sensor-utf-entry caller=libsigner.so+0x8ec38 status=0x0 string=unidbg@0x2b491fee chars-output=unidbg@0xe4ffe2d0 length-output=unidbg@0xe4ffe2c0
[qbdi-host] detector-scratch stage=sensor-utf-return caller=libsigner.so+0x8ec38 status=0x0 string=unidbg@0x2b491fee chars=0x12023000 length=18 value=STMicroelectronics
[qbdi-host] detector-scratch stage=sensor-pair-entry caller=libsigner.so+0x8bcd0 first=LSM6DSO first-length=7 second=STMicroelectronics second-length=18 count=0
[qbdi-host] detector-scratch stage=sensor-pair-return status=0x0 first-length=7 second-length=18 count=1
[qbdi-host] detector-scratch stage=get-entry caller=libsigner.so+0x8e35c status=0x0 object=unidbg@0x6c8bca63 index=1 output=unidbg@0xe4ffe320 initial=0x2364305a
[qbdi-host] detector-scratch stage=get-return status=0x0 index=1 handle=0x470a696f type=android/hardware/Sensor value=local.DeviceProfile$Sensor@3f1c5af9
[qbdi-host] detector-scratch stage=sensor-name-entry caller=libsigner.so+0x8bf64 status=0x0 sensor=unidbg@0x470a696f output=unidbg@0xe4ffe310
[qbdi-host] detector-scratch stage=sensor-name-return status=0x0 handle=0x1c55f277 type=java/lang/String value=AUDIT_SENSOR_2
[qbdi-host] detector-scratch stage=sensor-utf-entry caller=libsigner.so+0x8ad40 status=0x0 string=unidbg@0x1c55f277 chars-output=unidbg@0xe4ffe2f0 length-output=unidbg@0xe4ffe2e0
[qbdi-host] detector-scratch stage=sensor-utf-return caller=libsigner.so+0x8ad40 status=0x0 string=unidbg@0x1c55f277 chars=0x12024000 length=14 value=AUDIT_SENSOR_2
[qbdi-host] detector-scratch stage=sensor-vendor-entry caller=libsigner.so+0x8ca78 status=0x0 sensor=unidbg@0x470a696f output=unidbg@0xe4ffe300
[qbdi-host] detector-scratch stage=sensor-vendor-return status=0x0 handle=0x5ddabb18 type=java/lang/String value=AUDIT_VENDOR_2
[qbdi-host] detector-scratch stage=sensor-utf-entry caller=libsigner.so+0x8ec38 status=0x0 string=unidbg@0x5ddabb18 chars-output=unidbg@0xe4ffe2d0 length-output=unidbg@0xe4ffe2c0
[qbdi-host] detector-scratch stage=sensor-utf-return caller=libsigner.so+0x8ec38 status=0x0 string=unidbg@0x5ddabb18 chars=0x12025000 length=14 value=AUDIT_VENDOR_2
[qbdi-host] detector-scratch stage=sensor-pair-entry caller=libsigner.so+0x8bcd0 first=AUDIT_SENSOR_2 first-length=14 second=AUDIT_VENDOR_2 second-length=14 count=1
[qbdi-host] detector-scratch stage=sensor-pair-return status=0x0 first-length=14 second-length=14 count=2
[qbdi-host] detector-scratch stage=sensor-utf-release caller=libsigner.so+0x8a84c string=unidbg@0x1c55f277 chars=RW@0x12024000[libc++.so]0x4000
[qbdi-host] detector-scratch stage=sensor-utf-release caller=libsigner.so+0x8d114 string=unidbg@0x5ddabb18 chars=RW@0x12025000[libc++.so]0x5000
[qbdi-host] detector-scratch stage=delete-local-ref pc=libsigner.so+0x8e158 ref=unidbg@0x277f7dd3 type=android/hardware/SensorManager value=service:sensor
[qbdi-host] detector-scratch stage=delete-local-ref pc=libsigner.so+0x8dbfc ref=unidbg@0x6c8bca63 type=java/util/ArrayList value=[android.hardware.Sensor@2364305a, android.hardware.Sensor@470a696f]
[qbdi-host] detector-scratch stage=delete-local-ref pc=libsigner.so+0x8cd38 ref=unidbg@0x470a696f type=android/hardware/Sensor value=local.DeviceProfile$Sensor@3f1c5af9
[qbdi-host] detector-scratch stage=delete-local-ref pc=libsigner.so+0x8c22c ref=unidbg@0x1c55f277 type=java/lang/String value=AUDIT_SENSOR_2
[qbdi-host] detector-scratch stage=delete-local-ref pc=libsigner.so+0x8dde0 ref=unidbg@0x5ddabb18 type=java/lang/String value=AUDIT_VENDOR_2
[qbdi-host] detector-scratch stage=system-resources-entry caller=libsigner.so+0x8c2a4 status=0x0 output=unidbg@0xe4ffe380
[qbdi-host] detector-scratch stage=system-resources-return status=0x0 handle=0x3e8f7922 type=android/content/res/Resources value=system-resources
[qbdi-host] detector-scratch stage=display-metrics-entry caller=libsigner.so+0x8e9cc status=0x0 object=unidbg@0x3e8f7922 output=unidbg@0xe4ffe370 initial=0x0
[qbdi-host] detector-scratch stage=display-metrics-return status=0x0 handle=0x63192798 type=android/util/DisplayMetrics
[qbdi-host] detector-scratch stage=int-field-entry caller=libsigner.so+0x8d568 name=widthPixels status=0x0 object=unidbg@0x63192798 output=unidbg@0xe4ffea48 scratch-offset=0x60 initial=0x0
[qbdi-host] detector-scratch stage=int-field-return pc=libsigner.so+0x8d568 name=widthPixels status=0x0 value=1440/0x5a0
[qbdi-host] detector-scratch stage=int-field-entry caller=libsigner.so+0x8c324 name=heightPixels status=0x0 object=unidbg@0x63192798 output=unidbg@0xe4ffea4c scratch-offset=0x64 initial=0x0
[qbdi-host] detector-scratch stage=int-field-return pc=libsigner.so+0x8c324 name=heightPixels status=0x0 value=3120/0xc30
[qbdi-host] detector-scratch stage=delete-local-ref pc=libsigner.so+0x8c754 ref=unidbg@0x63192798 type=android/util/DisplayMetrics value=display-metrics
[qbdi-host] detector-scratch stage=delete-local-ref pc=libsigner.so+0x8b53c ref=unidbg@0x3e8f7922 type=android/content/res/Resources value=system-resources
[qbdi-host] detector-scratch stage=producer-return status=0x0 scratch=unidbg@0xe4ffe9e8 width-height-pair=0x5a0/0xc30 string-count=2
[qbdi-host] detector-scratch stage=raw-pointers +0x00=0x1231f0e0 +0x08=0x12317080 +0x10=0x12317098 +0x18=0x1231f0c0 +0x20=0x1231f0d0 +0x28=0x12317088 +0x30=0x1231ec40 +0x38=0x12317090 +0x40=0x1231f100 +0x48=0x12317078 +0x50=0x1231f0f0 +0x58=0x12318320 +0x68=0x12318340
[qbdi-host] detector-scratch stage=all-fields +0x00=bullhead +0x08=LGE +0x10=google +0x18=Nexus 5X +0x20=bullhead +0x28=MDA89E +0x30=google/bullhead/bullhead:6.0/MDA89E/2296692:user/release-keys +0x38=user +0x40=bullhead +0x48=BHZ10i +0x50=android-build +0x58=vpef12.mtv.corp.google.com +0x68=arm64-v8a,armeabi-v7a,armeabi
[qbdi-host] detector-scratch stage=fixed-fields +0x00=bullhead +0x08=LGE +0x10=google +0x18=Nexus 5X +0x20=bullhead +0x30=google/bullhead/bullhead:6.0/MDA89E/2296692:user/release-keys +0x38=user +0x40=bullhead +0x50=android-build
[qbdi-host] detector-scratch stage=dynamic-pairs [0]=LSM6DSO|STMicroelectronics [1]=AUDIT_SENSOR_2|AUDIT_VENDOR_2
[main]V/signer: Signing all the parameters end  : 2025-10-09T04:53:20.123Z-0400
[main]V/SignerInstance: Calling native end  : 2026-07-15T03:31:56.637+0800
[main]V/SignerInstance: Signing all the parameters end  : 2026-07-15T03:31:56.637+0800
[main]V/SignerInstance: Signing all the parameters begin: 2026-07-15T03:31:56.638+0800
[main]V/SignerInstance: Calling native begin: 2026-07-15T03:31:56.638+0800
[main]V/signer: Signing all the parameters begin: 2025-10-09T04:53:20.123Z-0400
[qbdi-host] detector-scratch stage=producer-entry caller=libsigner.so+0xf3c0 env=unidbg@0xfffe1640 context=unidbg@0x6e46d9f4 scratch=unidbg@0xe4ffe9e8
[qbdi-host] detector-scratch stage=property-entry caller=libsigner.so+0x8d27c name=ro.bootloader output=unidbg@0xe4ffe260
[qbdi-host] detector-scratch stage=property-return caller=libsigner.so+0x8d27c name=ro.bootloader length=6 value=BHZ10i
[qbdi-host] detector-scratch stage=malloc-entry caller=libsigner.so+0x8bc40 size=7/0x7
[qbdi-host] detector-scratch stage=malloc-return caller=libsigner.so+0x8bc40 size=7/0x7 result=0x12317108
[qbdi-host] detector-scratch stage=property-entry caller=libsigner.so+0x8b248 name=ro.product.manufacturer output=unidbg@0xe4ffe260
[qbdi-host] detector-scratch stage=property-return caller=libsigner.so+0x8b248 name=ro.product.manufacturer length=3 value=LGE
[qbdi-host] detector-scratch stage=malloc-entry caller=libsigner.so+0x8ea34 size=4/0x4
[qbdi-host] detector-scratch stage=malloc-return caller=libsigner.so+0x8ea34 size=4/0x4 result=0x12317100
[qbdi-host] detector-scratch stage=property-entry caller=libsigner.so+0x8dd04 name=ro.product.model output=unidbg@0xe4ffe260
[qbdi-host] detector-scratch stage=property-return caller=libsigner.so+0x8dd04 name=ro.product.model length=8 value=Nexus 5X
[qbdi-host] detector-scratch stage=malloc-entry caller=libsigner.so+0x8e410 size=9/0x9
[qbdi-host] detector-scratch stage=malloc-return caller=libsigner.so+0x8e410 size=9/0x9 result=0x1231f140
[qbdi-host] detector-scratch stage=property-entry caller=libsigner.so+0x8c0ec name=ro.product.device output=unidbg@0xe4ffe260
[qbdi-host] detector-scratch stage=property-return caller=libsigner.so+0x8c0ec name=ro.product.device length=8 value=bullhead
[qbdi-host] detector-scratch stage=malloc-entry caller=libsigner.so+0x8c554 size=9/0x9
[qbdi-host] detector-scratch stage=malloc-return caller=libsigner.so+0x8c554 size=9/0x9 result=0x1231f150
[qbdi-host] detector-scratch stage=property-entry caller=libsigner.so+0x8eeac name=ro.build.display.id output=unidbg@0xe4ffe260
[qbdi-host] detector-scratch stage=property-return caller=libsigner.so+0x8eeac name=ro.build.display.id length=6 value=MDA89E
[qbdi-host] detector-scratch stage=malloc-entry caller=libsigner.so+0x8f2b0 size=7/0x7
[qbdi-host] detector-scratch stage=malloc-return caller=libsigner.so+0x8f2b0 size=7/0x7 result=0x123170f8
[qbdi-host] detector-scratch stage=property-entry caller=libsigner.so+0x8b5bc name=ro.product.name output=unidbg@0xe4ffe260
[qbdi-host] detector-scratch stage=property-return caller=libsigner.so+0x8b5bc name=ro.product.name length=8 value=bullhead
[qbdi-host] detector-scratch stage=malloc-entry caller=libsigner.so+0x8b8e4 size=9/0x9
[qbdi-host] detector-scratch stage=malloc-return caller=libsigner.so+0x8b8e4 size=9/0x9 result=0x1231f0d0
[qbdi-host] detector-scratch stage=property-entry caller=libsigner.so+0x8e960 name=ro.build.host output=unidbg@0xe4ffe260
[qbdi-host] detector-scratch stage=property-return caller=libsigner.so+0x8e960 name=ro.build.host length=26 value=vpef12.mtv.corp.google.com
[qbdi-host] detector-scratch stage=malloc-entry caller=libsigner.so+0x8aa4c size=27/0x1b
[qbdi-host] detector-scratch stage=malloc-return caller=libsigner.so+0x8aa4c size=27/0x1b result=0x12318360
[qbdi-host] detector-scratch stage=property-entry caller=libsigner.so+0x8d300 name=ro.build.fingerprint output=unidbg@0xe4ffe260
[qbdi-host] detector-scratch stage=property-return caller=libsigner.so+0x8d300 name=ro.build.fingerprint length=61 value=google/bullhead/bullhead:6.0/MDA89E/2296692:user/release-keys
[qbdi-host] detector-scratch stage=malloc-entry caller=libsigner.so+0x8b180 size=62/0x3e
[qbdi-host] detector-scratch stage=malloc-return caller=libsigner.so+0x8b180 size=62/0x3e result=0x1231ec40
[qbdi-host] detector-scratch stage=property-entry caller=libsigner.so+0x8b7b0 name=ro.build.type output=unidbg@0xe4ffe260
[qbdi-host] detector-scratch stage=property-return caller=libsigner.so+0x8b7b0 name=ro.build.type length=4 value=user
[qbdi-host] detector-scratch stage=malloc-entry caller=libsigner.so+0x8b888 size=5/0x5
[qbdi-host] detector-scratch stage=malloc-return caller=libsigner.so+0x8b888 size=5/0x5 result=0x123170f0
[qbdi-host] detector-scratch stage=property-entry caller=libsigner.so+0x8d9b4 name=ro.product.brand output=unidbg@0xe4ffe260
[qbdi-host] detector-scratch stage=property-return caller=libsigner.so+0x8d9b4 name=ro.product.brand length=6 value=google
[qbdi-host] detector-scratch stage=malloc-entry caller=libsigner.so+0x8d038 size=7/0x7
[qbdi-host] detector-scratch stage=malloc-return caller=libsigner.so+0x8d038 size=7/0x7 result=0x12317080
[qbdi-host] detector-scratch stage=property-entry caller=libsigner.so+0x8b36c name=ro.build.user output=unidbg@0xe4ffe260
[qbdi-host] detector-scratch stage=property-return caller=libsigner.so+0x8b36c name=ro.build.user length=13 value=android-build
[qbdi-host] detector-scratch stage=malloc-entry caller=libsigner.so+0x8c9d4 size=14/0xe
[qbdi-host] detector-scratch stage=malloc-return caller=libsigner.so+0x8c9d4 size=14/0xe result=0x1231f0e0
[qbdi-host] detector-scratch stage=property-entry caller=libsigner.so+0x8b9ac name=ro.hardware output=unidbg@0xe4ffe260
[qbdi-host] detector-scratch stage=property-return caller=libsigner.so+0x8b9ac name=ro.hardware length=8 value=bullhead
[qbdi-host] detector-scratch stage=malloc-entry caller=libsigner.so+0x8f250 size=9/0x9
[qbdi-host] detector-scratch stage=malloc-return caller=libsigner.so+0x8f250 size=9/0x9 result=0x1231f120
[qbdi-host] detector-scratch stage=property-entry caller=libsigner.so+0x8bd78 name=ro.product.cpu.abilist output=unidbg@0xe4ffe260
[qbdi-host] detector-scratch stage=property-return caller=libsigner.so+0x8bd78 name=ro.product.cpu.abilist length=29 value=arm64-v8a,armeabi-v7a,armeabi
[qbdi-host] detector-scratch stage=malloc-entry caller=libsigner.so+0x8db58 size=30/0x1e
[qbdi-host] detector-scratch stage=malloc-return caller=libsigner.so+0x8db58 size=30/0x1e result=0x12318580
[qbdi-host] detector-scratch stage=system-service-entry caller=libsigner.so+0x8af28 status=0x0 context=unidbg@0x6e46d9f4 field=SENSOR_SERVICE output=unidbg@0xe4ffe350
[qbdi-host] detector-scratch stage=system-service-return status=0x0 field=SENSOR_SERVICE handle=0x611f8234 type=android/hardware/SensorManager
[qbdi-host] detector-scratch stage=sensor-list-entry caller=libsigner.so+0x8cc64 status=0x0 manager=unidbg@0x611f8234 type=-1 output=unidbg@0xe4ffe340
[qbdi-host] detector-scratch stage=sensor-list-return status=0x0 handle=0x7bb3a9fe type=java/util/ArrayList value=[android.hardware.Sensor@7cbee484, android.hardware.Sensor@7f811d00]
[qbdi-host] detector-scratch stage=size-entry caller=libsigner.so+0x8da64 status=0x0 object=unidbg@0x7bb3a9fe output=unidbg@0xe4ffe330 initial=0x0
[qbdi-host] detector-scratch stage=size-return status=0x0 value=2/0x2
[qbdi-host] detector-scratch stage=get-entry caller=libsigner.so+0x8e35c status=0x0 object=unidbg@0x7bb3a9fe index=0 output=unidbg@0xe4ffe320 initial=0x0
[qbdi-host] detector-scratch stage=get-return status=0x0 index=0 handle=0x7cbee484 type=android/hardware/Sensor value=local.DeviceProfile$Sensor@1bc715b8
[qbdi-host] detector-scratch stage=sensor-name-entry caller=libsigner.so+0x8bf64 status=0x0 sensor=unidbg@0x7cbee484 output=unidbg@0xe4ffe310
[qbdi-host] detector-scratch stage=sensor-name-return status=0x0 handle=0x62923ee6 type=java/lang/String value=LSM6DSO
[qbdi-host] detector-scratch stage=sensor-utf-entry caller=libsigner.so+0x8ad40 status=0x0 string=unidbg@0x62923ee6 chars-output=unidbg@0xe4ffe2f0 length-output=unidbg@0xe4ffe2e0
[qbdi-host] detector-scratch stage=sensor-utf-return caller=libsigner.so+0x8ad40 status=0x0 string=unidbg@0x62923ee6 chars=0x12022000 length=7 value=LSM6DSO
[qbdi-host] detector-scratch stage=sensor-vendor-entry caller=libsigner.so+0x8ca78 status=0x0 sensor=unidbg@0x7cbee484 output=unidbg@0xe4ffe300
[qbdi-host] detector-scratch stage=sensor-vendor-return status=0x0 handle=0x4089713 type=java/lang/String value=STMicroelectronics
[qbdi-host] detector-scratch stage=sensor-utf-entry caller=libsigner.so+0x8ec38 status=0x0 string=unidbg@0x4089713 chars-output=unidbg@0xe4ffe2d0 length-output=unidbg@0xe4ffe2c0
[qbdi-host] detector-scratch stage=sensor-utf-return caller=libsigner.so+0x8ec38 status=0x0 string=unidbg@0x4089713 chars=0x12023000 length=18 value=STMicroelectronics
[qbdi-host] detector-scratch stage=sensor-pair-entry caller=libsigner.so+0x8bcd0 first=LSM6DSO first-length=7 second=STMicroelectronics second-length=18 count=0
[qbdi-host] detector-scratch stage=sensor-pair-return status=0x0 first-length=7 second-length=18 count=1
[qbdi-host] detector-scratch stage=get-entry caller=libsigner.so+0x8e35c status=0x0 object=unidbg@0x7bb3a9fe index=1 output=unidbg@0xe4ffe320 initial=0x7cbee484
[qbdi-host] detector-scratch stage=get-return status=0x0 index=1 handle=0x7f811d00 type=android/hardware/Sensor value=local.DeviceProfile$Sensor@3f1c5af9
[qbdi-host] detector-scratch stage=sensor-name-entry caller=libsigner.so+0x8bf64 status=0x0 sensor=unidbg@0x7f811d00 output=unidbg@0xe4ffe310
[qbdi-host] detector-scratch stage=sensor-name-return status=0x0 handle=0xf19c9d2 type=java/lang/String value=AUDIT_SENSOR_2
[qbdi-host] detector-scratch stage=sensor-utf-entry caller=libsigner.so+0x8ad40 status=0x0 string=unidbg@0xf19c9d2 chars-output=unidbg@0xe4ffe2f0 length-output=unidbg@0xe4ffe2e0
[qbdi-host] detector-scratch stage=sensor-utf-return caller=libsigner.so+0x8ad40 status=0x0 string=unidbg@0xf19c9d2 chars=0x12024000 length=14 value=AUDIT_SENSOR_2
[qbdi-host] detector-scratch stage=sensor-vendor-entry caller=libsigner.so+0x8ca78 status=0x0 sensor=unidbg@0x7f811d00 output=unidbg@0xe4ffe300
[qbdi-host] detector-scratch stage=sensor-vendor-return status=0x0 handle=0x7807ac2c type=java/lang/String value=AUDIT_VENDOR_2
[qbdi-host] detector-scratch stage=sensor-utf-entry caller=libsigner.so+0x8ec38 status=0x0 string=unidbg@0x7807ac2c chars-output=unidbg@0xe4ffe2d0 length-output=unidbg@0xe4ffe2c0
[qbdi-host] detector-scratch stage=sensor-utf-return caller=libsigner.so+0x8ec38 status=0x0 string=unidbg@0x7807ac2c chars=0x12025000 length=14 value=AUDIT_VENDOR_2
[qbdi-host] detector-scratch stage=sensor-pair-entry caller=libsigner.so+0x8bcd0 first=AUDIT_SENSOR_2 first-length=14 second=AUDIT_VENDOR_2 second-length=14 count=1
[qbdi-host] detector-scratch stage=sensor-pair-return status=0x0 first-length=14 second-length=14 count=2
[qbdi-host] detector-scratch stage=sensor-utf-release caller=libsigner.so+0x8a84c string=unidbg@0xf19c9d2 chars=RW@0x12024000[libc++.so]0x4000
[qbdi-host] detector-scratch stage=sensor-utf-release caller=libsigner.so+0x8d114 string=unidbg@0x7807ac2c chars=RW@0x12025000[libc++.so]0x5000
[qbdi-host] detector-scratch stage=delete-local-ref pc=libsigner.so+0x8e158 ref=unidbg@0x611f8234 type=android/hardware/SensorManager value=service:sensor
[qbdi-host] detector-scratch stage=delete-local-ref pc=libsigner.so+0x8dbfc ref=unidbg@0x7bb3a9fe type=java/util/ArrayList value=[android.hardware.Sensor@7cbee484, android.hardware.Sensor@7f811d00]
[qbdi-host] detector-scratch stage=delete-local-ref pc=libsigner.so+0x8cd38 ref=unidbg@0x7f811d00 type=android/hardware/Sensor value=local.DeviceProfile$Sensor@3f1c5af9
[qbdi-host] detector-scratch stage=delete-local-ref pc=libsigner.so+0x8c22c ref=unidbg@0xf19c9d2 type=java/lang/String value=AUDIT_SENSOR_2
[qbdi-host] detector-scratch stage=delete-local-ref pc=libsigner.so+0x8dde0 ref=unidbg@0x7807ac2c type=java/lang/String value=AUDIT_VENDOR_2
[qbdi-host] detector-scratch stage=system-resources-entry caller=libsigner.so+0x8c2a4 status=0x0 output=unidbg@0xe4ffe380
[qbdi-host] detector-scratch stage=system-resources-return status=0x0 handle=0xb91d8c4 type=android/content/res/Resources value=system-resources
[qbdi-host] detector-scratch stage=display-metrics-entry caller=libsigner.so+0x8e9cc status=0x0 object=unidbg@0xb91d8c4 output=unidbg@0xe4ffe370 initial=0x0
[qbdi-host] detector-scratch stage=display-metrics-return status=0x0 handle=0x4b6166aa type=android/util/DisplayMetrics
[qbdi-host] detector-scratch stage=int-field-entry caller=libsigner.so+0x8d568 name=widthPixels status=0x0 object=unidbg@0x4b6166aa output=unidbg@0xe4ffea48 scratch-offset=0x60 initial=0x0
[qbdi-host] detector-scratch stage=int-field-return pc=libsigner.so+0x8d568 name=widthPixels status=0x0 value=1440/0x5a0
[qbdi-host] detector-scratch stage=int-field-entry caller=libsigner.so+0x8c324 name=heightPixels status=0x0 object=unidbg@0x4b6166aa output=unidbg@0xe4ffea4c scratch-offset=0x64 initial=0x0
[qbdi-host] detector-scratch stage=int-field-return pc=libsigner.so+0x8c324 name=heightPixels status=0x0 value=3120/0xc30
[qbdi-host] detector-scratch stage=delete-local-ref pc=libsigner.so+0x8c754 ref=unidbg@0x4b6166aa type=android/util/DisplayMetrics value=display-metrics
[qbdi-host] detector-scratch stage=delete-local-ref pc=libsigner.so+0x8b53c ref=unidbg@0xb91d8c4 type=android/content/res/Resources value=system-resources
[qbdi-host] detector-scratch stage=producer-return status=0x0 scratch=unidbg@0xe4ffe9e8 width-height-pair=0x5a0/0xc30 string-count=2
[qbdi-host] detector-scratch stage=raw-pointers +0x00=0x1231f0d0 +0x08=0x12317100 +0x10=0x12317080 +0x18=0x1231f140 +0x20=0x1231f150 +0x28=0x123170f8 +0x30=0x1231ec40 +0x38=0x123170f0 +0x40=0x1231f120 +0x48=0x12317108 +0x50=0x1231f0e0 +0x58=0x12318360 +0x68=0x12318580
[qbdi-host] detector-scratch stage=all-fields +0x00=bullhead +0x08=LGE +0x10=google +0x18=Nexus 5X +0x20=bullhead +0x28=MDA89E +0x30=google/bullhead/bullhead:6.0/MDA89E/2296692:user/release-keys +0x38=user +0x40=bullhead +0x48=BHZ10i +0x50=android-build +0x58=vpef12.mtv.corp.google.com +0x68=arm64-v8a,armeabi-v7a,armeabi
[qbdi-host] detector-scratch stage=fixed-fields +0x00=bullhead +0x08=LGE +0x10=google +0x18=Nexus 5X +0x20=bullhead +0x30=google/bullhead/bullhead:6.0/MDA89E/2296692:user/release-keys +0x38=user +0x40=bullhead +0x50=android-build
[qbdi-host] detector-scratch stage=dynamic-pairs [0]=LSM6DSO|STMicroelectronics [1]=AUDIT_SENSOR_2|AUDIT_VENDOR_2
[main]V/signer: Signing all the parameters end  : 2025-10-09T04:53:20.123Z-0400
[main]V/SignerInstance: Calling native end  : 2026-07-15T03:32:00.137+0800
[main]V/SignerInstance: Signing all the parameters end  : 2026-07-15T03:32:00.137+0800
[main]V/SignerInstance: SDKv5 Signing all the parameters begin: 2026-07-15T03:32:00.137+0800
[main]V/SignerInstance: Signing all the parameters begin: 2026-07-15T03:32:00.138+0800
[main]V/SignerInstance: Calling native begin: 2026-07-15T03:32:00.138+0800
[main]V/signer: Signing all the parameters begin: 2025-10-09T04:53:20.123Z-0400
[qbdi-host] detector-scratch stage=producer-entry caller=libsigner.so+0xf3c0 env=unidbg@0xfffe1640 context=unidbg@0x200a26bc scratch=unidbg@0xe4ffe9e8
[qbdi-host] detector-scratch stage=property-entry caller=libsigner.so+0x8d27c name=ro.bootloader output=unidbg@0xe4ffe260
[qbdi-host] detector-scratch stage=property-return caller=libsigner.so+0x8d27c name=ro.bootloader length=6 value=BHZ10i
[qbdi-host] detector-scratch stage=malloc-entry caller=libsigner.so+0x8bc40 size=7/0x7
[qbdi-host] detector-scratch stage=malloc-return caller=libsigner.so+0x8bc40 size=7/0x7 result=0x12317120
[qbdi-host] detector-scratch stage=property-entry caller=libsigner.so+0x8b248 name=ro.product.manufacturer output=unidbg@0xe4ffe260
[qbdi-host] detector-scratch stage=property-return caller=libsigner.so+0x8b248 name=ro.product.manufacturer length=3 value=LGE
[qbdi-host] detector-scratch stage=malloc-entry caller=libsigner.so+0x8ea34 size=4/0x4
[qbdi-host] detector-scratch stage=malloc-return caller=libsigner.so+0x8ea34 size=4/0x4 result=0x12317118
[qbdi-host] detector-scratch stage=property-entry caller=libsigner.so+0x8dd04 name=ro.product.model output=unidbg@0xe4ffe260
[qbdi-host] detector-scratch stage=property-return caller=libsigner.so+0x8dd04 name=ro.product.model length=8 value=Nexus 5X
[qbdi-host] detector-scratch stage=malloc-entry caller=libsigner.so+0x8e410 size=9/0x9
[qbdi-host] detector-scratch stage=malloc-return caller=libsigner.so+0x8e410 size=9/0x9 result=0x1231f110
[qbdi-host] detector-scratch stage=property-entry caller=libsigner.so+0x8c0ec name=ro.product.device output=unidbg@0xe4ffe260
[qbdi-host] detector-scratch stage=property-return caller=libsigner.so+0x8c0ec name=ro.product.device length=8 value=bullhead
[qbdi-host] detector-scratch stage=malloc-entry caller=libsigner.so+0x8c554 size=9/0x9
[qbdi-host] detector-scratch stage=malloc-return caller=libsigner.so+0x8c554 size=9/0x9 result=0x1231f160
[qbdi-host] detector-scratch stage=property-entry caller=libsigner.so+0x8eeac name=ro.build.display.id output=unidbg@0xe4ffe260
[qbdi-host] detector-scratch stage=property-return caller=libsigner.so+0x8eeac name=ro.build.display.id length=6 value=MDA89E
[qbdi-host] detector-scratch stage=malloc-entry caller=libsigner.so+0x8f2b0 size=7/0x7
[qbdi-host] detector-scratch stage=malloc-return caller=libsigner.so+0x8f2b0 size=7/0x7 result=0x123170e8
[qbdi-host] detector-scratch stage=property-entry caller=libsigner.so+0x8b5bc name=ro.product.name output=unidbg@0xe4ffe260
[qbdi-host] detector-scratch stage=property-return caller=libsigner.so+0x8b5bc name=ro.product.name length=8 value=bullhead
[qbdi-host] detector-scratch stage=malloc-entry caller=libsigner.so+0x8b8e4 size=9/0x9
[qbdi-host] detector-scratch stage=malloc-return caller=libsigner.so+0x8b8e4 size=9/0x9 result=0x1231f150
[qbdi-host] detector-scratch stage=property-entry caller=libsigner.so+0x8e960 name=ro.build.host output=unidbg@0xe4ffe260
[qbdi-host] detector-scratch stage=property-return caller=libsigner.so+0x8e960 name=ro.build.host length=26 value=vpef12.mtv.corp.google.com
[qbdi-host] detector-scratch stage=malloc-entry caller=libsigner.so+0x8aa4c size=27/0x1b
[qbdi-host] detector-scratch stage=malloc-return caller=libsigner.so+0x8aa4c size=27/0x1b result=0x12318560
[qbdi-host] detector-scratch stage=property-entry caller=libsigner.so+0x8d300 name=ro.build.fingerprint output=unidbg@0xe4ffe260
[qbdi-host] detector-scratch stage=property-return caller=libsigner.so+0x8d300 name=ro.build.fingerprint length=61 value=google/bullhead/bullhead:6.0/MDA89E/2296692:user/release-keys
[qbdi-host] detector-scratch stage=malloc-entry caller=libsigner.so+0x8b180 size=62/0x3e
[qbdi-host] detector-scratch stage=malloc-return caller=libsigner.so+0x8b180 size=62/0x3e result=0x1231ec40
[qbdi-host] detector-scratch stage=property-entry caller=libsigner.so+0x8b7b0 name=ro.build.type output=unidbg@0xe4ffe260
[qbdi-host] detector-scratch stage=property-return caller=libsigner.so+0x8b7b0 name=ro.build.type length=4 value=user
[qbdi-host] detector-scratch stage=malloc-entry caller=libsigner.so+0x8b888 size=5/0x5
[qbdi-host] detector-scratch stage=malloc-return caller=libsigner.so+0x8b888 size=5/0x5 result=0x123170e0
[qbdi-host] detector-scratch stage=property-entry caller=libsigner.so+0x8d9b4 name=ro.product.brand output=unidbg@0xe4ffe260
[qbdi-host] detector-scratch stage=property-return caller=libsigner.so+0x8d9b4 name=ro.product.brand length=6 value=google
[qbdi-host] detector-scratch stage=malloc-entry caller=libsigner.so+0x8d038 size=7/0x7
[qbdi-host] detector-scratch stage=malloc-return caller=libsigner.so+0x8d038 size=7/0x7 result=0x12317080
[qbdi-host] detector-scratch stage=property-entry caller=libsigner.so+0x8b36c name=ro.build.user output=unidbg@0xe4ffe260
[qbdi-host] detector-scratch stage=property-return caller=libsigner.so+0x8b36c name=ro.build.user length=13 value=android-build
[qbdi-host] detector-scratch stage=malloc-entry caller=libsigner.so+0x8c9d4 size=14/0xe
[qbdi-host] detector-scratch stage=malloc-return caller=libsigner.so+0x8c9d4 size=14/0xe result=0x1231f0d0
[qbdi-host] detector-scratch stage=property-entry caller=libsigner.so+0x8b9ac name=ro.hardware output=unidbg@0xe4ffe260
[qbdi-host] detector-scratch stage=property-return caller=libsigner.so+0x8b9ac name=ro.hardware length=8 value=bullhead
[qbdi-host] detector-scratch stage=malloc-entry caller=libsigner.so+0x8f250 size=9/0x9
[qbdi-host] detector-scratch stage=malloc-return caller=libsigner.so+0x8f250 size=9/0x9 result=0x1231f130
[qbdi-host] detector-scratch stage=property-entry caller=libsigner.so+0x8bd78 name=ro.product.cpu.abilist output=unidbg@0xe4ffe260
[qbdi-host] detector-scratch stage=property-return caller=libsigner.so+0x8bd78 name=ro.product.cpu.abilist length=29 value=arm64-v8a,armeabi-v7a,armeabi
[qbdi-host] detector-scratch stage=malloc-entry caller=libsigner.so+0x8db58 size=30/0x1e
[qbdi-host] detector-scratch stage=malloc-return caller=libsigner.so+0x8db58 size=30/0x1e result=0x123185c0
[qbdi-host] detector-scratch stage=system-service-entry caller=libsigner.so+0x8af28 status=0x0 context=unidbg@0x200a26bc field=SENSOR_SERVICE output=unidbg@0xe4ffe350
[qbdi-host] detector-scratch stage=system-service-return status=0x0 field=SENSOR_SERVICE handle=0x1a6f2363 type=android/hardware/SensorManager
[qbdi-host] detector-scratch stage=sensor-list-entry caller=libsigner.so+0x8cc64 status=0x0 manager=unidbg@0x1a6f2363 type=-1 output=unidbg@0xe4ffe340
[qbdi-host] detector-scratch stage=sensor-list-return status=0x0 handle=0x2427e004 type=java/util/ArrayList value=[android.hardware.Sensor@5ebd56e9, android.hardware.Sensor@63f34b70]
[qbdi-host] detector-scratch stage=size-entry caller=libsigner.so+0x8da64 status=0x0 object=unidbg@0x2427e004 output=unidbg@0xe4ffe330 initial=0x0
[qbdi-host] detector-scratch stage=size-return status=0x0 value=2/0x2
[qbdi-host] detector-scratch stage=get-entry caller=libsigner.so+0x8e35c status=0x0 object=unidbg@0x2427e004 index=0 output=unidbg@0xe4ffe320 initial=0x0
[qbdi-host] detector-scratch stage=get-return status=0x0 index=0 handle=0x5ebd56e9 type=android/hardware/Sensor value=local.DeviceProfile$Sensor@1bc715b8
[qbdi-host] detector-scratch stage=sensor-name-entry caller=libsigner.so+0x8bf64 status=0x0 sensor=unidbg@0x5ebd56e9 output=unidbg@0xe4ffe310
[qbdi-host] detector-scratch stage=sensor-name-return status=0x0 handle=0x641856 type=java/lang/String value=LSM6DSO
[qbdi-host] detector-scratch stage=sensor-utf-entry caller=libsigner.so+0x8ad40 status=0x0 string=unidbg@0x641856 chars-output=unidbg@0xe4ffe2f0 length-output=unidbg@0xe4ffe2e0
[qbdi-host] detector-scratch stage=sensor-utf-return caller=libsigner.so+0x8ad40 status=0x0 string=unidbg@0x641856 chars=0x12022000 length=7 value=LSM6DSO
[qbdi-host] detector-scratch stage=sensor-vendor-entry caller=libsigner.so+0x8ca78 status=0x0 sensor=unidbg@0x5ebd56e9 output=unidbg@0xe4ffe300
[qbdi-host] detector-scratch stage=sensor-vendor-return status=0x0 handle=0x1b58ff9e type=java/lang/String value=STMicroelectronics
[qbdi-host] detector-scratch stage=sensor-utf-entry caller=libsigner.so+0x8ec38 status=0x0 string=unidbg@0x1b58ff9e chars-output=unidbg@0xe4ffe2d0 length-output=unidbg@0xe4ffe2c0
[qbdi-host] detector-scratch stage=sensor-utf-return caller=libsigner.so+0x8ec38 status=0x0 string=unidbg@0x1b58ff9e chars=0x12023000 length=18 value=STMicroelectronics
[qbdi-host] detector-scratch stage=sensor-pair-entry caller=libsigner.so+0x8bcd0 first=LSM6DSO first-length=7 second=STMicroelectronics second-length=18 count=0
[qbdi-host] detector-scratch stage=sensor-pair-return status=0x0 first-length=7 second-length=18 count=1
[qbdi-host] detector-scratch stage=get-entry caller=libsigner.so+0x8e35c status=0x0 object=unidbg@0x2427e004 index=1 output=unidbg@0xe4ffe320 initial=0x5ebd56e9
[qbdi-host] detector-scratch stage=get-return status=0x0 index=1 handle=0x63f34b70 type=android/hardware/Sensor value=local.DeviceProfile$Sensor@3f1c5af9
[qbdi-host] detector-scratch stage=sensor-name-entry caller=libsigner.so+0x8bf64 status=0x0 sensor=unidbg@0x63f34b70 output=unidbg@0xe4ffe310
[qbdi-host] detector-scratch stage=sensor-name-return status=0x0 handle=0x2f66e802 type=java/lang/String value=AUDIT_SENSOR_2
[qbdi-host] detector-scratch stage=sensor-utf-entry caller=libsigner.so+0x8ad40 status=0x0 string=unidbg@0x2f66e802 chars-output=unidbg@0xe4ffe2f0 length-output=unidbg@0xe4ffe2e0
[qbdi-host] detector-scratch stage=sensor-utf-return caller=libsigner.so+0x8ad40 status=0x0 string=unidbg@0x2f66e802 chars=0x12024000 length=14 value=AUDIT_SENSOR_2
[qbdi-host] detector-scratch stage=sensor-vendor-entry caller=libsigner.so+0x8ca78 status=0x0 sensor=unidbg@0x63f34b70 output=unidbg@0xe4ffe300
[qbdi-host] detector-scratch stage=sensor-vendor-return status=0x0 handle=0x56b78e55 type=java/lang/String value=AUDIT_VENDOR_2
[qbdi-host] detector-scratch stage=sensor-utf-entry caller=libsigner.so+0x8ec38 status=0x0 string=unidbg@0x56b78e55 chars-output=unidbg@0xe4ffe2d0 length-output=unidbg@0xe4ffe2c0
[qbdi-host] detector-scratch stage=sensor-utf-return caller=libsigner.so+0x8ec38 status=0x0 string=unidbg@0x56b78e55 chars=0x12025000 length=14 value=AUDIT_VENDOR_2
[qbdi-host] detector-scratch stage=sensor-pair-entry caller=libsigner.so+0x8bcd0 first=AUDIT_SENSOR_2 first-length=14 second=AUDIT_VENDOR_2 second-length=14 count=1
[qbdi-host] detector-scratch stage=sensor-pair-return status=0x0 first-length=14 second-length=14 count=2
[qbdi-host] detector-scratch stage=sensor-utf-release caller=libsigner.so+0x8a84c string=unidbg@0x2f66e802 chars=RW@0x12024000[libc++.so]0x4000
[qbdi-host] detector-scratch stage=sensor-utf-release caller=libsigner.so+0x8d114 string=unidbg@0x56b78e55 chars=RW@0x12025000[libc++.so]0x5000
[qbdi-host] detector-scratch stage=delete-local-ref pc=libsigner.so+0x8e158 ref=unidbg@0x1a6f2363 type=android/hardware/SensorManager value=service:sensor
[qbdi-host] detector-scratch stage=delete-local-ref pc=libsigner.so+0x8dbfc ref=unidbg@0x2427e004 type=java/util/ArrayList value=[android.hardware.Sensor@5ebd56e9, android.hardware.Sensor@63f34b70]
[qbdi-host] detector-scratch stage=delete-local-ref pc=libsigner.so+0x8cd38 ref=unidbg@0x63f34b70 type=android/hardware/Sensor value=local.DeviceProfile$Sensor@3f1c5af9
[qbdi-host] detector-scratch stage=delete-local-ref pc=libsigner.so+0x8c22c ref=unidbg@0x2f66e802 type=java/lang/String value=AUDIT_SENSOR_2
[qbdi-host] detector-scratch stage=delete-local-ref pc=libsigner.so+0x8dde0 ref=unidbg@0x56b78e55 type=java/lang/String value=AUDIT_VENDOR_2
[qbdi-host] detector-scratch stage=system-resources-entry caller=libsigner.so+0x8c2a4 status=0x0 output=unidbg@0xe4ffe380
[qbdi-host] detector-scratch stage=system-resources-return status=0x0 handle=0x76318a7d type=android/content/res/Resources value=system-resources
[qbdi-host] detector-scratch stage=display-metrics-entry caller=libsigner.so+0x8e9cc status=0x0 object=unidbg@0x76318a7d output=unidbg@0xe4ffe370 initial=0x0
[qbdi-host] detector-scratch stage=display-metrics-return status=0x0 handle=0x2a492f2a type=android/util/DisplayMetrics
[qbdi-host] detector-scratch stage=int-field-entry caller=libsigner.so+0x8d568 name=widthPixels status=0x0 object=unidbg@0x2a492f2a output=unidbg@0xe4ffea48 scratch-offset=0x60 initial=0x0
[qbdi-host] detector-scratch stage=int-field-return pc=libsigner.so+0x8d568 name=widthPixels status=0x0 value=1440/0x5a0
[qbdi-host] detector-scratch stage=int-field-entry caller=libsigner.so+0x8c324 name=heightPixels status=0x0 object=unidbg@0x2a492f2a output=unidbg@0xe4ffea4c scratch-offset=0x64 initial=0x0
[qbdi-host] detector-scratch stage=int-field-return pc=libsigner.so+0x8c324 name=heightPixels status=0x0 value=3120/0xc30
[qbdi-host] detector-scratch stage=delete-local-ref pc=libsigner.so+0x8c754 ref=unidbg@0x2a492f2a type=android/util/DisplayMetrics value=display-metrics
[qbdi-host] detector-scratch stage=delete-local-ref pc=libsigner.so+0x8b53c ref=unidbg@0x76318a7d type=android/content/res/Resources value=system-resources
[qbdi-host] detector-scratch stage=producer-return status=0x0 scratch=unidbg@0xe4ffe9e8 width-height-pair=0x5a0/0xc30 string-count=2
[qbdi-host] detector-scratch stage=raw-pointers +0x00=0x1231f150 +0x08=0x12317118 +0x10=0x12317080 +0x18=0x1231f110 +0x20=0x1231f160 +0x28=0x123170e8 +0x30=0x1231ec40 +0x38=0x123170e0 +0x40=0x1231f130 +0x48=0x12317120 +0x50=0x1231f0d0 +0x58=0x12318560 +0x68=0x123185c0
[qbdi-host] detector-scratch stage=all-fields +0x00=bullhead +0x08=LGE +0x10=google +0x18=Nexus 5X +0x20=bullhead +0x28=MDA89E +0x30=google/bullhead/bullhead:6.0/MDA89E/2296692:user/release-keys +0x38=user +0x40=bullhead +0x48=BHZ10i +0x50=android-build +0x58=vpef12.mtv.corp.google.com +0x68=arm64-v8a,armeabi-v7a,armeabi
[qbdi-host] detector-scratch stage=fixed-fields +0x00=bullhead +0x08=LGE +0x10=google +0x18=Nexus 5X +0x20=bullhead +0x30=google/bullhead/bullhead:6.0/MDA89E/2296692:user/release-keys +0x38=user +0x40=bullhead +0x50=android-build
[qbdi-host] detector-scratch stage=dynamic-pairs [0]=LSM6DSO|STMicroelectronics [1]=AUDIT_SENSOR_2|AUDIT_VENDOR_2
[main]V/signer: Signing all the parameters end  : 2025-10-09T04:53:20.123Z-0400
[main]V/SignerInstance: Calling native end  : 2026-07-15T03:32:03.600+0800
[main]V/SignerInstance: Signing all the parameters end  : 2026-07-15T03:32:03.600+0800
[main]V/SignerInstance: SDKv5 Signing all the parameters end  : 2026-07-15T03:32:03.605+0800
