[main]V/SignerInstance: Signing all the parameters begin: 2026-07-12T11:10:03.186+0800
[main]V/SignerInstance: Calling native begin: 2026-07-12T11:10:03.210+0800
Exception in thread "main" java.lang.IllegalStateException: recovered signer failed (134): recovered native primitives: PASS
AES-256 Pixel first block: 51da6894512660bd1e9809e7c17c3898
Bionic rand-derived Pixel IV: 3b273362218b186a73e7349775b93f11
custom-state SHA-256 Pixel field 4: PASS
source-built Pixel payload: 113 plaintext bytes -> 128 ciphertext bytes
HMAC-SHA256 Pixel ciphertext tag: 32 bytes
Pixel native result layout: 16 IV + 128 ciphertext + 32 tag = 176 bytes
complete source-built Pixel 176-byte signature: PASS
corrections: 2b=d49d 36=b5d3 25=cacc 05=6ee6
SIGNATURE_HEX=
	at com.adjust.sdk.sig.RecoveredNativeBackend.sign(RecoveredNativeBackend.java:72)
	at com.adjust.sdk.sig.NativeLibHelper.nSign(NativeLibHelper.java:126)
	at com.adjust.sdk.sig.NativeLibHelper.a(NativeLibHelper.java:141)
	at com.adjust.sdk.sig.d.a(d.java:73)
	at com.adjust.sdk.sig.Signer.sign(Signer.java:37)
	at local.SignerEngine.sign(SignerEngine.java:53)
	at local.SignerEngine.signOnce(SignerEngine.java:72)
	at local.SignerOneClick.run(SignerOneClick.java:29)
	at local.SignerOneClick.run(SignerOneClick.java:21)
	at local.SignerOneClick.main(SignerOneClick.java:50)
