loaded libsigner.so base=0x12340000 size=0x148000
[main]V/SignerInstance: Signing all the parameters begin: 2026-07-12T10:34:31.172+0800
[main]V/SignerInstance: Calling native begin: 2026-07-12T10:34:31.179+0800
[qbdi-host] native-context-transform caller=libsigner.so+0x134d18 state=unidbg@0xe4fff3e8 w1=0x40 w2=0x0 value=0x0
[qbdi-host] native-context-transform caller=libsigner.so+0x134d18 state=unidbg@0xe4fff3e8 w1=0x41 w2=0x1 value=0x0
[qbdi-host] native-context-transform caller=libsigner.so+0x134d18 state=unidbg@0xe4fff3e8 w1=0x42 w2=0x2 value=0x0
[qbdi-host] native-context-transform caller=libsigner.so+0x134d18 state=unidbg@0xe4fff3e8 w1=0x43 w2=0x3 value=0x1fd6
[qbdi-host] native-context-transform caller=libsigner.so+0x134d18 state=unidbg@0xe4fff3e8 w1=0x44 w2=0x4 value=0x6c8f1fd6
[qbdi-host] native-context-transform caller=libsigner.so+0x134d18 state=unidbg@0xe4fff3e8 w1=0x45 w2=0x5 value=0x6c8f1fd6
[qbdi-host] native-context-transform caller=libsigner.so+0x134d18 state=unidbg@0xe4fff3e8 w1=0x46 w2=0x6 value=0x6c8f1fd6
[qbdi-host] native-context-transform caller=libsigner.so+0x134d18 state=unidbg@0xe4fff3e8 w1=0x47 w2=0x7 value=0x6c8f1fd6
[qbdi-host] native-context-transform caller=libsigner.so+0x134d18 state=unidbg@0xe4fff3e8 w1=0x40 w2=0x8 value=0x6c8f1fd6
[qbdi-host] native-context-transform caller=libsigner.so+0x134d18 state=unidbg@0xe4fff3e8 w1=0x41 w2=0x9 value=0x6c8f1fd6
[qbdi-host] native-context-transform caller=libsigner.so+0x134d18 state=unidbg@0xe4fff3e8 w1=0x42 w2=0xa value=0x6c8f1fd6
[qbdi-host] native-context-transform caller=libsigner.so+0x134d18 state=unidbg@0xe4fff3e8 w1=0x43 w2=0xb value=0x6c8f1fd6
[qbdi-host] native-context-transform caller=libsigner.so+0x134d18 state=unidbg@0xe4fff3e8 w1=0x44 w2=0xc value=0x6c8f1fd6
[qbdi-host] native-context-transform caller=libsigner.so+0x134d18 state=unidbg@0xe4fff3e8 w1=0x45 w2=0xd value=0x6c8f1fd6
[qbdi-host] native-context-transform caller=libsigner.so+0x134d18 state=unidbg@0xe4fff3e8 w1=0x46 w2=0xe value=0x6c8f1fd6
[qbdi-host] native-context-transform caller=libsigner.so+0x134d18 state=unidbg@0xe4fff3e8 w1=0x47 w2=0xf value=0x6c8f1fd6
[qbdi-host] native-context-transform caller=libsigner.so+0x134d18 state=unidbg@0xe4fff3e8 w1=0x40 w2=0x10 value=0x6c8f1fd6
[qbdi-host] native-context-transform caller=libsigner.so+0x134d18 state=unidbg@0xe4fff3e8 w1=0x41 w2=0x11 value=0x6c8f1fd6
[qbdi-host] native-context-transform caller=libsigner.so+0x134d18 state=unidbg@0xe4fff3e8 w1=0x42 w2=0x12 value=0x6c8f1fd6
[qbdi-host] native-context-transform caller=libsigner.so+0x134d18 state=unidbg@0xe4fff3e8 w1=0x43 w2=0x13 value=0x6c8f1fd6
[qbdi-host] native-context-transform caller=libsigner.so+0x134d18 state=unidbg@0xe4fff3e8 w1=0x44 w2=0x14 value=0x6c8f1fd6
[qbdi-host] native-context-transform caller=libsigner.so+0x134d18 state=unidbg@0xe4fff3e8 w1=0x45 w2=0x15 value=0x6c8f1fd6
[qbdi-host] native-context-transform caller=libsigner.so+0x134d18 state=unidbg@0xe4fff3e8 w1=0x46 w2=0x16 value=0x6c8f1fd6
[qbdi-host] native-context-transform caller=libsigner.so+0x134d18 state=unidbg@0xe4fff3e8 w1=0x47 w2=0x17 value=0x6c8f1fd6
[qbdi-host] native-context-transform caller=libsigner.so+0x134d18 state=unidbg@0xe4fff3e8 w1=0x40 w2=0x18 value=0x6c8f1fd6
[qbdi-host] native-context-transform caller=libsigner.so+0x134d18 state=unidbg@0xe4fff3e8 w1=0x41 w2=0x19 value=0x6c8f1fd6
[qbdi-host] native-context-transform caller=libsigner.so+0x134d18 state=unidbg@0xe4fff3e8 w1=0x42 w2=0x1a value=0x6c8f1fd6
[qbdi-host] native-context-transform caller=libsigner.so+0x134d18 state=unidbg@0xe4fff3e8 w1=0x43 w2=0x1b value=0x6c8f1fd6
[qbdi-host] native-context-transform caller=libsigner.so+0x134d18 state=unidbg@0xe4fff3e8 w1=0x44 w2=0x1c value=0x6c8f1fd6
[qbdi-host] native-context-transform caller=libsigner.so+0x134d18 state=unidbg@0xe4fff3e8 w1=0x45 w2=0x1d value=0x6c8f1fd6
[qbdi-host] native-context-transform caller=libsigner.so+0x134d18 state=unidbg@0xe4fff3e8 w1=0x46 w2=0x1e value=0x6c8f1fd6
[qbdi-host] native-context-transform caller=libsigner.so+0x134d18 state=unidbg@0xe4fff3e8 w1=0x47 w2=0x1f value=0x6c8f1fd6
[qbdi-host] native-context-transform caller=libsigner.so+0x134d18 state=unidbg@0xe4fff3e8 w1=0x40 w2=0x20 value=0x6c8f1fd6
[qbdi-host] native-context-transform caller=libsigner.so+0x134d18 state=unidbg@0xe4fff3e8 w1=0x41 w2=0x21 value=0x6c8f1fd6
[qbdi-host] native-context-transform caller=libsigner.so+0x134d18 state=unidbg@0xe4fff3e8 w1=0x42 w2=0x22 value=0x6c8f1fd6
[qbdi-host] native-context-transform caller=libsigner.so+0x134d18 state=unidbg@0xe4fff3e8 w1=0x43 w2=0x23 value=0x6c8f1fd6
[qbdi-host] native-context-transform caller=libsigner.so+0x134d18 state=unidbg@0xe4fff3e8 w1=0x44 w2=0x24 value=0x6c8f1fd6
[qbdi-host] native-context-transform caller=libsigner.so+0x134d18 state=unidbg@0xe4fff3e8 w1=0x45 w2=0x25 value=0x6c8f1fd6
[qbdi-host] native-context-transform caller=libsigner.so+0x134d18 state=unidbg@0xe4fff3e8 w1=0x46 w2=0x26 value=0x6c8f1fd6
[qbdi-host] native-context-transform caller=libsigner.so+0x134d18 state=unidbg@0xe4fff3e8 w1=0x47 w2=0x27 value=0x6c8f1fd6
[qbdi-host] native-context-transform caller=libsigner.so+0x134d18 state=unidbg@0xe4fff3e8 w1=0x40 w2=0x28 value=0x6c8f1fd6
[qbdi-host] native-context-transform caller=libsigner.so+0x134d18 state=unidbg@0xe4fff3e8 w1=0x41 w2=0x29 value=0x6c8f1fd6
[qbdi-host] native-context-transform caller=libsigner.so+0x134d18 state=unidbg@0xe4fff3e8 w1=0x42 w2=0x2a value=0x6c8f1fd6
[qbdi-host] native-context-transform caller=libsigner.so+0x134d18 state=unidbg@0xe4fff3e8 w1=0x43 w2=0x2b value=0x6c8f1fd6
[qbdi-host] native-context-transform caller=libsigner.so+0x134d18 state=unidbg@0xe4fff3e8 w1=0x44 w2=0x2c value=0x6c8f1fd6
[qbdi-host] native-context-transform caller=libsigner.so+0x134d18 state=unidbg@0xe4fff3e8 w1=0x45 w2=0x2d value=0x6c8f1fd6
[qbdi-host] native-context-transform caller=libsigner.so+0x134d18 state=unidbg@0xe4fff3e8 w1=0x46 w2=0x2e value=0x6c8f1fd6
[qbdi-host] native-context-transform caller=libsigner.so+0x134d18 state=unidbg@0xe4fff3e8 w1=0x47 w2=0x2f value=0x6c8f1fd6
[qbdi-host] native-context-transform caller=libsigner.so+0x134d18 state=unidbg@0xe4fff3e8 w1=0x40 w2=0x30 value=0x6c8f1fd6
[qbdi-host] native-context-transform caller=libsigner.so+0x134d18 state=unidbg@0xe4fff3e8 w1=0x41 w2=0x31 value=0x6c8f1fd6
[qbdi-host] native-context-transform caller=libsigner.so+0x134d18 state=unidbg@0xe4fff3e8 w1=0x42 w2=0x32 value=0x6c8f1fd6
[qbdi-host] native-context-transform caller=libsigner.so+0x134d18 state=unidbg@0xe4fff3e8 w1=0x43 w2=0x33 value=0x6c8f1fd6
[qbdi-host] native-context-transform caller=libsigner.so+0x134d18 state=unidbg@0xe4fff3e8 w1=0x44 w2=0x34 value=0x6c8f1fd6
[qbdi-host] native-context-transform caller=libsigner.so+0x134d18 state=unidbg@0xe4fff3e8 w1=0x45 w2=0x35 value=0x6c8f1fd6
[qbdi-host] native-context-transform caller=libsigner.so+0x134d18 state=unidbg@0xe4fff3e8 w1=0x46 w2=0x36 value=0x6c8f1fd6
[qbdi-host] native-context-transform caller=libsigner.so+0x134d18 state=unidbg@0xe4fff3e8 w1=0x47 w2=0x37 value=0x6c8f1fd6
[qbdi-host] native-context-transform caller=libsigner.so+0x134d18 state=unidbg@0xe4fff3e8 w1=0x40 w2=0x38 value=0x6c8f1fd6
[qbdi-host] native-context-transform caller=libsigner.so+0x134d18 state=unidbg@0xe4fff3e8 w1=0x41 w2=0x39 value=0x6c8f1fd6
[qbdi-host] native-context-transform caller=libsigner.so+0x134d18 state=unidbg@0xe4fff3e8 w1=0x42 w2=0x3a value=0x6c8f1fd6
[qbdi-host] native-context-transform caller=libsigner.so+0x134d18 state=unidbg@0xe4fff3e8 w1=0x43 w2=0x3b value=0x6c8f1fd6
[qbdi-host] native-context-transform caller=libsigner.so+0x134d18 state=unidbg@0xe4fff3e8 w1=0x44 w2=0x3c value=0x6c8f1fd6
[qbdi-host] native-context-transform caller=libsigner.so+0x134d18 state=unidbg@0xe4fff3e8 w1=0x45 w2=0x3d value=0x6c8f1fd6
[qbdi-host] native-context-transform caller=libsigner.so+0x134d18 state=unidbg@0xe4fff3e8 w1=0x46 w2=0x3e value=0x6c8f1fd6
[qbdi-host] native-context-transform caller=libsigner.so+0x134d18 state=unidbg@0xe4fff3e8 w1=0x47 w2=0x3f value=0x6c8f1fd6
[qbdi-host] native-context-correction caller=libsigner.so+0x80dc state=unidbg@0xe4fff3e8 w1=0x2b w2=0x8 value=0x6c8f1fd6
[qbdi-host] native-context-basis bytes=02002200200220220082000a200121a201042aa40ab2391824b8680615cdaad0
[qbdi-host] native-context-codewords stage=before-correction code=0x2b bytes=be19c3d2d61f8f6c9aa1e76af2a792ccbe19c3d2d61f8f6c9aa1e76af2a792ccbe19c3d2d61f8f6c9aa1e76af2a792ccbe19c3d2d61f8f6c9aa1e76af2a792ccbe19c3d2d61f8f6c9aa1e76af2a792ccbe19c3d2d61f8f6c9aa1e76af2a792ccbe19c3d2d61f8f6c9aa1e76af2a792ccbe19c3d2d61f8f6c9aa1e76af2a792cc
[qbdi-host] native-context-compare caller=libsigner.so+0x1354a4 state=unidbg@0xe4fff3e8 w1=0x2b w2=0x8 value=0x6c8f1fd6
[qbdi-host] native-context-compare-result index=0 value=0x6c8f1fd6
[qbdi-host] native-context-transform caller=libsigner.so+0x80dc state=unidbg@0xe4fff3e8 w1=0x2b w2=0x0 value=0x6c8f1fd6
[qbdi-host] native-context-correction caller=libsigner.so+0xd874 state=unidbg@0xe4fff3e8 w1=0x29 w2=0x0 value=0x6c8f1fd6
[qbdi-host] native-context-basis bytes=02002200200220220082000a200121a201042aa40ab2391824b8680615cdaad0
[qbdi-host] native-context-codewords stage=before-correction code=0x29 bytes=9dd4c3d2d61f8f6c9aa1e76af2a792ccbe19c3d2d61f8f6c9aa1e76af2a792ccbe19c3d2d61f8f6c9aa1e76af2a792ccbe19c3d2d61f8f6c9aa1e76af2a792ccbe19c3d2d61f8f6c9aa1e76af2a792ccbe19c3d2d61f8f6c9aa1e76af2a792ccbe19c3d2d61f8f6c9aa1e76af2a792ccbe19c3d2d61f8f6c9aa1e76af2a792cc
[qbdi-host] native-context-compare caller=libsigner.so+0x1354a4 state=unidbg@0xe4fff3e8 w1=0x29 w2=0x0 value=0x6c8f1fd6
[qbdi-host] native-context-compare-result index=1 value=0x6c8f1fd6
[qbdi-host] native-context-transform caller=libsigner.so+0xd874 state=unidbg@0xe4fff3e8 w1=0x29 w2=0x1 value=0x6c8f1fd6
[qbdi-host] native-context-correction caller=libsigner.so+0xe690 state=unidbg@0xe4fff3e8 w1=0x38 w2=0x4 value=0x6c8f1fd6
[qbdi-host] native-context-basis bytes=02002200200220220082000a200121a201042aa40ab2391824b8680615cdaad0
[qbdi-host] native-context-codewords stage=before-correction code=0x38 bytes=9dd4d16ad61f8f6c9aa1e76af2a792ccbe19c3d2d61f8f6c9aa1e76af2a792ccbe19c3d2d61f8f6c9aa1e76af2a792ccbe19c3d2d61f8f6c9aa1e76af2a792ccbe19c3d2d61f8f6c9aa1e76af2a792ccbe19c3d2d61f8f6c9aa1e76af2a792ccbe19c3d2d61f8f6c9aa1e76af2a792ccbe19c3d2d61f8f6c9aa1e76af2a792cc
[qbdi-host] native-context-compare caller=libsigner.so+0x1354a4 state=unidbg@0xe4fff3e8 w1=0x38 w2=0x4 value=0x6c8f1fd6
[qbdi-host] native-context-compare-result index=2 value=0x6c8f1fd6
[qbdi-host] native-context-transform caller=libsigner.so+0xe690 state=unidbg@0xe4fff3e8 w1=0x38 w2=0x2 value=0x6c8f1fd6
[qbdi-host] native-context-correction caller=libsigner.so+0x14e60 state=unidbg@0xe4fff3e8 w1=0x36 w2=0x7d004efa value=0x6c8f13a6
[qbdi-host] native-context-basis bytes=02002200200220220082000a200121a201042aa40ab2391824b8680615cdaad0
[qbdi-host] native-context-codewords stage=before-correction code=0x36 bytes=9dd4d16aa6138f6c9aa1e76af2a792ccbe19c3d2d61f8f6c9aa1e76af2a792ccbe19c3d2d61f8f6c9aa1e76af2a792ccbe19c3d2d61f8f6c9aa1e76af2a792ccbe19c3d2d61f8f6c9aa1e76af2a792ccbe19c3d2d61f8f6c9aa1e76af2a792ccbe19c3d2d61f8f6c9aa1e76af2a792ccbe19c3d2d61f8f6c9aa1e76af2a792cc
[qbdi-host] native-context-compare caller=libsigner.so+0x1354a4 state=unidbg@0xe4fff3e8 w1=0x36 w2=0x7d004efa value=0x6c8f13a6
[qbdi-host] native-context-compare-result index=3 value=0x6c8f13a6
[qbdi-host] native-context-transform caller=libsigner.so+0x14e60 state=unidbg@0xe4fff3e8 w1=0x36 w2=0x3 value=0x6c8f13a6
[qbdi-host] native-context-correction caller=libsigner.so+0x14a28 state=unidbg@0xe4fff3e8 w1=0x25 w2=0x669a76fc value=0xb5d313a6
[qbdi-host] native-context-basis bytes=02002200200220220082000a200121a201042aa40ab2391824b8680615cdaad0
[qbdi-host] native-context-codewords stage=before-correction code=0x25 bytes=9dd4d16aa613d3b59aa1e76af2a792ccbe19c3d2d61f8f6c9aa1e76af2a792ccbe19c3d2d61f8f6c9aa1e76af2a792ccbe19c3d2d61f8f6c9aa1e76af2a792ccbe19c3d2d61f8f6c9aa1e76af2a792ccbe19c3d2d61f8f6c9aa1e76af2a792ccbe19c3d2d61f8f6c9aa1e76af2a792ccbe19c3d2d61f8f6c9aa1e76af2a792cc
[qbdi-host] native-context-compare caller=libsigner.so+0x1354a4 state=unidbg@0xe4fff3e8 w1=0x25 w2=0x669a76fc value=0xb5d313a6
[qbdi-host] native-context-compare-result index=4 value=0xb5d313a6
[qbdi-host] native-context-transform caller=libsigner.so+0x14a28 state=unidbg@0xe4fff3e8 w1=0x25 w2=0x4 value=0xb5d313a6
[qbdi-host] native-context-correction caller=libsigner.so+0xf2e4 state=unidbg@0xe4fff3e8 w1=0x5 w2=0x12219000 value=0xb5d313a6
[qbdi-host] native-context-basis bytes=02002200200220220082000a200121a201042aa40ab2391824b8680615cdaad0
[qbdi-host] native-context-codewords stage=before-correction code=0x5 bytes=9dd4d16aa613d3b5cccae76af2a792ccbe19c3d2d61f8f6c9aa1e76af2a792ccbe19c3d2d61f8f6c9aa1e76af2a792ccbe19c3d2d61f8f6c9aa1e76af2a792ccbe19c3d2d61f8f6c9aa1e76af2a792ccbe19c3d2d61f8f6c9aa1e76af2a792ccbe19c3d2d61f8f6c9aa1e76af2a792ccbe19c3d2d61f8f6c9aa1e76af2a792cc
[qbdi-host] native-context-compare caller=libsigner.so+0x1354a4 state=unidbg@0xe4fff3e8 w1=0x5 w2=0x12219000 value=0xb5d313a6
[qbdi-host] native-context-compare-result index=5 value=0xb5d313a6
[qbdi-host] native-context-transform caller=libsigner.so+0xf2e4 state=unidbg@0xe4fff3e8 w1=0x5 w2=0x5 value=0xb5d313a6
[qbdi-host] native-context-watch context=unidbg@0xe4fff3c8 offset=0x54 address=0xe4fff41c value=0xb5d313a6
[qbdi-host] native-context-codewords stage=consumer bytes=9dd4d16aa613d3b5cccae66ef2a792ccbe19c3d2d61f8f6c9aa1e76af2a792ccbe19c3d2d61f8f6c9aa1e76af2a792ccbe19c3d2d61f8f6c9aa1e76af2a792ccbe19c3d2d61f8f6c9aa1e76af2a792ccbe19c3d2d61f8f6c9aa1e76af2a792ccbe19c3d2d61f8f6c9aa1e76af2a792ccbe19c3d2d61f8f6c9aa1e76af2a792cc
[main]V/SignerInstance: Calling native end  : 2026-07-12T10:34:56.855+0800
[main]V/SignerInstance: Signing all the parameters end  : 2026-07-12T10:34:56.856+0800
SIGNER_RESULT_JSON={"signed":true,"version":"V4","rawSignatureHex":"3b273362218b186a73e7349775b93f11a38d99edb05bf835c165a660ae00bcd74f5323213cb548109b658dd238fbe6b11d679071cb90997973a03f0f06392f8b5591fbb8afb187e916c1bc66f66deb7536239fa60b8743133c6c3d3bda8ce3209cfe621d23b2ae72a7e93623ff228f8a9456586383c284d90db14f7496a5748eb83c14175bb2fbab788ccf19b1dda36db2e7b19c58fc635a9c674ca9440d4b70c906e11eae508351391d55d3f9c674ee","signatureBase64":"OyczYiGLGGpz5zSXdbk/EaONme2wW/g1wWWmYK4AvNdPUyMhPLVIEJtljdI4++axHWeQccuQmXlzoD8PBjkvi1WR+7ivsYfpFsG8ZvZt63U2I5+mC4dDEzxsPTvajOMgnP5iHSOyrnKn6TYj/yKPipRWWGODwoTZDbFPdJaldI64PBQXW7L7q3iMzxmx3aNtsuexnFj8Y1qcZ0ypRA1LcMkG4R6uUINROR1V0/nGdO4=","metadata":{"signature":"OyczYiGLGGpz5zSXdbk/EaONme2wW/g1wWWmYK4AvNdPUyMhPLVIEJtljdI4++axHWeQccuQmXlzoD8PBjkvi1WR+7ivsYfpFsG8ZvZt63U2I5+mC4dDEzxsPTvajOMgnP5iHSOyrnKn6TYj/yKPipRWWGODwoTZDbFPdJaldI64PBQXW7L7q3iMzxmx3aNtsuexnFj8Y1qcZ0ypRA1LcMkG4R6uUINROR1V0/nGdO4=","adj_signing_id":"1400000","algorithm":"adj8","headers_id":"9","native_version":"3.67.0"},"output":{"environment":"sandbox","app_token":"abc123","created_at":"2026-07-10T00:00:00.000+0800","gps_adid":"11111111-1111-1111-1111-111111111111","android_id":"0123456789abcdef","device_type":"phone","device_name":"Pixel 9 Pro","os_name":"android","os_version":"15","language":"zh","country":"CN","headers_id":"9","adj_signing_id":"1400000","native_version":"3.67.0","algorithm":"adj8","signature":"OyczYiGLGGpz5zSXdbk/EaONme2wW/g1wWWmYK4AvNdPUyMhPLVIEJtljdI4++axHWeQccuQmXlzoD8PBjkvi1WR+7ivsYfpFsG8ZvZt63U2I5+mC4dDEzxsPTvajOMgnP5iHSOyrnKn6TYj/yKPipRWWGODwoTZDbFPdJaldI64PBQXW7L7q3iMzxmx3aNtsuexnFj8Y1qcZ0ypRA1LcMkG4R6uUINROR1V0/nGdO4="}}
