loaded libsigner.so base=0x12340000 size=0x148000
[main]V/SignerInstance: Signing all the parameters begin: 2026-07-12T10:36:11.616+0800
[main]V/SignerInstance: Calling native begin: 2026-07-12T10:36:11.625+0800
[qbdi-host] native-context-transform caller=libsigner.so+0x134d18 state=unidbg@0xe4fff3e8 w1=0x40 w2=0x0 value=0x0
[qbdi-host] native-context-transform caller=libsigner.so+0x134d18 state=unidbg@0xe4fff3e8 w1=0x41 w2=0x1 value=0x0
[qbdi-host] native-context-transform caller=libsigner.so+0x134d18 state=unidbg@0xe4fff3e8 w1=0x42 w2=0x2 value=0x0
[qbdi-host] native-context-transform caller=libsigner.so+0x134d18 state=unidbg@0xe4fff3e8 w1=0x43 w2=0x3 value=0x1fd6
[qbdi-host] native-context-transform caller=libsigner.so+0x134d18 state=unidbg@0xe4fff3e8 w1=0x44 w2=0x4 value=0x6c8f1fd6
[qbdi-host] native-context-transform caller=libsigner.so+0x134d18 state=unidbg@0xe4fff3e8 w1=0x45 w2=0x5 value=0x6c8f1fd6
[qbdi-host] native-context-transform caller=libsigner.so+0x134d18 state=unidbg@0xe4fff3e8 w1=0x46 w2=0x6 value=0x6c8f1fd6
[qbdi-host] native-context-transform caller=libsigner.so+0x134d18 state=unidbg@0xe4fff3e8 w1=0x47 w2=0x7 value=0x6c8f1fd6
[qbdi-host] native-context-transform caller=libsigner.so+0x134d18 state=unidbg@0xe4fff3e8 w1=0x40 w2=0x8 value=0x6c8f1fd6
[qbdi-host] native-context-transform caller=libsigner.so+0x134d18 state=unidbg@0xe4fff3e8 w1=0x41 w2=0x9 value=0x6c8f1fd6
[qbdi-host] native-context-transform caller=libsigner.so+0x134d18 state=unidbg@0xe4fff3e8 w1=0x42 w2=0xa value=0x6c8f1fd6
[qbdi-host] native-context-transform caller=libsigner.so+0x134d18 state=unidbg@0xe4fff3e8 w1=0x43 w2=0xb value=0x6c8f1fd6
[qbdi-host] native-context-transform caller=libsigner.so+0x134d18 state=unidbg@0xe4fff3e8 w1=0x44 w2=0xc value=0x6c8f1fd6
[qbdi-host] native-context-transform caller=libsigner.so+0x134d18 state=unidbg@0xe4fff3e8 w1=0x45 w2=0xd value=0x6c8f1fd6
[qbdi-host] native-context-transform caller=libsigner.so+0x134d18 state=unidbg@0xe4fff3e8 w1=0x46 w2=0xe value=0x6c8f1fd6
[qbdi-host] native-context-transform caller=libsigner.so+0x134d18 state=unidbg@0xe4fff3e8 w1=0x47 w2=0xf value=0x6c8f1fd6
[qbdi-host] native-context-transform caller=libsigner.so+0x134d18 state=unidbg@0xe4fff3e8 w1=0x40 w2=0x10 value=0x6c8f1fd6
[qbdi-host] native-context-transform caller=libsigner.so+0x134d18 state=unidbg@0xe4fff3e8 w1=0x41 w2=0x11 value=0x6c8f1fd6
[qbdi-host] native-context-transform caller=libsigner.so+0x134d18 state=unidbg@0xe4fff3e8 w1=0x42 w2=0x12 value=0x6c8f1fd6
[qbdi-host] native-context-transform caller=libsigner.so+0x134d18 state=unidbg@0xe4fff3e8 w1=0x43 w2=0x13 value=0x6c8f1fd6
[qbdi-host] native-context-transform caller=libsigner.so+0x134d18 state=unidbg@0xe4fff3e8 w1=0x44 w2=0x14 value=0x6c8f1fd6
[qbdi-host] native-context-transform caller=libsigner.so+0x134d18 state=unidbg@0xe4fff3e8 w1=0x45 w2=0x15 value=0x6c8f1fd6
[qbdi-host] native-context-transform caller=libsigner.so+0x134d18 state=unidbg@0xe4fff3e8 w1=0x46 w2=0x16 value=0x6c8f1fd6
[qbdi-host] native-context-transform caller=libsigner.so+0x134d18 state=unidbg@0xe4fff3e8 w1=0x47 w2=0x17 value=0x6c8f1fd6
[qbdi-host] native-context-transform caller=libsigner.so+0x134d18 state=unidbg@0xe4fff3e8 w1=0x40 w2=0x18 value=0x6c8f1fd6
[qbdi-host] native-context-transform caller=libsigner.so+0x134d18 state=unidbg@0xe4fff3e8 w1=0x41 w2=0x19 value=0x6c8f1fd6
[qbdi-host] native-context-transform caller=libsigner.so+0x134d18 state=unidbg@0xe4fff3e8 w1=0x42 w2=0x1a value=0x6c8f1fd6
[qbdi-host] native-context-transform caller=libsigner.so+0x134d18 state=unidbg@0xe4fff3e8 w1=0x43 w2=0x1b value=0x6c8f1fd6
[qbdi-host] native-context-transform caller=libsigner.so+0x134d18 state=unidbg@0xe4fff3e8 w1=0x44 w2=0x1c value=0x6c8f1fd6
[qbdi-host] native-context-transform caller=libsigner.so+0x134d18 state=unidbg@0xe4fff3e8 w1=0x45 w2=0x1d value=0x6c8f1fd6
[qbdi-host] native-context-transform caller=libsigner.so+0x134d18 state=unidbg@0xe4fff3e8 w1=0x46 w2=0x1e value=0x6c8f1fd6
[qbdi-host] native-context-transform caller=libsigner.so+0x134d18 state=unidbg@0xe4fff3e8 w1=0x47 w2=0x1f value=0x6c8f1fd6
[qbdi-host] native-context-transform caller=libsigner.so+0x134d18 state=unidbg@0xe4fff3e8 w1=0x40 w2=0x20 value=0x6c8f1fd6
[qbdi-host] native-context-transform caller=libsigner.so+0x134d18 state=unidbg@0xe4fff3e8 w1=0x41 w2=0x21 value=0x6c8f1fd6
[qbdi-host] native-context-transform caller=libsigner.so+0x134d18 state=unidbg@0xe4fff3e8 w1=0x42 w2=0x22 value=0x6c8f1fd6
[qbdi-host] native-context-transform caller=libsigner.so+0x134d18 state=unidbg@0xe4fff3e8 w1=0x43 w2=0x23 value=0x6c8f1fd6
[qbdi-host] native-context-transform caller=libsigner.so+0x134d18 state=unidbg@0xe4fff3e8 w1=0x44 w2=0x24 value=0x6c8f1fd6
[qbdi-host] native-context-transform caller=libsigner.so+0x134d18 state=unidbg@0xe4fff3e8 w1=0x45 w2=0x25 value=0x6c8f1fd6
[qbdi-host] native-context-transform caller=libsigner.so+0x134d18 state=unidbg@0xe4fff3e8 w1=0x46 w2=0x26 value=0x6c8f1fd6
[qbdi-host] native-context-transform caller=libsigner.so+0x134d18 state=unidbg@0xe4fff3e8 w1=0x47 w2=0x27 value=0x6c8f1fd6
[qbdi-host] native-context-transform caller=libsigner.so+0x134d18 state=unidbg@0xe4fff3e8 w1=0x40 w2=0x28 value=0x6c8f1fd6
[qbdi-host] native-context-transform caller=libsigner.so+0x134d18 state=unidbg@0xe4fff3e8 w1=0x41 w2=0x29 value=0x6c8f1fd6
[qbdi-host] native-context-transform caller=libsigner.so+0x134d18 state=unidbg@0xe4fff3e8 w1=0x42 w2=0x2a value=0x6c8f1fd6
[qbdi-host] native-context-transform caller=libsigner.so+0x134d18 state=unidbg@0xe4fff3e8 w1=0x43 w2=0x2b value=0x6c8f1fd6
[qbdi-host] native-context-transform caller=libsigner.so+0x134d18 state=unidbg@0xe4fff3e8 w1=0x44 w2=0x2c value=0x6c8f1fd6
[qbdi-host] native-context-transform caller=libsigner.so+0x134d18 state=unidbg@0xe4fff3e8 w1=0x45 w2=0x2d value=0x6c8f1fd6
[qbdi-host] native-context-transform caller=libsigner.so+0x134d18 state=unidbg@0xe4fff3e8 w1=0x46 w2=0x2e value=0x6c8f1fd6
[qbdi-host] native-context-transform caller=libsigner.so+0x134d18 state=unidbg@0xe4fff3e8 w1=0x47 w2=0x2f value=0x6c8f1fd6
[qbdi-host] native-context-transform caller=libsigner.so+0x134d18 state=unidbg@0xe4fff3e8 w1=0x40 w2=0x30 value=0x6c8f1fd6
[qbdi-host] native-context-transform caller=libsigner.so+0x134d18 state=unidbg@0xe4fff3e8 w1=0x41 w2=0x31 value=0x6c8f1fd6
[qbdi-host] native-context-transform caller=libsigner.so+0x134d18 state=unidbg@0xe4fff3e8 w1=0x42 w2=0x32 value=0x6c8f1fd6
[qbdi-host] native-context-transform caller=libsigner.so+0x134d18 state=unidbg@0xe4fff3e8 w1=0x43 w2=0x33 value=0x6c8f1fd6
[qbdi-host] native-context-transform caller=libsigner.so+0x134d18 state=unidbg@0xe4fff3e8 w1=0x44 w2=0x34 value=0x6c8f1fd6
[qbdi-host] native-context-transform caller=libsigner.so+0x134d18 state=unidbg@0xe4fff3e8 w1=0x45 w2=0x35 value=0x6c8f1fd6
[qbdi-host] native-context-transform caller=libsigner.so+0x134d18 state=unidbg@0xe4fff3e8 w1=0x46 w2=0x36 value=0x6c8f1fd6
[qbdi-host] native-context-transform caller=libsigner.so+0x134d18 state=unidbg@0xe4fff3e8 w1=0x47 w2=0x37 value=0x6c8f1fd6
[qbdi-host] native-context-transform caller=libsigner.so+0x134d18 state=unidbg@0xe4fff3e8 w1=0x40 w2=0x38 value=0x6c8f1fd6
[qbdi-host] native-context-transform caller=libsigner.so+0x134d18 state=unidbg@0xe4fff3e8 w1=0x41 w2=0x39 value=0x6c8f1fd6
[qbdi-host] native-context-transform caller=libsigner.so+0x134d18 state=unidbg@0xe4fff3e8 w1=0x42 w2=0x3a value=0x6c8f1fd6
[qbdi-host] native-context-transform caller=libsigner.so+0x134d18 state=unidbg@0xe4fff3e8 w1=0x43 w2=0x3b value=0x6c8f1fd6
[qbdi-host] native-context-transform caller=libsigner.so+0x134d18 state=unidbg@0xe4fff3e8 w1=0x44 w2=0x3c value=0x6c8f1fd6
[qbdi-host] native-context-transform caller=libsigner.so+0x134d18 state=unidbg@0xe4fff3e8 w1=0x45 w2=0x3d value=0x6c8f1fd6
[qbdi-host] native-context-transform caller=libsigner.so+0x134d18 state=unidbg@0xe4fff3e8 w1=0x46 w2=0x3e value=0x6c8f1fd6
[qbdi-host] native-context-transform caller=libsigner.so+0x134d18 state=unidbg@0xe4fff3e8 w1=0x47 w2=0x3f value=0x6c8f1fd6
[qbdi-host] native-context-correction caller=libsigner.so+0x80dc state=unidbg@0xe4fff3e8 w1=0x2b w2=0x8 value=0x6c8f1fd6
[qbdi-host] native-context-basis bytes=02002200200220220082000a200121a201042aa40ab2391824b8680615cdaad0
[qbdi-host] native-context-codewords stage=before-correction code=0x2b bytes=be19c3d2d61f8f6c9aa1e76af2a792ccbe19c3d2d61f8f6c9aa1e76af2a792ccbe19c3d2d61f8f6c9aa1e76af2a792ccbe19c3d2d61f8f6c9aa1e76af2a792ccbe19c3d2d61f8f6c9aa1e76af2a792ccbe19c3d2d61f8f6c9aa1e76af2a792ccbe19c3d2d61f8f6c9aa1e76af2a792ccbe19c3d2d61f8f6c9aa1e76af2a792cc
[qbdi-host] native-context-compare caller=libsigner.so+0x1354a4 state=unidbg@0xe4fff3e8 w1=0x2b w2=0x8 value=0x6c8f1fd6
[qbdi-host] native-context-compare-result index=0 value=0x6c8f1fd6
[qbdi-host] native-context-transform caller=libsigner.so+0x80dc state=unidbg@0xe4fff3e8 w1=0x2b w2=0x0 value=0x6c8f1fd6
[qbdi-host] native-context-correction caller=libsigner.so+0xd024 state=unidbg@0xe4fff3e8 w1=0x9 w2=0x7e72ecbe value=0x6c8f1fd6
[qbdi-host] native-context-basis bytes=02002200200220220082000a200121a201042aa40ab2391824b8680615cdaad0
[qbdi-host] native-context-codewords stage=before-correction code=0x9 bytes=9dd4c3d2d61f8f6c9aa1e76af2a792ccbe19c3d2d61f8f6c9aa1e76af2a792ccbe19c3d2d61f8f6c9aa1e76af2a792ccbe19c3d2d61f8f6c9aa1e76af2a792ccbe19c3d2d61f8f6c9aa1e76af2a792ccbe19c3d2d61f8f6c9aa1e76af2a792ccbe19c3d2d61f8f6c9aa1e76af2a792ccbe19c3d2d61f8f6c9aa1e76af2a792cc
[qbdi-host] native-context-compare caller=libsigner.so+0x1354a4 state=unidbg@0xe4fff3e8 w1=0x9 w2=0x7e72ecbe value=0x6c8f1fd6
[qbdi-host] native-context-compare-result index=1 value=0x6c8f1fd6
[qbdi-host] native-context-transform caller=libsigner.so+0xd024 state=unidbg@0xe4fff3e8 w1=0x9 w2=0x1 value=0x6c8f1fd6
[qbdi-host] native-context-correction caller=libsigner.so+0xd874 state=unidbg@0xe4fff3e8 w1=0x29 w2=0x0 value=0x6c8f1fd6
[qbdi-host] native-context-basis bytes=02002200200220220082000a200121a201042aa40ab2391824b8680615cdaad0
[qbdi-host] native-context-codewords stage=before-correction code=0x29 bytes=9dd4fbced61f8f6c9aa1e76af2a792ccbe19c3d2d61f8f6c9aa1e76af2a792ccbe19c3d2d61f8f6c9aa1e76af2a792ccbe19c3d2d61f8f6c9aa1e76af2a792ccbe19c3d2d61f8f6c9aa1e76af2a792ccbe19c3d2d61f8f6c9aa1e76af2a792ccbe19c3d2d61f8f6c9aa1e76af2a792ccbe19c3d2d61f8f6c9aa1e76af2a792cc
[qbdi-host] native-context-compare caller=libsigner.so+0x1354a4 state=unidbg@0xe4fff3e8 w1=0x29 w2=0x0 value=0x6c8f1fd6
[qbdi-host] native-context-compare-result index=2 value=0x6c8f1fd6
[qbdi-host] native-context-transform caller=libsigner.so+0xd874 state=unidbg@0xe4fff3e8 w1=0x29 w2=0x2 value=0x6c8f1fd6
[qbdi-host] native-context-correction caller=libsigner.so+0x14e60 state=unidbg@0xe4fff3e8 w1=0x36 w2=0x7d004efa value=0x6c8f6ad1
[qbdi-host] native-context-basis bytes=02002200200220220082000a200121a201042aa40ab2391824b8680615cdaad0
[qbdi-host] native-context-codewords stage=before-correction code=0x36 bytes=9dd4fbced16a8f6c9aa1e76af2a792ccbe19c3d2d61f8f6c9aa1e76af2a792ccbe19c3d2d61f8f6c9aa1e76af2a792ccbe19c3d2d61f8f6c9aa1e76af2a792ccbe19c3d2d61f8f6c9aa1e76af2a792ccbe19c3d2d61f8f6c9aa1e76af2a792ccbe19c3d2d61f8f6c9aa1e76af2a792ccbe19c3d2d61f8f6c9aa1e76af2a792cc
[qbdi-host] native-context-compare caller=libsigner.so+0x1354a4 state=unidbg@0xe4fff3e8 w1=0x36 w2=0x7d004efa value=0x6c8f6ad1
[qbdi-host] native-context-compare-result index=3 value=0x6c8f6ad1
[qbdi-host] native-context-transform caller=libsigner.so+0x14e60 state=unidbg@0xe4fff3e8 w1=0x36 w2=0x3 value=0x6c8f6ad1
[qbdi-host] native-context-correction caller=libsigner.so+0x14a28 state=unidbg@0xe4fff3e8 w1=0x25 w2=0x669a76fc value=0xb5d36ad1
[qbdi-host] native-context-basis bytes=02002200200220220082000a200121a201042aa40ab2391824b8680615cdaad0
[qbdi-host] native-context-codewords stage=before-correction code=0x25 bytes=9dd4fbced16ad3b59aa1e76af2a792ccbe19c3d2d61f8f6c9aa1e76af2a792ccbe19c3d2d61f8f6c9aa1e76af2a792ccbe19c3d2d61f8f6c9aa1e76af2a792ccbe19c3d2d61f8f6c9aa1e76af2a792ccbe19c3d2d61f8f6c9aa1e76af2a792ccbe19c3d2d61f8f6c9aa1e76af2a792ccbe19c3d2d61f8f6c9aa1e76af2a792cc
[qbdi-host] native-context-compare caller=libsigner.so+0x1354a4 state=unidbg@0xe4fff3e8 w1=0x25 w2=0x669a76fc value=0xb5d36ad1
[qbdi-host] native-context-compare-result index=4 value=0xb5d36ad1
[qbdi-host] native-context-transform caller=libsigner.so+0x14a28 state=unidbg@0xe4fff3e8 w1=0x25 w2=0x4 value=0xb5d36ad1
[qbdi-host] native-context-correction caller=libsigner.so+0xf2e4 state=unidbg@0xe4fff3e8 w1=0x5 w2=0x12219000 value=0xb5d36ad1
[qbdi-host] native-context-basis bytes=02002200200220220082000a200121a201042aa40ab2391824b8680615cdaad0
[qbdi-host] native-context-codewords stage=before-correction code=0x5 bytes=9dd4fbced16ad3b5cccae76af2a792ccbe19c3d2d61f8f6c9aa1e76af2a792ccbe19c3d2d61f8f6c9aa1e76af2a792ccbe19c3d2d61f8f6c9aa1e76af2a792ccbe19c3d2d61f8f6c9aa1e76af2a792ccbe19c3d2d61f8f6c9aa1e76af2a792ccbe19c3d2d61f8f6c9aa1e76af2a792ccbe19c3d2d61f8f6c9aa1e76af2a792cc
[qbdi-host] native-context-compare caller=libsigner.so+0x1354a4 state=unidbg@0xe4fff3e8 w1=0x5 w2=0x12219000 value=0xb5d36ad1
[qbdi-host] native-context-compare-result index=5 value=0xb5d36ad1
[qbdi-host] native-context-transform caller=libsigner.so+0xf2e4 state=unidbg@0xe4fff3e8 w1=0x5 w2=0x5 value=0xb5d36ad1
[qbdi-host] native-context-watch context=unidbg@0xe4fff3c8 offset=0x54 address=0xe4fff41c value=0xb5d36ad1
[qbdi-host] native-context-codewords stage=consumer bytes=9dd4fbced16ad3b5cccae66ef2a792ccbe19c3d2d61f8f6c9aa1e76af2a792ccbe19c3d2d61f8f6c9aa1e76af2a792ccbe19c3d2d61f8f6c9aa1e76af2a792ccbe19c3d2d61f8f6c9aa1e76af2a792ccbe19c3d2d61f8f6c9aa1e76af2a792ccbe19c3d2d61f8f6c9aa1e76af2a792ccbe19c3d2d61f8f6c9aa1e76af2a792cc
[main]V/SignerInstance: Calling native end  : 2026-07-12T10:36:41.117+0800
[main]V/SignerInstance: Signing all the parameters end  : 2026-07-12T10:36:41.119+0800
SIGNER_RESULT_JSON={"signed":true,"version":"V4","rawSignatureHex":"3b273362218b186a73e7349775b93f11a1853cff5cc2f5d6d5702d17845d55dff37f8adbfd02a6525bf98d8e81b4da4ec3ed3f7c5c130837b63c6e7913c332a7f354feba681c117f51ec0eccc3db07d62d4d7c7a02bcfe50e35da88558ae6ce5a75cbd089e0bf571eb704d40d43ab2ccb1e770294549ad7b20707eead1ce250e53680570fc3a6dcc74faf0d9320f900a1586565616e06b5dee86a48bb0d14b744a557a8dc76c4fb0bff38fb3c463229e","signatureBase64":"OyczYiGLGGpz5zSXdbk/EaGFPP9cwvXW1XAtF4RdVd/zf4rb/QKmUlv5jY6BtNpOw+0/fFwTCDe2PG55E8Myp/NU/rpoHBF/UewOzMPbB9YtTXx6Arz+UONdqIVYrmzlp1y9CJ4L9XHrcE1A1DqyzLHncClFSa17IHB+6tHOJQ5TaAVw/DptzHT68NkyD5AKFYZWVhbga13uhqSLsNFLdEpVeo3HbE+wv/OPs8RjIp4=","metadata":{"signature":"OyczYiGLGGpz5zSXdbk/EaGFPP9cwvXW1XAtF4RdVd/zf4rb/QKmUlv5jY6BtNpOw+0/fFwTCDe2PG55E8Myp/NU/rpoHBF/UewOzMPbB9YtTXx6Arz+UONdqIVYrmzlp1y9CJ4L9XHrcE1A1DqyzLHncClFSa17IHB+6tHOJQ5TaAVw/DptzHT68NkyD5AKFYZWVhbga13uhqSLsNFLdEpVeo3HbE+wv/OPs8RjIp4=","adj_signing_id":"1400000","algorithm":"adj8","headers_id":"9","native_version":"3.67.0"},"output":{"environment":"sandbox","app_token":"abc123","created_at":"2026-07-10T00:00:00.000+0800","gps_adid":"11111111-1111-1111-1111-111111111111","android_id":"0123456789abcdef","device_type":"phone","device_name":"Pixel 9 Pro","os_name":"android","os_version":"15","language":"zh","country":"CN","headers_id":"9","adj_signing_id":"1400000","native_version":"3.67.0","algorithm":"adj8","signature":"OyczYiGLGGpz5zSXdbk/EaGFPP9cwvXW1XAtF4RdVd/zf4rb/QKmUlv5jY6BtNpOw+0/fFwTCDe2PG55E8Myp/NU/rpoHBF/UewOzMPbB9YtTXx6Arz+UONdqIVYrmzlp1y9CJ4L9XHrcE1A1DqyzLHncClFSa17IHB+6tHOJQ5TaAVw/DptzHT68NkyD5AKFYZWVhbga13uhqSLsNFLdEpVeo3HbE+wv/OPs8RjIp4="}}
