loaded libsigner.so base=0x12340000 size=0x148000
[main]V/SignerInstance: Signing all the parameters begin: 2026-07-12T10:25:44.152+0800
[main]V/SignerInstance: Calling native begin: 2026-07-12T10:25:44.161+0800
[qbdi-host] native-context-transform caller=libsigner.so+0x134d18 state=unidbg@0xe4fff3e8 w1=0x40 w2=0x0 value=0x0
[qbdi-host] native-context-transform caller=libsigner.so+0x134d18 state=unidbg@0xe4fff3e8 w1=0x41 w2=0x1 value=0x0
[qbdi-host] native-context-transform caller=libsigner.so+0x134d18 state=unidbg@0xe4fff3e8 w1=0x42 w2=0x2 value=0x0
[qbdi-host] native-context-transform caller=libsigner.so+0x134d18 state=unidbg@0xe4fff3e8 w1=0x43 w2=0x3 value=0x1fd6
[qbdi-host] native-context-transform caller=libsigner.so+0x134d18 state=unidbg@0xe4fff3e8 w1=0x44 w2=0x4 value=0x6c8f1fd6
[qbdi-host] native-context-transform caller=libsigner.so+0x134d18 state=unidbg@0xe4fff3e8 w1=0x45 w2=0x5 value=0x6c8f1fd6
[qbdi-host] native-context-transform caller=libsigner.so+0x134d18 state=unidbg@0xe4fff3e8 w1=0x46 w2=0x6 value=0x6c8f1fd6
[qbdi-host] native-context-transform caller=libsigner.so+0x134d18 state=unidbg@0xe4fff3e8 w1=0x47 w2=0x7 value=0x6c8f1fd6
[qbdi-host] native-context-transform caller=libsigner.so+0x134d18 state=unidbg@0xe4fff3e8 w1=0x40 w2=0x8 value=0x6c8f1fd6
[qbdi-host] native-context-transform caller=libsigner.so+0x134d18 state=unidbg@0xe4fff3e8 w1=0x41 w2=0x9 value=0x6c8f1fd6
[qbdi-host] native-context-transform caller=libsigner.so+0x134d18 state=unidbg@0xe4fff3e8 w1=0x42 w2=0xa value=0x6c8f1fd6
[qbdi-host] native-context-transform caller=libsigner.so+0x134d18 state=unidbg@0xe4fff3e8 w1=0x43 w2=0xb value=0x6c8f1fd6
[qbdi-host] native-context-transform caller=libsigner.so+0x134d18 state=unidbg@0xe4fff3e8 w1=0x44 w2=0xc value=0x6c8f1fd6
[qbdi-host] native-context-transform caller=libsigner.so+0x134d18 state=unidbg@0xe4fff3e8 w1=0x45 w2=0xd value=0x6c8f1fd6
[qbdi-host] native-context-transform caller=libsigner.so+0x134d18 state=unidbg@0xe4fff3e8 w1=0x46 w2=0xe value=0x6c8f1fd6
[qbdi-host] native-context-transform caller=libsigner.so+0x134d18 state=unidbg@0xe4fff3e8 w1=0x47 w2=0xf value=0x6c8f1fd6
[qbdi-host] native-context-transform caller=libsigner.so+0x134d18 state=unidbg@0xe4fff3e8 w1=0x40 w2=0x10 value=0x6c8f1fd6
[qbdi-host] native-context-transform caller=libsigner.so+0x134d18 state=unidbg@0xe4fff3e8 w1=0x41 w2=0x11 value=0x6c8f1fd6
[qbdi-host] native-context-transform caller=libsigner.so+0x134d18 state=unidbg@0xe4fff3e8 w1=0x42 w2=0x12 value=0x6c8f1fd6
[qbdi-host] native-context-transform caller=libsigner.so+0x134d18 state=unidbg@0xe4fff3e8 w1=0x43 w2=0x13 value=0x6c8f1fd6
[qbdi-host] native-context-transform caller=libsigner.so+0x134d18 state=unidbg@0xe4fff3e8 w1=0x44 w2=0x14 value=0x6c8f1fd6
[qbdi-host] native-context-transform caller=libsigner.so+0x134d18 state=unidbg@0xe4fff3e8 w1=0x45 w2=0x15 value=0x6c8f1fd6
[qbdi-host] native-context-transform caller=libsigner.so+0x134d18 state=unidbg@0xe4fff3e8 w1=0x46 w2=0x16 value=0x6c8f1fd6
[qbdi-host] native-context-transform caller=libsigner.so+0x134d18 state=unidbg@0xe4fff3e8 w1=0x47 w2=0x17 value=0x6c8f1fd6
[qbdi-host] native-context-transform caller=libsigner.so+0x134d18 state=unidbg@0xe4fff3e8 w1=0x40 w2=0x18 value=0x6c8f1fd6
[qbdi-host] native-context-transform caller=libsigner.so+0x134d18 state=unidbg@0xe4fff3e8 w1=0x41 w2=0x19 value=0x6c8f1fd6
[qbdi-host] native-context-transform caller=libsigner.so+0x134d18 state=unidbg@0xe4fff3e8 w1=0x42 w2=0x1a value=0x6c8f1fd6
[qbdi-host] native-context-transform caller=libsigner.so+0x134d18 state=unidbg@0xe4fff3e8 w1=0x43 w2=0x1b value=0x6c8f1fd6
[qbdi-host] native-context-transform caller=libsigner.so+0x134d18 state=unidbg@0xe4fff3e8 w1=0x44 w2=0x1c value=0x6c8f1fd6
[qbdi-host] native-context-transform caller=libsigner.so+0x134d18 state=unidbg@0xe4fff3e8 w1=0x45 w2=0x1d value=0x6c8f1fd6
[qbdi-host] native-context-transform caller=libsigner.so+0x134d18 state=unidbg@0xe4fff3e8 w1=0x46 w2=0x1e value=0x6c8f1fd6
[qbdi-host] native-context-transform caller=libsigner.so+0x134d18 state=unidbg@0xe4fff3e8 w1=0x47 w2=0x1f value=0x6c8f1fd6
[qbdi-host] native-context-transform caller=libsigner.so+0x134d18 state=unidbg@0xe4fff3e8 w1=0x40 w2=0x20 value=0x6c8f1fd6
[qbdi-host] native-context-transform caller=libsigner.so+0x134d18 state=unidbg@0xe4fff3e8 w1=0x41 w2=0x21 value=0x6c8f1fd6
[qbdi-host] native-context-transform caller=libsigner.so+0x134d18 state=unidbg@0xe4fff3e8 w1=0x42 w2=0x22 value=0x6c8f1fd6
[qbdi-host] native-context-transform caller=libsigner.so+0x134d18 state=unidbg@0xe4fff3e8 w1=0x43 w2=0x23 value=0x6c8f1fd6
[qbdi-host] native-context-transform caller=libsigner.so+0x134d18 state=unidbg@0xe4fff3e8 w1=0x44 w2=0x24 value=0x6c8f1fd6
[qbdi-host] native-context-transform caller=libsigner.so+0x134d18 state=unidbg@0xe4fff3e8 w1=0x45 w2=0x25 value=0x6c8f1fd6
[qbdi-host] native-context-transform caller=libsigner.so+0x134d18 state=unidbg@0xe4fff3e8 w1=0x46 w2=0x26 value=0x6c8f1fd6
[qbdi-host] native-context-transform caller=libsigner.so+0x134d18 state=unidbg@0xe4fff3e8 w1=0x47 w2=0x27 value=0x6c8f1fd6
[qbdi-host] native-context-transform caller=libsigner.so+0x134d18 state=unidbg@0xe4fff3e8 w1=0x40 w2=0x28 value=0x6c8f1fd6
[qbdi-host] native-context-transform caller=libsigner.so+0x134d18 state=unidbg@0xe4fff3e8 w1=0x41 w2=0x29 value=0x6c8f1fd6
[qbdi-host] native-context-transform caller=libsigner.so+0x134d18 state=unidbg@0xe4fff3e8 w1=0x42 w2=0x2a value=0x6c8f1fd6
[qbdi-host] native-context-transform caller=libsigner.so+0x134d18 state=unidbg@0xe4fff3e8 w1=0x43 w2=0x2b value=0x6c8f1fd6
[qbdi-host] native-context-transform caller=libsigner.so+0x134d18 state=unidbg@0xe4fff3e8 w1=0x44 w2=0x2c value=0x6c8f1fd6
[qbdi-host] native-context-transform caller=libsigner.so+0x134d18 state=unidbg@0xe4fff3e8 w1=0x45 w2=0x2d value=0x6c8f1fd6
[qbdi-host] native-context-transform caller=libsigner.so+0x134d18 state=unidbg@0xe4fff3e8 w1=0x46 w2=0x2e value=0x6c8f1fd6
[qbdi-host] native-context-transform caller=libsigner.so+0x134d18 state=unidbg@0xe4fff3e8 w1=0x47 w2=0x2f value=0x6c8f1fd6
[qbdi-host] native-context-transform caller=libsigner.so+0x134d18 state=unidbg@0xe4fff3e8 w1=0x40 w2=0x30 value=0x6c8f1fd6
[qbdi-host] native-context-transform caller=libsigner.so+0x134d18 state=unidbg@0xe4fff3e8 w1=0x41 w2=0x31 value=0x6c8f1fd6
[qbdi-host] native-context-transform caller=libsigner.so+0x134d18 state=unidbg@0xe4fff3e8 w1=0x42 w2=0x32 value=0x6c8f1fd6
[qbdi-host] native-context-transform caller=libsigner.so+0x134d18 state=unidbg@0xe4fff3e8 w1=0x43 w2=0x33 value=0x6c8f1fd6
[qbdi-host] native-context-transform caller=libsigner.so+0x134d18 state=unidbg@0xe4fff3e8 w1=0x44 w2=0x34 value=0x6c8f1fd6
[qbdi-host] native-context-transform caller=libsigner.so+0x134d18 state=unidbg@0xe4fff3e8 w1=0x45 w2=0x35 value=0x6c8f1fd6
[qbdi-host] native-context-transform caller=libsigner.so+0x134d18 state=unidbg@0xe4fff3e8 w1=0x46 w2=0x36 value=0x6c8f1fd6
[qbdi-host] native-context-transform caller=libsigner.so+0x134d18 state=unidbg@0xe4fff3e8 w1=0x47 w2=0x37 value=0x6c8f1fd6
[qbdi-host] native-context-transform caller=libsigner.so+0x134d18 state=unidbg@0xe4fff3e8 w1=0x40 w2=0x38 value=0x6c8f1fd6
[qbdi-host] native-context-transform caller=libsigner.so+0x134d18 state=unidbg@0xe4fff3e8 w1=0x41 w2=0x39 value=0x6c8f1fd6
[qbdi-host] native-context-transform caller=libsigner.so+0x134d18 state=unidbg@0xe4fff3e8 w1=0x42 w2=0x3a value=0x6c8f1fd6
[qbdi-host] native-context-transform caller=libsigner.so+0x134d18 state=unidbg@0xe4fff3e8 w1=0x43 w2=0x3b value=0x6c8f1fd6
[qbdi-host] native-context-transform caller=libsigner.so+0x134d18 state=unidbg@0xe4fff3e8 w1=0x44 w2=0x3c value=0x6c8f1fd6
[qbdi-host] native-context-transform caller=libsigner.so+0x134d18 state=unidbg@0xe4fff3e8 w1=0x45 w2=0x3d value=0x6c8f1fd6
[qbdi-host] native-context-transform caller=libsigner.so+0x134d18 state=unidbg@0xe4fff3e8 w1=0x46 w2=0x3e value=0x6c8f1fd6
[qbdi-host] native-context-transform caller=libsigner.so+0x134d18 state=unidbg@0xe4fff3e8 w1=0x47 w2=0x3f value=0x6c8f1fd6
[qbdi-host] native-init stage=entry caller=0xcbc30 context=unidbg@0xe4fff3c8 flags=0x51183fffffd1e
[qbdi-host] native-init stage=select-0x2b state=0xdceadccbe705fd3c context=unidbg@0xe4fff3c8
[qbdi-host] native-init stage=wrapper-entry context=unidbg@0xe4fff3c8 flags=0x51183fffffd1e
[qbdi-host] native-init stage=correction-call code=0x2b context=unidbg@0xe4fff3c8
[qbdi-host] native-context-correction caller=libsigner.so+0x80dc state=unidbg@0xe4fff3e8 w1=0x2b w2=0x8 value=0x6c8f1fd6
[qbdi-host] native-context-basis bytes=02002200200220220082000a200121a201042aa40ab2391824b8680615cdaad0
[qbdi-host] native-context-codewords stage=before-correction code=0x2b bytes=be19c3d2d61f8f6c9aa1e76af2a792ccbe19c3d2d61f8f6c9aa1e76af2a792ccbe19c3d2d61f8f6c9aa1e76af2a792ccbe19c3d2d61f8f6c9aa1e76af2a792ccbe19c3d2d61f8f6c9aa1e76af2a792ccbe19c3d2d61f8f6c9aa1e76af2a792ccbe19c3d2d61f8f6c9aa1e76af2a792ccbe19c3d2d61f8f6c9aa1e76af2a792cc
[qbdi-host] native-context-compare caller=libsigner.so+0x1354a4 state=unidbg@0xe4fff3e8 w1=0x2b w2=0x8 value=0x6c8f1fd6
[qbdi-host] native-context-compare-result index=0 value=0x6c8f1fd6
[qbdi-host] native-context-transform caller=libsigner.so+0x80dc state=unidbg@0xe4fff3e8 w1=0x2b w2=0x0 value=0x6c8f1fd6
[qbdi-host] native-init stage=before-flag-set context=unidbg@0xe4fff3c8 flags=0x51183fffffd1e
[qbdi-host] native-init stage=after-flag-set context=unidbg@0xe4fff3c8 flags=0x51183fffffd1f
[qbdi-host] native-init stage=exit context=unidbg@0xe4fff3c8 flags=0x2051983fffffd1f
[qbdi-host] native-context-correction caller=libsigner.so+0x14e60 state=unidbg@0xe4fff3e8 w1=0x36 w2=0x7d004efa value=0x6c8f1fd6
[qbdi-host] native-context-basis bytes=02002200200220220082000a200121a201042aa40ab2391824b8680615cdaad0
[qbdi-host] native-context-codewords stage=before-correction code=0x36 bytes=9dd4c3d2d61f8f6c9aa1e76af2a792ccbe19c3d2d61f8f6c9aa1e76af2a792ccbe19c3d2d61f8f6c9aa1e76af2a792ccbe19c3d2d61f8f6c9aa1e76af2a792ccbe19c3d2d61f8f6c9aa1e76af2a792ccbe19c3d2d61f8f6c9aa1e76af2a792ccbe19c3d2d61f8f6c9aa1e76af2a792ccbe19c3d2d61f8f6c9aa1e76af2a792cc
[qbdi-host] native-context-compare caller=libsigner.so+0x1354a4 state=unidbg@0xe4fff3e8 w1=0x36 w2=0x7d004efa value=0x6c8f1fd6
[qbdi-host] native-context-compare-result index=1 value=0x6c8f1fd6
[qbdi-host] native-context-transform caller=libsigner.so+0x14e60 state=unidbg@0xe4fff3e8 w1=0x36 w2=0x1 value=0x6c8f1fd6
[qbdi-host] native-context-correction caller=libsigner.so+0x14a28 state=unidbg@0xe4fff3e8 w1=0x25 w2=0x669a76fc value=0x6c8f1fd6
[qbdi-host] native-context-basis bytes=02002200200220220082000a200121a201042aa40ab2391824b8680615cdaad0
[qbdi-host] native-context-codewords stage=before-correction code=0x25 bytes=9dd4d3b5d61f8f6c9aa1e76af2a792ccbe19c3d2d61f8f6c9aa1e76af2a792ccbe19c3d2d61f8f6c9aa1e76af2a792ccbe19c3d2d61f8f6c9aa1e76af2a792ccbe19c3d2d61f8f6c9aa1e76af2a792ccbe19c3d2d61f8f6c9aa1e76af2a792ccbe19c3d2d61f8f6c9aa1e76af2a792ccbe19c3d2d61f8f6c9aa1e76af2a792cc
[qbdi-host] native-context-compare caller=libsigner.so+0x1354a4 state=unidbg@0xe4fff3e8 w1=0x25 w2=0x669a76fc value=0x6c8f1fd6
[qbdi-host] native-context-compare-result index=2 value=0x6c8f1fd6
[qbdi-host] native-context-transform caller=libsigner.so+0x14a28 state=unidbg@0xe4fff3e8 w1=0x25 w2=0x2 value=0x6c8f1fd6
[qbdi-host] native-context-watch context=unidbg@0xe4fff3c8 offset=0x54 address=0xe4fff41c value=0x6c8fcacc
[qbdi-host] native-context-codewords stage=consumer bytes=9dd4d3b5ccca8f6c9aa1e76af2a792ccbe19c3d2d61f8f6c9aa1e76af2a792ccbe19c3d2d61f8f6c9aa1e76af2a792ccbe19c3d2d61f8f6c9aa1e76af2a792ccbe19c3d2d61f8f6c9aa1e76af2a792ccbe19c3d2d61f8f6c9aa1e76af2a792ccbe19c3d2d61f8f6c9aa1e76af2a792ccbe19c3d2d61f8f6c9aa1e76af2a792cc
[main]V/SignerInstance: Calling native end  : 2026-07-12T10:26:03.987+0800
[main]V/SignerInstance: Signing all the parameters end  : 2026-07-12T10:26:03.987+0800
SIGNER_RESULT_JSON={"signed":true,"version":"V4","rawSignatureHex":"3b273362218b186a73e7349775b93f1175ea84869289d37a021c609fdba4210c44453a53705c11a25fbfc7dd54fe3e048a436cfe216b02ef7fb09085f20926219bb70e9ec164cfb658f8dd112f2129a2f8c26923d3d58e4ae09cfcf2970474675b5754bad315280431964a2675d4258c62fb1cc700120b9367afa2e7b3bac59723fa554d1b257445534c25bd4dc502aa18cadcc5d1c394042973d5024b4010fe0d8e2ed95208ff0a3ebcc9f1de550ad6","signatureBase64":"OyczYiGLGGpz5zSXdbk/EXXqhIaSidN6Ahxgn9ukIQxERTpTcFwRol+/x91U/j4EikNs/iFrAu9/sJCF8gkmIZu3Dp7BZM+2WPjdES8hKaL4wmkj09WOSuCc/PKXBHRnW1dUutMVKAQxlkomddQljGL7HMcAEguTZ6+i57O6xZcj+lVNGyV0RVNMJb1NxQKqGMrcxdHDlAQpc9UCS0AQ/g2OLtlSCP8KPrzJ8d5VCtY=","metadata":{"signature":"OyczYiGLGGpz5zSXdbk/EXXqhIaSidN6Ahxgn9ukIQxERTpTcFwRol+/x91U/j4EikNs/iFrAu9/sJCF8gkmIZu3Dp7BZM+2WPjdES8hKaL4wmkj09WOSuCc/PKXBHRnW1dUutMVKAQxlkomddQljGL7HMcAEguTZ6+i57O6xZcj+lVNGyV0RVNMJb1NxQKqGMrcxdHDlAQpc9UCS0AQ/g2OLtlSCP8KPrzJ8d5VCtY=","adj_signing_id":"1400000","algorithm":"adj8","headers_id":"9","native_version":"3.67.0"},"output":{"environment":"sandbox","app_token":"abc123","created_at":"2026-07-10T00:00:00.000+0800","gps_adid":"11111111-1111-1111-1111-111111111111","android_id":"0123456789abcdef","device_type":"phone","device_name":"Pixel 9 Pro","os_name":"android","os_version":"15","language":"zh","country":"CN","headers_id":"9","adj_signing_id":"1400000","native_version":"3.67.0","algorithm":"adj8","signature":"OyczYiGLGGpz5zSXdbk/EXXqhIaSidN6Ahxgn9ukIQxERTpTcFwRol+/x91U/j4EikNs/iFrAu9/sJCF8gkmIZu3Dp7BZM+2WPjdES8hKaL4wmkj09WOSuCc/PKXBHRnW1dUutMVKAQxlkomddQljGL7HMcAEguTZ6+i57O6xZcj+lVNGyV0RVNMJb1NxQKqGMrcxdHDlAQpc9UCS0AQ/g2OLtlSCP8KPrzJ8d5VCtY="}}
