[INFO] Scanning for projects...
[INFO] 
[INFO] ------------------< local.qbdi:unidbg-adjust-runner >-------------------
[INFO] Building unidbg-adjust-runner 1.0-SNAPSHOT
[INFO]   from pom.xml
[INFO] --------------------------------[ jar ]---------------------------------
[INFO] 
[INFO] --- resources:3.4.0:resources (default-resources) @ unidbg-adjust-runner ---
[INFO] skip non existing resourceDirectory /Users/sanbo/Desktop/api/qbdi/unidbg-adjust-runner/src/main/resources
[INFO] 
[INFO] --- compiler:3.15.0:compile (default-compile) @ unidbg-adjust-runner ---
[INFO] Nothing to compile - all classes are up to date.
[INFO] 
[INFO] --- resources:3.4.0:testResources (default-testResources) @ unidbg-adjust-runner ---
[INFO] skip non existing resourceDirectory /Users/sanbo/Desktop/api/qbdi/unidbg-adjust-runner/src/test/resources
[INFO] 
[INFO] --- compiler:3.15.0:testCompile (default-testCompile) @ unidbg-adjust-runner ---
[INFO] Nothing to compile - all classes are up to date.
[INFO] 
[INFO] --- surefire:3.2.5:test (default-test) @ unidbg-adjust-runner ---
[INFO] Using auto detected provider org.apache.maven.surefire.junitplatform.JUnitPlatformProvider
[INFO] 
[INFO] -------------------------------------------------------
[INFO]  T E S T S
[INFO] -------------------------------------------------------
[INFO] Running local.SignerEngineNativeIntegrationTest
loaded libsigner.so base=0x12340000 size=0x148000
[main]V/SignerInstance: Signing all the parameters begin: 2026-07-15T03:06:46.300+0800
[main]V/SignerInstance: Calling native begin: 2026-07-15T03:06:46.313+0800
[main]V/SignerInstance: Calling native end  : 2026-07-15T03:06:50.799+0800
[main]V/SignerInstance: Signing all the parameters end  : 2026-07-15T03:06:50.800+0800
[main]V/SignerInstance: Signing all the parameters begin: 2026-07-15T03:06:50.801+0800
[main]V/SignerInstance: Calling native begin: 2026-07-15T03:06:50.801+0800
[main]V/SignerInstance: Calling native end  : 2026-07-15T03:06:55.882+0800
[main]V/SignerInstance: Signing all the parameters end  : 2026-07-15T03:06:55.882+0800
[main]V/SignerInstance: SDKv5 Signing all the parameters begin: 2026-07-15T03:06:55.883+0800
[main]V/SignerInstance: Signing all the parameters begin: 2026-07-15T03:06:55.883+0800
[main]V/SignerInstance: Calling native begin: 2026-07-15T03:06:55.883+0800
[main]V/SignerInstance: Calling native end  : 2026-07-15T03:07:00.980+0800
[main]V/SignerInstance: Signing all the parameters end  : 2026-07-15T03:07:00.980+0800
[main]V/SignerInstance: SDKv5 Signing all the parameters end  : 2026-07-15T03:07:00.987+0800
[INFO] Tests run: 1, Failures: 0, Errors: 0, Skipped: 0, Time elapsed: 17.00 s -- in local.SignerEngineNativeIntegrationTest
[INFO] 
[INFO] Results:
[INFO] 
[INFO] Tests run: 1, Failures: 0, Errors: 0, Skipped: 0
[INFO] 
[INFO] ------------------------------------------------------------------------
[INFO] BUILD SUCCESS
[INFO] ------------------------------------------------------------------------
[INFO] Total time:  18.678 s
[INFO] Finished at: 2026-07-15T03:07:01+08:00
[INFO] ------------------------------------------------------------------------
