[qbdi-host] detector-scratch stage=producer-entry caller=libsigner.so+0xf3c0 env=unidbg@0xfffe1640 context=unidbg@0x3f67593e scratch=unidbg@0xe4ffe9e8
[qbdi-host] detector-scratch stage=property-entry caller=libsigner.so+0x8d27c name=ro.bootloader output=unidbg@0xe4ffe260
[qbdi-host] detector-scratch stage=property-return caller=libsigner.so+0x8d27c name=ro.bootloader length=24 value=ripcurrent-16.4-14540574
[qbdi-host] detector-scratch stage=malloc-entry caller=libsigner.so+0x8bc40 size=25/0x19
[qbdi-host] detector-scratch stage=malloc-return caller=libsigner.so+0x8bc40 size=25/0x19 result=0x12318320
[qbdi-host] detector-scratch stage=property-entry caller=libsigner.so+0x8b248 name=ro.product.manufacturer output=unidbg@0xe4ffe260
[qbdi-host] detector-scratch stage=property-return caller=libsigner.so+0x8b248 name=ro.product.manufacturer length=6 value=Google
[qbdi-host] detector-scratch stage=malloc-entry caller=libsigner.so+0x8ea34 size=7/0x7
[qbdi-host] detector-scratch stage=malloc-return caller=libsigner.so+0x8ea34 size=7/0x7 result=0x12317078
[qbdi-host] detector-scratch stage=property-entry caller=libsigner.so+0x8dd04 name=ro.product.model output=unidbg@0xe4ffe260
[qbdi-host] detector-scratch stage=property-return caller=libsigner.so+0x8dd04 name=ro.product.model length=7 value=Pixel 8
[qbdi-host] detector-scratch stage=malloc-entry caller=libsigner.so+0x8e410 size=8/0x8
[qbdi-host] detector-scratch stage=malloc-return caller=libsigner.so+0x8e410 size=8/0x8 result=0x12317080
[qbdi-host] detector-scratch stage=property-entry caller=libsigner.so+0x8c0ec name=ro.product.device output=unidbg@0xe4ffe260
[qbdi-host] detector-scratch stage=property-return caller=libsigner.so+0x8c0ec name=ro.product.device length=5 value=shiba
[qbdi-host] detector-scratch stage=malloc-entry caller=libsigner.so+0x8c554 size=6/0x6
[qbdi-host] detector-scratch stage=malloc-return caller=libsigner.so+0x8c554 size=6/0x6 result=0x12317088
[qbdi-host] detector-scratch stage=property-entry caller=libsigner.so+0x8eeac name=ro.build.display.id output=unidbg@0xe4ffe260
[qbdi-host] detector-scratch stage=property-return caller=libsigner.so+0x8eeac name=ro.build.display.id length=15 value=CP1A.260505.005
[qbdi-host] detector-scratch stage=malloc-entry caller=libsigner.so+0x8f2b0 size=16/0x10
[qbdi-host] detector-scratch stage=malloc-return caller=libsigner.so+0x8f2b0 size=16/0x10 result=0x1231f0c0
[qbdi-host] detector-scratch stage=property-entry caller=libsigner.so+0x8b5bc name=ro.product.name output=unidbg@0xe4ffe260
[qbdi-host] detector-scratch stage=property-return caller=libsigner.so+0x8b5bc name=ro.product.name length=5 value=shiba
[qbdi-host] detector-scratch stage=malloc-entry caller=libsigner.so+0x8b8e4 size=6/0x6
[qbdi-host] detector-scratch stage=malloc-return caller=libsigner.so+0x8b8e4 size=6/0x6 result=0x12317090
[qbdi-host] detector-scratch stage=property-entry caller=libsigner.so+0x8e960 name=ro.build.host output=unidbg@0xe4ffe260
[qbdi-host] detector-scratch stage=property-return caller=libsigner.so+0x8e960 name=ro.build.host length=12 value=aa64758413cd
[qbdi-host] detector-scratch stage=malloc-entry caller=libsigner.so+0x8aa4c size=13/0xd
[qbdi-host] detector-scratch stage=malloc-return caller=libsigner.so+0x8aa4c size=13/0xd result=0x1231f0d0
[qbdi-host] detector-scratch stage=property-entry caller=libsigner.so+0x8d300 name=ro.build.fingerprint output=unidbg@0xe4ffe260
[qbdi-host] detector-scratch stage=property-return caller=libsigner.so+0x8d300 name=ro.build.fingerprint length=64 value=google/shiba/shiba:16/CP1A.260505.005/15081906:user/release-keys
[qbdi-host] detector-scratch stage=malloc-entry caller=libsigner.so+0x8b180 size=65/0x41
[qbdi-host] detector-scratch stage=malloc-return caller=libsigner.so+0x8b180 size=65/0x41 result=0x12320000
[qbdi-host] detector-scratch stage=property-entry caller=libsigner.so+0x8b7b0 name=ro.build.type output=unidbg@0xe4ffe260
[qbdi-host] detector-scratch stage=property-return caller=libsigner.so+0x8b7b0 name=ro.build.type length=4 value=user
[qbdi-host] detector-scratch stage=malloc-entry caller=libsigner.so+0x8b888 size=5/0x5
[qbdi-host] detector-scratch stage=malloc-return caller=libsigner.so+0x8b888 size=5/0x5 result=0x12317098
[qbdi-host] detector-scratch stage=property-entry caller=libsigner.so+0x8d9b4 name=ro.product.brand output=unidbg@0xe4ffe260
[qbdi-host] detector-scratch stage=property-return caller=libsigner.so+0x8d9b4 name=ro.product.brand length=6 value=google
[qbdi-host] detector-scratch stage=malloc-entry caller=libsigner.so+0x8d038 size=7/0x7
[qbdi-host] detector-scratch stage=malloc-return caller=libsigner.so+0x8d038 size=7/0x7 result=0x123170a0
[qbdi-host] detector-scratch stage=property-entry caller=libsigner.so+0x8b36c name=ro.build.user output=unidbg@0xe4ffe260
[qbdi-host] detector-scratch stage=property-return caller=libsigner.so+0x8b36c name=ro.build.user length=13 value=android-build
[qbdi-host] detector-scratch stage=malloc-entry caller=libsigner.so+0x8c9d4 size=14/0xe
[qbdi-host] detector-scratch stage=malloc-return caller=libsigner.so+0x8c9d4 size=14/0xe result=0x1231f0e0
[qbdi-host] detector-scratch stage=property-entry caller=libsigner.so+0x8b9ac name=ro.hardware output=unidbg@0xe4ffe260
[qbdi-host] detector-scratch stage=property-return caller=libsigner.so+0x8b9ac name=ro.hardware length=5 value=shiba
[qbdi-host] detector-scratch stage=malloc-entry caller=libsigner.so+0x8f250 size=6/0x6
[qbdi-host] detector-scratch stage=malloc-return caller=libsigner.so+0x8f250 size=6/0x6 result=0x123170a8
[qbdi-host] detector-scratch stage=property-entry caller=libsigner.so+0x8bd78 name=ro.product.cpu.abilist output=unidbg@0xe4ffe260
[qbdi-host] detector-scratch stage=property-return caller=libsigner.so+0x8bd78 name=ro.product.cpu.abilist length=9 value=arm64-v8a
[qbdi-host] detector-scratch stage=malloc-entry caller=libsigner.so+0x8db58 size=10/0xa
[qbdi-host] detector-scratch stage=malloc-return caller=libsigner.so+0x8db58 size=10/0xa result=0x1231f0f0
[qbdi-host] detector-scratch stage=system-service-entry caller=libsigner.so+0x8af28 status=0x0 context=unidbg@0x3f67593e field=SENSOR_SERVICE output=unidbg@0xe4ffe350
[qbdi-host] detector-scratch stage=system-service-return status=0x0 field=SENSOR_SERVICE handle=0x7164ca4c type=android/hardware/SensorManager
[qbdi-host] detector-scratch stage=sensor-list-entry caller=libsigner.so+0x8cc64 status=0x0 manager=unidbg@0x7164ca4c type=-1 output=unidbg@0xe4ffe340
[qbdi-host] detector-scratch stage=sensor-list-return status=0x0 handle=0x4f3bbf68 type=java/util/ArrayList value=[android.hardware.Sensor@5be46f9d]
[qbdi-host] detector-scratch stage=size-entry caller=libsigner.so+0x8da64 status=0x0 object=unidbg@0x4f3bbf68 output=unidbg@0xe4ffe330 initial=0x0
[qbdi-host] detector-scratch stage=size-return status=0x0 value=1/0x1
[qbdi-host] detector-scratch stage=get-entry caller=libsigner.so+0x8e35c status=0x0 object=unidbg@0x4f3bbf68 index=0 output=unidbg@0xe4ffe320 initial=0x0
[qbdi-host] detector-scratch stage=get-return status=0x0 index=0 handle=0x5be46f9d type=android/hardware/Sensor value=local.DeviceProfile$Sensor@3f91b517
[qbdi-host] detector-scratch stage=sensor-name-entry caller=libsigner.so+0x8bf64 status=0x0 sensor=unidbg@0x5be46f9d output=unidbg@0xe4ffe310
[qbdi-host] detector-scratch stage=sensor-name-return status=0x0 handle=0x68702e03 type=java/lang/String value=BMI160 accelerometer
[qbdi-host] detector-scratch stage=sensor-utf-entry caller=libsigner.so+0x8ad40 status=0x0 string=unidbg@0x68702e03 chars-output=unidbg@0xe4ffe2f0 length-output=unidbg@0xe4ffe2e0
[qbdi-host] detector-scratch stage=sensor-utf-return caller=libsigner.so+0x8ad40 status=0x0 string=unidbg@0x68702e03 chars=0x12022000 length=20 value=BMI160 accelerometer
[qbdi-host] detector-scratch stage=sensor-vendor-entry caller=libsigner.so+0x8ca78 status=0x0 sensor=unidbg@0x5be46f9d output=unidbg@0xe4ffe300
[qbdi-host] detector-scratch stage=sensor-vendor-return status=0x0 handle=0x7a220c9a type=java/lang/String value=Bosch
[qbdi-host] detector-scratch stage=sensor-utf-entry caller=libsigner.so+0x8ec38 status=0x0 string=unidbg@0x7a220c9a chars-output=unidbg@0xe4ffe2d0 length-output=unidbg@0xe4ffe2c0
[qbdi-host] detector-scratch stage=sensor-utf-return caller=libsigner.so+0x8ec38 status=0x0 string=unidbg@0x7a220c9a chars=0x12023000 length=5 value=Bosch
[qbdi-host] detector-scratch stage=sensor-pair-entry caller=libsigner.so+0x8bcd0 first=BMI160 accelerometer first-length=20 second=Bosch second-length=5 count=0
[qbdi-host] detector-scratch stage=sensor-pair-return status=0x0 first-length=20 second-length=5 count=1
[qbdi-host] detector-scratch stage=sensor-utf-release caller=libsigner.so+0x8a84c string=unidbg@0x68702e03 chars=RW@0x12022000[libc++.so]0x2000
[qbdi-host] detector-scratch stage=sensor-utf-release caller=libsigner.so+0x8d114 string=unidbg@0x7a220c9a chars=RW@0x12023000[libc++.so]0x3000
[qbdi-host] detector-scratch stage=delete-local-ref pc=libsigner.so+0x8e158 ref=unidbg@0x7164ca4c type=android/hardware/SensorManager value=service:sensor
[qbdi-host] detector-scratch stage=delete-local-ref pc=libsigner.so+0x8dbfc ref=unidbg@0x4f3bbf68 type=java/util/ArrayList value=[android.hardware.Sensor@5be46f9d]
[qbdi-host] detector-scratch stage=delete-local-ref pc=libsigner.so+0x8cd38 ref=unidbg@0x5be46f9d type=android/hardware/Sensor value=local.DeviceProfile$Sensor@3f91b517
[qbdi-host] detector-scratch stage=delete-local-ref pc=libsigner.so+0x8c22c ref=unidbg@0x68702e03 type=java/lang/String value=BMI160 accelerometer
[qbdi-host] detector-scratch stage=delete-local-ref pc=libsigner.so+0x8dde0 ref=unidbg@0x7a220c9a type=java/lang/String value=Bosch
[qbdi-host] detector-scratch stage=system-resources-entry caller=libsigner.so+0x8c2a4 status=0x0 output=unidbg@0xe4ffe380
[qbdi-host] detector-scratch stage=system-resources-return status=0x0 handle=0x2421cc4 type=android/content/res/Resources value=system-resources
[qbdi-host] detector-scratch stage=display-metrics-entry caller=libsigner.so+0x8e9cc status=0x0 object=unidbg@0x2421cc4 output=unidbg@0xe4ffe370 initial=0x0
[qbdi-host] detector-scratch stage=display-metrics-return status=0x0 handle=0x30c93896 type=android/util/DisplayMetrics
[qbdi-host] detector-scratch stage=int-field-entry caller=libsigner.so+0x8d568 name=widthPixels status=0x0 object=unidbg@0x30c93896 output=unidbg@0xe4ffea48 scratch-offset=0x60 initial=0x0
[qbdi-host] detector-scratch stage=int-field-return pc=libsigner.so+0x8d568 name=widthPixels status=0x0 value=1080/0x438
[qbdi-host] detector-scratch stage=int-field-entry caller=libsigner.so+0x8c324 name=heightPixels status=0x0 object=unidbg@0x30c93896 output=unidbg@0xe4ffea4c scratch-offset=0x64 initial=0x0
[qbdi-host] detector-scratch stage=int-field-return pc=libsigner.so+0x8c324 name=heightPixels status=0x0 value=2400/0x960
[qbdi-host] detector-scratch stage=delete-local-ref pc=libsigner.so+0x8c754 ref=unidbg@0x30c93896 type=android/util/DisplayMetrics value=display-metrics
[qbdi-host] detector-scratch stage=delete-local-ref pc=libsigner.so+0x8b53c ref=unidbg@0x2421cc4 type=android/content/res/Resources value=system-resources
[qbdi-host] detector-scratch stage=producer-return status=0x0 scratch=unidbg@0xe4ffe9e8 width-height-pair=0x438/0x960 string-count=1
[qbdi-host] detector-scratch stage=raw-pointers +0x00=0x12317090 +0x08=0x12317078 +0x10=0x123170a0 +0x18=0x12317080 +0x20=0x12317088 +0x28=0x1231f0c0 +0x30=0x12320000 +0x38=0x12317098 +0x40=0x123170a8 +0x48=0x12318320 +0x50=0x1231f0e0 +0x58=0x1231f0d0 +0x68=0x1231f0f0
[qbdi-host] detector-scratch stage=all-fields +0x00=shiba +0x08=Google +0x10=google +0x18=Pixel 8 +0x20=shiba +0x28=CP1A.260505.005 +0x30=google/shiba/shiba:16/CP1A.260505.005/15081906:user/release-keys +0x38=user +0x40=shiba +0x48=ripcurrent-16.4-14540574 +0x50=android-build +0x58=aa64758413cd +0x68=arm64-v8a
[qbdi-host] detector-scratch stage=fixed-fields +0x00=shiba +0x08=Google +0x10=google +0x18=Pixel 8 +0x20=shiba +0x30=google/shiba/shiba:16/CP1A.260505.005/15081906:user/release-keys +0x38=user +0x40=shiba +0x50=android-build
[qbdi-host] detector-scratch stage=dynamic-pairs [0]=BMI160 accelerometer|Bosch
