[main]V/signer: Signing all the parameters begin: 2025-10-09T04:53:20.123Z-0400
[qbdi-host] detector-scratch stage=producer-entry caller=libsigner.so+0xf3c0 env=unidbg@0xfffe1640 context=unidbg@0x3f363cf5 scratch=unidbg@0xe4ffe9e8
[qbdi-host] detector-scratch stage=property-entry caller=libsigner.so+0x8d27c name=ro.bootloader output=unidbg@0xe4ffe260
[qbdi-host] detector-scratch stage=property-return caller=libsigner.so+0x8d27c name=ro.bootloader length=6 value=BHZ10i
[qbdi-host] detector-scratch stage=malloc-entry caller=libsigner.so+0x8bc40 size=7/0x7
[qbdi-host] detector-scratch stage=malloc-return caller=libsigner.so+0x8bc40 size=7/0x7 result=0x12317078
[qbdi-host] detector-scratch stage=property-entry caller=libsigner.so+0x8b248 name=ro.product.manufacturer output=unidbg@0xe4ffe260
[qbdi-host] detector-scratch stage=property-return caller=libsigner.so+0x8b248 name=ro.product.manufacturer length=3 value=LGE
[qbdi-host] detector-scratch stage=malloc-entry caller=libsigner.so+0x8ea34 size=4/0x4
[qbdi-host] detector-scratch stage=malloc-return caller=libsigner.so+0x8ea34 size=4/0x4 result=0x12317080
[qbdi-host] detector-scratch stage=property-entry caller=libsigner.so+0x8dd04 name=ro.product.model output=unidbg@0xe4ffe260
[qbdi-host] detector-scratch stage=property-return caller=libsigner.so+0x8dd04 name=ro.product.model length=8 value=Nexus 5X
[qbdi-host] detector-scratch stage=malloc-entry caller=libsigner.so+0x8e410 size=9/0x9
[qbdi-host] detector-scratch stage=malloc-return caller=libsigner.so+0x8e410 size=9/0x9 result=0x1231f0c0
[qbdi-host] detector-scratch stage=property-entry caller=libsigner.so+0x8c0ec name=ro.product.device output=unidbg@0xe4ffe260
[qbdi-host] detector-scratch stage=property-return caller=libsigner.so+0x8c0ec name=ro.product.device length=8 value=bullhead
[qbdi-host] detector-scratch stage=malloc-entry caller=libsigner.so+0x8c554 size=9/0x9
[qbdi-host] detector-scratch stage=malloc-return caller=libsigner.so+0x8c554 size=9/0x9 result=0x1231f0d0
[qbdi-host] detector-scratch stage=property-entry caller=libsigner.so+0x8eeac name=ro.build.display.id output=unidbg@0xe4ffe260
[qbdi-host] detector-scratch stage=property-return caller=libsigner.so+0x8eeac name=ro.build.display.id length=6 value=MDA89E
[qbdi-host] detector-scratch stage=malloc-entry caller=libsigner.so+0x8f2b0 size=7/0x7
[qbdi-host] detector-scratch stage=malloc-return caller=libsigner.so+0x8f2b0 size=7/0x7 result=0x12317088
[qbdi-host] detector-scratch stage=property-entry caller=libsigner.so+0x8b5bc name=ro.product.name output=unidbg@0xe4ffe260
[qbdi-host] detector-scratch stage=property-return caller=libsigner.so+0x8b5bc name=ro.product.name length=8 value=bullhead
[qbdi-host] detector-scratch stage=malloc-entry caller=libsigner.so+0x8b8e4 size=9/0x9
[qbdi-host] detector-scratch stage=malloc-return caller=libsigner.so+0x8b8e4 size=9/0x9 result=0x1231f0e0
[qbdi-host] detector-scratch stage=property-entry caller=libsigner.so+0x8e960 name=ro.build.host output=unidbg@0xe4ffe260
[qbdi-host] detector-scratch stage=property-return caller=libsigner.so+0x8e960 name=ro.build.host length=26 value=vpef12.mtv.corp.google.com
[qbdi-host] detector-scratch stage=malloc-entry caller=libsigner.so+0x8aa4c size=27/0x1b
[qbdi-host] detector-scratch stage=malloc-return caller=libsigner.so+0x8aa4c size=27/0x1b result=0x12318320
[qbdi-host] detector-scratch stage=property-entry caller=libsigner.so+0x8d300 name=ro.build.fingerprint output=unidbg@0xe4ffe260
[qbdi-host] detector-scratch stage=property-return caller=libsigner.so+0x8d300 name=ro.build.fingerprint length=61 value=google/bullhead/bullhead:6.0/MDA89E/2296692:user/release-keys
[qbdi-host] detector-scratch stage=malloc-entry caller=libsigner.so+0x8b180 size=62/0x3e
[qbdi-host] detector-scratch stage=malloc-return caller=libsigner.so+0x8b180 size=62/0x3e result=0x1231ec40
[qbdi-host] detector-scratch stage=property-entry caller=libsigner.so+0x8b7b0 name=ro.build.type output=unidbg@0xe4ffe260
[qbdi-host] detector-scratch stage=property-return caller=libsigner.so+0x8b7b0 name=ro.build.type length=4 value=user
[qbdi-host] detector-scratch stage=malloc-entry caller=libsigner.so+0x8b888 size=5/0x5
[qbdi-host] detector-scratch stage=malloc-return caller=libsigner.so+0x8b888 size=5/0x5 result=0x12317090
[qbdi-host] detector-scratch stage=property-entry caller=libsigner.so+0x8d9b4 name=ro.product.brand output=unidbg@0xe4ffe260
[qbdi-host] detector-scratch stage=property-return caller=libsigner.so+0x8d9b4 name=ro.product.brand length=6 value=google
[qbdi-host] detector-scratch stage=malloc-entry caller=libsigner.so+0x8d038 size=7/0x7
[qbdi-host] detector-scratch stage=malloc-return caller=libsigner.so+0x8d038 size=7/0x7 result=0x12317098
[qbdi-host] detector-scratch stage=property-entry caller=libsigner.so+0x8b36c name=ro.build.user output=unidbg@0xe4ffe260
[qbdi-host] detector-scratch stage=property-return caller=libsigner.so+0x8b36c name=ro.build.user length=13 value=android-build
[qbdi-host] detector-scratch stage=malloc-entry caller=libsigner.so+0x8c9d4 size=14/0xe
[qbdi-host] detector-scratch stage=malloc-return caller=libsigner.so+0x8c9d4 size=14/0xe result=0x1231f0f0
[qbdi-host] detector-scratch stage=property-entry caller=libsigner.so+0x8b9ac name=ro.hardware output=unidbg@0xe4ffe260
[qbdi-host] detector-scratch stage=property-return caller=libsigner.so+0x8b9ac name=ro.hardware length=8 value=bullhead
[qbdi-host] detector-scratch stage=malloc-entry caller=libsigner.so+0x8f250 size=9/0x9
[qbdi-host] detector-scratch stage=malloc-return caller=libsigner.so+0x8f250 size=9/0x9 result=0x1231f100
[qbdi-host] detector-scratch stage=property-entry caller=libsigner.so+0x8bd78 name=ro.product.cpu.abilist output=unidbg@0xe4ffe260
[qbdi-host] detector-scratch stage=property-return caller=libsigner.so+0x8bd78 name=ro.product.cpu.abilist length=29 value=arm64-v8a,armeabi-v7a,armeabi
[qbdi-host] detector-scratch stage=malloc-entry caller=libsigner.so+0x8db58 size=30/0x1e
[qbdi-host] detector-scratch stage=malloc-return caller=libsigner.so+0x8db58 size=30/0x1e result=0x12318340
[qbdi-host] detector-scratch stage=system-service-entry caller=libsigner.so+0x8af28 status=0x0 context=unidbg@0x3f363cf5 field=SENSOR_SERVICE output=unidbg@0xe4ffe350
[qbdi-host] detector-scratch stage=system-service-return status=0x0 field=SENSOR_SERVICE handle=0x4c51bb7 type=android/hardware/SensorManager
[qbdi-host] detector-scratch stage=sensor-list-entry caller=libsigner.so+0x8cc64 status=0x0 manager=unidbg@0x4c51bb7 type=-1 output=unidbg@0xe4ffe340
[qbdi-host] detector-scratch stage=sensor-list-return status=0x0 handle=0x83298d7 type=java/util/ArrayList value=[android.hardware.Sensor@42a9e5d1]
[qbdi-host] detector-scratch stage=size-entry caller=libsigner.so+0x8da64 status=0x0 object=unidbg@0x83298d7 output=unidbg@0xe4ffe330 initial=0x0
[qbdi-host] detector-scratch stage=size-return status=0x0 value=1/0x1
[qbdi-host] detector-scratch stage=get-entry caller=libsigner.so+0x8e35c status=0x0 object=unidbg@0x83298d7 index=0 output=unidbg@0xe4ffe320 initial=0x0
[qbdi-host] detector-scratch stage=get-return status=0x0 index=0 handle=0x42a9e5d1 type=android/hardware/Sensor value=local.DeviceProfile$Sensor@5b080f3a
[qbdi-host] detector-scratch stage=sensor-name-entry caller=libsigner.so+0x8bf64 status=0x0 sensor=unidbg@0x42a9e5d1 output=unidbg@0xe4ffe310
[qbdi-host] detector-scratch stage=sensor-name-return status=0x0 handle=0x773cbf4f type=java/lang/String value=LSM6DSO
[qbdi-host] detector-scratch stage=sensor-vendor-entry caller=libsigner.so+0x8ca78 status=0x0 sensor=unidbg@0x42a9e5d1 output=unidbg@0xe4ffe300
[qbdi-host] detector-scratch stage=sensor-vendor-return status=0x0 handle=0x6b54655f type=java/lang/String value=STMicroelectronics
[qbdi-host] detector-scratch stage=system-resources-entry caller=libsigner.so+0x8c2a4 status=0x0 output=unidbg@0xe4ffe380
[qbdi-host] detector-scratch stage=system-resources-return status=0x0 handle=0x665e9289 type=android/content/res/Resources value=system-resources
[qbdi-host] detector-scratch stage=display-metrics-entry caller=libsigner.so+0x8e9cc status=0x0 object=unidbg@0x665e9289 output=unidbg@0xe4ffe370 initial=0x0
[qbdi-host] detector-scratch stage=display-metrics-return status=0x0 handle=0x7d3430a7 type=android/util/DisplayMetrics
[qbdi-host] detector-scratch stage=int-field-entry caller=libsigner.so+0x8d568 name=widthPixels status=0x0 object=unidbg@0x7d3430a7 output=unidbg@0xe4ffea48 scratch-offset=0x60 initial=0x0
[qbdi-host] detector-scratch stage=int-field-return pc=libsigner.so+0x8d568 name=widthPixels status=0x0 value=1440/0x5a0
[qbdi-host] detector-scratch stage=int-field-entry caller=libsigner.so+0x8c324 name=heightPixels status=0x0 object=unidbg@0x7d3430a7 output=unidbg@0xe4ffea4c scratch-offset=0x64 initial=0x0
[qbdi-host] detector-scratch stage=int-field-return pc=libsigner.so+0x8c324 name=heightPixels status=0x0 value=3120/0xc30
[qbdi-host] detector-scratch stage=producer-return status=0x0 scratch=unidbg@0xe4ffe9e8 width-height-pair=0x5a0/0xc30 string-count=1
[qbdi-host] detector-scratch stage=raw-pointers +0x00=0x1231f0e0 +0x08=0x12317080 +0x10=0x12317098 +0x18=0x1231f0c0 +0x20=0x1231f0d0 +0x28=0x12317088 +0x30=0x1231ec40 +0x38=0x12317090 +0x40=0x1231f100 +0x48=0x12317078 +0x50=0x1231f0f0 +0x58=0x12318320 +0x68=0x12318340
[qbdi-host] detector-scratch stage=all-fields +0x00=bullhead +0x08=LGE +0x10=google +0x18=Nexus 5X +0x20=bullhead +0x28=MDA89E +0x30=google/bullhead/bullhead:6.0/MDA89E/2296692:user/release-keys +0x38=user +0x40=bullhead +0x48=BHZ10i +0x50=android-build +0x58=vpef12.mtv.corp.google.com +0x68=arm64-v8a,armeabi-v7a,armeabi
[qbdi-host] detector-scratch stage=fixed-fields +0x00=bullhead +0x08=LGE +0x10=google +0x18=Nexus 5X +0x20=bullhead +0x30=google/bullhead/bullhead:6.0/MDA89E/2296692:user/release-keys +0x38=user +0x40=bullhead +0x50=android-build
[qbdi-host] detector-scratch stage=dynamic-pairs [0]=LSM6DSO|STMicroelectronics
[main]V/signer: Signing all the parameters end  : 2025-10-09T04:53:20.123Z-0400
[main]V/signer: Signing all the parameters begin: 2025-10-09T04:53:20.123Z-0400
[qbdi-host] detector-scratch stage=producer-entry caller=libsigner.so+0xf3c0 env=unidbg@0xfffe1640 context=unidbg@0x290b1b2e scratch=unidbg@0xe4ffe9e8
[qbdi-host] detector-scratch stage=property-entry caller=libsigner.so+0x8d27c name=ro.bootloader output=unidbg@0xe4ffe260
[qbdi-host] detector-scratch stage=property-return caller=libsigner.so+0x8d27c name=ro.bootloader length=6 value=BHZ10i
[qbdi-host] detector-scratch stage=malloc-entry caller=libsigner.so+0x8bc40 size=7/0x7
[qbdi-host] detector-scratch stage=malloc-return caller=libsigner.so+0x8bc40 size=7/0x7 result=0x12317108
[qbdi-host] detector-scratch stage=property-entry caller=libsigner.so+0x8b248 name=ro.product.manufacturer output=unidbg@0xe4ffe260
[qbdi-host] detector-scratch stage=property-return caller=libsigner.so+0x8b248 name=ro.product.manufacturer length=3 value=LGE
[qbdi-host] detector-scratch stage=malloc-entry caller=libsigner.so+0x8ea34 size=4/0x4
[qbdi-host] detector-scratch stage=malloc-return caller=libsigner.so+0x8ea34 size=4/0x4 result=0x12317100
[qbdi-host] detector-scratch stage=property-entry caller=libsigner.so+0x8dd04 name=ro.product.model output=unidbg@0xe4ffe260
[qbdi-host] detector-scratch stage=property-return caller=libsigner.so+0x8dd04 name=ro.product.model length=8 value=Nexus 5X
[qbdi-host] detector-scratch stage=malloc-entry caller=libsigner.so+0x8e410 size=9/0x9
[qbdi-host] detector-scratch stage=malloc-return caller=libsigner.so+0x8e410 size=9/0x9 result=0x1231f140
[qbdi-host] detector-scratch stage=property-entry caller=libsigner.so+0x8c0ec name=ro.product.device output=unidbg@0xe4ffe260
[qbdi-host] detector-scratch stage=property-return caller=libsigner.so+0x8c0ec name=ro.product.device length=8 value=bullhead
[qbdi-host] detector-scratch stage=malloc-entry caller=libsigner.so+0x8c554 size=9/0x9
[qbdi-host] detector-scratch stage=malloc-return caller=libsigner.so+0x8c554 size=9/0x9 result=0x1231f150
[qbdi-host] detector-scratch stage=property-entry caller=libsigner.so+0x8eeac name=ro.build.display.id output=unidbg@0xe4ffe260
[qbdi-host] detector-scratch stage=property-return caller=libsigner.so+0x8eeac name=ro.build.display.id length=6 value=MDA89E
[qbdi-host] detector-scratch stage=malloc-entry caller=libsigner.so+0x8f2b0 size=7/0x7
[qbdi-host] detector-scratch stage=malloc-return caller=libsigner.so+0x8f2b0 size=7/0x7 result=0x123170f8
[qbdi-host] detector-scratch stage=property-entry caller=libsigner.so+0x8b5bc name=ro.product.name output=unidbg@0xe4ffe260
[qbdi-host] detector-scratch stage=property-return caller=libsigner.so+0x8b5bc name=ro.product.name length=8 value=bullhead
[qbdi-host] detector-scratch stage=malloc-entry caller=libsigner.so+0x8b8e4 size=9/0x9
[qbdi-host] detector-scratch stage=malloc-return caller=libsigner.so+0x8b8e4 size=9/0x9 result=0x1231f110
[qbdi-host] detector-scratch stage=property-entry caller=libsigner.so+0x8e960 name=ro.build.host output=unidbg@0xe4ffe260
[qbdi-host] detector-scratch stage=property-return caller=libsigner.so+0x8e960 name=ro.build.host length=26 value=vpef12.mtv.corp.google.com
[qbdi-host] detector-scratch stage=malloc-entry caller=libsigner.so+0x8aa4c size=27/0x1b
[qbdi-host] detector-scratch stage=malloc-return caller=libsigner.so+0x8aa4c size=27/0x1b result=0x12318360
[qbdi-host] detector-scratch stage=property-entry caller=libsigner.so+0x8d300 name=ro.build.fingerprint output=unidbg@0xe4ffe260
[qbdi-host] detector-scratch stage=property-return caller=libsigner.so+0x8d300 name=ro.build.fingerprint length=61 value=google/bullhead/bullhead:6.0/MDA89E/2296692:user/release-keys
[qbdi-host] detector-scratch stage=malloc-entry caller=libsigner.so+0x8b180 size=62/0x3e
[qbdi-host] detector-scratch stage=malloc-return caller=libsigner.so+0x8b180 size=62/0x3e result=0x1231ec40
[qbdi-host] detector-scratch stage=property-entry caller=libsigner.so+0x8b7b0 name=ro.build.type output=unidbg@0xe4ffe260
[qbdi-host] detector-scratch stage=property-return caller=libsigner.so+0x8b7b0 name=ro.build.type length=4 value=user
[qbdi-host] detector-scratch stage=malloc-entry caller=libsigner.so+0x8b888 size=5/0x5
[qbdi-host] detector-scratch stage=malloc-return caller=libsigner.so+0x8b888 size=5/0x5 result=0x123170f0
[qbdi-host] detector-scratch stage=property-entry caller=libsigner.so+0x8d9b4 name=ro.product.brand output=unidbg@0xe4ffe260
[qbdi-host] detector-scratch stage=property-return caller=libsigner.so+0x8d9b4 name=ro.product.brand length=6 value=google
[qbdi-host] detector-scratch stage=malloc-entry caller=libsigner.so+0x8d038 size=7/0x7
[qbdi-host] detector-scratch stage=malloc-return caller=libsigner.so+0x8d038 size=7/0x7 result=0x12317080
[qbdi-host] detector-scratch stage=property-entry caller=libsigner.so+0x8b36c name=ro.build.user output=unidbg@0xe4ffe260
[qbdi-host] detector-scratch stage=property-return caller=libsigner.so+0x8b36c name=ro.build.user length=13 value=android-build
[qbdi-host] detector-scratch stage=malloc-entry caller=libsigner.so+0x8c9d4 size=14/0xe
[qbdi-host] detector-scratch stage=malloc-return caller=libsigner.so+0x8c9d4 size=14/0xe result=0x1231f0c0
[qbdi-host] detector-scratch stage=property-entry caller=libsigner.so+0x8b9ac name=ro.hardware output=unidbg@0xe4ffe260
[qbdi-host] detector-scratch stage=property-return caller=libsigner.so+0x8b9ac name=ro.hardware length=8 value=bullhead
[qbdi-host] detector-scratch stage=malloc-entry caller=libsigner.so+0x8f250 size=9/0x9
[qbdi-host] detector-scratch stage=malloc-return caller=libsigner.so+0x8f250 size=9/0x9 result=0x1231f0f0
[qbdi-host] detector-scratch stage=property-entry caller=libsigner.so+0x8bd78 name=ro.product.cpu.abilist output=unidbg@0xe4ffe260
[qbdi-host] detector-scratch stage=property-return caller=libsigner.so+0x8bd78 name=ro.product.cpu.abilist length=29 value=arm64-v8a,armeabi-v7a,armeabi
[qbdi-host] detector-scratch stage=malloc-entry caller=libsigner.so+0x8db58 size=30/0x1e
[qbdi-host] detector-scratch stage=malloc-return caller=libsigner.so+0x8db58 size=30/0x1e result=0x12318580
[qbdi-host] detector-scratch stage=system-service-entry caller=libsigner.so+0x8af28 status=0x0 context=unidbg@0x290b1b2e field=SENSOR_SERVICE output=unidbg@0xe4ffe350
[qbdi-host] detector-scratch stage=system-service-return status=0x0 field=SENSOR_SERVICE handle=0x2fab4aff type=android/hardware/SensorManager
[qbdi-host] detector-scratch stage=sensor-list-entry caller=libsigner.so+0x8cc64 status=0x0 manager=unidbg@0x2fab4aff type=-1 output=unidbg@0xe4ffe340
[qbdi-host] detector-scratch stage=sensor-list-return status=0x0 handle=0xec0c838 type=java/util/ArrayList value=[android.hardware.Sensor@6e46d9f4]
[qbdi-host] detector-scratch stage=size-entry caller=libsigner.so+0x8da64 status=0x0 object=unidbg@0xec0c838 output=unidbg@0xe4ffe330 initial=0x0
[qbdi-host] detector-scratch stage=size-return status=0x0 value=1/0x1
[qbdi-host] detector-scratch stage=get-entry caller=libsigner.so+0x8e35c status=0x0 object=unidbg@0xec0c838 index=0 output=unidbg@0xe4ffe320 initial=0x0
[qbdi-host] detector-scratch stage=get-return status=0x0 index=0 handle=0x6e46d9f4 type=android/hardware/Sensor value=local.DeviceProfile$Sensor@5b080f3a
[qbdi-host] detector-scratch stage=sensor-name-entry caller=libsigner.so+0x8bf64 status=0x0 sensor=unidbg@0x6e46d9f4 output=unidbg@0xe4ffe310
[qbdi-host] detector-scratch stage=sensor-name-return status=0x0 handle=0x5cc69cfe type=java/lang/String value=LSM6DSO
[qbdi-host] detector-scratch stage=sensor-vendor-entry caller=libsigner.so+0x8ca78 status=0x0 sensor=unidbg@0x6e46d9f4 output=unidbg@0xe4ffe300
[qbdi-host] detector-scratch stage=sensor-vendor-return status=0x0 handle=0x29cfd92b type=java/lang/String value=STMicroelectronics
[qbdi-host] detector-scratch stage=system-resources-entry caller=libsigner.so+0x8c2a4 status=0x0 output=unidbg@0xe4ffe380
[qbdi-host] detector-scratch stage=system-resources-return status=0x0 handle=0x21c64522 type=android/content/res/Resources value=system-resources
[qbdi-host] detector-scratch stage=display-metrics-entry caller=libsigner.so+0x8e9cc status=0x0 object=unidbg@0x21c64522 output=unidbg@0xe4ffe370 initial=0x0
[qbdi-host] detector-scratch stage=display-metrics-return status=0x0 handle=0x7997b197 type=android/util/DisplayMetrics
[qbdi-host] detector-scratch stage=int-field-entry caller=libsigner.so+0x8d568 name=widthPixels status=0x0 object=unidbg@0x7997b197 output=unidbg@0xe4ffea48 scratch-offset=0x60 initial=0x0
[qbdi-host] detector-scratch stage=int-field-return pc=libsigner.so+0x8d568 name=widthPixels status=0x0 value=1440/0x5a0
[qbdi-host] detector-scratch stage=int-field-entry caller=libsigner.so+0x8c324 name=heightPixels status=0x0 object=unidbg@0x7997b197 output=unidbg@0xe4ffea4c scratch-offset=0x64 initial=0x0
[qbdi-host] detector-scratch stage=int-field-return pc=libsigner.so+0x8c324 name=heightPixels status=0x0 value=3120/0xc30
[qbdi-host] detector-scratch stage=producer-return status=0x0 scratch=unidbg@0xe4ffe9e8 width-height-pair=0x5a0/0xc30 string-count=1
[qbdi-host] detector-scratch stage=raw-pointers +0x00=0x1231f110 +0x08=0x12317100 +0x10=0x12317080 +0x18=0x1231f140 +0x20=0x1231f150 +0x28=0x123170f8 +0x30=0x1231ec40 +0x38=0x123170f0 +0x40=0x1231f0f0 +0x48=0x12317108 +0x50=0x1231f0c0 +0x58=0x12318360 +0x68=0x12318580
[qbdi-host] detector-scratch stage=all-fields +0x00=bullhead +0x08=LGE +0x10=google +0x18=Nexus 5X +0x20=bullhead +0x28=MDA89E +0x30=google/bullhead/bullhead:6.0/MDA89E/2296692:user/release-keys +0x38=user +0x40=bullhead +0x48=BHZ10i +0x50=android-build +0x58=vpef12.mtv.corp.google.com +0x68=arm64-v8a,armeabi-v7a,armeabi
[qbdi-host] detector-scratch stage=fixed-fields +0x00=bullhead +0x08=LGE +0x10=google +0x18=Nexus 5X +0x20=bullhead +0x30=google/bullhead/bullhead:6.0/MDA89E/2296692:user/release-keys +0x38=user +0x40=bullhead +0x50=android-build
[qbdi-host] detector-scratch stage=dynamic-pairs [0]=LSM6DSO|STMicroelectronics
[main]V/signer: Signing all the parameters end  : 2025-10-09T04:53:20.123Z-0400
[main]V/signer: Signing all the parameters begin: 2025-10-09T04:53:20.123Z-0400
[qbdi-host] detector-scratch stage=producer-entry caller=libsigner.so+0xf3c0 env=unidbg@0xfffe1640 context=unidbg@0x70925b45 scratch=unidbg@0xe4ffe9e8
[qbdi-host] detector-scratch stage=property-entry caller=libsigner.so+0x8d27c name=ro.bootloader output=unidbg@0xe4ffe260
[qbdi-host] detector-scratch stage=property-return caller=libsigner.so+0x8d27c name=ro.bootloader length=6 value=BHZ10i
[qbdi-host] detector-scratch stage=malloc-entry caller=libsigner.so+0x8bc40 size=7/0x7
[qbdi-host] detector-scratch stage=malloc-return caller=libsigner.so+0x8bc40 size=7/0x7 result=0x12317120
[qbdi-host] detector-scratch stage=property-entry caller=libsigner.so+0x8b248 name=ro.product.manufacturer output=unidbg@0xe4ffe260
[qbdi-host] detector-scratch stage=property-return caller=libsigner.so+0x8b248 name=ro.product.manufacturer length=3 value=LGE
[qbdi-host] detector-scratch stage=malloc-entry caller=libsigner.so+0x8ea34 size=4/0x4
[qbdi-host] detector-scratch stage=malloc-return caller=libsigner.so+0x8ea34 size=4/0x4 result=0x12317118
[qbdi-host] detector-scratch stage=property-entry caller=libsigner.so+0x8dd04 name=ro.product.model output=unidbg@0xe4ffe260
[qbdi-host] detector-scratch stage=property-return caller=libsigner.so+0x8dd04 name=ro.product.model length=8 value=Nexus 5X
[qbdi-host] detector-scratch stage=malloc-entry caller=libsigner.so+0x8e410 size=9/0x9
[qbdi-host] detector-scratch stage=malloc-return caller=libsigner.so+0x8e410 size=9/0x9 result=0x1231f0e0
[qbdi-host] detector-scratch stage=property-entry caller=libsigner.so+0x8c0ec name=ro.product.device output=unidbg@0xe4ffe260
[qbdi-host] detector-scratch stage=property-return caller=libsigner.so+0x8c0ec name=ro.product.device length=8 value=bullhead
[qbdi-host] detector-scratch stage=malloc-entry caller=libsigner.so+0x8c554 size=9/0x9
[qbdi-host] detector-scratch stage=malloc-return caller=libsigner.so+0x8c554 size=9/0x9 result=0x1231f160
[qbdi-host] detector-scratch stage=property-entry caller=libsigner.so+0x8eeac name=ro.build.display.id output=unidbg@0xe4ffe260
[qbdi-host] detector-scratch stage=property-return caller=libsigner.so+0x8eeac name=ro.build.display.id length=6 value=MDA89E
[qbdi-host] detector-scratch stage=malloc-entry caller=libsigner.so+0x8f2b0 size=7/0x7
[qbdi-host] detector-scratch stage=malloc-return caller=libsigner.so+0x8f2b0 size=7/0x7 result=0x123170e8
[qbdi-host] detector-scratch stage=property-entry caller=libsigner.so+0x8b5bc name=ro.product.name output=unidbg@0xe4ffe260
[qbdi-host] detector-scratch stage=property-return caller=libsigner.so+0x8b5bc name=ro.product.name length=8 value=bullhead
[qbdi-host] detector-scratch stage=malloc-entry caller=libsigner.so+0x8b8e4 size=9/0x9
[qbdi-host] detector-scratch stage=malloc-return caller=libsigner.so+0x8b8e4 size=9/0x9 result=0x1231f120
[qbdi-host] detector-scratch stage=property-entry caller=libsigner.so+0x8e960 name=ro.build.host output=unidbg@0xe4ffe260
[qbdi-host] detector-scratch stage=property-return caller=libsigner.so+0x8e960 name=ro.build.host length=26 value=vpef12.mtv.corp.google.com
[qbdi-host] detector-scratch stage=malloc-entry caller=libsigner.so+0x8aa4c size=27/0x1b
[qbdi-host] detector-scratch stage=malloc-return caller=libsigner.so+0x8aa4c size=27/0x1b result=0x12318560
[qbdi-host] detector-scratch stage=property-entry caller=libsigner.so+0x8d300 name=ro.build.fingerprint output=unidbg@0xe4ffe260
[qbdi-host] detector-scratch stage=property-return caller=libsigner.so+0x8d300 name=ro.build.fingerprint length=61 value=google/bullhead/bullhead:6.0/MDA89E/2296692:user/release-keys
[qbdi-host] detector-scratch stage=malloc-entry caller=libsigner.so+0x8b180 size=62/0x3e
[qbdi-host] detector-scratch stage=malloc-return caller=libsigner.so+0x8b180 size=62/0x3e result=0x1231ec40
[qbdi-host] detector-scratch stage=property-entry caller=libsigner.so+0x8b7b0 name=ro.build.type output=unidbg@0xe4ffe260
[qbdi-host] detector-scratch stage=property-return caller=libsigner.so+0x8b7b0 name=ro.build.type length=4 value=user
[qbdi-host] detector-scratch stage=malloc-entry caller=libsigner.so+0x8b888 size=5/0x5
[qbdi-host] detector-scratch stage=malloc-return caller=libsigner.so+0x8b888 size=5/0x5 result=0x123170e0
[qbdi-host] detector-scratch stage=property-entry caller=libsigner.so+0x8d9b4 name=ro.product.brand output=unidbg@0xe4ffe260
[qbdi-host] detector-scratch stage=property-return caller=libsigner.so+0x8d9b4 name=ro.product.brand length=6 value=google
[qbdi-host] detector-scratch stage=malloc-entry caller=libsigner.so+0x8d038 size=7/0x7
[qbdi-host] detector-scratch stage=malloc-return caller=libsigner.so+0x8d038 size=7/0x7 result=0x12317080
[qbdi-host] detector-scratch stage=property-entry caller=libsigner.so+0x8b36c name=ro.build.user output=unidbg@0xe4ffe260
[qbdi-host] detector-scratch stage=property-return caller=libsigner.so+0x8b36c name=ro.build.user length=13 value=android-build
[qbdi-host] detector-scratch stage=malloc-entry caller=libsigner.so+0x8c9d4 size=14/0xe
[qbdi-host] detector-scratch stage=malloc-return caller=libsigner.so+0x8c9d4 size=14/0xe result=0x1231f140
[qbdi-host] detector-scratch stage=property-entry caller=libsigner.so+0x8b9ac name=ro.hardware output=unidbg@0xe4ffe260
[qbdi-host] detector-scratch stage=property-return caller=libsigner.so+0x8b9ac name=ro.hardware length=8 value=bullhead
[qbdi-host] detector-scratch stage=malloc-entry caller=libsigner.so+0x8f250 size=9/0x9
[qbdi-host] detector-scratch stage=malloc-return caller=libsigner.so+0x8f250 size=9/0x9 result=0x1231f0c0
[qbdi-host] detector-scratch stage=property-entry caller=libsigner.so+0x8bd78 name=ro.product.cpu.abilist output=unidbg@0xe4ffe260
[qbdi-host] detector-scratch stage=property-return caller=libsigner.so+0x8bd78 name=ro.product.cpu.abilist length=29 value=arm64-v8a,armeabi-v7a,armeabi
[qbdi-host] detector-scratch stage=malloc-entry caller=libsigner.so+0x8db58 size=30/0x1e
[qbdi-host] detector-scratch stage=malloc-return caller=libsigner.so+0x8db58 size=30/0x1e result=0x123185c0
[qbdi-host] detector-scratch stage=system-service-entry caller=libsigner.so+0x8af28 status=0x0 context=unidbg@0x70925b45 field=SENSOR_SERVICE output=unidbg@0xe4ffe350
[qbdi-host] detector-scratch stage=system-service-return status=0x0 field=SENSOR_SERVICE handle=0x4108fa66 type=android/hardware/SensorManager
[qbdi-host] detector-scratch stage=sensor-list-entry caller=libsigner.so+0x8cc64 status=0x0 manager=unidbg@0x4108fa66 type=-1 output=unidbg@0xe4ffe340
[qbdi-host] detector-scratch stage=sensor-list-return status=0x0 handle=0x1f130eaf type=java/util/ArrayList value=[android.hardware.Sensor@7e0aadd0]
[qbdi-host] detector-scratch stage=size-entry caller=libsigner.so+0x8da64 status=0x0 object=unidbg@0x1f130eaf output=unidbg@0xe4ffe330 initial=0x0
[qbdi-host] detector-scratch stage=size-return status=0x0 value=1/0x1
[qbdi-host] detector-scratch stage=get-entry caller=libsigner.so+0x8e35c status=0x0 object=unidbg@0x1f130eaf index=0 output=unidbg@0xe4ffe320 initial=0x0
[qbdi-host] detector-scratch stage=get-return status=0x0 index=0 handle=0x7e0aadd0 type=android/hardware/Sensor value=local.DeviceProfile$Sensor@5b080f3a
[qbdi-host] detector-scratch stage=sensor-name-entry caller=libsigner.so+0x8bf64 status=0x0 sensor=unidbg@0x7e0aadd0 output=unidbg@0xe4ffe310
[qbdi-host] detector-scratch stage=sensor-name-return status=0x0 handle=0x21362712 type=java/lang/String value=LSM6DSO
[qbdi-host] detector-scratch stage=sensor-vendor-entry caller=libsigner.so+0x8ca78 status=0x0 sensor=unidbg@0x7e0aadd0 output=unidbg@0xe4ffe300
[qbdi-host] detector-scratch stage=sensor-vendor-return status=0x0 handle=0x27eb3298 type=java/lang/String value=STMicroelectronics
[qbdi-host] detector-scratch stage=system-resources-entry caller=libsigner.so+0x8c2a4 status=0x0 output=unidbg@0xe4ffe380
[qbdi-host] detector-scratch stage=system-resources-return status=0x0 handle=0x200a26bc type=android/content/res/Resources value=system-resources
[qbdi-host] detector-scratch stage=display-metrics-entry caller=libsigner.so+0x8e9cc status=0x0 object=unidbg@0x200a26bc output=unidbg@0xe4ffe370 initial=0x0
[qbdi-host] detector-scratch stage=display-metrics-return status=0x0 handle=0xbc57b40 type=android/util/DisplayMetrics
[qbdi-host] detector-scratch stage=int-field-entry caller=libsigner.so+0x8d568 name=widthPixels status=0x0 object=unidbg@0xbc57b40 output=unidbg@0xe4ffea48 scratch-offset=0x60 initial=0x0
[qbdi-host] detector-scratch stage=int-field-return pc=libsigner.so+0x8d568 name=widthPixels status=0x0 value=1440/0x5a0
[qbdi-host] detector-scratch stage=int-field-entry caller=libsigner.so+0x8c324 name=heightPixels status=0x0 object=unidbg@0xbc57b40 output=unidbg@0xe4ffea4c scratch-offset=0x64 initial=0x0
[qbdi-host] detector-scratch stage=int-field-return pc=libsigner.so+0x8c324 name=heightPixels status=0x0 value=3120/0xc30
[qbdi-host] detector-scratch stage=producer-return status=0x0 scratch=unidbg@0xe4ffe9e8 width-height-pair=0x5a0/0xc30 string-count=1
[qbdi-host] detector-scratch stage=raw-pointers +0x00=0x1231f120 +0x08=0x12317118 +0x10=0x12317080 +0x18=0x1231f0e0 +0x20=0x1231f160 +0x28=0x123170e8 +0x30=0x1231ec40 +0x38=0x123170e0 +0x40=0x1231f0c0 +0x48=0x12317120 +0x50=0x1231f140 +0x58=0x12318560 +0x68=0x123185c0
[qbdi-host] detector-scratch stage=all-fields +0x00=bullhead +0x08=LGE +0x10=google +0x18=Nexus 5X +0x20=bullhead +0x28=MDA89E +0x30=google/bullhead/bullhead:6.0/MDA89E/2296692:user/release-keys +0x38=user +0x40=bullhead +0x48=BHZ10i +0x50=android-build +0x58=vpef12.mtv.corp.google.com +0x68=arm64-v8a,armeabi-v7a,armeabi
[qbdi-host] detector-scratch stage=fixed-fields +0x00=bullhead +0x08=LGE +0x10=google +0x18=Nexus 5X +0x20=bullhead +0x30=google/bullhead/bullhead:6.0/MDA89E/2296692:user/release-keys +0x38=user +0x40=bullhead +0x50=android-build
[qbdi-host] detector-scratch stage=dynamic-pairs [0]=LSM6DSO|STMicroelectronics
[main]V/signer: Signing all the parameters end  : 2025-10-09T04:53:20.123Z-0400
