[main]V/SignerInstance: Signing all the parameters begin: 2026-07-15T05:01:36.480+0800
[main]V/SignerInstance: Calling native begin: 2026-07-15T05:01:36.496+0800
[main]V/SignerInstance: Calling native end  : 2026-07-15T05:01:36.532+0800
[main]V/SignerInstance: Signing all the parameters end  : 2026-07-15T05:01:36.533+0800
[main]V/SignerInstance: Signing all the parameters begin: 2026-07-15T05:01:36.547+0800
[main]V/SignerInstance: Calling native begin: 2026-07-15T05:01:36.547+0800
[main]V/SignerInstance: Calling native end  : 2026-07-15T05:01:36.566+0800
[main]V/SignerInstance: Signing all the parameters end  : 2026-07-15T05:01:36.566+0800
[main]V/SignerInstance: Signing all the parameters begin: 2026-07-15T05:01:36.572+0800
[main]V/SignerInstance: Calling native begin: 2026-07-15T05:01:36.572+0800
[main]V/SignerInstance: Calling native end  : 2026-07-15T05:01:36.582+0800
[main]V/SignerInstance: Signing all the parameters end  : 2026-07-15T05:01:36.582+0800
[main]V/SignerInstance: Signing all the parameters begin: 2026-07-15T05:01:36.586+0800
[main]V/SignerInstance: Calling native begin: 2026-07-15T05:01:36.653+0800
[main]V/SignerInstance: Calling native end  : 2026-07-15T05:01:36.668+0800
[main]V/SignerInstance: Signing all the parameters end  : 2026-07-15T05:01:36.668+0800
[main]V/SignerInstance: Signing all the parameters begin: 2026-07-15T05:01:36.672+0800
[main]V/SignerInstance: Calling native begin: 2026-07-15T05:01:36.673+0800
[main]V/SignerInstance: Calling native end  : 2026-07-15T05:01:36.687+0800
[main]V/SignerInstance: Signing all the parameters end  : 2026-07-15T05:01:36.687+0800
[main]V/SignerInstance: Signing all the parameters begin: 2026-07-15T05:01:36.692+0800
[main]V/SignerInstance: Calling native begin: 2026-07-15T05:01:36.693+0800
[main]V/SignerInstance: Calling native end  : 2026-07-15T05:01:36.706+0800
[main]V/SignerInstance: Signing all the parameters end  : 2026-07-15T05:01:36.706+0800
[main]V/SignerInstance: Signing all the parameters begin: 2026-07-15T05:01:36.709+0800
[main]V/SignerInstance: Calling native begin: 2026-07-15T05:01:36.710+0800
[main]V/SignerInstance: Calling native end  : 2026-07-15T05:01:36.728+0800
[main]V/SignerInstance: Signing all the parameters end  : 2026-07-15T05:01:36.728+0800
[main]V/SignerInstance: Signing all the parameters begin: 2026-07-15T05:01:36.732+0800
[main]V/SignerInstance: Calling native begin: 2026-07-15T05:01:36.732+0800
[main]V/SignerInstance: Calling native end  : 2026-07-15T05:01:36.746+0800
[main]V/SignerInstance: Signing all the parameters end  : 2026-07-15T05:01:36.746+0800
[main]V/SignerInstance: Signing all the parameters begin: 2026-07-15T05:01:36.751+0800
[main]V/SignerInstance: Calling native begin: 2026-07-15T05:01:36.751+0800
[main]V/SignerInstance: Calling native end  : 2026-07-15T05:01:36.763+0800
[main]V/SignerInstance: Signing all the parameters end  : 2026-07-15T05:01:36.763+0800
[main]V/SignerInstance: Signing all the parameters begin: 2026-07-15T05:01:36.766+0800
[main]V/SignerInstance: Calling native begin: 2026-07-15T05:01:36.766+0800
[main]V/SignerInstance: Calling native end  : 2026-07-15T05:01:36.777+0800
[main]V/SignerInstance: Signing all the parameters end  : 2026-07-15T05:01:36.777+0800
[main]V/SignerInstance: Signing all the parameters begin: 2026-07-15T05:01:36.781+0800
[main]V/SignerInstance: Calling native begin: 2026-07-15T05:01:36.810+0800
[main]V/SignerInstance: Calling native end  : 2026-07-15T05:01:36.824+0800
[main]V/SignerInstance: Signing all the parameters end  : 2026-07-15T05:01:36.824+0800
[main]V/SignerInstance: Signing all the parameters begin: 2026-07-15T05:01:36.826+0800
[main]V/SignerInstance: Calling native begin: 2026-07-15T05:01:36.827+0800
[main]V/SignerInstance: Calling native end  : 2026-07-15T05:01:36.837+0800
[main]V/SignerInstance: Signing all the parameters end  : 2026-07-15T05:01:36.837+0800
[main]V/SignerInstance: Signing all the parameters begin: 2026-07-15T05:01:36.841+0800
[main]V/SignerInstance: Calling native begin: 2026-07-15T05:01:36.841+0800
[main]V/SignerInstance: Calling native end  : 2026-07-15T05:01:36.851+0800
[main]V/SignerInstance: Signing all the parameters end  : 2026-07-15T05:01:36.852+0800
[main]V/SignerInstance: Signing all the parameters begin: 2026-07-15T05:01:36.855+0800
[main]V/SignerInstance: Calling native begin: 2026-07-15T05:01:36.855+0800
[main]V/SignerInstance: Calling native end  : 2026-07-15T05:01:36.868+0800
[main]V/SignerInstance: Signing all the parameters end  : 2026-07-15T05:01:36.868+0800
[main]V/SignerInstance: Signing all the parameters begin: 2026-07-15T05:01:36.887+0800
[main]V/SignerInstance: Calling native begin: 2026-07-15T05:01:36.887+0800
[main]V/SignerInstance: Calling native end  : 2026-07-15T05:01:36.901+0800
[main]V/SignerInstance: Signing all the parameters end  : 2026-07-15T05:01:36.901+0800
[main]V/SignerInstance: Signing all the parameters begin: 2026-07-15T05:01:36.905+0800
[main]V/SignerInstance: Calling native begin: 2026-07-15T05:01:36.905+0800
[main]V/SignerInstance: Calling native end  : 2026-07-15T05:01:36.918+0800
[main]V/SignerInstance: Signing all the parameters end  : 2026-07-15T05:01:36.918+0800
[main]V/SignerInstance: Signing all the parameters begin: 2026-07-15T05:01:36.921+0800
[main]V/SignerInstance: Calling native begin: 2026-07-15T05:01:36.922+0800
[main]V/SignerInstance: Calling native end  : 2026-07-15T05:01:36.935+0800
[main]V/SignerInstance: Signing all the parameters end  : 2026-07-15T05:01:36.935+0800
[main]V/SignerInstance: Signing all the parameters begin: 2026-07-15T05:01:36.943+0800
[main]V/SignerInstance: Calling native begin: 2026-07-15T05:01:36.972+0800
[main]V/SignerInstance: Calling native end  : 2026-07-15T05:01:36.985+0800
[main]V/SignerInstance: Signing all the parameters end  : 2026-07-15T05:01:36.986+0800
[main]V/SignerInstance: Signing all the parameters begin: 2026-07-15T05:01:36.989+0800
[main]V/SignerInstance: Calling native begin: 2026-07-15T05:01:36.989+0800
[main]V/SignerInstance: Calling native end  : 2026-07-15T05:01:37.002+0800
[main]V/SignerInstance: Signing all the parameters end  : 2026-07-15T05:01:37.002+0800
loaded libsigner.so base=0x12340000 size=0x148000
[main]V/SignerInstance: Signing all the parameters begin: 2026-07-15T05:01:39.045+0800
[main]V/SignerInstance: Calling native begin: 2026-07-15T05:01:39.045+0800
[main] WARN com.github.unidbg.Utils - read path=java.io.RandomAccessFile@7d0cc890, fp=10674152, _count=4096, length=10670511, buffer=RW@0x12309000
[main]V/SignerInstance: Calling native end  : 2026-07-15T05:01:52.663+0800
[main]V/SignerInstance: Signing all the parameters end  : 2026-07-15T05:01:52.663+0800
[main]V/SignerInstance: Signing all the parameters begin: 2026-07-15T05:01:52.666+0800
[main]V/SignerInstance: Calling native begin: 2026-07-15T05:01:52.666+0800
[main]V/SignerInstance: Calling native end  : 2026-07-15T05:01:52.685+0800
[main]V/SignerInstance: Signing all the parameters end  : 2026-07-15T05:01:52.685+0800
loaded libsigner.so base=0x12340000 size=0x148000
[main]V/SignerInstance: Signing all the parameters begin: 2026-07-15T05:01:52.868+0800
[main]V/SignerInstance: Calling native begin: 2026-07-15T05:01:52.869+0800
[main] WARN com.github.unidbg.Utils - read path=java.io.RandomAccessFile@4088741b, fp=10674152, _count=4096, length=10670511, buffer=RW@0x12309000
[main]V/SignerInstance: Calling native end  : 2026-07-15T05:02:06.418+0800
[main]V/SignerInstance: Signing all the parameters end  : 2026-07-15T05:02:06.418+0800
[main]V/SignerInstance: Signing all the parameters begin: 2026-07-15T05:02:06.421+0800
[main]V/SignerInstance: Calling native begin: 2026-07-15T05:02:06.421+0800
[main]V/SignerInstance: Calling native end  : 2026-07-15T05:02:06.438+0800
[main]V/SignerInstance: Signing all the parameters end  : 2026-07-15T05:02:06.438+0800
