[main]V/signer: Signing all the parameters begin: 2025-10-09T04:53:20.123Z-0400
[qbdi-host] detector-scratch stage=producer-entry caller=libsigner.so+0xf3c0 env=unidbg@0xfffe1640 context=unidbg@0x4de41af9 scratch=unidbg@0xe4ffe9e8
[qbdi-host] detector-scratch stage=size-entry caller=libsigner.so+0x8da64 status=0x0 object=unidbg@0x6c8bca63 output=unidbg@0xe4ffe330 initial=0x0
[qbdi-host] detector-scratch stage=size-return status=0x0 value=1/0x1
[qbdi-host] detector-scratch stage=get-entry caller=libsigner.so+0x8e35c status=0x0 object=unidbg@0x6c8bca63 index=0 output=unidbg@0xe4ffe320 initial=0x0
[qbdi-host] detector-scratch stage=get-return status=0x0 index=0 handle=0x2364305a type=android/hardware/Sensor value=local.DeviceProfile$Sensor@470a696f
[qbdi-host] detector-scratch stage=display-metrics-entry caller=libsigner.so+0x8e9cc status=0x0 object=unidbg@0x2b491fee output=unidbg@0xe4ffe370 initial=0x0
[qbdi-host] detector-scratch stage=display-metrics-return status=0x0 handle=0x3f1c5af9 type=android/util/DisplayMetrics
[qbdi-host] detector-scratch stage=int-field-entry caller=libsigner.so+0x8d568 name=widthPixels status=0x0 object=unidbg@0x3f1c5af9 output=unidbg@0xe4ffea48 scratch-offset=0x60 initial=0x0
[qbdi-host] detector-scratch stage=int-field-return pc=libsigner.so+0x8d568 name=widthPixels status=0x0 value=1440/0x5a0
[qbdi-host] detector-scratch stage=int-field-entry caller=libsigner.so+0x8c324 name=heightPixels status=0x0 object=unidbg@0x3f1c5af9 output=unidbg@0xe4ffea4c scratch-offset=0x64 initial=0x0
[qbdi-host] detector-scratch stage=int-field-return pc=libsigner.so+0x8c324 name=heightPixels status=0x0 value=3120/0xc30
[qbdi-host] detector-scratch stage=producer-return status=0x0 scratch=unidbg@0xe4ffe9e8 width-height-pair=0x5a0/0xc30 string-count=1
[qbdi-host] detector-scratch stage=fixed-fields +0x00=bullhead +0x08=LGE +0x10=google +0x18=Nexus 5X +0x20=bullhead +0x30=google/bullhead/bullhead:6.0/MDA89E/2296692:user/release-keys +0x38=user +0x40=bullhead +0x50=android-build
[qbdi-host] detector-scratch stage=dynamic-pairs [0]=LSM6DSO|STMicroelectronics
[main]V/signer: Signing all the parameters end  : 2025-10-09T04:53:20.123Z-0400
[main]V/signer: Signing all the parameters begin: 2025-10-09T04:53:20.123Z-0400
[qbdi-host] detector-scratch stage=producer-entry caller=libsigner.so+0xf3c0 env=unidbg@0xfffe1640 context=unidbg@0x6b5176f2 scratch=unidbg@0xe4ffe9e8
[qbdi-host] detector-scratch stage=size-entry caller=libsigner.so+0x8da64 status=0x0 object=unidbg@0x74bdc168 output=unidbg@0xe4ffe330 initial=0x0
[qbdi-host] detector-scratch stage=size-return status=0x0 value=1/0x1
[qbdi-host] detector-scratch stage=get-entry caller=libsigner.so+0x8e35c status=0x0 object=unidbg@0x74bdc168 index=0 output=unidbg@0xe4ffe320 initial=0x0
[qbdi-host] detector-scratch stage=get-return status=0x0 index=0 handle=0x644c78d4 type=android/hardware/Sensor value=local.DeviceProfile$Sensor@470a696f
[qbdi-host] detector-scratch stage=display-metrics-entry caller=libsigner.so+0x8e9cc status=0x0 object=unidbg@0x7bb3a9fe output=unidbg@0xe4ffe370 initial=0x0
[qbdi-host] detector-scratch stage=display-metrics-return status=0x0 handle=0x7cbee484 type=android/util/DisplayMetrics
[qbdi-host] detector-scratch stage=int-field-entry caller=libsigner.so+0x8d568 name=widthPixels status=0x0 object=unidbg@0x7cbee484 output=unidbg@0xe4ffea48 scratch-offset=0x60 initial=0x0
[qbdi-host] detector-scratch stage=int-field-return pc=libsigner.so+0x8d568 name=widthPixels status=0x0 value=1440/0x5a0
[qbdi-host] detector-scratch stage=int-field-entry caller=libsigner.so+0x8c324 name=heightPixels status=0x0 object=unidbg@0x7cbee484 output=unidbg@0xe4ffea4c scratch-offset=0x64 initial=0x0
[qbdi-host] detector-scratch stage=int-field-return pc=libsigner.so+0x8c324 name=heightPixels status=0x0 value=3120/0xc30
[qbdi-host] detector-scratch stage=producer-return status=0x0 scratch=unidbg@0xe4ffe9e8 width-height-pair=0x5a0/0xc30 string-count=1
[qbdi-host] detector-scratch stage=fixed-fields +0x00=bullhead +0x08=LGE +0x10=google +0x18=Nexus 5X +0x20=bullhead +0x30=google/bullhead/bullhead:6.0/MDA89E/2296692:user/release-keys +0x38=user +0x40=bullhead +0x50=android-build
[qbdi-host] detector-scratch stage=dynamic-pairs [0]=LSM6DSO|STMicroelectronics
[main]V/signer: Signing all the parameters end  : 2025-10-09T04:53:20.123Z-0400
[main]V/signer: Signing all the parameters begin: 2025-10-09T04:53:20.123Z-0400
[qbdi-host] detector-scratch stage=producer-entry caller=libsigner.so+0xf3c0 env=unidbg@0xfffe1640 context=unidbg@0x127e70c5 scratch=unidbg@0xe4ffe9e8
[qbdi-host] detector-scratch stage=size-entry caller=libsigner.so+0x8da64 status=0x0 object=unidbg@0x226f885f output=unidbg@0xe4ffe330 initial=0x0
[qbdi-host] detector-scratch stage=size-return status=0x0 value=1/0x1
[qbdi-host] detector-scratch stage=get-entry caller=libsigner.so+0x8e35c status=0x0 object=unidbg@0x226f885f index=0 output=unidbg@0xe4ffe320 initial=0x0
[qbdi-host] detector-scratch stage=get-return status=0x0 index=0 handle=0x2cd2c8fe type=android/hardware/Sensor value=local.DeviceProfile$Sensor@470a696f
[qbdi-host] detector-scratch stage=display-metrics-entry caller=libsigner.so+0x8e9cc status=0x0 object=unidbg@0x52350abb output=unidbg@0xe4ffe370 initial=0x0
[qbdi-host] detector-scratch stage=display-metrics-return status=0x0 handle=0x681aad3b type=android/util/DisplayMetrics
[qbdi-host] detector-scratch stage=int-field-entry caller=libsigner.so+0x8d568 name=widthPixels status=0x0 object=unidbg@0x681aad3b output=unidbg@0xe4ffea48 scratch-offset=0x60 initial=0x0
[qbdi-host] detector-scratch stage=int-field-return pc=libsigner.so+0x8d568 name=widthPixels status=0x0 value=1440/0x5a0
[qbdi-host] detector-scratch stage=int-field-entry caller=libsigner.so+0x8c324 name=heightPixels status=0x0 object=unidbg@0x681aad3b output=unidbg@0xe4ffea4c scratch-offset=0x64 initial=0x0
[qbdi-host] detector-scratch stage=int-field-return pc=libsigner.so+0x8c324 name=heightPixels status=0x0 value=3120/0xc30
[qbdi-host] detector-scratch stage=producer-return status=0x0 scratch=unidbg@0xe4ffe9e8 width-height-pair=0x5a0/0xc30 string-count=1
[qbdi-host] detector-scratch stage=fixed-fields +0x00=bullhead +0x08=LGE +0x10=google +0x18=Nexus 5X +0x20=bullhead +0x30=google/bullhead/bullhead:6.0/MDA89E/2296692:user/release-keys +0x38=user +0x40=bullhead +0x50=android-build
[qbdi-host] detector-scratch stage=dynamic-pairs [0]=LSM6DSO|STMicroelectronics
[main]V/signer: Signing all the parameters end  : 2025-10-09T04:53:20.123Z-0400
