[main]V/signer: Signing all the parameters begin: 2025-10-09T04:53:20.123Z-0400
[qbdi-host] native-context-transform caller=libsigner.so+0x134d18 state=unidbg@0xe4fff3f8 w1=0x40 w2=0x0 value=0x0
[qbdi-host] native-context-transform caller=libsigner.so+0x134d18 state=unidbg@0xe4fff3f8 w1=0x41 w2=0x1 value=0x19be
[qbdi-host] native-context-transform caller=libsigner.so+0x134d18 state=unidbg@0xe4fff3f8 w1=0x42 w2=0x2 value=0xd2c319be
[qbdi-host] native-context-transform caller=libsigner.so+0x134d18 state=unidbg@0xe4fff3f8 w1=0x43 w2=0x3 value=0xd2c319be
[qbdi-host] native-context-transform caller=libsigner.so+0x134d18 state=unidbg@0xe4fff3f8 w1=0x44 w2=0x4 value=0xd2c319be
[qbdi-host] native-context-transform caller=libsigner.so+0x134d18 state=unidbg@0xe4fff3f8 w1=0x45 w2=0x5 value=0xd2c319be
[qbdi-host] native-context-transform caller=libsigner.so+0x134d18 state=unidbg@0xe4fff3f8 w1=0x46 w2=0x6 value=0xd2c319be
[qbdi-host] native-context-transform caller=libsigner.so+0x134d18 state=unidbg@0xe4fff3f8 w1=0x47 w2=0x7 value=0xd2c319be
[qbdi-host] native-context-transform caller=libsigner.so+0x134d18 state=unidbg@0xe4fff3f8 w1=0x40 w2=0x8 value=0xd2c319be
[qbdi-host] native-context-transform caller=libsigner.so+0x134d18 state=unidbg@0xe4fff3f8 w1=0x41 w2=0x9 value=0xd2c319be
[qbdi-host] native-context-transform caller=libsigner.so+0x134d18 state=unidbg@0xe4fff3f8 w1=0x42 w2=0xa value=0xd2c319be
[qbdi-host] native-context-transform caller=libsigner.so+0x134d18 state=unidbg@0xe4fff3f8 w1=0x43 w2=0xb value=0xd2c319be
[qbdi-host] native-context-transform caller=libsigner.so+0x134d18 state=unidbg@0xe4fff3f8 w1=0x44 w2=0xc value=0xd2c319be
[qbdi-host] native-context-transform caller=libsigner.so+0x134d18 state=unidbg@0xe4fff3f8 w1=0x45 w2=0xd value=0xd2c319be
[qbdi-host] native-context-transform caller=libsigner.so+0x134d18 state=unidbg@0xe4fff3f8 w1=0x46 w2=0xe value=0xd2c319be
[qbdi-host] native-context-transform caller=libsigner.so+0x134d18 state=unidbg@0xe4fff3f8 w1=0x47 w2=0xf value=0xd2c319be
[qbdi-host] native-context-transform caller=libsigner.so+0x134d18 state=unidbg@0xe4fff3f8 w1=0x40 w2=0x10 value=0xd2c319be
[qbdi-host] native-context-transform caller=libsigner.so+0x134d18 state=unidbg@0xe4fff3f8 w1=0x41 w2=0x11 value=0xd2c319be
[qbdi-host] native-context-transform caller=libsigner.so+0x134d18 state=unidbg@0xe4fff3f8 w1=0x42 w2=0x12 value=0xd2c319be
[qbdi-host] native-context-transform caller=libsigner.so+0x134d18 state=unidbg@0xe4fff3f8 w1=0x43 w2=0x13 value=0xd2c319be
[qbdi-host] native-context-transform caller=libsigner.so+0x134d18 state=unidbg@0xe4fff3f8 w1=0x44 w2=0x14 value=0xd2c319be
[qbdi-host] native-context-transform caller=libsigner.so+0x134d18 state=unidbg@0xe4fff3f8 w1=0x45 w2=0x15 value=0xd2c319be
[qbdi-host] native-context-transform caller=libsigner.so+0x134d18 state=unidbg@0xe4fff3f8 w1=0x46 w2=0x16 value=0xd2c319be
[qbdi-host] native-context-transform caller=libsigner.so+0x134d18 state=unidbg@0xe4fff3f8 w1=0x47 w2=0x17 value=0xd2c319be
[qbdi-host] native-context-transform caller=libsigner.so+0x134d18 state=unidbg@0xe4fff3f8 w1=0x40 w2=0x18 value=0xd2c319be
[qbdi-host] native-context-transform caller=libsigner.so+0x134d18 state=unidbg@0xe4fff3f8 w1=0x41 w2=0x19 value=0xd2c319be
[qbdi-host] native-context-transform caller=libsigner.so+0x134d18 state=unidbg@0xe4fff3f8 w1=0x42 w2=0x1a value=0xd2c319be
[qbdi-host] native-context-transform caller=libsigner.so+0x134d18 state=unidbg@0xe4fff3f8 w1=0x43 w2=0x1b value=0xd2c319be
[qbdi-host] native-context-transform caller=libsigner.so+0x134d18 state=unidbg@0xe4fff3f8 w1=0x44 w2=0x1c value=0xd2c319be
[qbdi-host] native-context-transform caller=libsigner.so+0x134d18 state=unidbg@0xe4fff3f8 w1=0x45 w2=0x1d value=0xd2c319be
[qbdi-host] native-context-transform caller=libsigner.so+0x134d18 state=unidbg@0xe4fff3f8 w1=0x46 w2=0x1e value=0xd2c319be
[qbdi-host] native-context-transform caller=libsigner.so+0x134d18 state=unidbg@0xe4fff3f8 w1=0x47 w2=0x1f value=0xd2c319be
[qbdi-host] native-context-transform caller=libsigner.so+0x134d18 state=unidbg@0xe4fff3f8 w1=0x40 w2=0x20 value=0xd2c319be
[qbdi-host] native-context-transform caller=libsigner.so+0x134d18 state=unidbg@0xe4fff3f8 w1=0x41 w2=0x21 value=0xd2c319be
[qbdi-host] native-context-transform caller=libsigner.so+0x134d18 state=unidbg@0xe4fff3f8 w1=0x42 w2=0x22 value=0xd2c319be
[qbdi-host] native-context-transform caller=libsigner.so+0x134d18 state=unidbg@0xe4fff3f8 w1=0x43 w2=0x23 value=0xd2c319be
[qbdi-host] native-context-transform caller=libsigner.so+0x134d18 state=unidbg@0xe4fff3f8 w1=0x44 w2=0x24 value=0xd2c319be
[qbdi-host] native-context-transform caller=libsigner.so+0x134d18 state=unidbg@0xe4fff3f8 w1=0x45 w2=0x25 value=0xd2c319be
[qbdi-host] native-context-transform caller=libsigner.so+0x134d18 state=unidbg@0xe4fff3f8 w1=0x46 w2=0x26 value=0xd2c319be
[qbdi-host] native-context-transform caller=libsigner.so+0x134d18 state=unidbg@0xe4fff3f8 w1=0x47 w2=0x27 value=0xd2c319be
[qbdi-host] native-context-transform caller=libsigner.so+0x134d18 state=unidbg@0xe4fff3f8 w1=0x40 w2=0x28 value=0xd2c319be
[qbdi-host] native-context-transform caller=libsigner.so+0x134d18 state=unidbg@0xe4fff3f8 w1=0x41 w2=0x29 value=0xd2c319be
[qbdi-host] native-context-transform caller=libsigner.so+0x134d18 state=unidbg@0xe4fff3f8 w1=0x42 w2=0x2a value=0xd2c319be
[qbdi-host] native-context-transform caller=libsigner.so+0x134d18 state=unidbg@0xe4fff3f8 w1=0x43 w2=0x2b value=0xd2c319be
[qbdi-host] native-context-transform caller=libsigner.so+0x134d18 state=unidbg@0xe4fff3f8 w1=0x44 w2=0x2c value=0xd2c319be
[qbdi-host] native-context-transform caller=libsigner.so+0x134d18 state=unidbg@0xe4fff3f8 w1=0x45 w2=0x2d value=0xd2c319be
[qbdi-host] native-context-transform caller=libsigner.so+0x134d18 state=unidbg@0xe4fff3f8 w1=0x46 w2=0x2e value=0xd2c319be
[qbdi-host] native-context-transform caller=libsigner.so+0x134d18 state=unidbg@0xe4fff3f8 w1=0x47 w2=0x2f value=0xd2c319be
[qbdi-host] native-context-transform caller=libsigner.so+0x134d18 state=unidbg@0xe4fff3f8 w1=0x40 w2=0x30 value=0xd2c319be
[qbdi-host] native-context-transform caller=libsigner.so+0x134d18 state=unidbg@0xe4fff3f8 w1=0x41 w2=0x31 value=0xd2c319be
[qbdi-host] native-context-transform caller=libsigner.so+0x134d18 state=unidbg@0xe4fff3f8 w1=0x42 w2=0x32 value=0xd2c319be
[qbdi-host] native-context-transform caller=libsigner.so+0x134d18 state=unidbg@0xe4fff3f8 w1=0x43 w2=0x33 value=0xd2c319be
[qbdi-host] native-context-transform caller=libsigner.so+0x134d18 state=unidbg@0xe4fff3f8 w1=0x44 w2=0x34 value=0xd2c319be
[qbdi-host] native-context-transform caller=libsigner.so+0x134d18 state=unidbg@0xe4fff3f8 w1=0x45 w2=0x35 value=0xd2c319be
[qbdi-host] native-context-transform caller=libsigner.so+0x134d18 state=unidbg@0xe4fff3f8 w1=0x46 w2=0x36 value=0xd2c319be
[qbdi-host] native-context-transform caller=libsigner.so+0x134d18 state=unidbg@0xe4fff3f8 w1=0x47 w2=0x37 value=0xd2c319be
[qbdi-host] native-context-transform caller=libsigner.so+0x134d18 state=unidbg@0xe4fff3f8 w1=0x40 w2=0x38 value=0xd2c319be
[qbdi-host] native-context-transform caller=libsigner.so+0x134d18 state=unidbg@0xe4fff3f8 w1=0x41 w2=0x39 value=0xd2c319be
[qbdi-host] native-context-transform caller=libsigner.so+0x134d18 state=unidbg@0xe4fff3f8 w1=0x42 w2=0x3a value=0xd2c319be
[qbdi-host] native-context-transform caller=libsigner.so+0x134d18 state=unidbg@0xe4fff3f8 w1=0x43 w2=0x3b value=0xd2c319be
[qbdi-host] native-context-transform caller=libsigner.so+0x134d18 state=unidbg@0xe4fff3f8 w1=0x44 w2=0x3c value=0xd2c319be
[qbdi-host] native-context-transform caller=libsigner.so+0x134d18 state=unidbg@0xe4fff3f8 w1=0x45 w2=0x3d value=0xd2c319be
[qbdi-host] native-context-transform caller=libsigner.so+0x134d18 state=unidbg@0xe4fff3f8 w1=0x46 w2=0x3e value=0xd2c319be
[qbdi-host] native-context-transform caller=libsigner.so+0x134d18 state=unidbg@0xe4fff3f8 w1=0x47 w2=0x3f value=0xd2c319be
[qbdi-host] native-context-correction caller=libsigner.so+0x80dc state=unidbg@0xe4fff3f8 w1=0x2b w2=0x8 value=0xd2c319be
[qbdi-host] native-context-basis bytes=02002200200220220082000a200121a201042aa40ab2391824b8680615cdaad0
[qbdi-host] native-context-codewords stage=before-correction code=0x2b bytes=be19c3d2d61f8f6c9aa1e76af2a792ccbe19c3d2d61f8f6c9aa1e76af2a792ccbe19c3d2d61f8f6c9aa1e76af2a792ccbe19c3d2d61f8f6c9aa1e76af2a792ccbe19c3d2d61f8f6c9aa1e76af2a792ccbe19c3d2d61f8f6c9aa1e76af2a792ccbe19c3d2d61f8f6c9aa1e76af2a792ccbe19c3d2d61f8f6c9aa1e76af2a792cc
[qbdi-host] native-context-compare caller=libsigner.so+0x1354a4 state=unidbg@0xe4fff3f8 w1=0x2b w2=0x8 value=0xd2c319be
[qbdi-host] native-context-compare-result index=0 value=0xd2c319be
[qbdi-host] native-context-transform caller=libsigner.so+0x80dc state=unidbg@0xe4fff3f8 w1=0x2b w2=0x0 value=0xd2c319be
[qbdi-host] native-context-correction caller=libsigner.so+0xd024 state=unidbg@0xe4fff3f8 w1=0x9 w2=0x7e72ecbe value=0xd2c3d49d
[qbdi-host] native-context-basis bytes=02002200200220220082000a200121a201042aa40ab2391824b8680615cdaad0
[qbdi-host] native-context-codewords stage=before-correction code=0x9 bytes=9dd4c3d2d61f8f6c9aa1e76af2a792ccbe19c3d2d61f8f6c9aa1e76af2a792ccbe19c3d2d61f8f6c9aa1e76af2a792ccbe19c3d2d61f8f6c9aa1e76af2a792ccbe19c3d2d61f8f6c9aa1e76af2a792ccbe19c3d2d61f8f6c9aa1e76af2a792ccbe19c3d2d61f8f6c9aa1e76af2a792ccbe19c3d2d61f8f6c9aa1e76af2a792cc
[qbdi-host] native-context-compare caller=libsigner.so+0x1354a4 state=unidbg@0xe4fff3f8 w1=0x9 w2=0x7e72ecbe value=0xd2c3d49d
[qbdi-host] native-context-compare-result index=1 value=0xd2c3d49d
[qbdi-host] native-context-transform caller=libsigner.so+0xd024 state=unidbg@0xe4fff3f8 w1=0x9 w2=0x1 value=0xd2c3d49d
[qbdi-host] native-context-correction caller=libsigner.so+0xd99c state=unidbg@0xe4fff3f8 w1=0x37 w2=0x0 value=0xcefbd49d
[qbdi-host] native-context-basis bytes=02002200200220220082000a200121a201042aa40ab2391824b8680615cdaad0
[qbdi-host] native-context-codewords stage=before-correction code=0x37 bytes=9dd4fbced61f8f6c9aa1e76af2a792ccbe19c3d2d61f8f6c9aa1e76af2a792ccbe19c3d2d61f8f6c9aa1e76af2a792ccbe19c3d2d61f8f6c9aa1e76af2a792ccbe19c3d2d61f8f6c9aa1e76af2a792ccbe19c3d2d61f8f6c9aa1e76af2a792ccbe19c3d2d61f8f6c9aa1e76af2a792ccbe19c3d2d61f8f6c9aa1e76af2a792cc
[qbdi-host] native-context-compare caller=libsigner.so+0x1354a4 state=unidbg@0xe4fff3f8 w1=0x37 w2=0x0 value=0xcefbd49d
[qbdi-host] native-context-compare-result index=2 value=0xcefbd49d
[qbdi-host] native-context-transform caller=libsigner.so+0xd99c state=unidbg@0xe4fff3f8 w1=0x37 w2=0x2 value=0xcefbd49d
[qbdi-host] native-context-correction caller=libsigner.so+0xe690 state=unidbg@0xe4fff3f8 w1=0x38 w2=0x3ac98e29 value=0xcefbd49d
[qbdi-host] native-context-basis bytes=02002200200220220082000a200121a201042aa40ab2391824b8680615cdaad0
[qbdi-host] native-context-codewords stage=before-correction code=0x38 bytes=9dd4fbceb3de8f6c9aa1e76af2a792ccbe19c3d2d61f8f6c9aa1e76af2a792ccbe19c3d2d61f8f6c9aa1e76af2a792ccbe19c3d2d61f8f6c9aa1e76af2a792ccbe19c3d2d61f8f6c9aa1e76af2a792ccbe19c3d2d61f8f6c9aa1e76af2a792ccbe19c3d2d61f8f6c9aa1e76af2a792ccbe19c3d2d61f8f6c9aa1e76af2a792cc
[qbdi-host] native-context-compare caller=libsigner.so+0x1354a4 state=unidbg@0xe4fff3f8 w1=0x38 w2=0x3ac98e29 value=0xcefbd49d
[qbdi-host] native-context-compare-result index=3 value=0xcefbd49d
[qbdi-host] native-context-transform caller=libsigner.so+0xe690 state=unidbg@0xe4fff3f8 w1=0x38 w2=0x3 value=0xcefbd49d
[qbdi-host] native-context-correction caller=libsigner.so+0x161a4 state=unidbg@0xe4fff3f8 w1=0x3c w2=0xd3960f09 value=0xcefbd49d
[qbdi-host] native-context-basis bytes=02002200200220220082000a200121a201042aa40ab2391824b8680615cdaad0
[qbdi-host] native-context-codewords stage=before-correction code=0x3c bytes=9dd4fbceb3dea6139aa1e76af2a792ccbe19c3d2d61f8f6c9aa1e76af2a792ccbe19c3d2d61f8f6c9aa1e76af2a792ccbe19c3d2d61f8f6c9aa1e76af2a792ccbe19c3d2d61f8f6c9aa1e76af2a792ccbe19c3d2d61f8f6c9aa1e76af2a792ccbe19c3d2d61f8f6c9aa1e76af2a792ccbe19c3d2d61f8f6c9aa1e76af2a792cc
[qbdi-host] native-context-compare caller=libsigner.so+0x1354a4 state=unidbg@0xe4fff3f8 w1=0x3c w2=0xd3960f09 value=0xcefbd49d
[qbdi-host] native-context-compare-result index=4 value=0xcefbd49d
[qbdi-host] native-context-transform caller=libsigner.so+0x161a4 state=unidbg@0xe4fff3f8 w1=0x3c w2=0x4 value=0xcefbd49d
[qbdi-host] native-context-correction caller=libsigner.so+0x14e60 state=unidbg@0xe4fff3f8 w1=0x36 w2=0x7d004efa value=0xcefbd49d
[qbdi-host] native-context-basis bytes=02002200200220220082000a200121a201042aa40ab2391824b8680615cdaad0
[qbdi-host] native-context-codewords stage=before-correction code=0x36 bytes=9dd4fbceb3dea61382abe76af2a792ccbe19c3d2d61f8f6c9aa1e76af2a792ccbe19c3d2d61f8f6c9aa1e76af2a792ccbe19c3d2d61f8f6c9aa1e76af2a792ccbe19c3d2d61f8f6c9aa1e76af2a792ccbe19c3d2d61f8f6c9aa1e76af2a792ccbe19c3d2d61f8f6c9aa1e76af2a792ccbe19c3d2d61f8f6c9aa1e76af2a792cc
[qbdi-host] native-context-compare caller=libsigner.so+0x1354a4 state=unidbg@0xe4fff3f8 w1=0x36 w2=0x7d004efa value=0xcefbd49d
[qbdi-host] native-context-compare-result index=5 value=0xcefbd49d
[qbdi-host] native-context-transform caller=libsigner.so+0x14e60 state=unidbg@0xe4fff3f8 w1=0x36 w2=0x5 value=0xcefbd49d
[qbdi-host] native-context-correction caller=libsigner.so+0xf2e4 state=unidbg@0xe4fff3f8 w1=0x5 w2=0x12219000 value=0xcefbd49d
[qbdi-host] native-context-basis bytes=02002200200220220082000a200121a201042aa40ab2391824b8680615cdaad0
[qbdi-host] native-context-codewords stage=before-correction code=0x5 bytes=9dd4fbceb3dea61382abd3b5f2a792ccbe19c3d2d61f8f6c9aa1e76af2a792ccbe19c3d2d61f8f6c9aa1e76af2a792ccbe19c3d2d61f8f6c9aa1e76af2a792ccbe19c3d2d61f8f6c9aa1e76af2a792ccbe19c3d2d61f8f6c9aa1e76af2a792ccbe19c3d2d61f8f6c9aa1e76af2a792ccbe19c3d2d61f8f6c9aa1e76af2a792cc
[qbdi-host] native-context-compare caller=libsigner.so+0x1354a4 state=unidbg@0xe4fff3f8 w1=0x5 w2=0x12219000 value=0xcefbd49d
[qbdi-host] native-context-compare-result index=6 value=0xcefbd49d
[qbdi-host] native-context-transform caller=libsigner.so+0xf2e4 state=unidbg@0xe4fff3f8 w1=0x5 w2=0x6 value=0xcefbd49d
[qbdi-host] native-context-watch context=unidbg@0xe4fff3d8 offset=0x50 address=0xe4fff428 value=0xcefbd49d
[qbdi-host] native-context-codewords stage=consumer bytes=9dd4fbceb3dea61382abd3b5e66e92ccbe19c3d2d61f8f6c9aa1e76af2a792ccbe19c3d2d61f8f6c9aa1e76af2a792ccbe19c3d2d61f8f6c9aa1e76af2a792ccbe19c3d2d61f8f6c9aa1e76af2a792ccbe19c3d2d61f8f6c9aa1e76af2a792ccbe19c3d2d61f8f6c9aa1e76af2a792ccbe19c3d2d61f8f6c9aa1e76af2a792cc
[main]V/signer: Signing all the parameters end  : 2025-10-09T04:53:20.123Z-0400
