===== maven =====
[main]V/SignerInstance: Signing all the parameters begin: 2026-07-12T09:39:45.270+0800
[main]V/SignerInstance: Calling native begin: 2026-07-12T09:39:45.282+0800
[main]V/SignerInstance: Calling native end  : 2026-07-12T09:39:45.305+0800
[main]V/SignerInstance: Signing all the parameters end  : 2026-07-12T09:39:45.305+0800
[main]V/SignerInstance: Signing all the parameters begin: 2026-07-12T09:39:45.321+0800
[main]V/SignerInstance: Calling native begin: 2026-07-12T09:39:45.321+0800
[main]V/SignerInstance: Calling native end  : 2026-07-12T09:39:45.328+0800
[main]V/SignerInstance: Signing all the parameters end  : 2026-07-12T09:39:45.328+0800
[main]V/SignerInstance: Signing all the parameters begin: 2026-07-12T09:39:45.332+0800
[main]V/SignerInstance: Calling native begin: 2026-07-12T09:39:45.332+0800
[main]V/SignerInstance: Calling native end  : 2026-07-12T09:39:45.337+0800
[main]V/SignerInstance: Signing all the parameters end  : 2026-07-12T09:39:45.338+0800
[main]V/SignerInstance: Signing all the parameters begin: 2026-07-12T09:39:45.341+0800
[main]V/SignerInstance: Calling native begin: 2026-07-12T09:39:45.341+0800
[main]V/SignerInstance: Calling native end  : 2026-07-12T09:39:45.347+0800
[main]V/SignerInstance: Signing all the parameters end  : 2026-07-12T09:39:45.347+0800
[main]V/SignerInstance: Signing all the parameters begin: 2026-07-12T09:39:45.350+0800
[main]V/SignerInstance: Calling native begin: 2026-07-12T09:39:45.350+0800
[main]V/SignerInstance: Calling native end  : 2026-07-12T09:39:45.357+0800
[main]V/SignerInstance: Signing all the parameters end  : 2026-07-12T09:39:45.357+0800
[main]V/SignerInstance: Signing all the parameters begin: 2026-07-12T09:39:45.360+0800
[main]V/SignerInstance: Calling native begin: 2026-07-12T09:39:45.360+0800
[main]V/SignerInstance: Calling native end  : 2026-07-12T09:39:45.366+0800
[main]V/SignerInstance: Signing all the parameters end  : 2026-07-12T09:39:45.366+0800
[main]V/SignerInstance: Signing all the parameters begin: 2026-07-12T09:39:45.370+0800
[main]V/SignerInstance: Calling native begin: 2026-07-12T09:39:45.370+0800
[main]V/SignerInstance: Calling native end  : 2026-07-12T09:39:45.377+0800
[main]V/SignerInstance: Signing all the parameters end  : 2026-07-12T09:39:45.377+0800
[main]V/SignerInstance: Signing all the parameters begin: 2026-07-12T09:39:45.380+0800
[main]V/SignerInstance: Calling native begin: 2026-07-12T09:39:45.380+0800
[main]V/SignerInstance: Calling native end  : 2026-07-12T09:39:45.387+0800
[main]V/SignerInstance: Signing all the parameters end  : 2026-07-12T09:39:45.387+0800
[main]V/SignerInstance: SDKv5 Signing all the parameters begin: 2026-07-12T09:39:45.974+0800
[main]V/SignerInstance: Signing all the parameters begin: 2026-07-12T09:39:45.978+0800
[main]V/SignerInstance: Calling native begin: 2026-07-12T09:39:45.985+0800
[main]V/SignerInstance: Calling native end  : 2026-07-12T09:39:45.985+0800
[main]V/SignerInstance: Signing all the parameters end  : 2026-07-12T09:39:45.985+0800
[main]V/SignerInstance: SDKv5 Signing all the parameters end  : 2026-07-12T09:39:45.991+0800
[main]V/SignerInstance: Signing all the parameters begin: 2026-07-12T09:39:45.997+0800
[main]V/SignerInstance: Calling native begin: 2026-07-12T09:39:45.998+0800
[main]V/SignerInstance: Calling native end  : 2026-07-12T09:39:45.998+0800
[main]V/SignerInstance: Signing all the parameters end  : 2026-07-12T09:39:45.998+0800
[main]V/SignerInstance: Signing all the parameters begin: 2026-07-12T09:39:45.998+0800
[main]V/SignerInstance: Calling native begin: 2026-07-12T09:39:45.998+0800
[main]V/SignerInstance: Calling native end  : 2026-07-12T09:39:45.998+0800
[main]V/SignerInstance: Signing all the parameters end  : 2026-07-12T09:39:45.998+0800
loaded libsigner.so base=0x12340000 size=0x148000
[main]V/SignerInstance: Signing all the parameters begin: 2026-07-12T09:39:47.479+0800
[main]V/SignerInstance: Calling native begin: 2026-07-12T09:39:47.489+0800
[main]V/signer: Signing all the parameters begin: 2025-10-09T04:53:20.123Z-0400
[main]V/signer: Signing all the parameters end  : 2025-10-09T04:53:20.123Z-0400
[main]V/SignerInstance: Calling native end  : 2026-07-12T09:39:51.529+0800
[main]V/SignerInstance: Signing all the parameters end  : 2026-07-12T09:39:51.530+0800
[main]V/SignerInstance: Signing all the parameters begin: 2026-07-12T09:39:51.530+0800
[main]V/SignerInstance: Calling native begin: 2026-07-12T09:39:51.530+0800
[main]V/signer: Signing all the parameters begin: 2025-10-09T04:53:20.123Z-0400
[main]V/signer: Signing all the parameters end  : 2025-10-09T04:53:20.123Z-0400
[main]V/SignerInstance: Calling native end  : 2026-07-12T09:39:55.334+0800
[main]V/SignerInstance: Signing all the parameters end  : 2026-07-12T09:39:55.334+0800
[main]V/SignerInstance: SDKv5 Signing all the parameters begin: 2026-07-12T09:39:55.334+0800
[main]V/SignerInstance: Signing all the parameters begin: 2026-07-12T09:39:55.335+0800
[main]V/SignerInstance: Calling native begin: 2026-07-12T09:39:55.335+0800
[main]V/signer: Signing all the parameters begin: 2025-10-09T04:53:20.123Z-0400
[main]V/signer: Signing all the parameters end  : 2025-10-09T04:53:20.123Z-0400
[main]V/SignerInstance: Calling native end  : 2026-07-12T09:39:58.994+0800
[main]V/SignerInstance: Signing all the parameters end  : 2026-07-12T09:39:58.994+0800
[main]V/SignerInstance: SDKv5 Signing all the parameters end  : 2026-07-12T09:39:58.998+0800
[main]V/SignerInstance: Signing all the parameters begin: 2026-07-12T09:40:00.170+0800
[main]V/SignerInstance: Calling native begin: 2026-07-12T09:40:00.219+0800
[main]V/SignerInstance: Calling native end  : 2026-07-12T09:40:00.221+0800
[main]V/SignerInstance: Signing all the parameters end  : 2026-07-12T09:40:00.222+0800
[main]V/SignerInstance: SDKv5 Signing all the parameters begin: 2026-07-12T09:40:00.290+0800
[main]V/SignerInstance: Signing all the parameters begin: 2026-07-12T09:40:00.290+0800
[main]V/SignerInstance: Calling native begin: 2026-07-12T09:40:00.290+0800
[main]V/SignerInstance: Calling native end  : 2026-07-12T09:40:00.290+0800
[main]V/SignerInstance: Signing all the parameters end  : 2026-07-12T09:40:00.291+0800
[main]V/SignerInstance: SDKv5 Signing all the parameters end  : 2026-07-12T09:40:00.298+0800
[main]V/SignerInstance: Signing all the parameters begin: 2026-07-12T09:40:00.301+0800
[main]V/SignerInstance: Calling native begin: 2026-07-12T09:40:00.301+0800
[main]V/SignerInstance: Calling native end  : 2026-07-12T09:40:00.301+0800
[main]V/SignerInstance: Signing all the parameters end  : 2026-07-12T09:40:00.301+0800
[main]V/SignerInstance: Signing all the parameters begin: 2026-07-12T09:40:00.303+0800
[main]V/SignerInstance: Calling native begin: 2026-07-12T09:40:00.303+0800
[main]V/SignerInstance: Calling native end  : 2026-07-12T09:40:00.304+0800
[main]V/SignerInstance: Signing all the parameters end  : 2026-07-12T09:40:00.306+0800
[main]V/SignerInstance: Signing all the parameters begin: 2026-07-12T09:40:00.313+0800
[main]V/SignerInstance: Calling native begin: 2026-07-12T09:40:00.313+0800
[main]V/SignerInstance: Calling native end  : 2026-07-12T09:40:00.313+0800
[main]V/SignerInstance: Signing all the parameters end  : 2026-07-12T09:40:00.313+0800
[main]V/SignerInstance: Signing all the parameters begin: 2026-07-12T09:40:00.319+0800
[main]V/SignerInstance: Calling native begin: 2026-07-12T09:40:00.320+0800
[main]V/SignerInstance: Calling native end  : 2026-07-12T09:40:00.320+0800
[main]V/SignerInstance: Signing all the parameters end  : 2026-07-12T09:40:00.320+0800
[main]V/SignerInstance: Signing all the parameters begin: 2026-07-12T09:40:00.321+0800
[main]V/SignerInstance: Calling native begin: 2026-07-12T09:40:00.321+0800
[main]V/SignerInstance: Calling native end  : 2026-07-12T09:40:00.321+0800
[main]V/SignerInstance: Signing all the parameters end  : 2026-07-12T09:40:00.321+0800
[main]V/SignerInstance: Signing all the parameters begin: 2026-07-12T09:40:00.637+0800
[main]V/SignerInstance: Calling native begin: 2026-07-12T09:40:00.649+0800
[main]V/SignerInstance: Calling native end  : 2026-07-12T09:40:00.650+0800
[main]V/SignerInstance: Signing all the parameters end  : 2026-07-12T09:40:00.650+0800
[main]V/SignerInstance: Signing all the parameters begin: 2026-07-12T09:40:00.657+0800
[main]E/SignerInstance: sign: Api is less than JellyBean-4-18
[main]V/SignerInstance: Signing all the parameters begin: 2026-07-12T09:40:00.658+0800
[main]V/SignerInstance: Calling native begin: 2026-07-12T09:40:00.658+0800
[main]V/SignerInstance: Calling native end  : 2026-07-12T09:40:00.658+0800
[main]V/SignerInstance: Signing all the parameters end  : 2026-07-12T09:40:00.659+0800
[main]V/SignerInstance: Signing all the parameters begin: 2026-07-12T09:40:00.659+0800
[main]V/SignerInstance: Calling native begin: 2026-07-12T09:40:00.722+0800
[main]V/SignerInstance: Calling native end  : 2026-07-12T09:40:00.722+0800
[main]V/SignerInstance: Signing all the parameters end  : 2026-07-12T09:40:00.722+0800
[main]V/SignerInstance: SDKv5 Signing all the parameters begin: 2026-07-12T09:40:00.723+0800
[main]V/SignerInstance: Signing all the parameters begin: 2026-07-12T09:40:00.724+0800
[main]V/SignerInstance: Calling native begin: 2026-07-12T09:40:00.724+0800
[main]V/SignerInstance: Calling native end  : 2026-07-12T09:40:00.724+0800
[main]V/SignerInstance: Signing all the parameters end  : 2026-07-12T09:40:00.724+0800
[main]V/SignerInstance: SDKv5 Signing all the parameters end  : 2026-07-12T09:40:00.729+0800
[main]V/SignerInstance: SDKv5 Signing all the parameters begin: 2026-07-12T09:40:00.730+0800
[main]V/SignerInstance: SDKv5 Signing all the parameters end  : 2026-07-12T09:40:00.730+0800
loaded libsigner.so base=0x12340000 size=0x148000
[main] WARN com.github.unidbg.linux.ARM64SyscallHandler - handleInterrupt intno=2, NR=107, svcNumber=0x0, PC=RX@0x121aa74c[libc.so]0x6a74c, LR=RX@0x121630e0[libc.so]0x230e0, syscall=null
[main] WARN com.github.unidbg.linux.ARM64SyscallHandler - handleInterrupt intno=2, NR=110, svcNumber=0x0, PC=RX@0x121aab6c[libc.so]0x6ab6c, LR=RX@0x12414b3c[libsigner.so]0xd4b3c, syscall=null
[main]V/SignerInstance: Signing all the parameters begin: 2026-07-12T09:40:02.469+0800
[main]V/SignerInstance: Calling native begin: 2026-07-12T09:40:02.492+0800
[main]V/signer: Signing all the parameters begin: 2026-07-11T21:40:02.511Z-0400
[main]V/signer: Signing all the parameters end  : 2026-07-11T21:40:07.264Z-0400
[main]V/SignerInstance: Calling native end  : 2026-07-12T09:40:07.292+0800
[main]V/SignerInstance: Signing all the parameters end  : 2026-07-12T09:40:07.293+0800
[main]V/SignerInstance: Signing all the parameters begin: 2026-07-12T09:40:07.294+0800
[main]V/SignerInstance: Calling native begin: 2026-07-12T09:40:07.295+0800
[main]V/signer: Signing all the parameters begin: 2026-07-11T21:40:07.305Z-0400
[main]V/signer: Signing all the parameters end  : 2026-07-11T21:40:10.781Z-0400
[main]V/SignerInstance: Calling native end  : 2026-07-12T09:40:10.808+0800
[main]V/SignerInstance: Signing all the parameters end  : 2026-07-12T09:40:10.808+0800
RESULT maven PASS
===== api_contract =====
API contract and runtime independence OK
RESULT api_contract PASS
===== one_click =====
{"signed":true,"version":"V4","rawSignatureHex":"3b273362218b186a73e7349775b93f11815370821c07e8db8bfb4b7b8819281ded02455b535ccd4b2654bd6edee4f1ffeafa124c5f03111ef8b0ad10cfad9686f87d0de3bf77ae83f8f171670d960d0c65656399a092d771fe9fa5a6ff75351ec8312e4feb7b9cb0c3b27f383cd2cb6a77a8fd2a3a8daea1b558262ebaab5ae470f0089b47fadcfc3e5f480109987a53bd4f09210345cad61358392e18b52e2b2dc093a4acef479f05ddc2586a21db8e","signatureBase64":"OyczYiGLGGpz5zSXdbk/EYFTcIIcB+jbi/tLe4gZKB3tAkVbU1zNSyZUvW7e5PH/6voSTF8DER74sK0Qz62Whvh9DeO/d66D+PFxZw2WDQxlZWOZoJLXcf6fpab/dTUeyDEuT+t7nLDDsn84PNLLaneo/So6ja6htVgmLrqrWuRw8AibR/rc/D5fSAEJmHpTvU8JIQNFytYTWDkuGLUuKy3Ak6Ss70efBd3CWGoh244=","metadata":{"signature":"OyczYiGLGGpz5zSXdbk/EYFTcIIcB+jbi/tLe4gZKB3tAkVbU1zNSyZUvW7e5PH/6voSTF8DER74sK0Qz62Whvh9DeO/d66D+PFxZw2WDQxlZWOZoJLXcf6fpab/dTUeyDEuT+t7nLDDsn84PNLLaneo/So6ja6htVgmLrqrWuRw8AibR/rc/D5fSAEJmHpTvU8JIQNFytYTWDkuGLUuKy3Ak6Ss70efBd3CWGoh244=","adj_signing_id":"1400000","algorithm":"adj8","headers_id":"9","native_version":"3.67.0"},"output":{"environment":"sandbox","app_token":"abc123","created_at":"2026-07-10T00:00:00.000+0800","gps_adid":"11111111-1111-1111-1111-111111111111","android_id":"0123456789abcdef","device_type":"phone","device_name":"Pixel 9 Pro","os_name":"android","os_version":"15","language":"zh","country":"CN","headers_id":"9","adj_signing_id":"1400000","native_version":"3.67.0","algorithm":"adj8","signature":"OyczYiGLGGpz5zSXdbk/EYFTcIIcB+jbi/tLe4gZKB3tAkVbU1zNSyZUvW7e5PH/6voSTF8DER74sK0Qz62Whvh9DeO/d66D+PFxZw2WDQxlZWOZoJLXcf6fpab/dTUeyDEuT+t7nLDDsn84PNLLaneo/So6ja6htVgmLrqrWuRw8AibR/rc/D5fSAEJmHpTvU8JIQNFytYTWDkuGLUuKy3Ak6Ss70efBd3CWGoh244="}}
one-click deterministic signer and strict reference verification OK
RESULT one_click PASS
===== external_api =====
[main]V/signer: Signing all the parameters begin: 2025-10-09T04:53:20.123Z-0400
[main]V/signer: Signing all the parameters end  : 2025-10-09T04:53:20.123Z-0400
[main]V/signer: Signing all the parameters begin: 2025-10-09T04:53:20.123Z-0400
[main]V/signer: Signing all the parameters end  : 2025-10-09T04:53:20.123Z-0400
STRUCTURED_SIGNER_SIGNED=true
STRUCTURED_SIGNER_RAW_LENGTH=176
STRUCTURED_SIGNER_SIGNATURE_BASE64=OyczYiGLGGpz5zSXdbk/EYFTcIIcB+jbi/tLe4gZKB3tAkVbU1zNSyZUvW7e5PH/8MT17u6KsUtEDtCaTa3hojMtJaaCFfVU0+6Xz7kg2lk3irbVNUYLRc1O8taaArPDHbOunjvg1uIX+t03Kbu1D5XWQ2pS9PxmWX9iMJGZZWoGJdrwqDpwqem9nXb5CneiZ1KCAjo+eICKaiDsmVsnvcCPVQlKH/QcF8pKloP8p/k=
STRUCTURED_SIGNER_HEADERS_ID=9
STRUCTURED_SIGNER_ADJ_SIGNING_ID=1400000
STRUCTURED_SIGNER_ALGORITHM=adj8
STRUCTURED_SIGNER_NATIVE_VERSION=3.67.0
STRUCTURED_SIGNER_OUTPUT={environment=sandbox, app_token=abc123, created_at=2026-07-10T00:00:00.000+0800, gps_adid=11111111-1111-1111-1111-111111111111, device_type=phone, os_name=android, os_version=35, headers_id=9, adj_signing_id=1400000, native_version=3.67.0, algorithm=adj8, signature=OyczYiGLGGpz5zSXdbk/EYFTcIIcB+jbi/tLe4gZKB3tAkVbU1zNSyZUvW7e5PH/8MT17u6KsUtEDtCaTa3hojMtJaaCFfVU0+6Xz7kg2lk3irbVNUYLRc1O8taaArPDHbOunjvg1uIX+t03Kbu1D5XWQ2pS9PxmWX9iMJGZZWoGJdrwqDpwqem9nXb5CneiZ1KCAjo+eICKaiDsmVsnvcCPVQlKH/QcF8pKloP8p/k=}
external structured signer API deterministic OK
RESULT external_api PASS
===== run_all =====
run-all process isolation OK
RESULT run_all PASS
===== python =====
python wrapper contract OK
RESULT python PASS
===== device_reference =====
{"signed":true,"version":"V4","rawSignatureHex":"3b273362218b186a73e7349775b93f1151da6894512660bd1e9809e7c17c3898a2d0c5508f89e6c3022e6c8f7b442797abef7d1d32d8a04d887d2d1bf24b19b1f9ab2e878f79e9e4403f2fbb71ee5609443039c0ce6fc355892096d63e697e9ca2794cf0628c4403e0d6e9e452c356cbf881e5aebd431e2b583b6d923875d3eb9b3b2de520ab291ca72a1f1cd661d6af510d952d14921db3ae61537b5fccc21e45554bf72a6d107816fbbf28ebd8f6f7","signatureBase64":"OyczYiGLGGpz5zSXdbk/EVHaaJRRJmC9HpgJ58F8OJii0MVQj4nmwwIubI97RCeXq+99HTLYoE2IfS0b8ksZsfmrLoePeenkQD8vu3HuVglEMDnAzm/DVYkgltY+aX6conlM8GKMRAPg1unkUsNWy/iB5a69Qx4rWDttkjh10+ubOy3lIKspHKcqHxzWYdavUQ2VLRSSHbOuYVN7X8zCHkVVS/cqbRB4Fvu/KOvY9vc=","metadata":{"signature":"OyczYiGLGGpz5zSXdbk/EVHaaJRRJmC9HpgJ58F8OJii0MVQj4nmwwIubI97RCeXq+99HTLYoE2IfS0b8ksZsfmrLoePeenkQD8vu3HuVglEMDnAzm/DVYkgltY+aX6conlM8GKMRAPg1unkUsNWy/iB5a69Qx4rWDttkjh10+ubOy3lIKspHKcqHxzWYdavUQ2VLRSSHbOuYVN7X8zCHkVVS/cqbRB4Fvu/KOvY9vc=","adj_signing_id":"1400000","algorithm":"adj8","headers_id":"9","native_version":"3.67.0"},"output":{"environment":"sandbox","app_token":"abc123","created_at":"2026-07-10T00:00:00.000+0800","gps_adid":"11111111-1111-1111-1111-111111111111","android_id":"0123456789abcdef","device_type":"phone","device_name":"Pixel 9 Pro","os_name":"android","os_version":"15","language":"zh","country":"CN","headers_id":"9","adj_signing_id":"1400000","native_version":"3.67.0","algorithm":"adj8","signature":"OyczYiGLGGpz5zSXdbk/EVHaaJRRJmC9HpgJ58F8OJii0MVQj4nmwwIubI97RCeXq+99HTLYoE2IfS0b8ksZsfmrLoePeenkQD8vu3HuVglEMDnAzm/DVYkgltY+aX6conlM8GKMRAPg1unkUsNWy/iB5a69Qx4rWDttkjh10+ubOy3lIKspHKcqHxzWYdavUQ2VLRSSHbOuYVN7X8zCHkVVS/cqbRB4Fvu/KOvY9vc="}}
Pixel 8 device reference exact structured JSON match OK
RESULT device_reference PASS
===== recovered =====
{"signed":true,"version":"V4","rawSignatureHex":"3b273362218b186a73e7349775b93f1151da6894512660bd1e9809e7c17c3898a2d0c5508f89e6c3022e6c8f7b442797abef7d1d32d8a04d887d2d1bf24b19b1f9ab2e878f79e9e4403f2fbb71ee5609443039c0ce6fc355892096d63e697e9ca2794cf0628c4403e0d6e9e452c356cbf881e5aebd431e2b583b6d923875d3eb9b3b2de520ab291ca72a1f1cd661d6af510d952d14921db3ae61537b5fccc21e45554bf72a6d107816fbbf28ebd8f6f7","signatureBase64":"OyczYiGLGGpz5zSXdbk/EVHaaJRRJmC9HpgJ58F8OJii0MVQj4nmwwIubI97RCeXq+99HTLYoE2IfS0b8ksZsfmrLoePeenkQD8vu3HuVglEMDnAzm/DVYkgltY+aX6conlM8GKMRAPg1unkUsNWy/iB5a69Qx4rWDttkjh10+ubOy3lIKspHKcqHxzWYdavUQ2VLRSSHbOuYVN7X8zCHkVVS/cqbRB4Fvu/KOvY9vc=","metadata":{"signature":"OyczYiGLGGpz5zSXdbk/EVHaaJRRJmC9HpgJ58F8OJii0MVQj4nmwwIubI97RCeXq+99HTLYoE2IfS0b8ksZsfmrLoePeenkQD8vu3HuVglEMDnAzm/DVYkgltY+aX6conlM8GKMRAPg1unkUsNWy/iB5a69Qx4rWDttkjh10+ubOy3lIKspHKcqHxzWYdavUQ2VLRSSHbOuYVN7X8zCHkVVS/cqbRB4Fvu/KOvY9vc=","adj_signing_id":"1400000","algorithm":"adj8","headers_id":"9","native_version":"3.67.0"},"output":{"environment":"sandbox","app_token":"abc123","created_at":"2026-07-10T00:00:00.000+0800","gps_adid":"11111111-1111-1111-1111-111111111111","android_id":"0123456789abcdef","device_type":"phone","device_name":"Pixel 9 Pro","os_name":"android","os_version":"15","language":"zh","country":"CN","headers_id":"9","adj_signing_id":"1400000","native_version":"3.67.0","algorithm":"adj8","signature":"OyczYiGLGGpz5zSXdbk/EVHaaJRRJmC9HpgJ58F8OJii0MVQj4nmwwIubI97RCeXq+99HTLYoE2IfS0b8ksZsfmrLoePeenkQD8vu3HuVglEMDnAzm/DVYkgltY+aX6conlM8GKMRAPg1unkUsNWy/iB5a69Qx4rWDttkjh10+ubOy3lIKspHKcqHxzWYdavUQ2VLRSSHbOuYVN7X8zCHkVVS/cqbRB4Fvu/KOvY9vc="}}
recovered C++ backend exact frozen Pixel reference match OK
RESULT recovered PASS
===== native_oracles =====
recovered native primitives: PASS
AES-256 Pixel first block: 51da6894512660bd1e9809e7c17c3898
Bionic rand-derived Pixel IV: 3b273362218b186a73e7349775b93f11
custom-state SHA-256 Pixel field 4: PASS
source-built Pixel payload: 113 plaintext bytes -> 128 ciphertext bytes
HMAC-SHA256 Pixel ciphertext tag: 32 bytes
Pixel native result layout: 16 IV + 128 ciphertext + 32 tag = 176 bytes
complete source-built Pixel 176-byte signature: PASS
corrections: 2b=d49d 36=b5d3 25=cacc 05=6ee6
SIGNATURE_HEX=123549ac1e84afbe4c96620b74fe22321ff754e352209fad235c4c83b2d4063e1560946d440193da1451cccc148c32a09bd4e5e6eec3b057551645502d01c0633cc7a4df2c63a8bd74ce36903d3e09f4b0bb3c6cfacede9ed89f40feca71810ed44d8ce4d70d952831879f740e9027e9f24719a8db8913328d32f23c158b8ac4c3b5894f6df16c09a466152bd2179e8c86fd68442db22ba1b8d24612bd10990f72b555a3fbff26a686f009db0d90ed02
timeSeconds=1760000001 original-SO oracle exact 176-byte match: PASS
signerCodeTrampolineDetected=false original-SO oracle exact 176-byte match: PASS
correction05Enabled=false original-SO oracle exact 176-byte match: PASS
empty /proc/self/maps original-SO oracle exact 176-byte match: PASS
missing /proc/self/maps original-SO oracle exact 176-byte match: PASS
changed device_name/nativePlaintext original-SO oracle exact 176-byte match: PASS
missing android_id/country/device_name original-SO oracle exact 176-byte match: PASS
APK/package certificate mismatch correction 0x2a original-SO oracle exact 176-byte match: PASS
RESULT native_oracles PASS
