[main]V/SignerInstance: Signing all the parameters begin: 2026-07-12T20:20:43.062+0800
[main]V/SignerInstance: Calling native begin: 2026-07-12T20:20:43.074+0800
[main]V/SignerInstance: Calling native end  : 2026-07-12T20:20:43.105+0800
[main]V/SignerInstance: Signing all the parameters end  : 2026-07-12T20:20:43.105+0800
[main]V/SignerInstance: Signing all the parameters begin: 2026-07-12T20:20:43.120+0800
[main]V/SignerInstance: Calling native begin: 2026-07-12T20:20:43.213+0800
[main]V/SignerInstance: Calling native end  : 2026-07-12T20:20:43.223+0800
[main]V/SignerInstance: Signing all the parameters end  : 2026-07-12T20:20:43.223+0800
[main]V/SignerInstance: Signing all the parameters begin: 2026-07-12T20:20:43.229+0800
[main]V/SignerInstance: Calling native begin: 2026-07-12T20:20:43.229+0800
[main]V/SignerInstance: Calling native end  : 2026-07-12T20:20:43.238+0800
[main]V/SignerInstance: Signing all the parameters end  : 2026-07-12T20:20:43.239+0800
[main]V/SignerInstance: Signing all the parameters begin: 2026-07-12T20:20:43.242+0800
[main]V/SignerInstance: Calling native begin: 2026-07-12T20:20:43.242+0800
[main]V/SignerInstance: Calling native end  : 2026-07-12T20:20:43.250+0800
[main]V/SignerInstance: Signing all the parameters end  : 2026-07-12T20:20:43.250+0800
[main]V/SignerInstance: Signing all the parameters begin: 2026-07-12T20:20:43.254+0800
[main]V/SignerInstance: Calling native begin: 2026-07-12T20:20:43.255+0800
[main]V/SignerInstance: Calling native end  : 2026-07-12T20:20:43.260+0800
[main]V/SignerInstance: Signing all the parameters end  : 2026-07-12T20:20:43.260+0800
[main]V/SignerInstance: Signing all the parameters begin: 2026-07-12T20:20:43.263+0800
[main]V/SignerInstance: Calling native begin: 2026-07-12T20:20:43.263+0800
[main]V/SignerInstance: Calling native end  : 2026-07-12T20:20:43.269+0800
[main]V/SignerInstance: Signing all the parameters end  : 2026-07-12T20:20:43.269+0800
[main]V/SignerInstance: Signing all the parameters begin: 2026-07-12T20:20:43.273+0800
[main]V/SignerInstance: Calling native begin: 2026-07-12T20:20:43.362+0800
[main]V/SignerInstance: Calling native end  : 2026-07-12T20:20:43.370+0800
[main]V/SignerInstance: Signing all the parameters end  : 2026-07-12T20:20:43.370+0800
[main]V/SignerInstance: Signing all the parameters begin: 2026-07-12T20:20:43.374+0800
[main]V/SignerInstance: Calling native begin: 2026-07-12T20:20:43.374+0800
[main]V/SignerInstance: Calling native end  : 2026-07-12T20:20:43.380+0800
[main]V/SignerInstance: Signing all the parameters end  : 2026-07-12T20:20:43.380+0800
[main]V/SignerInstance: Signing all the parameters begin: 2026-07-12T20:20:43.383+0800
[main]V/SignerInstance: Calling native begin: 2026-07-12T20:20:43.384+0800
[main]V/SignerInstance: Calling native end  : 2026-07-12T20:20:43.389+0800
[main]V/SignerInstance: Signing all the parameters end  : 2026-07-12T20:20:43.389+0800
[main]V/SignerInstance: Signing all the parameters begin: 2026-07-12T20:20:43.393+0800
[main]V/SignerInstance: Calling native begin: 2026-07-12T20:20:43.393+0800
[main]V/SignerInstance: Calling native end  : 2026-07-12T20:20:43.401+0800
[main]V/SignerInstance: Signing all the parameters end  : 2026-07-12T20:20:43.401+0800
[main]V/SignerInstance: Signing all the parameters begin: 2026-07-12T20:20:43.405+0800
[main]V/SignerInstance: Calling native begin: 2026-07-12T20:20:43.406+0800
[main]V/SignerInstance: Calling native end  : 2026-07-12T20:20:43.414+0800
[main]V/SignerInstance: Signing all the parameters end  : 2026-07-12T20:20:43.414+0800
[main]V/SignerInstance: Signing all the parameters begin: 2026-07-12T20:20:43.417+0800
[main]V/SignerInstance: Calling native begin: 2026-07-12T20:20:43.417+0800
[main]V/SignerInstance: Calling native end  : 2026-07-12T20:20:43.425+0800
[main]V/SignerInstance: Signing all the parameters end  : 2026-07-12T20:20:43.426+0800
[main]V/SignerInstance: Signing all the parameters begin: 2026-07-12T20:20:43.429+0800
[main]V/SignerInstance: Calling native begin: 2026-07-12T20:20:43.430+0800
[main]V/SignerInstance: Calling native end  : 2026-07-12T20:20:43.439+0800
[main]V/SignerInstance: Signing all the parameters end  : 2026-07-12T20:20:43.439+0800
[main]V/SignerInstance: Signing all the parameters begin: 2026-07-12T20:20:43.447+0800
[main]V/SignerInstance: Calling native begin: 2026-07-12T20:20:43.497+0800
[main]V/SignerInstance: Calling native end  : 2026-07-12T20:20:43.505+0800
[main]V/SignerInstance: Signing all the parameters end  : 2026-07-12T20:20:43.505+0800
loaded libsigner.so base=0x12340000 size=0x148000
[main]V/SignerInstance: Signing all the parameters begin: 2026-07-12T20:20:44.621+0800
[main]V/SignerInstance: Calling native begin: 2026-07-12T20:20:44.621+0800
[main]V/SignerInstance: Calling native end  : 2026-07-12T20:21:00.555+0800
[main]V/SignerInstance: Signing all the parameters end  : 2026-07-12T20:21:00.555+0800
[main]V/SignerInstance: Signing all the parameters begin: 2026-07-12T20:21:00.561+0800
[main]V/SignerInstance: Calling native begin: 2026-07-12T20:21:00.561+0800
[main]V/SignerInstance: Calling native end  : 2026-07-12T20:21:00.591+0800
[main]V/SignerInstance: Signing all the parameters end  : 2026-07-12T20:21:00.592+0800
loaded libsigner.so base=0x12340000 size=0x148000
[main]V/SignerInstance: Signing all the parameters begin: 2026-07-12T20:21:00.844+0800
[main]V/SignerInstance: Calling native begin: 2026-07-12T20:21:00.844+0800
[main]V/SignerInstance: Calling native end  : 2026-07-12T20:21:15.555+0800
[main]V/SignerInstance: Signing all the parameters end  : 2026-07-12T20:21:15.555+0800
[main]V/SignerInstance: Signing all the parameters begin: 2026-07-12T20:21:15.560+0800
[main]V/SignerInstance: Calling native begin: 2026-07-12T20:21:15.560+0800
[main]V/SignerInstance: Calling native end  : 2026-07-12T20:21:15.574+0800
[main]V/SignerInstance: Signing all the parameters end  : 2026-07-12T20:21:15.574+0800
[main]V/SignerInstance: SDKv5 Signing all the parameters begin: 2026-07-12T20:21:16.264+0800
[main]V/SignerInstance: Signing all the parameters begin: 2026-07-12T20:21:16.268+0800
[main]V/SignerInstance: Calling native begin: 2026-07-12T20:21:16.278+0800
[main]V/SignerInstance: Calling native end  : 2026-07-12T20:21:16.278+0800
[main]V/SignerInstance: Signing all the parameters end  : 2026-07-12T20:21:16.278+0800
[main]V/SignerInstance: SDKv5 Signing all the parameters end  : 2026-07-12T20:21:16.284+0800
[main]V/SignerInstance: Signing all the parameters begin: 2026-07-12T20:21:16.292+0800
[main]V/SignerInstance: Calling native begin: 2026-07-12T20:21:16.292+0800
[main]V/SignerInstance: Calling native end  : 2026-07-12T20:21:16.292+0800
[main]V/SignerInstance: Signing all the parameters end  : 2026-07-12T20:21:16.293+0800
[main]V/SignerInstance: Signing all the parameters begin: 2026-07-12T20:21:16.293+0800
[main]V/SignerInstance: Calling native begin: 2026-07-12T20:21:16.293+0800
[main]V/SignerInstance: Calling native end  : 2026-07-12T20:21:16.293+0800
[main]V/SignerInstance: Signing all the parameters end  : 2026-07-12T20:21:16.293+0800
loaded libsigner.so base=0x12340000 size=0x148000
[main]V/SignerInstance: Signing all the parameters begin: 2026-07-12T20:21:17.778+0800
[main]V/SignerInstance: Calling native begin: 2026-07-12T20:21:17.788+0800
[main]V/SignerInstance: Calling native end  : 2026-07-12T20:21:21.500+0800
[main]V/SignerInstance: Signing all the parameters end  : 2026-07-12T20:21:21.501+0800
[main]V/SignerInstance: Signing all the parameters begin: 2026-07-12T20:21:21.501+0800
[main]V/SignerInstance: Calling native begin: 2026-07-12T20:21:21.501+0800
[main]V/SignerInstance: Calling native end  : 2026-07-12T20:21:25.451+0800
[main]V/SignerInstance: Signing all the parameters end  : 2026-07-12T20:21:25.451+0800
[main]V/SignerInstance: SDKv5 Signing all the parameters begin: 2026-07-12T20:21:25.452+0800
[main]V/SignerInstance: Signing all the parameters begin: 2026-07-12T20:21:25.452+0800
[main]V/SignerInstance: Calling native begin: 2026-07-12T20:21:25.452+0800
[main]V/SignerInstance: Calling native end  : 2026-07-12T20:21:29.467+0800
[main]V/SignerInstance: Signing all the parameters end  : 2026-07-12T20:21:29.467+0800
[main]V/SignerInstance: SDKv5 Signing all the parameters end  : 2026-07-12T20:21:29.472+0800
loaded libsigner.so base=0x12340000 size=0x148000
[main]V/SignerInstance: Signing all the parameters begin: 2026-07-12T20:21:30.986+0800
[main]V/SignerInstance: Calling native begin: 2026-07-12T20:21:30.990+0800
[main]V/SignerInstance: Calling native end  : 2026-07-12T20:21:46.040+0800
[main]V/SignerInstance: Signing all the parameters end  : 2026-07-12T20:21:46.040+0800
loaded libsigner.so base=0x12340000 size=0x148000
[main]V/SignerInstance: Signing all the parameters begin: 2026-07-12T20:21:46.272+0800
[main]V/SignerInstance: Calling native begin: 2026-07-12T20:21:46.310+0800
[main]V/SignerInstance: Calling native end  : 2026-07-12T20:22:00.600+0800
[main]V/SignerInstance: Signing all the parameters end  : 2026-07-12T20:22:00.601+0800
[main]V/SignerInstance: Signing all the parameters begin: 2026-07-12T20:22:01.506+0800
[main]V/SignerInstance: Calling native begin: 2026-07-12T20:22:01.521+0800
[main]V/SignerInstance: Calling native end  : 2026-07-12T20:22:01.521+0800
[main]V/SignerInstance: Signing all the parameters end  : 2026-07-12T20:22:01.522+0800
[main]V/SignerInstance: SDKv5 Signing all the parameters begin: 2026-07-12T20:22:01.537+0800
[main]V/SignerInstance: Signing all the parameters begin: 2026-07-12T20:22:01.537+0800
[main]V/SignerInstance: Calling native begin: 2026-07-12T20:22:01.537+0800
[main]V/SignerInstance: Calling native end  : 2026-07-12T20:22:01.537+0800
[main]V/SignerInstance: Signing all the parameters end  : 2026-07-12T20:22:01.537+0800
[main]V/SignerInstance: SDKv5 Signing all the parameters end  : 2026-07-12T20:22:01.544+0800
[main]V/SignerInstance: Signing all the parameters begin: 2026-07-12T20:22:01.546+0800
[main]V/SignerInstance: Calling native begin: 2026-07-12T20:22:01.547+0800
[main]V/SignerInstance: Calling native end  : 2026-07-12T20:22:01.547+0800
[main]V/SignerInstance: Signing all the parameters end  : 2026-07-12T20:22:01.547+0800
[main]V/SignerInstance: Signing all the parameters begin: 2026-07-12T20:22:01.548+0800
[main]V/SignerInstance: Calling native begin: 2026-07-12T20:22:01.548+0800
[main]V/SignerInstance: Calling native end  : 2026-07-12T20:22:01.548+0800
[main]V/SignerInstance: Signing all the parameters end  : 2026-07-12T20:22:01.548+0800
[main]V/SignerInstance: Signing all the parameters begin: 2026-07-12T20:22:01.553+0800
[main]V/SignerInstance: Calling native begin: 2026-07-12T20:22:01.554+0800
[main]V/SignerInstance: Calling native end  : 2026-07-12T20:22:01.554+0800
[main]V/SignerInstance: Signing all the parameters end  : 2026-07-12T20:22:01.554+0800
[main]V/SignerInstance: Signing all the parameters begin: 2026-07-12T20:22:01.558+0800
[main]V/SignerInstance: Calling native begin: 2026-07-12T20:22:01.559+0800
[main]V/SignerInstance: Calling native end  : 2026-07-12T20:22:01.559+0800
[main]V/SignerInstance: Signing all the parameters end  : 2026-07-12T20:22:01.559+0800
[main]V/SignerInstance: Signing all the parameters begin: 2026-07-12T20:22:01.560+0800
[main]V/SignerInstance: Calling native begin: 2026-07-12T20:22:01.560+0800
[main]V/SignerInstance: Calling native end  : 2026-07-12T20:22:01.560+0800
[main]V/SignerInstance: Signing all the parameters end  : 2026-07-12T20:22:01.560+0800
[main]V/SignerInstance: Signing all the parameters begin: 2026-07-12T20:22:01.916+0800
[main]V/SignerInstance: Calling native begin: 2026-07-12T20:22:01.932+0800
[main]V/SignerInstance: Calling native end  : 2026-07-12T20:22:01.932+0800
[main]V/SignerInstance: Signing all the parameters end  : 2026-07-12T20:22:01.933+0800
[main]V/SignerInstance: Signing all the parameters begin: 2026-07-12T20:22:01.942+0800
[main]V/SignerInstance: Signing all the parameters begin: 2026-07-12T20:22:01.945+0800
[main]V/SignerInstance: Calling native begin: 2026-07-12T20:22:01.945+0800
[main]V/SignerInstance: Calling native end  : 2026-07-12T20:22:01.945+0800
[main]V/SignerInstance: Signing all the parameters end  : 2026-07-12T20:22:01.945+0800
[main]V/SignerInstance: Signing all the parameters begin: 2026-07-12T20:22:01.946+0800
[main]V/SignerInstance: Calling native begin: 2026-07-12T20:22:02.111+0800
[main]V/SignerInstance: Calling native end  : 2026-07-12T20:22:02.111+0800
[main]V/SignerInstance: Signing all the parameters end  : 2026-07-12T20:22:02.111+0800
[main]V/SignerInstance: SDKv5 Signing all the parameters begin: 2026-07-12T20:22:02.113+0800
[main]V/SignerInstance: Signing all the parameters begin: 2026-07-12T20:22:02.114+0800
[main]V/SignerInstance: Calling native begin: 2026-07-12T20:22:02.114+0800
[main]V/SignerInstance: Calling native end  : 2026-07-12T20:22:02.114+0800
[main]V/SignerInstance: Signing all the parameters end  : 2026-07-12T20:22:02.114+0800
[main]V/SignerInstance: SDKv5 Signing all the parameters end  : 2026-07-12T20:22:02.121+0800
[main]V/SignerInstance: SDKv5 Signing all the parameters begin: 2026-07-12T20:22:02.124+0800
[main]V/SignerInstance: SDKv5 Signing all the parameters end  : 2026-07-12T20:22:02.124+0800
loaded libsigner.so base=0x12340000 size=0x148000
[main]V/SignerInstance: Signing all the parameters begin: 2026-07-12T20:22:04.272+0800
[main]V/SignerInstance: Calling native begin: 2026-07-12T20:22:04.282+0800
[main]V/SignerInstance: Calling native end  : 2026-07-12T20:22:07.943+0800
[main]V/SignerInstance: Signing all the parameters end  : 2026-07-12T20:22:07.944+0800
[main]V/SignerInstance: Signing all the parameters begin: 2026-07-12T20:22:07.945+0800
[main]V/SignerInstance: Calling native begin: 2026-07-12T20:22:07.945+0800
[main]V/SignerInstance: Calling native end  : 2026-07-12T20:22:11.540+0800
[main]V/SignerInstance: Signing all the parameters end  : 2026-07-12T20:22:11.541+0800
