[main]V/SignerInstance: Signing all the parameters begin: 2026-07-12T19:59:50.974+0800
[main]V/SignerInstance: Calling native begin: 2026-07-12T19:59:50.986+0800
[main]V/SignerInstance: Calling native end  : 2026-07-12T19:59:51.015+0800
[main]V/SignerInstance: Signing all the parameters end  : 2026-07-12T19:59:51.015+0800
[main]V/SignerInstance: Signing all the parameters begin: 2026-07-12T19:59:51.028+0800
[main]V/SignerInstance: Calling native begin: 2026-07-12T19:59:51.107+0800
[main]V/SignerInstance: Calling native end  : 2026-07-12T19:59:51.117+0800
[main]V/SignerInstance: Signing all the parameters end  : 2026-07-12T19:59:51.118+0800
[main]V/SignerInstance: Signing all the parameters begin: 2026-07-12T19:59:51.123+0800
[main]V/SignerInstance: Calling native begin: 2026-07-12T19:59:51.124+0800
[main]V/SignerInstance: Calling native end  : 2026-07-12T19:59:51.133+0800
[main]V/SignerInstance: Signing all the parameters end  : 2026-07-12T19:59:51.133+0800
[main]V/SignerInstance: Signing all the parameters begin: 2026-07-12T19:59:51.137+0800
[main]V/SignerInstance: Calling native begin: 2026-07-12T19:59:51.138+0800
[main]V/SignerInstance: Calling native end  : 2026-07-12T19:59:51.145+0800
[main]V/SignerInstance: Signing all the parameters end  : 2026-07-12T19:59:51.145+0800
[main]V/SignerInstance: Signing all the parameters begin: 2026-07-12T19:59:51.149+0800
[main]V/SignerInstance: Calling native begin: 2026-07-12T19:59:51.150+0800
[main]V/SignerInstance: Calling native end  : 2026-07-12T19:59:51.155+0800
[main]V/SignerInstance: Signing all the parameters end  : 2026-07-12T19:59:51.155+0800
[main]V/SignerInstance: Signing all the parameters begin: 2026-07-12T19:59:51.159+0800
[main]V/SignerInstance: Calling native begin: 2026-07-12T19:59:51.159+0800
[main]V/SignerInstance: Calling native end  : 2026-07-12T19:59:51.164+0800
[main]V/SignerInstance: Signing all the parameters end  : 2026-07-12T19:59:51.165+0800
[main]V/SignerInstance: Signing all the parameters begin: 2026-07-12T19:59:51.168+0800
[main]V/SignerInstance: Calling native begin: 2026-07-12T19:59:51.225+0800
[main]V/SignerInstance: Calling native end  : 2026-07-12T19:59:51.233+0800
[main]V/SignerInstance: Signing all the parameters end  : 2026-07-12T19:59:51.234+0800
[main]V/SignerInstance: Signing all the parameters begin: 2026-07-12T19:59:51.237+0800
[main]V/SignerInstance: Calling native begin: 2026-07-12T19:59:51.237+0800
[main]V/SignerInstance: Calling native end  : 2026-07-12T19:59:51.244+0800
[main]V/SignerInstance: Signing all the parameters end  : 2026-07-12T19:59:51.244+0800
[main]V/SignerInstance: Signing all the parameters begin: 2026-07-12T19:59:51.250+0800
[main]V/SignerInstance: Calling native begin: 2026-07-12T19:59:51.250+0800
[main]V/SignerInstance: Calling native end  : 2026-07-12T19:59:51.257+0800
[main]V/SignerInstance: Signing all the parameters end  : 2026-07-12T19:59:51.257+0800
[main]V/SignerInstance: Signing all the parameters begin: 2026-07-12T19:59:51.261+0800
[main]V/SignerInstance: Calling native begin: 2026-07-12T19:59:51.262+0800
[main]V/SignerInstance: Calling native end  : 2026-07-12T19:59:51.270+0800
[main]V/SignerInstance: Signing all the parameters end  : 2026-07-12T19:59:51.270+0800
[main]V/SignerInstance: Signing all the parameters begin: 2026-07-12T19:59:51.275+0800
[main]V/SignerInstance: Calling native begin: 2026-07-12T19:59:51.275+0800
[main]V/SignerInstance: Calling native end  : 2026-07-12T19:59:51.283+0800
[main]V/SignerInstance: Signing all the parameters end  : 2026-07-12T19:59:51.283+0800
[main]V/SignerInstance: Signing all the parameters begin: 2026-07-12T19:59:51.288+0800
[main]V/SignerInstance: Calling native begin: 2026-07-12T19:59:51.288+0800
[main]V/SignerInstance: Calling native end  : 2026-07-12T19:59:51.296+0800
[main]V/SignerInstance: Signing all the parameters end  : 2026-07-12T19:59:51.296+0800
[main]V/SignerInstance: Signing all the parameters begin: 2026-07-12T19:59:51.299+0800
[main]V/SignerInstance: Calling native begin: 2026-07-12T19:59:51.300+0800
[main]V/SignerInstance: Calling native end  : 2026-07-12T19:59:51.308+0800
[main]V/SignerInstance: Signing all the parameters end  : 2026-07-12T19:59:51.308+0800
[main]V/SignerInstance: Signing all the parameters begin: 2026-07-12T19:59:51.316+0800
[main]V/SignerInstance: Calling native begin: 2026-07-12T19:59:51.359+0800
[main]V/SignerInstance: Calling native end  : 2026-07-12T19:59:51.368+0800
[main]V/SignerInstance: Signing all the parameters end  : 2026-07-12T19:59:51.368+0800
[main]V/SignerInstance: SDKv5 Signing all the parameters begin: 2026-07-12T19:59:52.289+0800
[main]V/SignerInstance: Signing all the parameters begin: 2026-07-12T19:59:52.294+0800
[main]V/SignerInstance: Calling native begin: 2026-07-12T19:59:52.304+0800
[main]V/SignerInstance: Calling native end  : 2026-07-12T19:59:52.304+0800
[main]V/SignerInstance: Signing all the parameters end  : 2026-07-12T19:59:52.305+0800
[main]V/SignerInstance: SDKv5 Signing all the parameters end  : 2026-07-12T19:59:52.312+0800
[main]V/SignerInstance: Signing all the parameters begin: 2026-07-12T19:59:52.321+0800
[main]V/SignerInstance: Calling native begin: 2026-07-12T19:59:52.321+0800
[main]V/SignerInstance: Calling native end  : 2026-07-12T19:59:52.321+0800
[main]V/SignerInstance: Signing all the parameters end  : 2026-07-12T19:59:52.321+0800
[main]V/SignerInstance: Signing all the parameters begin: 2026-07-12T19:59:52.322+0800
[main]V/SignerInstance: Calling native begin: 2026-07-12T19:59:52.322+0800
[main]V/SignerInstance: Calling native end  : 2026-07-12T19:59:52.322+0800
[main]V/SignerInstance: Signing all the parameters end  : 2026-07-12T19:59:52.322+0800
loaded libsigner.so base=0x12340000 size=0x148000
[main]V/SignerInstance: Signing all the parameters begin: 2026-07-12T19:59:53.867+0800
[main]V/SignerInstance: Calling native begin: 2026-07-12T19:59:53.878+0800
[main]V/SignerInstance: Calling native end  : 2026-07-12T19:59:57.679+0800
[main]V/SignerInstance: Signing all the parameters end  : 2026-07-12T19:59:57.680+0800
[main]V/SignerInstance: Signing all the parameters begin: 2026-07-12T19:59:57.680+0800
[main]V/SignerInstance: Calling native begin: 2026-07-12T19:59:57.680+0800
[main]V/SignerInstance: Calling native end  : 2026-07-12T20:00:01.599+0800
[main]V/SignerInstance: Signing all the parameters end  : 2026-07-12T20:00:01.599+0800
[main]V/SignerInstance: SDKv5 Signing all the parameters begin: 2026-07-12T20:00:01.600+0800
[main]V/SignerInstance: Signing all the parameters begin: 2026-07-12T20:00:01.600+0800
[main]V/SignerInstance: Calling native begin: 2026-07-12T20:00:01.600+0800
[main]V/SignerInstance: Calling native end  : 2026-07-12T20:00:06.563+0800
[main]V/SignerInstance: Signing all the parameters end  : 2026-07-12T20:00:06.563+0800
[main]V/SignerInstance: SDKv5 Signing all the parameters end  : 2026-07-12T20:00:06.567+0800
loaded libsigner.so base=0x12340000 size=0x148000
[main]V/SignerInstance: Signing all the parameters begin: 2026-07-12T20:00:08.142+0800
[main]V/SignerInstance: Calling native begin: 2026-07-12T20:00:08.282+0800
[main]V/SignerInstance: Calling native end  : 2026-07-12T20:00:22.976+0800
[main]V/SignerInstance: Signing all the parameters end  : 2026-07-12T20:00:22.976+0800
[main]V/SignerInstance: Signing all the parameters begin: 2026-07-12T20:00:23.726+0800
[main]V/SignerInstance: Calling native begin: 2026-07-12T20:00:23.741+0800
[main]V/SignerInstance: Calling native end  : 2026-07-12T20:00:23.742+0800
[main]V/SignerInstance: Signing all the parameters end  : 2026-07-12T20:00:23.742+0800
[main]V/SignerInstance: SDKv5 Signing all the parameters begin: 2026-07-12T20:00:23.757+0800
[main]V/SignerInstance: Signing all the parameters begin: 2026-07-12T20:00:23.758+0800
[main]V/SignerInstance: Calling native begin: 2026-07-12T20:00:23.758+0800
[main]V/SignerInstance: Calling native end  : 2026-07-12T20:00:23.758+0800
[main]V/SignerInstance: Signing all the parameters end  : 2026-07-12T20:00:23.758+0800
[main]V/SignerInstance: SDKv5 Signing all the parameters end  : 2026-07-12T20:00:23.765+0800
[main]V/SignerInstance: Signing all the parameters begin: 2026-07-12T20:00:23.768+0800
[main]V/SignerInstance: Calling native begin: 2026-07-12T20:00:23.769+0800
[main]V/SignerInstance: Calling native end  : 2026-07-12T20:00:23.769+0800
[main]V/SignerInstance: Signing all the parameters end  : 2026-07-12T20:00:23.769+0800
[main]V/SignerInstance: Signing all the parameters begin: 2026-07-12T20:00:23.770+0800
[main]V/SignerInstance: Calling native begin: 2026-07-12T20:00:23.770+0800
[main]V/SignerInstance: Calling native end  : 2026-07-12T20:00:23.770+0800
[main]V/SignerInstance: Signing all the parameters end  : 2026-07-12T20:00:23.770+0800
[main]V/SignerInstance: Signing all the parameters begin: 2026-07-12T20:00:23.776+0800
[main]V/SignerInstance: Calling native begin: 2026-07-12T20:00:23.776+0800
[main]V/SignerInstance: Calling native end  : 2026-07-12T20:00:23.776+0800
[main]V/SignerInstance: Signing all the parameters end  : 2026-07-12T20:00:23.776+0800
[main]V/SignerInstance: Signing all the parameters begin: 2026-07-12T20:00:23.781+0800
[main]V/SignerInstance: Calling native begin: 2026-07-12T20:00:23.782+0800
[main]V/SignerInstance: Calling native end  : 2026-07-12T20:00:23.782+0800
[main]V/SignerInstance: Signing all the parameters end  : 2026-07-12T20:00:23.782+0800
[main]V/SignerInstance: Signing all the parameters begin: 2026-07-12T20:00:23.783+0800
[main]V/SignerInstance: Calling native begin: 2026-07-12T20:00:23.783+0800
[main]V/SignerInstance: Calling native end  : 2026-07-12T20:00:23.783+0800
[main]V/SignerInstance: Signing all the parameters end  : 2026-07-12T20:00:23.783+0800
[main]V/SignerInstance: Signing all the parameters begin: 2026-07-12T20:00:24.195+0800
[main]V/SignerInstance: Calling native begin: 2026-07-12T20:00:24.212+0800
[main]V/SignerInstance: Calling native end  : 2026-07-12T20:00:24.212+0800
[main]V/SignerInstance: Signing all the parameters end  : 2026-07-12T20:00:24.213+0800
[main]V/SignerInstance: Signing all the parameters begin: 2026-07-12T20:00:24.222+0800
[main]V/SignerInstance: Signing all the parameters begin: 2026-07-12T20:00:24.223+0800
[main]V/SignerInstance: Calling native begin: 2026-07-12T20:00:24.223+0800
[main]V/SignerInstance: Calling native end  : 2026-07-12T20:00:24.224+0800
[main]V/SignerInstance: Signing all the parameters end  : 2026-07-12T20:00:24.224+0800
[main]V/SignerInstance: Signing all the parameters begin: 2026-07-12T20:00:24.225+0800
[main]V/SignerInstance: Calling native begin: 2026-07-12T20:00:24.286+0800
[main]V/SignerInstance: Calling native end  : 2026-07-12T20:00:24.286+0800
[main]V/SignerInstance: Signing all the parameters end  : 2026-07-12T20:00:24.286+0800
[main]V/SignerInstance: SDKv5 Signing all the parameters begin: 2026-07-12T20:00:24.288+0800
[main]V/SignerInstance: Signing all the parameters begin: 2026-07-12T20:00:24.288+0800
[main]V/SignerInstance: Calling native begin: 2026-07-12T20:00:24.288+0800
[main]V/SignerInstance: Calling native end  : 2026-07-12T20:00:24.288+0800
[main]V/SignerInstance: Signing all the parameters end  : 2026-07-12T20:00:24.288+0800
[main]V/SignerInstance: SDKv5 Signing all the parameters end  : 2026-07-12T20:00:24.295+0800
[main]V/SignerInstance: SDKv5 Signing all the parameters begin: 2026-07-12T20:00:24.297+0800
[main]V/SignerInstance: SDKv5 Signing all the parameters end  : 2026-07-12T20:00:24.297+0800
loaded libsigner.so base=0x12340000 size=0x148000
[main]V/SignerInstance: Signing all the parameters begin: 2026-07-12T20:00:26.046+0800
[main]V/SignerInstance: Calling native begin: 2026-07-12T20:00:26.058+0800
[main]V/SignerInstance: Calling native end  : 2026-07-12T20:00:29.866+0800
[main]V/SignerInstance: Signing all the parameters end  : 2026-07-12T20:00:29.867+0800
[main]V/SignerInstance: Signing all the parameters begin: 2026-07-12T20:00:29.868+0800
[main]V/SignerInstance: Calling native begin: 2026-07-12T20:00:29.868+0800
[main]V/SignerInstance: Calling native end  : 2026-07-12T20:00:33.609+0800
[main]V/SignerInstance: Signing all the parameters end  : 2026-07-12T20:00:33.610+0800
