[main]V/SignerInstance: Signing all the parameters begin: 2026-07-12T20:57:16.700+0800
[main]V/SignerInstance: Calling native begin: 2026-07-12T20:57:16.711+0800
[main]V/SignerInstance: Calling native end  : 2026-07-12T20:57:16.739+0800
[main]V/SignerInstance: Signing all the parameters end  : 2026-07-12T20:57:16.740+0800
[main]V/SignerInstance: Signing all the parameters begin: 2026-07-12T20:57:16.752+0800
[main]V/SignerInstance: Calling native begin: 2026-07-12T20:57:16.752+0800
[main]V/SignerInstance: Calling native end  : 2026-07-12T20:57:16.758+0800
[main]V/SignerInstance: Signing all the parameters end  : 2026-07-12T20:57:16.758+0800
[main]V/SignerInstance: Signing all the parameters begin: 2026-07-12T20:57:16.763+0800
[main]V/SignerInstance: Calling native begin: 2026-07-12T20:57:16.831+0800
[main]V/SignerInstance: Calling native end  : 2026-07-12T20:57:16.840+0800
[main]V/SignerInstance: Signing all the parameters end  : 2026-07-12T20:57:16.840+0800
[main]V/SignerInstance: Signing all the parameters begin: 2026-07-12T20:57:16.846+0800
[main]V/SignerInstance: Calling native begin: 2026-07-12T20:57:16.846+0800
[main]V/SignerInstance: Calling native end  : 2026-07-12T20:57:16.854+0800
[main]V/SignerInstance: Signing all the parameters end  : 2026-07-12T20:57:16.854+0800
[main]V/SignerInstance: Signing all the parameters begin: 2026-07-12T20:57:16.858+0800
[main]V/SignerInstance: Calling native begin: 2026-07-12T20:57:16.858+0800
[main]V/SignerInstance: Calling native end  : 2026-07-12T20:57:16.866+0800
[main]V/SignerInstance: Signing all the parameters end  : 2026-07-12T20:57:16.866+0800
[main]V/SignerInstance: Signing all the parameters begin: 2026-07-12T20:57:16.870+0800
[main]V/SignerInstance: Calling native begin: 2026-07-12T20:57:16.870+0800
[main]V/SignerInstance: Calling native end  : 2026-07-12T20:57:16.875+0800
[main]V/SignerInstance: Signing all the parameters end  : 2026-07-12T20:57:16.875+0800
[main]V/SignerInstance: Signing all the parameters begin: 2026-07-12T20:57:16.879+0800
[main]V/SignerInstance: Calling native begin: 2026-07-12T20:57:16.879+0800
[main]V/SignerInstance: Calling native end  : 2026-07-12T20:57:16.884+0800
[main]V/SignerInstance: Signing all the parameters end  : 2026-07-12T20:57:16.884+0800
[main]V/SignerInstance: Signing all the parameters begin: 2026-07-12T20:57:16.888+0800
[main]V/SignerInstance: Calling native begin: 2026-07-12T20:57:16.935+0800
[main]V/SignerInstance: Calling native end  : 2026-07-12T20:57:16.943+0800
[main]V/SignerInstance: Signing all the parameters end  : 2026-07-12T20:57:16.944+0800
[main]V/SignerInstance: Signing all the parameters begin: 2026-07-12T20:57:16.947+0800
[main]V/SignerInstance: Calling native begin: 2026-07-12T20:57:16.947+0800
[main]V/SignerInstance: Calling native end  : 2026-07-12T20:57:16.953+0800
[main]V/SignerInstance: Signing all the parameters end  : 2026-07-12T20:57:16.953+0800
[main]V/SignerInstance: Signing all the parameters begin: 2026-07-12T20:57:16.957+0800
[main]V/SignerInstance: Calling native begin: 2026-07-12T20:57:16.957+0800
[main]V/SignerInstance: Calling native end  : 2026-07-12T20:57:16.962+0800
[main]V/SignerInstance: Signing all the parameters end  : 2026-07-12T20:57:16.962+0800
[main]V/SignerInstance: Signing all the parameters begin: 2026-07-12T20:57:16.966+0800
[main]V/SignerInstance: Calling native begin: 2026-07-12T20:57:16.966+0800
[main]V/SignerInstance: Calling native end  : 2026-07-12T20:57:16.975+0800
[main]V/SignerInstance: Signing all the parameters end  : 2026-07-12T20:57:16.975+0800
[main]V/SignerInstance: Signing all the parameters begin: 2026-07-12T20:57:16.978+0800
[main]V/SignerInstance: Calling native begin: 2026-07-12T20:57:16.979+0800
[main]V/SignerInstance: Calling native end  : 2026-07-12T20:57:16.986+0800
[main]V/SignerInstance: Signing all the parameters end  : 2026-07-12T20:57:16.986+0800
[main]V/SignerInstance: Signing all the parameters begin: 2026-07-12T20:57:16.990+0800
[main]V/SignerInstance: Calling native begin: 2026-07-12T20:57:16.990+0800
[main]V/SignerInstance: Calling native end  : 2026-07-12T20:57:16.998+0800
[main]V/SignerInstance: Signing all the parameters end  : 2026-07-12T20:57:16.998+0800
[main]V/SignerInstance: Signing all the parameters begin: 2026-07-12T20:57:17.002+0800
[main]V/SignerInstance: Calling native begin: 2026-07-12T20:57:17.002+0800
[main]V/SignerInstance: Calling native end  : 2026-07-12T20:57:17.011+0800
[main]V/SignerInstance: Signing all the parameters end  : 2026-07-12T20:57:17.011+0800
[main]V/SignerInstance: Signing all the parameters begin: 2026-07-12T20:57:17.020+0800
[main]V/SignerInstance: Calling native begin: 2026-07-12T20:57:17.060+0800
[main]V/SignerInstance: Calling native end  : 2026-07-12T20:57:17.068+0800
[main]V/SignerInstance: Signing all the parameters end  : 2026-07-12T20:57:17.068+0800
loaded libsigner.so base=0x12340000 size=0x148000
[main]V/SignerInstance: Signing all the parameters begin: 2026-07-12T20:57:18.328+0800
[main]V/SignerInstance: Calling native begin: 2026-07-12T20:57:18.328+0800
[main] WARN com.github.unidbg.Utils - read path=java.io.RandomAccessFile@723ed581, fp=10674152, _count=4096, length=10670511, buffer=RW@0x12309000
[main]V/SignerInstance: Calling native end  : 2026-07-12T20:57:31.522+0800
[main]V/SignerInstance: Signing all the parameters end  : 2026-07-12T20:57:31.522+0800
[main]V/SignerInstance: Signing all the parameters begin: 2026-07-12T20:57:31.527+0800
[main]V/SignerInstance: Calling native begin: 2026-07-12T20:57:31.527+0800
[main]V/SignerInstance: Calling native end  : 2026-07-12T20:57:31.550+0800
[main]V/SignerInstance: Signing all the parameters end  : 2026-07-12T20:57:31.550+0800
/bin/sh: line 1:  2981 Abort trap: 6           '/Library/Java/JavaVirtualMachines/jdk-11.0.16.1.jdk/Contents/Home/bin/java' '-XX:TieredStopAtLevel=1' '-jar' '/Users/sanbo/Desktop/api/qbdi/unidbg-adjust-runner/target/surefire/surefirebooter-20260712205715949_6.jar' '/Users/sanbo/Desktop/api/qbdi/unidbg-adjust-runner/target/surefire' '2026-07-12T20-57-15_762-jvmRun1' 'surefire-20260712205715949_4tmp' 'surefire_1-20260712205715949_5tmp'
[main]V/SignerInstance: SDKv5 Signing all the parameters begin: 2026-07-12T20:57:32.394+0800
[main]V/SignerInstance: Signing all the parameters begin: 2026-07-12T20:57:32.398+0800
[main]V/SignerInstance: Calling native begin: 2026-07-12T20:57:32.406+0800
[main]V/SignerInstance: Calling native end  : 2026-07-12T20:57:32.406+0800
[main]V/SignerInstance: Signing all the parameters end  : 2026-07-12T20:57:32.407+0800
[main]V/SignerInstance: SDKv5 Signing all the parameters end  : 2026-07-12T20:57:32.413+0800
[main]V/SignerInstance: Signing all the parameters begin: 2026-07-12T20:57:32.421+0800
[main]V/SignerInstance: Calling native begin: 2026-07-12T20:57:32.422+0800
[main]V/SignerInstance: Calling native end  : 2026-07-12T20:57:32.422+0800
[main]V/SignerInstance: Signing all the parameters end  : 2026-07-12T20:57:32.422+0800
[main]V/SignerInstance: Signing all the parameters begin: 2026-07-12T20:57:32.422+0800
[main]V/SignerInstance: Calling native begin: 2026-07-12T20:57:32.422+0800
[main]V/SignerInstance: Calling native end  : 2026-07-12T20:57:32.422+0800
[main]V/SignerInstance: Signing all the parameters end  : 2026-07-12T20:57:32.422+0800
loaded libsigner.so base=0x12340000 size=0x148000
[main]V/SignerInstance: Signing all the parameters begin: 2026-07-12T20:57:33.801+0800
[main]V/SignerInstance: Calling native begin: 2026-07-12T20:57:33.811+0800
[main]V/signer: Signing all the parameters begin: 2025-10-09T04:53:20.123Z-0400
[main]V/signer: Signing all the parameters end  : 2025-10-09T04:53:20.123Z-0400
[main]V/SignerInstance: Calling native end  : 2026-07-12T20:57:37.155+0800
[main]V/SignerInstance: Signing all the parameters end  : 2026-07-12T20:57:37.155+0800
[main]V/SignerInstance: Signing all the parameters begin: 2026-07-12T20:57:37.156+0800
[main]V/SignerInstance: Calling native begin: 2026-07-12T20:57:37.156+0800
[main]V/signer: Signing all the parameters begin: 2025-10-09T04:53:20.123Z-0400
[main]V/signer: Signing all the parameters end  : 2025-10-09T04:53:20.123Z-0400
[main]V/SignerInstance: Calling native end  : 2026-07-12T20:57:40.461+0800
[main]V/SignerInstance: Signing all the parameters end  : 2026-07-12T20:57:40.461+0800
[main]V/SignerInstance: SDKv5 Signing all the parameters begin: 2026-07-12T20:57:40.462+0800
[main]V/SignerInstance: Signing all the parameters begin: 2026-07-12T20:57:40.462+0800
[main]V/SignerInstance: Calling native begin: 2026-07-12T20:57:40.462+0800
[main]V/signer: Signing all the parameters begin: 2025-10-09T04:53:20.123Z-0400
[main]V/signer: Signing all the parameters end  : 2025-10-09T04:53:20.123Z-0400
[main]V/SignerInstance: Calling native end  : 2026-07-12T20:57:43.792+0800
[main]V/SignerInstance: Signing all the parameters end  : 2026-07-12T20:57:43.793+0800
[main]V/SignerInstance: SDKv5 Signing all the parameters end  : 2026-07-12T20:57:43.797+0800
loaded libsigner.so base=0x12340000 size=0x148000
[main]V/SignerInstance: Signing all the parameters begin: 2026-07-12T20:57:45.432+0800
[main]V/SignerInstance: Calling native begin: 2026-07-12T20:57:45.436+0800
[main] WARN com.github.unidbg.Utils - read path=java.io.RandomAccessFile@226f885f, fp=10674152, _count=4096, length=10670710, buffer=RW@0x12309000
[main]V/SignerInstance: Calling native end  : 2026-07-12T20:57:58.582+0800
[main]V/SignerInstance: Signing all the parameters end  : 2026-07-12T20:57:58.582+0800
loaded libsigner.so base=0x12340000 size=0x148000
[main]V/SignerInstance: Signing all the parameters begin: 2026-07-12T20:57:58.777+0800
[main]V/SignerInstance: Calling native begin: 2026-07-12T20:57:58.821+0800
[main] WARN com.github.unidbg.Utils - read path=java.io.RandomAccessFile@55f45b92, fp=10674152, _count=4096, length=10670710, buffer=RW@0x12309000
[main]V/SignerInstance: Calling native end  : 2026-07-12T20:58:12.015+0800
[main]V/SignerInstance: Signing all the parameters end  : 2026-07-12T20:58:12.015+0800
[main]V/SignerInstance: Signing all the parameters begin: 2026-07-12T20:58:12.692+0800
[main]V/SignerInstance: Calling native begin: 2026-07-12T20:58:12.704+0800
[main]V/SignerInstance: Calling native end  : 2026-07-12T20:58:12.704+0800
[main]V/SignerInstance: Signing all the parameters end  : 2026-07-12T20:58:12.705+0800
[main]V/SignerInstance: SDKv5 Signing all the parameters begin: 2026-07-12T20:58:12.717+0800
[main]V/SignerInstance: Signing all the parameters begin: 2026-07-12T20:58:12.717+0800
[main]V/SignerInstance: Calling native begin: 2026-07-12T20:58:12.718+0800
[main]V/SignerInstance: Calling native end  : 2026-07-12T20:58:12.718+0800
[main]V/SignerInstance: Signing all the parameters end  : 2026-07-12T20:58:12.718+0800
[main]V/SignerInstance: SDKv5 Signing all the parameters end  : 2026-07-12T20:58:12.723+0800
[main]V/SignerInstance: Signing all the parameters begin: 2026-07-12T20:58:12.725+0800
[main]V/SignerInstance: Calling native begin: 2026-07-12T20:58:12.726+0800
[main]V/SignerInstance: Calling native end  : 2026-07-12T20:58:12.726+0800
[main]V/SignerInstance: Signing all the parameters end  : 2026-07-12T20:58:12.726+0800
[main]V/SignerInstance: Signing all the parameters begin: 2026-07-12T20:58:12.727+0800
[main]V/SignerInstance: Calling native begin: 2026-07-12T20:58:12.727+0800
[main]V/SignerInstance: Calling native end  : 2026-07-12T20:58:12.727+0800
[main]V/SignerInstance: Signing all the parameters end  : 2026-07-12T20:58:12.727+0800
[main]V/SignerInstance: Signing all the parameters begin: 2026-07-12T20:58:12.731+0800
[main]V/SignerInstance: Calling native begin: 2026-07-12T20:58:12.731+0800
[main]V/SignerInstance: Calling native end  : 2026-07-12T20:58:12.731+0800
[main]V/SignerInstance: Signing all the parameters end  : 2026-07-12T20:58:12.731+0800
[main]V/SignerInstance: Signing all the parameters begin: 2026-07-12T20:58:12.735+0800
[main]V/SignerInstance: Calling native begin: 2026-07-12T20:58:12.736+0800
[main]V/SignerInstance: Calling native end  : 2026-07-12T20:58:12.736+0800
[main]V/SignerInstance: Signing all the parameters end  : 2026-07-12T20:58:12.736+0800
[main]V/SignerInstance: Signing all the parameters begin: 2026-07-12T20:58:12.736+0800
[main]V/SignerInstance: Calling native begin: 2026-07-12T20:58:12.737+0800
[main]V/SignerInstance: Calling native end  : 2026-07-12T20:58:12.737+0800
[main]V/SignerInstance: Signing all the parameters end  : 2026-07-12T20:58:12.737+0800
[main]V/SignerInstance: Signing all the parameters begin: 2026-07-12T20:58:13.139+0800
[main]V/SignerInstance: Calling native begin: 2026-07-12T20:58:13.156+0800
[main]V/SignerInstance: Calling native end  : 2026-07-12T20:58:13.156+0800
[main]V/SignerInstance: Signing all the parameters end  : 2026-07-12T20:58:13.157+0800
[main]V/SignerInstance: Signing all the parameters begin: 2026-07-12T20:58:13.165+0800
[main]E/SignerInstance: sign: Api is less than JellyBean-4-18
[main]V/SignerInstance: Signing all the parameters begin: 2026-07-12T20:58:13.166+0800
[main]V/SignerInstance: Calling native begin: 2026-07-12T20:58:13.166+0800
[main]V/SignerInstance: Calling native end  : 2026-07-12T20:58:13.166+0800
[main]V/SignerInstance: Signing all the parameters end  : 2026-07-12T20:58:13.166+0800
[main]V/SignerInstance: Signing all the parameters begin: 2026-07-12T20:58:13.167+0800
[main]V/SignerInstance: Calling native begin: 2026-07-12T20:58:13.283+0800
[main]V/SignerInstance: Calling native end  : 2026-07-12T20:58:13.283+0800
[main]V/SignerInstance: Signing all the parameters end  : 2026-07-12T20:58:13.283+0800
[main]V/SignerInstance: SDKv5 Signing all the parameters begin: 2026-07-12T20:58:13.285+0800
[main]V/SignerInstance: Signing all the parameters begin: 2026-07-12T20:58:13.285+0800
[main]V/SignerInstance: Calling native begin: 2026-07-12T20:58:13.285+0800
[main]V/SignerInstance: Calling native end  : 2026-07-12T20:58:13.285+0800
[main]V/SignerInstance: Signing all the parameters end  : 2026-07-12T20:58:13.285+0800
[main]V/SignerInstance: SDKv5 Signing all the parameters end  : 2026-07-12T20:58:13.291+0800
[main]V/SignerInstance: SDKv5 Signing all the parameters begin: 2026-07-12T20:58:13.292+0800
[main]V/SignerInstance: SDKv5 Signing all the parameters end  : 2026-07-12T20:58:13.293+0800
loaded libsigner.so base=0x12340000 size=0x148000
[main] WARN com.github.unidbg.linux.ARM64SyscallHandler - handleInterrupt intno=2, NR=107, svcNumber=0x0, PC=RX@0x121aa74c[libc.so]0x6a74c, LR=RX@0x121630e0[libc.so]0x230e0, syscall=null
[main] WARN com.github.unidbg.linux.ARM64SyscallHandler - handleInterrupt intno=2, NR=110, svcNumber=0x0, PC=RX@0x121aab6c[libc.so]0x6ab6c, LR=RX@0x12414b3c[libsigner.so]0xd4b3c, syscall=null
[main]V/SignerInstance: Signing all the parameters begin: 2026-07-12T20:58:15.461+0800
[main]V/SignerInstance: Calling native begin: 2026-07-12T20:58:15.470+0800
[main]V/signer: Signing all the parameters begin: 2026-07-12T08:58:15.478Z-0400
[main]V/signer: Signing all the parameters end  : 2026-07-12T08:58:18.807Z-0400
[main]V/SignerInstance: Calling native end  : 2026-07-12T20:58:18.834+0800
[main]V/SignerInstance: Signing all the parameters end  : 2026-07-12T20:58:18.835+0800
[main]V/SignerInstance: Signing all the parameters begin: 2026-07-12T20:58:18.836+0800
[main]V/SignerInstance: Calling native begin: 2026-07-12T20:58:18.836+0800
[main]V/signer: Signing all the parameters begin: 2026-07-12T08:58:18.846Z-0400
[main]V/signer: Signing all the parameters end  : 2026-07-12T08:58:22.267Z-0400
[main]V/SignerInstance: Calling native end  : 2026-07-12T20:58:22.294+0800
[main]V/SignerInstance: Signing all the parameters end  : 2026-07-12T20:58:22.294+0800
[ERROR] Failed to execute goal org.apache.maven.plugins:maven-surefire-plugin:3.2.5:test (default-test) on project unidbg-adjust-runner: 
[ERROR] 
[ERROR] Please refer to /Users/sanbo/Desktop/api/qbdi/unidbg-adjust-runner/target/surefire-reports for the individual test results.
[ERROR] Please refer to dump files (if any exist) [date].dump, [date]-jvmRun[N].dump and [date].dumpstream.
[ERROR] ExecutionException The forked VM terminated without properly saying goodbye. VM crash or System.exit called?
[ERROR] Command was /bin/sh -c cd '/Users/sanbo/Desktop/api/qbdi/unidbg-adjust-runner' && '/Library/Java/JavaVirtualMachines/jdk-11.0.16.1.jdk/Contents/Home/bin/java' '-XX:TieredStopAtLevel=1' '-jar' '/Users/sanbo/Desktop/api/qbdi/unidbg-adjust-runner/target/surefire/surefirebooter-20260712205715949_6.jar' '/Users/sanbo/Desktop/api/qbdi/unidbg-adjust-runner/target/surefire' '2026-07-12T20-57-15_762-jvmRun1' 'surefire-20260712205715949_4tmp' 'surefire_1-20260712205715949_5tmp'
[ERROR] Error occurred in starting fork, check output in log
[ERROR] Process Exit Code: 134
[ERROR] Crashed tests:
[ERROR] local.RecoveredNativeBackendIntegrationTest
[ERROR] org.apache.maven.surefire.booter.SurefireBooterForkException: ExecutionException The forked VM terminated without properly saying goodbye. VM crash or System.exit called?
[ERROR] Command was /bin/sh -c cd '/Users/sanbo/Desktop/api/qbdi/unidbg-adjust-runner' && '/Library/Java/JavaVirtualMachines/jdk-11.0.16.1.jdk/Contents/Home/bin/java' '-XX:TieredStopAtLevel=1' '-jar' '/Users/sanbo/Desktop/api/qbdi/unidbg-adjust-runner/target/surefire/surefirebooter-20260712205715949_6.jar' '/Users/sanbo/Desktop/api/qbdi/unidbg-adjust-runner/target/surefire' '2026-07-12T20-57-15_762-jvmRun1' 'surefire-20260712205715949_4tmp' 'surefire_1-20260712205715949_5tmp'
[ERROR] Error occurred in starting fork, check output in log
[ERROR] Process Exit Code: 134
[ERROR] Crashed tests:
[ERROR] local.RecoveredNativeBackendIntegrationTest
[ERROR] 	at org.apache.maven.plugin.surefire.booterclient.ForkStarter.awaitResultsDone(ForkStarter.java:456)
[ERROR] 	at org.apache.maven.plugin.surefire.booterclient.ForkStarter.runSuitesForkPerTestSet(ForkStarter.java:418)
[ERROR] 	at org.apache.maven.plugin.surefire.booterclient.ForkStarter.run(ForkStarter.java:297)
[ERROR] 	at org.apache.maven.plugin.surefire.booterclient.ForkStarter.run(ForkStarter.java:250)
[ERROR] 	at org.apache.maven.plugin.surefire.AbstractSurefireMojo.executeProvider(AbstractSurefireMojo.java:1241)
[ERROR] 	at org.apache.maven.plugin.surefire.AbstractSurefireMojo.executeAfterPreconditionsChecked(AbstractSurefireMojo.java:1090)
[ERROR] 	at org.apache.maven.plugin.surefire.AbstractSurefireMojo.execute(AbstractSurefireMojo.java:910)
[ERROR] 	at org.apache.maven.plugin.DefaultBuildPluginManager.executeMojo(DefaultBuildPluginManager.java:126)
[ERROR] 	at org.apache.maven.lifecycle.internal.MojoExecutor.doExecute2(MojoExecutor.java:328)
[ERROR] 	at org.apache.maven.lifecycle.internal.MojoExecutor.doExecute(MojoExecutor.java:316)
[ERROR] 	at org.apache.maven.lifecycle.internal.MojoExecutor.execute(MojoExecutor.java:212)
[ERROR] 	at org.apache.maven.lifecycle.internal.MojoExecutor.execute(MojoExecutor.java:174)
[ERROR] 	at org.apache.maven.lifecycle.internal.MojoExecutor.access$000(MojoExecutor.java:75)
[ERROR] 	at org.apache.maven.lifecycle.internal.MojoExecutor$1.run(MojoExecutor.java:162)
[ERROR] 	at org.apache.maven.plugin.DefaultMojosExecutionStrategy.execute(DefaultMojosExecutionStrategy.java:39)
[ERROR] 	at org.apache.maven.lifecycle.internal.MojoExecutor.execute(MojoExecutor.java:159)
[ERROR] 	at org.apache.maven.lifecycle.internal.LifecycleModuleBuilder.buildProject(LifecycleModuleBuilder.java:105)
[ERROR] 	at org.apache.maven.lifecycle.internal.LifecycleModuleBuilder.buildProject(LifecycleModuleBuilder.java:73)
[ERROR] 	at org.apache.maven.lifecycle.internal.builder.singlethreaded.SingleThreadedBuilder.build(SingleThreadedBuilder.java:53)
[ERROR] 	at org.apache.maven.lifecycle.internal.LifecycleStarter.execute(LifecycleStarter.java:118)
[ERROR] 	at org.apache.maven.DefaultMaven.doExecute(DefaultMaven.java:261)
[ERROR] 	at org.apache.maven.DefaultMaven.doExecute(DefaultMaven.java:173)
[ERROR] 	at org.apache.maven.DefaultMaven.execute(DefaultMaven.java:101)
[ERROR] 	at org.apache.maven.cli.MavenCli.execute(MavenCli.java:919)
[ERROR] 	at org.apache.maven.cli.MavenCli.doMain(MavenCli.java:285)
[ERROR] 	at org.apache.maven.cli.MavenCli.main(MavenCli.java:207)
[ERROR] 	at java.base/jdk.internal.reflect.NativeMethodAccessorImpl.invoke0(Native Method)
[ERROR] 	at java.base/jdk.internal.reflect.NativeMethodAccessorImpl.invoke(NativeMethodAccessorImpl.java:62)
[ERROR] 	at java.base/jdk.internal.reflect.DelegatingMethodAccessorImpl.invoke(DelegatingMethodAccessorImpl.java:43)
[ERROR] 	at java.base/java.lang.reflect.Method.invoke(Method.java:566)
[ERROR] 	at org.codehaus.plexus.classworlds.launcher.Launcher.launchEnhanced(Launcher.java:255)
[ERROR] 	at org.codehaus.plexus.classworlds.launcher.Launcher.launch(Launcher.java:201)
[ERROR] 	at org.codehaus.plexus.classworlds.launcher.Launcher.mainWithExitCode(Launcher.java:361)
[ERROR] 	at org.codehaus.plexus.classworlds.launcher.Launcher.main(Launcher.java:314)
[ERROR] Caused by: org.apache.maven.surefire.booter.SurefireBooterForkException: The forked VM terminated without properly saying goodbye. VM crash or System.exit called?
[ERROR] Command was /bin/sh -c cd '/Users/sanbo/Desktop/api/qbdi/unidbg-adjust-runner' && '/Library/Java/JavaVirtualMachines/jdk-11.0.16.1.jdk/Contents/Home/bin/java' '-XX:TieredStopAtLevel=1' '-jar' '/Users/sanbo/Desktop/api/qbdi/unidbg-adjust-runner/target/surefire/surefirebooter-20260712205715949_6.jar' '/Users/sanbo/Desktop/api/qbdi/unidbg-adjust-runner/target/surefire' '2026-07-12T20-57-15_762-jvmRun1' 'surefire-20260712205715949_4tmp' 'surefire_1-20260712205715949_5tmp'
[ERROR] Error occurred in starting fork, check output in log
[ERROR] Process Exit Code: 134
[ERROR] Crashed tests:
[ERROR] local.RecoveredNativeBackendIntegrationTest
[ERROR] 	at org.apache.maven.plugin.surefire.booterclient.ForkStarter.fork(ForkStarter.java:643)
[ERROR] 	at org.apache.maven.plugin.surefire.booterclient.ForkStarter.lambda$null$7(ForkStarter.java:401)
[ERROR] 	at java.base/java.util.concurrent.FutureTask.run(FutureTask.java:264)
[ERROR] 	at java.base/java.util.concurrent.ThreadPoolExecutor.runWorker(ThreadPoolExecutor.java:1128)
[ERROR] 	at java.base/java.util.concurrent.ThreadPoolExecutor$Worker.run(ThreadPoolExecutor.java:628)
[ERROR] 	at java.base/java.lang.Thread.run(Thread.java:834)
[ERROR] 
[ERROR] -> [Help 1]
[ERROR] 
[ERROR] To see the full stack trace of the errors, re-run Maven with the -e switch.
[ERROR] Re-run Maven using the -X switch to enable full debug logging.
[ERROR] 
[ERROR] For more information about the errors and possible solutions, please read the following articles:
[ERROR] [Help 1] http://cwiki.apache.org/confluence/display/MAVEN/MojoExecutionException
