[main]V/SignerInstance: Signing all the parameters begin: 2026-07-12T20:58:47.944+0800
[main]V/SignerInstance: Calling native begin: 2026-07-12T20:58:47.955+0800
[main]V/SignerInstance: Calling native end  : 2026-07-12T20:58:47.978+0800
[main]V/SignerInstance: Signing all the parameters end  : 2026-07-12T20:58:47.979+0800
[main]V/SignerInstance: Signing all the parameters begin: 2026-07-12T20:58:47.991+0800
[main]V/SignerInstance: Calling native begin: 2026-07-12T20:58:47.991+0800
[main]V/SignerInstance: Calling native end  : 2026-07-12T20:58:47.996+0800
[main]V/SignerInstance: Signing all the parameters end  : 2026-07-12T20:58:47.996+0800
[main]V/SignerInstance: Signing all the parameters begin: 2026-07-12T20:58:48.001+0800
[main]V/SignerInstance: Calling native begin: 2026-07-12T20:58:48.078+0800
[main]V/SignerInstance: Calling native end  : 2026-07-12T20:58:48.087+0800
[main]V/SignerInstance: Signing all the parameters end  : 2026-07-12T20:58:48.088+0800
[main]V/SignerInstance: Signing all the parameters begin: 2026-07-12T20:58:48.093+0800
[main]V/SignerInstance: Calling native begin: 2026-07-12T20:58:48.093+0800
[main]V/SignerInstance: Calling native end  : 2026-07-12T20:58:48.101+0800
[main]V/SignerInstance: Signing all the parameters end  : 2026-07-12T20:58:48.101+0800
[main]V/SignerInstance: Signing all the parameters begin: 2026-07-12T20:58:48.105+0800
[main]V/SignerInstance: Calling native begin: 2026-07-12T20:58:48.105+0800
[main]V/SignerInstance: Calling native end  : 2026-07-12T20:58:48.112+0800
[main]V/SignerInstance: Signing all the parameters end  : 2026-07-12T20:58:48.113+0800
[main]V/SignerInstance: Signing all the parameters begin: 2026-07-12T20:58:48.117+0800
[main]V/SignerInstance: Calling native begin: 2026-07-12T20:58:48.117+0800
[main]V/SignerInstance: Calling native end  : 2026-07-12T20:58:48.122+0800
[main]V/SignerInstance: Signing all the parameters end  : 2026-07-12T20:58:48.122+0800
[main]V/SignerInstance: Signing all the parameters begin: 2026-07-12T20:58:48.125+0800
[main]V/SignerInstance: Calling native begin: 2026-07-12T20:58:48.126+0800
[main]V/SignerInstance: Calling native end  : 2026-07-12T20:58:48.131+0800
[main]V/SignerInstance: Signing all the parameters end  : 2026-07-12T20:58:48.131+0800
[main]V/SignerInstance: Signing all the parameters begin: 2026-07-12T20:58:48.135+0800
[main]V/SignerInstance: Calling native begin: 2026-07-12T20:58:48.177+0800
[main]V/SignerInstance: Calling native end  : 2026-07-12T20:58:48.185+0800
[main]V/SignerInstance: Signing all the parameters end  : 2026-07-12T20:58:48.185+0800
[main]V/SignerInstance: Signing all the parameters begin: 2026-07-12T20:58:48.188+0800
[main]V/SignerInstance: Calling native begin: 2026-07-12T20:58:48.188+0800
[main]V/SignerInstance: Calling native end  : 2026-07-12T20:58:48.194+0800
[main]V/SignerInstance: Signing all the parameters end  : 2026-07-12T20:58:48.194+0800
[main]V/SignerInstance: Signing all the parameters begin: 2026-07-12T20:58:48.197+0800
[main]V/SignerInstance: Calling native begin: 2026-07-12T20:58:48.197+0800
[main]V/SignerInstance: Calling native end  : 2026-07-12T20:58:48.202+0800
[main]V/SignerInstance: Signing all the parameters end  : 2026-07-12T20:58:48.202+0800
[main]V/SignerInstance: Signing all the parameters begin: 2026-07-12T20:58:48.205+0800
[main]V/SignerInstance: Calling native begin: 2026-07-12T20:58:48.205+0800
[main]V/SignerInstance: Calling native end  : 2026-07-12T20:58:48.212+0800
[main]V/SignerInstance: Signing all the parameters end  : 2026-07-12T20:58:48.212+0800
[main]V/SignerInstance: Signing all the parameters begin: 2026-07-12T20:58:48.216+0800
[main]V/SignerInstance: Calling native begin: 2026-07-12T20:58:48.216+0800
[main]V/SignerInstance: Calling native end  : 2026-07-12T20:58:48.223+0800
[main]V/SignerInstance: Signing all the parameters end  : 2026-07-12T20:58:48.223+0800
[main]V/SignerInstance: Signing all the parameters begin: 2026-07-12T20:58:48.227+0800
[main]V/SignerInstance: Calling native begin: 2026-07-12T20:58:48.227+0800
[main]V/SignerInstance: Calling native end  : 2026-07-12T20:58:48.235+0800
[main]V/SignerInstance: Signing all the parameters end  : 2026-07-12T20:58:48.235+0800
[main]V/SignerInstance: Signing all the parameters begin: 2026-07-12T20:58:48.239+0800
[main]V/SignerInstance: Calling native begin: 2026-07-12T20:58:48.239+0800
[main]V/SignerInstance: Calling native end  : 2026-07-12T20:58:48.247+0800
[main]V/SignerInstance: Signing all the parameters end  : 2026-07-12T20:58:48.248+0800
[main]V/SignerInstance: Signing all the parameters begin: 2026-07-12T20:58:48.255+0800
[main]V/SignerInstance: Calling native begin: 2026-07-12T20:58:48.283+0800
[main]V/SignerInstance: Calling native end  : 2026-07-12T20:58:48.290+0800
[main]V/SignerInstance: Signing all the parameters end  : 2026-07-12T20:58:48.290+0800
loaded libsigner.so base=0x12340000 size=0x148000
[main]V/SignerInstance: Signing all the parameters begin: 2026-07-12T20:58:49.466+0800
[main]V/SignerInstance: Calling native begin: 2026-07-12T20:58:49.466+0800
[main] WARN com.github.unidbg.Utils - read path=java.io.RandomAccessFile@723ed581, fp=10674152, _count=4096, length=10670511, buffer=RW@0x12309000
[main]V/SignerInstance: Calling native end  : 2026-07-12T20:59:02.642+0800
[main]V/SignerInstance: Signing all the parameters end  : 2026-07-12T20:59:02.642+0800
[main]V/SignerInstance: Signing all the parameters begin: 2026-07-12T20:59:02.645+0800
[main]V/SignerInstance: Calling native begin: 2026-07-12T20:59:02.645+0800
[main]V/SignerInstance: Calling native end  : 2026-07-12T20:59:02.661+0800
[main]V/SignerInstance: Signing all the parameters end  : 2026-07-12T20:59:02.661+0800
loaded libsigner.so base=0x12340000 size=0x148000
[main]V/SignerInstance: Signing all the parameters begin: 2026-07-12T20:59:02.844+0800
[main]V/SignerInstance: Calling native begin: 2026-07-12T20:59:02.844+0800
[main] WARN com.github.unidbg.Utils - read path=java.io.RandomAccessFile@5f9b6ae7, fp=10674152, _count=4096, length=10670511, buffer=RW@0x12309000
[main]V/SignerInstance: Calling native end  : 2026-07-12T20:59:15.635+0800
[main]V/SignerInstance: Signing all the parameters end  : 2026-07-12T20:59:15.635+0800
[main]V/SignerInstance: Signing all the parameters begin: 2026-07-12T20:59:15.638+0800
[main]V/SignerInstance: Calling native begin: 2026-07-12T20:59:15.638+0800
[main]V/SignerInstance: Calling native end  : 2026-07-12T20:59:15.648+0800
[main]V/SignerInstance: Signing all the parameters end  : 2026-07-12T20:59:15.648+0800
[main]V/SignerInstance: SDKv5 Signing all the parameters begin: 2026-07-12T20:59:16.242+0800
[main]V/SignerInstance: Signing all the parameters begin: 2026-07-12T20:59:16.245+0800
[main]V/SignerInstance: Calling native begin: 2026-07-12T20:59:16.253+0800
[main]V/SignerInstance: Calling native end  : 2026-07-12T20:59:16.253+0800
[main]V/SignerInstance: Signing all the parameters end  : 2026-07-12T20:59:16.253+0800
[main]V/SignerInstance: SDKv5 Signing all the parameters end  : 2026-07-12T20:59:16.258+0800
[main]V/SignerInstance: Signing all the parameters begin: 2026-07-12T20:59:16.265+0800
[main]V/SignerInstance: Calling native begin: 2026-07-12T20:59:16.265+0800
[main]V/SignerInstance: Calling native end  : 2026-07-12T20:59:16.265+0800
[main]V/SignerInstance: Signing all the parameters end  : 2026-07-12T20:59:16.265+0800
[main]V/SignerInstance: Signing all the parameters begin: 2026-07-12T20:59:16.265+0800
[main]V/SignerInstance: Calling native begin: 2026-07-12T20:59:16.266+0800
[main]V/SignerInstance: Calling native end  : 2026-07-12T20:59:16.266+0800
[main]V/SignerInstance: Signing all the parameters end  : 2026-07-12T20:59:16.266+0800
loaded libsigner.so base=0x12340000 size=0x148000
[main]V/SignerInstance: Signing all the parameters begin: 2026-07-12T20:59:17.729+0800
[main]V/SignerInstance: Calling native begin: 2026-07-12T20:59:17.737+0800
[main]V/signer: Signing all the parameters begin: 2025-10-09T04:53:20.123Z-0400
[main]V/signer: Signing all the parameters end  : 2025-10-09T04:53:20.123Z-0400
[main]V/SignerInstance: Calling native end  : 2026-07-12T20:59:21.066+0800
[main]V/SignerInstance: Signing all the parameters end  : 2026-07-12T20:59:21.066+0800
[main]V/SignerInstance: Signing all the parameters begin: 2026-07-12T20:59:21.067+0800
[main]V/SignerInstance: Calling native begin: 2026-07-12T20:59:21.067+0800
[main]V/signer: Signing all the parameters begin: 2025-10-09T04:53:20.123Z-0400
[main]V/signer: Signing all the parameters end  : 2025-10-09T04:53:20.123Z-0400
[main]V/SignerInstance: Calling native end  : 2026-07-12T20:59:24.390+0800
[main]V/SignerInstance: Signing all the parameters end  : 2026-07-12T20:59:24.390+0800
[main]V/SignerInstance: SDKv5 Signing all the parameters begin: 2026-07-12T20:59:24.391+0800
[main]V/SignerInstance: Signing all the parameters begin: 2026-07-12T20:59:24.391+0800
[main]V/SignerInstance: Calling native begin: 2026-07-12T20:59:24.391+0800
[main]V/signer: Signing all the parameters begin: 2025-10-09T04:53:20.123Z-0400
[main]V/signer: Signing all the parameters end  : 2025-10-09T04:53:20.123Z-0400
[main]V/SignerInstance: Calling native end  : 2026-07-12T20:59:27.707+0800
[main]V/SignerInstance: Signing all the parameters end  : 2026-07-12T20:59:27.707+0800
[main]V/SignerInstance: SDKv5 Signing all the parameters end  : 2026-07-12T20:59:27.711+0800
loaded libsigner.so base=0x12340000 size=0x148000
[main]V/SignerInstance: Signing all the parameters begin: 2026-07-12T20:59:29.306+0800
[main]V/SignerInstance: Calling native begin: 2026-07-12T20:59:29.310+0800
[main] WARN com.github.unidbg.Utils - read path=java.io.RandomAccessFile@226f885f, fp=10674152, _count=4096, length=10670710, buffer=RW@0x12309000
[main]V/SignerInstance: Calling native end  : 2026-07-12T20:59:42.544+0800
[main]V/SignerInstance: Signing all the parameters end  : 2026-07-12T20:59:42.544+0800
loaded libsigner.so base=0x12340000 size=0x148000
[main]V/SignerInstance: Signing all the parameters begin: 2026-07-12T20:59:42.740+0800
[main]V/SignerInstance: Calling native begin: 2026-07-12T20:59:42.819+0800
[main] WARN com.github.unidbg.Utils - read path=java.io.RandomAccessFile@55f45b92, fp=10674152, _count=4096, length=10670710, buffer=RW@0x12309000
[main]V/SignerInstance: Calling native end  : 2026-07-12T20:59:56.036+0800
[main]V/SignerInstance: Signing all the parameters end  : 2026-07-12T20:59:56.036+0800
[main]V/SignerInstance: Signing all the parameters begin: 2026-07-12T20:59:56.683+0800
[main]V/SignerInstance: Calling native begin: 2026-07-12T20:59:56.695+0800
[main]V/SignerInstance: Calling native end  : 2026-07-12T20:59:56.695+0800
[main]V/SignerInstance: Signing all the parameters end  : 2026-07-12T20:59:56.695+0800
[main]V/SignerInstance: SDKv5 Signing all the parameters begin: 2026-07-12T20:59:56.708+0800
[main]V/SignerInstance: Signing all the parameters begin: 2026-07-12T20:59:56.709+0800
[main]V/SignerInstance: Calling native begin: 2026-07-12T20:59:56.709+0800
[main]V/SignerInstance: Calling native end  : 2026-07-12T20:59:56.709+0800
[main]V/SignerInstance: Signing all the parameters end  : 2026-07-12T20:59:56.709+0800
[main]V/SignerInstance: SDKv5 Signing all the parameters end  : 2026-07-12T20:59:56.715+0800
[main]V/SignerInstance: Signing all the parameters begin: 2026-07-12T20:59:56.717+0800
[main]V/SignerInstance: Calling native begin: 2026-07-12T20:59:56.717+0800
[main]V/SignerInstance: Calling native end  : 2026-07-12T20:59:56.717+0800
[main]V/SignerInstance: Signing all the parameters end  : 2026-07-12T20:59:56.717+0800
[main]V/SignerInstance: Signing all the parameters begin: 2026-07-12T20:59:56.718+0800
[main]V/SignerInstance: Calling native begin: 2026-07-12T20:59:56.718+0800
[main]V/SignerInstance: Calling native end  : 2026-07-12T20:59:56.718+0800
[main]V/SignerInstance: Signing all the parameters end  : 2026-07-12T20:59:56.718+0800
[main]V/SignerInstance: Signing all the parameters begin: 2026-07-12T20:59:56.722+0800
[main]V/SignerInstance: Calling native begin: 2026-07-12T20:59:56.722+0800
[main]V/SignerInstance: Calling native end  : 2026-07-12T20:59:56.722+0800
[main]V/SignerInstance: Signing all the parameters end  : 2026-07-12T20:59:56.722+0800
[main]V/SignerInstance: Signing all the parameters begin: 2026-07-12T20:59:56.727+0800
[main]V/SignerInstance: Calling native begin: 2026-07-12T20:59:56.727+0800
[main]V/SignerInstance: Calling native end  : 2026-07-12T20:59:56.727+0800
[main]V/SignerInstance: Signing all the parameters end  : 2026-07-12T20:59:56.727+0800
[main]V/SignerInstance: Signing all the parameters begin: 2026-07-12T20:59:56.728+0800
[main]V/SignerInstance: Calling native begin: 2026-07-12T20:59:56.728+0800
[main]V/SignerInstance: Calling native end  : 2026-07-12T20:59:56.728+0800
[main]V/SignerInstance: Signing all the parameters end  : 2026-07-12T20:59:56.728+0800
[main]V/SignerInstance: Signing all the parameters begin: 2026-07-12T20:59:57.026+0800
[main]V/SignerInstance: Calling native begin: 2026-07-12T20:59:57.040+0800
[main]V/SignerInstance: Calling native end  : 2026-07-12T20:59:57.040+0800
[main]V/SignerInstance: Signing all the parameters end  : 2026-07-12T20:59:57.041+0800
[main]V/SignerInstance: Signing all the parameters begin: 2026-07-12T20:59:57.048+0800
[main]E/SignerInstance: sign: Api is less than JellyBean-4-18
[main]V/SignerInstance: Signing all the parameters begin: 2026-07-12T20:59:57.049+0800
[main]V/SignerInstance: Calling native begin: 2026-07-12T20:59:57.050+0800
[main]V/SignerInstance: Calling native end  : 2026-07-12T20:59:57.050+0800
[main]V/SignerInstance: Signing all the parameters end  : 2026-07-12T20:59:57.050+0800
[main]V/SignerInstance: Signing all the parameters begin: 2026-07-12T20:59:57.051+0800
[main]V/SignerInstance: Calling native begin: 2026-07-12T20:59:57.131+0800
[main]V/SignerInstance: Calling native end  : 2026-07-12T20:59:57.131+0800
[main]V/SignerInstance: Signing all the parameters end  : 2026-07-12T20:59:57.131+0800
[main]V/SignerInstance: SDKv5 Signing all the parameters begin: 2026-07-12T20:59:57.132+0800
[main]V/SignerInstance: Signing all the parameters begin: 2026-07-12T20:59:57.133+0800
[main]V/SignerInstance: Calling native begin: 2026-07-12T20:59:57.133+0800
[main]V/SignerInstance: Calling native end  : 2026-07-12T20:59:57.133+0800
[main]V/SignerInstance: Signing all the parameters end  : 2026-07-12T20:59:57.133+0800
[main]V/SignerInstance: SDKv5 Signing all the parameters end  : 2026-07-12T20:59:57.139+0800
[main]V/SignerInstance: SDKv5 Signing all the parameters begin: 2026-07-12T20:59:57.140+0800
[main]V/SignerInstance: SDKv5 Signing all the parameters end  : 2026-07-12T20:59:57.140+0800
loaded libsigner.so base=0x12340000 size=0x148000
[main] WARN com.github.unidbg.linux.ARM64SyscallHandler - handleInterrupt intno=2, NR=107, svcNumber=0x0, PC=RX@0x121aa74c[libc.so]0x6a74c, LR=RX@0x121630e0[libc.so]0x230e0, syscall=null
[main] WARN com.github.unidbg.linux.ARM64SyscallHandler - handleInterrupt intno=2, NR=110, svcNumber=0x0, PC=RX@0x121aab6c[libc.so]0x6ab6c, LR=RX@0x12414b3c[libsigner.so]0xd4b3c, syscall=null
[main]V/SignerInstance: Signing all the parameters begin: 2026-07-12T20:59:59.309+0800
[main]V/SignerInstance: Calling native begin: 2026-07-12T20:59:59.318+0800
[main]V/signer: Signing all the parameters begin: 2026-07-12T08:59:59.327Z-0400
[main]V/signer: Signing all the parameters end  : 2026-07-12T09:00:02.656Z-0400
[main]V/SignerInstance: Calling native end  : 2026-07-12T21:00:02.683+0800
[main]V/SignerInstance: Signing all the parameters end  : 2026-07-12T21:00:02.684+0800
[main]V/SignerInstance: Signing all the parameters begin: 2026-07-12T21:00:02.685+0800
[main]V/SignerInstance: Calling native begin: 2026-07-12T21:00:02.685+0800
[main]V/signer: Signing all the parameters begin: 2026-07-12T09:00:02.695Z-0400
[main]V/signer: Signing all the parameters end  : 2026-07-12T09:00:06.002Z-0400
[main]V/SignerInstance: Calling native end  : 2026-07-12T21:00:06.029+0800
[main]V/SignerInstance: Signing all the parameters end  : 2026-07-12T21:00:06.029+0800
