=== maven attempt 1 ===
[main]V/SignerInstance: Signing all the parameters begin: 2026-07-12T11:22:39.188+0800
[main]V/SignerInstance: Calling native begin: 2026-07-12T11:22:39.206+0800
[main]V/SignerInstance: Calling native end  : 2026-07-12T11:22:39.242+0800
[main]V/SignerInstance: Signing all the parameters end  : 2026-07-12T11:22:39.243+0800
[main]V/SignerInstance: Signing all the parameters begin: 2026-07-12T11:22:39.264+0800
[main]V/SignerInstance: Calling native begin: 2026-07-12T11:22:39.264+0800
[main]V/SignerInstance: Calling native end  : 2026-07-12T11:22:39.283+0800
[main]V/SignerInstance: Signing all the parameters end  : 2026-07-12T11:22:39.283+0800
[main]V/SignerInstance: Signing all the parameters begin: 2026-07-12T11:22:39.292+0800
[main]V/SignerInstance: Calling native begin: 2026-07-12T11:22:39.292+0800
[main]V/SignerInstance: Calling native end  : 2026-07-12T11:22:39.310+0800
[main]V/SignerInstance: Signing all the parameters end  : 2026-07-12T11:22:39.310+0800
[main]V/SignerInstance: Signing all the parameters begin: 2026-07-12T11:22:39.317+0800
[main]V/SignerInstance: Calling native begin: 2026-07-12T11:22:39.317+0800
[main]V/SignerInstance: Calling native end  : 2026-07-12T11:22:39.325+0800
[main]V/SignerInstance: Signing all the parameters end  : 2026-07-12T11:22:39.325+0800
[main]V/SignerInstance: Signing all the parameters begin: 2026-07-12T11:22:39.329+0800
[main]V/SignerInstance: Calling native begin: 2026-07-12T11:22:39.330+0800
[main]V/SignerInstance: Calling native end  : 2026-07-12T11:22:39.339+0800
[main]V/SignerInstance: Signing all the parameters end  : 2026-07-12T11:22:39.339+0800
[main]V/SignerInstance: Signing all the parameters begin: 2026-07-12T11:22:39.343+0800
[main]V/SignerInstance: Calling native begin: 2026-07-12T11:22:39.344+0800
[main]V/SignerInstance: Calling native end  : 2026-07-12T11:22:39.352+0800
[main]V/SignerInstance: Signing all the parameters end  : 2026-07-12T11:22:39.352+0800
[main]V/SignerInstance: Signing all the parameters begin: 2026-07-12T11:22:39.356+0800
[main]V/SignerInstance: Calling native begin: 2026-07-12T11:22:39.356+0800
[main]V/SignerInstance: Calling native end  : 2026-07-12T11:22:39.364+0800
[main]V/SignerInstance: Signing all the parameters end  : 2026-07-12T11:22:39.364+0800
[main]V/SignerInstance: Signing all the parameters begin: 2026-07-12T11:22:39.369+0800
[main]V/SignerInstance: Calling native begin: 2026-07-12T11:22:39.369+0800
[main]V/SignerInstance: Calling native end  : 2026-07-12T11:22:39.381+0800
[main]V/SignerInstance: Signing all the parameters end  : 2026-07-12T11:22:39.381+0800
[main]V/SignerInstance: Signing all the parameters begin: 2026-07-12T11:22:39.385+0800
[main]V/SignerInstance: Calling native begin: 2026-07-12T11:22:39.385+0800
[main]V/SignerInstance: Calling native end  : 2026-07-12T11:22:39.395+0800
[main]V/SignerInstance: Signing all the parameters end  : 2026-07-12T11:22:39.395+0800
[main]V/SignerInstance: Signing all the parameters begin: 2026-07-12T11:22:39.399+0800
[main]V/SignerInstance: Calling native begin: 2026-07-12T11:22:39.399+0800
[main]V/SignerInstance: Calling native end  : 2026-07-12T11:22:39.409+0800
[main]V/SignerInstance: Signing all the parameters end  : 2026-07-12T11:22:39.409+0800
[main]V/SignerInstance: Signing all the parameters begin: 2026-07-12T11:22:39.413+0800
[main]V/SignerInstance: Calling native begin: 2026-07-12T11:22:39.413+0800
[main]V/SignerInstance: Calling native end  : 2026-07-12T11:22:39.422+0800
[main]V/SignerInstance: Signing all the parameters end  : 2026-07-12T11:22:39.423+0800
[main]V/SignerInstance: SDKv5 Signing all the parameters begin: 2026-07-12T11:22:40.308+0800
[main]V/SignerInstance: Signing all the parameters begin: 2026-07-12T11:22:40.312+0800
[main]V/SignerInstance: Calling native begin: 2026-07-12T11:22:40.324+0800
[main]V/SignerInstance: Calling native end  : 2026-07-12T11:22:40.324+0800
[main]V/SignerInstance: Signing all the parameters end  : 2026-07-12T11:22:40.325+0800
[main]V/SignerInstance: SDKv5 Signing all the parameters end  : 2026-07-12T11:22:40.332+0800
[main]V/SignerInstance: Signing all the parameters begin: 2026-07-12T11:22:40.344+0800
[main]V/SignerInstance: Calling native begin: 2026-07-12T11:22:40.344+0800
[main]V/SignerInstance: Calling native end  : 2026-07-12T11:22:40.344+0800
[main]V/SignerInstance: Signing all the parameters end  : 2026-07-12T11:22:40.344+0800
[main]V/SignerInstance: Signing all the parameters begin: 2026-07-12T11:22:40.345+0800
[main]V/SignerInstance: Calling native begin: 2026-07-12T11:22:40.345+0800
[main]V/SignerInstance: Calling native end  : 2026-07-12T11:22:40.345+0800
[main]V/SignerInstance: Signing all the parameters end  : 2026-07-12T11:22:40.345+0800
loaded libsigner.so base=0x12340000 size=0x148000
[main]V/SignerInstance: Signing all the parameters begin: 2026-07-12T11:22:48.048+0800
[main]V/SignerInstance: Calling native begin: 2026-07-12T11:22:48.065+0800
[main]V/signer: Signing all the parameters begin: 2025-10-09T04:53:20.123Z-0400
[main]V/signer: Signing all the parameters end  : 2025-10-09T04:53:20.123Z-0400
[main]V/SignerInstance: Calling native end  : 2026-07-12T11:22:53.014+0800
[main]V/SignerInstance: Signing all the parameters end  : 2026-07-12T11:22:53.015+0800
[main]V/SignerInstance: Signing all the parameters begin: 2026-07-12T11:22:53.016+0800
[main]V/SignerInstance: Calling native begin: 2026-07-12T11:22:53.017+0800
[main]V/signer: Signing all the parameters begin: 2025-10-09T04:53:20.123Z-0400
[main]V/signer: Signing all the parameters end  : 2025-10-09T04:53:20.123Z-0400
[main]V/SignerInstance: Calling native end  : 2026-07-12T11:23:01.907+0800
[main]V/SignerInstance: Signing all the parameters end  : 2026-07-12T11:23:01.907+0800
[main]V/SignerInstance: SDKv5 Signing all the parameters begin: 2026-07-12T11:23:01.908+0800
[main]V/SignerInstance: Signing all the parameters begin: 2026-07-12T11:23:01.909+0800
[main]V/SignerInstance: Calling native begin: 2026-07-12T11:23:01.910+0800
[main]V/signer: Signing all the parameters begin: 2025-10-09T04:53:20.123Z-0400
[main]V/signer: Signing all the parameters end  : 2025-10-09T04:53:20.123Z-0400
[main]V/SignerInstance: Calling native end  : 2026-07-12T11:23:10.370+0800
[main]V/SignerInstance: Signing all the parameters end  : 2026-07-12T11:23:10.370+0800
[main]V/SignerInstance: SDKv5 Signing all the parameters end  : 2026-07-12T11:23:10.376+0800
[main]V/SignerInstance: Signing all the parameters begin: 2026-07-12T11:23:11.202+0800
[main]V/SignerInstance: Calling native begin: 2026-07-12T11:23:11.216+0800
[main]V/SignerInstance: Calling native end  : 2026-07-12T11:23:11.216+0800
[main]V/SignerInstance: Signing all the parameters end  : 2026-07-12T11:23:11.217+0800
[main]V/SignerInstance: SDKv5 Signing all the parameters begin: 2026-07-12T11:23:11.231+0800
[main]V/SignerInstance: Signing all the parameters begin: 2026-07-12T11:23:11.231+0800
[main]V/SignerInstance: Calling native begin: 2026-07-12T11:23:11.232+0800
[main]V/SignerInstance: Calling native end  : 2026-07-12T11:23:11.232+0800
[main]V/SignerInstance: Signing all the parameters end  : 2026-07-12T11:23:11.232+0800
[main]V/SignerInstance: SDKv5 Signing all the parameters end  : 2026-07-12T11:23:11.239+0800
[main]V/SignerInstance: Signing all the parameters begin: 2026-07-12T11:23:11.241+0800
[main]V/SignerInstance: Calling native begin: 2026-07-12T11:23:11.242+0800
[main]V/SignerInstance: Calling native end  : 2026-07-12T11:23:11.242+0800
[main]V/SignerInstance: Signing all the parameters end  : 2026-07-12T11:23:11.242+0800
[main]V/SignerInstance: Signing all the parameters begin: 2026-07-12T11:23:11.243+0800
[main]V/SignerInstance: Calling native begin: 2026-07-12T11:23:11.244+0800
[main]V/SignerInstance: Calling native end  : 2026-07-12T11:23:11.244+0800
[main]V/SignerInstance: Signing all the parameters end  : 2026-07-12T11:23:11.244+0800
[main]V/SignerInstance: Signing all the parameters begin: 2026-07-12T11:23:11.248+0800
[main]V/SignerInstance: Calling native begin: 2026-07-12T11:23:11.248+0800
[main]V/SignerInstance: Calling native end  : 2026-07-12T11:23:11.248+0800
[main]V/SignerInstance: Signing all the parameters end  : 2026-07-12T11:23:11.248+0800
[main]V/SignerInstance: Signing all the parameters begin: 2026-07-12T11:23:11.253+0800
[main]V/SignerInstance: Calling native begin: 2026-07-12T11:23:11.253+0800
[main]V/SignerInstance: Calling native end  : 2026-07-12T11:23:11.253+0800
[main]V/SignerInstance: Signing all the parameters end  : 2026-07-12T11:23:11.253+0800
[main]V/SignerInstance: Signing all the parameters begin: 2026-07-12T11:23:11.254+0800
[main]V/SignerInstance: Calling native begin: 2026-07-12T11:23:11.254+0800
[main]V/SignerInstance: Calling native end  : 2026-07-12T11:23:11.254+0800
[main]V/SignerInstance: Signing all the parameters end  : 2026-07-12T11:23:11.254+0800
[main]V/SignerInstance: Signing all the parameters begin: 2026-07-12T11:23:11.689+0800
[main]V/SignerInstance: Calling native begin: 2026-07-12T11:23:11.706+0800
[main]V/SignerInstance: Calling native end  : 2026-07-12T11:23:11.706+0800
[main]V/SignerInstance: Signing all the parameters end  : 2026-07-12T11:23:11.707+0800
[main]V/SignerInstance: Signing all the parameters begin: 2026-07-12T11:23:11.717+0800
[main]E/SignerInstance: sign: Api is less than JellyBean-4-18
[main]V/SignerInstance: Signing all the parameters begin: 2026-07-12T11:23:11.718+0800
[main]V/SignerInstance: Calling native begin: 2026-07-12T11:23:11.719+0800
[main]V/SignerInstance: Calling native end  : 2026-07-12T11:23:11.719+0800
[main]V/SignerInstance: Signing all the parameters end  : 2026-07-12T11:23:11.719+0800
[main]V/SignerInstance: Signing all the parameters begin: 2026-07-12T11:23:11.721+0800
[main]V/SignerInstance: Calling native begin: 2026-07-12T11:23:11.796+0800
[main]V/SignerInstance: Calling native end  : 2026-07-12T11:23:11.796+0800
[main]V/SignerInstance: Signing all the parameters end  : 2026-07-12T11:23:11.796+0800
[main]V/SignerInstance: SDKv5 Signing all the parameters begin: 2026-07-12T11:23:11.797+0800
[main]V/SignerInstance: Signing all the parameters begin: 2026-07-12T11:23:11.798+0800
[main]V/SignerInstance: Calling native begin: 2026-07-12T11:23:11.798+0800
[main]V/SignerInstance: Calling native end  : 2026-07-12T11:23:11.798+0800
[main]V/SignerInstance: Signing all the parameters end  : 2026-07-12T11:23:11.798+0800
[main]V/SignerInstance: SDKv5 Signing all the parameters end  : 2026-07-12T11:23:11.805+0800
[main]V/SignerInstance: SDKv5 Signing all the parameters begin: 2026-07-12T11:23:11.806+0800
[main]V/SignerInstance: SDKv5 Signing all the parameters end  : 2026-07-12T11:23:11.806+0800
loaded libsigner.so base=0x12340000 size=0x148000
[main] WARN com.github.unidbg.linux.ARM64SyscallHandler - handleInterrupt intno=2, NR=107, svcNumber=0x0, PC=RX@0x121aa74c[libc.so]0x6a74c, LR=RX@0x121630e0[libc.so]0x230e0, syscall=null
[main] WARN com.github.unidbg.linux.ARM64SyscallHandler - handleInterrupt intno=2, NR=110, svcNumber=0x0, PC=RX@0x121aab6c[libc.so]0x6ab6c, LR=RX@0x12414b3c[libsigner.so]0xd4b3c, syscall=null
[main]V/SignerInstance: Signing all the parameters begin: 2026-07-12T11:23:16.327+0800
[main]V/SignerInstance: Calling native begin: 2026-07-12T11:23:16.355+0800
[main]V/signer: Signing all the parameters begin: 2026-07-11T23:23:16.373Z-0400
[main]V/signer: Signing all the parameters end  : 2026-07-11T23:23:23.978Z-0400
[main]V/SignerInstance: Calling native end  : 2026-07-12T11:23:24.000+0800
[main]V/SignerInstance: Signing all the parameters end  : 2026-07-12T11:23:24.002+0800
[main]V/SignerInstance: Signing all the parameters begin: 2026-07-12T11:23:24.004+0800
[main]V/SignerInstance: Calling native begin: 2026-07-12T11:23:24.004+0800
[main]V/signer: Signing all the parameters begin: 2026-07-11T23:23:24.012Z-0400
[main]V/signer: Signing all the parameters end  : 2026-07-11T23:23:32.667Z-0400
[main]V/SignerInstance: Calling native end  : 2026-07-12T11:23:32.687+0800
[main]V/SignerInstance: Signing all the parameters end  : 2026-07-12T11:23:32.688+0800
=== maven PASS ===
=== test-api-contract.sh attempt 1 ===
API contract and runtime independence OK
=== test-api-contract.sh PASS ===
=== test-one-click-signer.sh attempt 1 ===
{"signed":true,"version":"V4","rawSignatureHex":"3b273362218b186a73e7349775b93f11815370821c07e8db8bfb4b7b8819281ded02455b535ccd4b2654bd6edee4f1ffeafa124c5f03111ef8b0ad10cfad9686f87d0de3bf77ae83f8f171670d960d0c65656399a092d771fe9fa5a6ff75351ec8312e4feb7b9cb0c3b27f383cd2cb6a77a8fd2a3a8daea1b558262ebaab5ae470f0089b47fadcfc3e5f480109987a53bd4f09210345cad61358392e18b52e2b2dc093a4acef479f05ddc2586a21db8e","signatureBase64":"OyczYiGLGGpz5zSXdbk/EYFTcIIcB+jbi/tLe4gZKB3tAkVbU1zNSyZUvW7e5PH/6voSTF8DER74sK0Qz62Whvh9DeO/d66D+PFxZw2WDQxlZWOZoJLXcf6fpab/dTUeyDEuT+t7nLDDsn84PNLLaneo/So6ja6htVgmLrqrWuRw8AibR/rc/D5fSAEJmHpTvU8JIQNFytYTWDkuGLUuKy3Ak6Ss70efBd3CWGoh244=","metadata":{"signature":"OyczYiGLGGpz5zSXdbk/EYFTcIIcB+jbi/tLe4gZKB3tAkVbU1zNSyZUvW7e5PH/6voSTF8DER74sK0Qz62Whvh9DeO/d66D+PFxZw2WDQxlZWOZoJLXcf6fpab/dTUeyDEuT+t7nLDDsn84PNLLaneo/So6ja6htVgmLrqrWuRw8AibR/rc/D5fSAEJmHpTvU8JIQNFytYTWDkuGLUuKy3Ak6Ss70efBd3CWGoh244=","adj_signing_id":"1400000","algorithm":"adj8","headers_id":"9","native_version":"3.67.0"},"output":{"environment":"sandbox","app_token":"abc123","created_at":"2026-07-10T00:00:00.000+0800","gps_adid":"11111111-1111-1111-1111-111111111111","android_id":"0123456789abcdef","device_type":"phone","device_name":"Pixel 9 Pro","os_name":"android","os_version":"15","language":"zh","country":"CN","headers_id":"9","adj_signing_id":"1400000","native_version":"3.67.0","algorithm":"adj8","signature":"OyczYiGLGGpz5zSXdbk/EYFTcIIcB+jbi/tLe4gZKB3tAkVbU1zNSyZUvW7e5PH/6voSTF8DER74sK0Qz62Whvh9DeO/d66D+PFxZw2WDQxlZWOZoJLXcf6fpab/dTUeyDEuT+t7nLDDsn84PNLLaneo/So6ja6htVgmLrqrWuRw8AibR/rc/D5fSAEJmHpTvU8JIQNFytYTWDkuGLUuKy3Ak6Ss70efBd3CWGoh244="}}
one-click deterministic signer and strict reference verification OK
=== test-one-click-signer.sh PASS ===
=== test-external-structured-api.sh attempt 1 ===
[main]V/signer: Signing all the parameters begin: 2025-10-09T04:53:20.123Z-0400
[main]V/signer: Signing all the parameters end  : 2025-10-09T04:53:20.123Z-0400
[main]V/signer: Signing all the parameters begin: 2025-10-09T04:53:20.123Z-0400
[main]V/signer: Signing all the parameters end  : 2025-10-09T04:53:20.123Z-0400
STRUCTURED_SIGNER_SIGNED=true
STRUCTURED_SIGNER_RAW_LENGTH=176
STRUCTURED_SIGNER_SIGNATURE_BASE64=OyczYiGLGGpz5zSXdbk/EYFTcIIcB+jbi/tLe4gZKB3tAkVbU1zNSyZUvW7e5PH/8MT17u6KsUtEDtCaTa3hojMtJaaCFfVU0+6Xz7kg2lk3irbVNUYLRc1O8taaArPDHbOunjvg1uIX+t03Kbu1D5XWQ2pS9PxmWX9iMJGZZWoGJdrwqDpwqem9nXb5CneiZ1KCAjo+eICKaiDsmVsnvcCPVQlKH/QcF8pKloP8p/k=
STRUCTURED_SIGNER_HEADERS_ID=9
STRUCTURED_SIGNER_ADJ_SIGNING_ID=1400000
STRUCTURED_SIGNER_ALGORITHM=adj8
STRUCTURED_SIGNER_NATIVE_VERSION=3.67.0
STRUCTURED_SIGNER_OUTPUT={environment=sandbox, app_token=abc123, created_at=2026-07-10T00:00:00.000+0800, gps_adid=11111111-1111-1111-1111-111111111111, device_type=phone, os_name=android, os_version=35, headers_id=9, adj_signing_id=1400000, native_version=3.67.0, algorithm=adj8, signature=OyczYiGLGGpz5zSXdbk/EYFTcIIcB+jbi/tLe4gZKB3tAkVbU1zNSyZUvW7e5PH/8MT17u6KsUtEDtCaTa3hojMtJaaCFfVU0+6Xz7kg2lk3irbVNUYLRc1O8taaArPDHbOunjvg1uIX+t03Kbu1D5XWQ2pS9PxmWX9iMJGZZWoGJdrwqDpwqem9nXb5CneiZ1KCAjo+eICKaiDsmVsnvcCPVQlKH/QcF8pKloP8p/k=}
external structured signer API deterministic OK
=== test-external-structured-api.sh PASS ===
=== test-run-all.sh attempt 1 ===
run-all process isolation OK
=== test-run-all.sh PASS ===
=== test-run-python.sh attempt 1 ===
python wrapper contract OK
=== test-run-python.sh PASS ===
=== test-device-reference.sh attempt 1 ===
{"signed":true,"version":"V4","rawSignatureHex":"3b273362218b186a73e7349775b93f1151da6894512660bd1e9809e7c17c3898a2d0c5508f89e6c3022e6c8f7b442797abef7d1d32d8a04d887d2d1bf24b19b1f9ab2e878f79e9e4403f2fbb71ee5609443039c0ce6fc355892096d63e697e9ca2794cf0628c4403e0d6e9e452c356cbf881e5aebd431e2b583b6d923875d3eb9b3b2de520ab291ca72a1f1cd661d6af510d952d14921db3ae61537b5fccc21e45554bf72a6d107816fbbf28ebd8f6f7","signatureBase64":"OyczYiGLGGpz5zSXdbk/EVHaaJRRJmC9HpgJ58F8OJii0MVQj4nmwwIubI97RCeXq+99HTLYoE2IfS0b8ksZsfmrLoePeenkQD8vu3HuVglEMDnAzm/DVYkgltY+aX6conlM8GKMRAPg1unkUsNWy/iB5a69Qx4rWDttkjh10+ubOy3lIKspHKcqHxzWYdavUQ2VLRSSHbOuYVN7X8zCHkVVS/cqbRB4Fvu/KOvY9vc=","metadata":{"signature":"OyczYiGLGGpz5zSXdbk/EVHaaJRRJmC9HpgJ58F8OJii0MVQj4nmwwIubI97RCeXq+99HTLYoE2IfS0b8ksZsfmrLoePeenkQD8vu3HuVglEMDnAzm/DVYkgltY+aX6conlM8GKMRAPg1unkUsNWy/iB5a69Qx4rWDttkjh10+ubOy3lIKspHKcqHxzWYdavUQ2VLRSSHbOuYVN7X8zCHkVVS/cqbRB4Fvu/KOvY9vc=","adj_signing_id":"1400000","algorithm":"adj8","headers_id":"9","native_version":"3.67.0"},"output":{"environment":"sandbox","app_token":"abc123","created_at":"2026-07-10T00:00:00.000+0800","gps_adid":"11111111-1111-1111-1111-111111111111","android_id":"0123456789abcdef","device_type":"phone","device_name":"Pixel 9 Pro","os_name":"android","os_version":"15","language":"zh","country":"CN","headers_id":"9","adj_signing_id":"1400000","native_version":"3.67.0","algorithm":"adj8","signature":"OyczYiGLGGpz5zSXdbk/EVHaaJRRJmC9HpgJ58F8OJii0MVQj4nmwwIubI97RCeXq+99HTLYoE2IfS0b8ksZsfmrLoePeenkQD8vu3HuVglEMDnAzm/DVYkgltY+aX6conlM8GKMRAPg1unkUsNWy/iB5a69Qx4rWDttkjh10+ubOy3lIKspHKcqHxzWYdavUQ2VLRSSHbOuYVN7X8zCHkVVS/cqbRB4Fvu/KOvY9vc="}}
Pixel 8 device reference exact structured JSON match OK
=== test-device-reference.sh PASS ===
=== test-recovered-backend.sh attempt 1 ===
{"signed":true,"version":"V4","rawSignatureHex":"3b273362218b186a73e7349775b93f1151da6894512660bd1e9809e7c17c3898a2d0c5508f89e6c3022e6c8f7b442797abef7d1d32d8a04d887d2d1bf24b19b1f9ab2e878f79e9e4403f2fbb71ee5609443039c0ce6fc355892096d63e697e9ca2794cf0628c4403e0d6e9e452c356cbf881e5aebd431e2b583b6d923875d3eb9b3b2de520ab291ca72a1f1cd661d6af510d952d14921db3ae61537b5fccc21e45554bf72a6d107816fbbf28ebd8f6f7","signatureBase64":"OyczYiGLGGpz5zSXdbk/EVHaaJRRJmC9HpgJ58F8OJii0MVQj4nmwwIubI97RCeXq+99HTLYoE2IfS0b8ksZsfmrLoePeenkQD8vu3HuVglEMDnAzm/DVYkgltY+aX6conlM8GKMRAPg1unkUsNWy/iB5a69Qx4rWDttkjh10+ubOy3lIKspHKcqHxzWYdavUQ2VLRSSHbOuYVN7X8zCHkVVS/cqbRB4Fvu/KOvY9vc=","metadata":{"signature":"OyczYiGLGGpz5zSXdbk/EVHaaJRRJmC9HpgJ58F8OJii0MVQj4nmwwIubI97RCeXq+99HTLYoE2IfS0b8ksZsfmrLoePeenkQD8vu3HuVglEMDnAzm/DVYkgltY+aX6conlM8GKMRAPg1unkUsNWy/iB5a69Qx4rWDttkjh10+ubOy3lIKspHKcqHxzWYdavUQ2VLRSSHbOuYVN7X8zCHkVVS/cqbRB4Fvu/KOvY9vc=","adj_signing_id":"1400000","algorithm":"adj8","headers_id":"9","native_version":"3.67.0"},"output":{"environment":"sandbox","app_token":"abc123","created_at":"2026-07-10T00:00:00.000+0800","gps_adid":"11111111-1111-1111-1111-111111111111","android_id":"0123456789abcdef","device_type":"phone","device_name":"Pixel 9 Pro","os_name":"android","os_version":"15","language":"zh","country":"CN","headers_id":"9","adj_signing_id":"1400000","native_version":"3.67.0","algorithm":"adj8","signature":"OyczYiGLGGpz5zSXdbk/EVHaaJRRJmC9HpgJ58F8OJii0MVQj4nmwwIubI97RCeXq+99HTLYoE2IfS0b8ksZsfmrLoePeenkQD8vu3HuVglEMDnAzm/DVYkgltY+aX6conlM8GKMRAPg1unkUsNWy/iB5a69Qx4rWDttkjh10+ubOy3lIKspHKcqHxzWYdavUQ2VLRSSHbOuYVN7X8zCHkVVS/cqbRB4Fvu/KOvY9vc="}}
recovered C++ backend exact frozen Pixel reference match OK
=== test-recovered-backend.sh PASS ===
=== native-reimplementation attempt 1 ===
recovered native primitives: PASS
AES-256 Pixel first block: 51da6894512660bd1e9809e7c17c3898
Bionic rand-derived Pixel IV: 3b273362218b186a73e7349775b93f11
custom-state SHA-256 Pixel field 4: PASS
source-built Pixel payload: 113 plaintext bytes -> 128 ciphertext bytes
HMAC-SHA256 Pixel ciphertext tag: 32 bytes
Pixel native result layout: 16 IV + 128 ciphertext + 32 tag = 176 bytes
complete source-built Pixel 176-byte signature: PASS
corrections: 2b=d49d 36=b5d3 25=cacc 05=6ee6
SIGNATURE_HEX=123549ac1e84afbe4c96620b74fe22321ff754e352209fad235c4c83b2d4063e1560946d440193da1451cccc148c32a09bd4e5e6eec3b057551645502d01c0633cc7a4df2c63a8bd74ce36903d3e09f4b0bb3c6cfacede9ed89f40feca71810ed44d8ce4d70d952831879f740e9027e9f24719a8db8913328d32f23c158b8ac4c3b5894f6df16c09a466152bd2179e8c86fd68442db22ba1b8d24612bd10990f72b555a3fbff26a686f009db0d90ed02
timeSeconds=1760000001 original-SO oracle exact 176-byte match: PASS
signerCodeTrampolineDetected=false original-SO oracle exact 176-byte match: PASS
correction05Enabled=false original-SO oracle exact 176-byte match: PASS
empty /proc/self/maps original-SO oracle exact 176-byte match: PASS
missing /proc/self/maps original-SO oracle exact 176-byte match: PASS
changed device_name/nativePlaintext original-SO oracle exact 176-byte match: PASS
missing android_id/country/device_name original-SO oracle exact 176-byte match: PASS
APK/package certificate mismatch correction 0x2a original-SO oracle exact 176-byte match: PASS
nine corrections -> 16 halfwords -> 129-byte payload -> 192-byte result original-SO exact match: PASS
=== native-reimplementation PASS ===
=== FINAL FREEZE SHA ===
b163eb800b2a425158f6b825e8e9439b4b9bd1bca8b0ed0be2a155f2ef9ceca0  device-reference/references/pixel8-api36/reference-result.json
=== SUREFIRE TOTALS ===
Tests run: 1, Failures: 0, Errors: 0, Skipped: 0, Time elapsed: 0.028 s -- in com.adjust.sdk.sig.ApkManifestReaderTest
Tests run: 7, Failures: 0, Errors: 0, Skipped: 0, Time elapsed: 0.172 s -- in com.adjust.sdk.sig.SignerContractTest
Tests run: 1, Failures: 0, Errors: 0, Skipped: 0, Time elapsed: 20.18 s -- in com.adjust.sdk.sig.SignerNativeIntegrationTest
Tests run: 21, Failures: 0, Errors: 0, Skipped: 0, Time elapsed: 0.054 s -- in local.AdjustSignatureRunnerDiagnosticsTest
Tests run: 1, Failures: 0, Errors: 0, Skipped: 0, Time elapsed: 0.024 s -- in local.BionicRandomTest
Tests run: 1, Failures: 0, Errors: 0, Skipped: 0, Time elapsed: 0.059 s -- in local.DeviceProfileFlexibleTest
Tests run: 11, Failures: 0, Errors: 0, Skipped: 0, Time elapsed: 0.381 s -- in local.RecoveredNativeBackendIntegrationTest
Tests run: 1, Failures: 0, Errors: 0, Skipped: 0, Time elapsed: 29.55 s -- in local.SignerEngineNativeIntegrationTest
Tests run: 3, Failures: 0, Errors: 0, Skipped: 0, Time elapsed: 0.104 s -- in local.SignerEngineTest
Tests run: 4, Failures: 0, Errors: 0, Skipped: 0, Time elapsed: 0.161 s -- in local.SignerOneClickTest
