[main]V/SignerInstance: Signing all the parameters begin: 2026-07-13T12:25:25.122+0800
[main]V/SignerInstance: Calling native begin: 2026-07-13T12:25:25.141+0800
[main]V/SignerInstance: Calling native end  : 2026-07-13T12:25:25.184+0800
[main]V/SignerInstance: Signing all the parameters end  : 2026-07-13T12:25:25.185+0800
[main]V/SignerInstance: Signing all the parameters begin: 2026-07-13T12:25:25.203+0800
[main]V/SignerInstance: Calling native begin: 2026-07-13T12:25:25.204+0800
[main]V/SignerInstance: Calling native end  : 2026-07-13T12:25:25.228+0800
[main]V/SignerInstance: Signing all the parameters end  : 2026-07-13T12:25:25.228+0800
[main]V/SignerInstance: Signing all the parameters begin: 2026-07-13T12:25:25.238+0800
[main]V/SignerInstance: Calling native begin: 2026-07-13T12:25:25.239+0800
[main]V/SignerInstance: Calling native end  : 2026-07-13T12:25:25.246+0800
[main]V/SignerInstance: Signing all the parameters end  : 2026-07-13T12:25:25.246+0800
[main]V/SignerInstance: Signing all the parameters begin: 2026-07-13T12:25:25.257+0800
[main]V/SignerInstance: Calling native begin: 2026-07-13T12:25:25.364+0800
[main]V/SignerInstance: Calling native end  : 2026-07-13T12:25:25.389+0800
[main]V/SignerInstance: Signing all the parameters end  : 2026-07-13T12:25:25.389+0800
[main]V/SignerInstance: Signing all the parameters begin: 2026-07-13T12:25:25.403+0800
[main]V/SignerInstance: Calling native begin: 2026-07-13T12:25:25.404+0800
[main]V/SignerInstance: Calling native end  : 2026-07-13T12:25:25.430+0800
[main]V/SignerInstance: Signing all the parameters end  : 2026-07-13T12:25:25.431+0800
[main]V/SignerInstance: Signing all the parameters begin: 2026-07-13T12:25:25.448+0800
[main]V/SignerInstance: Calling native begin: 2026-07-13T12:25:25.449+0800
[main]V/SignerInstance: Calling native end  : 2026-07-13T12:25:25.475+0800
[main]V/SignerInstance: Signing all the parameters end  : 2026-07-13T12:25:25.475+0800
[main]V/SignerInstance: Signing all the parameters begin: 2026-07-13T12:25:25.484+0800
[main]V/SignerInstance: Calling native begin: 2026-07-13T12:25:25.484+0800
[main]V/SignerInstance: Calling native end  : 2026-07-13T12:25:25.501+0800
[main]V/SignerInstance: Signing all the parameters end  : 2026-07-13T12:25:25.501+0800
[main]V/SignerInstance: Signing all the parameters begin: 2026-07-13T12:25:25.517+0800
[main]V/SignerInstance: Calling native begin: 2026-07-13T12:25:25.518+0800
[main]V/SignerInstance: Calling native end  : 2026-07-13T12:25:25.531+0800
[main]V/SignerInstance: Signing all the parameters end  : 2026-07-13T12:25:25.531+0800
[main]V/SignerInstance: Signing all the parameters begin: 2026-07-13T12:25:25.543+0800
[main]V/SignerInstance: Calling native begin: 2026-07-13T12:25:25.544+0800
[main]V/SignerInstance: Calling native end  : 2026-07-13T12:25:25.553+0800
[main]V/SignerInstance: Signing all the parameters end  : 2026-07-13T12:25:25.553+0800
[main]V/SignerInstance: Signing all the parameters begin: 2026-07-13T12:25:25.560+0800
[main]V/SignerInstance: Calling native begin: 2026-07-13T12:25:25.638+0800
[main]V/SignerInstance: Calling native end  : 2026-07-13T12:25:25.653+0800
[main]V/SignerInstance: Signing all the parameters end  : 2026-07-13T12:25:25.653+0800
[main]V/SignerInstance: Signing all the parameters begin: 2026-07-13T12:25:25.658+0800
[main]V/SignerInstance: Calling native begin: 2026-07-13T12:25:25.658+0800
[main]V/SignerInstance: Calling native end  : 2026-07-13T12:25:25.667+0800
[main]V/SignerInstance: Signing all the parameters end  : 2026-07-13T12:25:25.667+0800
[main]V/SignerInstance: Signing all the parameters begin: 2026-07-13T12:25:25.672+0800
[main]V/SignerInstance: Calling native begin: 2026-07-13T12:25:25.672+0800
[main]V/SignerInstance: Calling native end  : 2026-07-13T12:25:25.679+0800
[main]V/SignerInstance: Signing all the parameters end  : 2026-07-13T12:25:25.680+0800
[main]V/SignerInstance: Signing all the parameters begin: 2026-07-13T12:25:25.685+0800
[main]V/SignerInstance: Calling native begin: 2026-07-13T12:25:25.686+0800
[main]V/SignerInstance: Calling native end  : 2026-07-13T12:25:25.700+0800
[main]V/SignerInstance: Signing all the parameters end  : 2026-07-13T12:25:25.701+0800
[main]V/SignerInstance: Signing all the parameters begin: 2026-07-13T12:25:25.733+0800
[main]V/SignerInstance: Calling native begin: 2026-07-13T12:25:25.733+0800
[main]V/SignerInstance: Calling native end  : 2026-07-13T12:25:25.744+0800
[main]V/SignerInstance: Signing all the parameters end  : 2026-07-13T12:25:25.745+0800
[main]V/SignerInstance: Signing all the parameters begin: 2026-07-13T12:25:25.750+0800
[main]V/SignerInstance: Calling native begin: 2026-07-13T12:25:25.750+0800
[main]V/SignerInstance: Calling native end  : 2026-07-13T12:25:25.760+0800
[main]V/SignerInstance: Signing all the parameters end  : 2026-07-13T12:25:25.760+0800
[main]V/SignerInstance: Signing all the parameters begin: 2026-07-13T12:25:25.766+0800
[main]V/SignerInstance: Calling native begin: 2026-07-13T12:25:25.766+0800
[main]V/SignerInstance: Calling native end  : 2026-07-13T12:25:25.777+0800
[main]V/SignerInstance: Signing all the parameters end  : 2026-07-13T12:25:25.777+0800
[main]V/SignerInstance: Signing all the parameters begin: 2026-07-13T12:25:25.788+0800
[main]V/SignerInstance: Calling native begin: 2026-07-13T12:25:25.859+0800
[main]V/SignerInstance: Calling native end  : 2026-07-13T12:25:25.868+0800
[main]V/SignerInstance: Signing all the parameters end  : 2026-07-13T12:25:25.868+0800
[main]V/SignerInstance: Signing all the parameters begin: 2026-07-13T12:25:25.872+0800
[main]V/SignerInstance: Calling native begin: 2026-07-13T12:25:25.872+0800
[main]V/SignerInstance: Calling native end  : 2026-07-13T12:25:25.882+0800
[main]V/SignerInstance: Signing all the parameters end  : 2026-07-13T12:25:25.882+0800
[main]V/SignerInstance: Signing all the parameters begin: 2026-07-13T12:25:25.886+0800
[main]V/SignerInstance: Calling native begin: 2026-07-13T12:25:25.886+0800
[main]V/SignerInstance: Calling native end  : 2026-07-13T12:25:25.893+0800
[main]V/SignerInstance: Signing all the parameters end  : 2026-07-13T12:25:25.893+0800
loaded libsigner.so base=0x12340000 size=0x148000
[main]V/SignerInstance: Signing all the parameters begin: 2026-07-13T12:25:32.559+0800
[main]V/SignerInstance: Calling native begin: 2026-07-13T12:25:32.560+0800
[main]V/SignerInstance: Calling native end  : 2026-07-13T12:25:47.866+0800
[main]V/SignerInstance: Signing all the parameters end  : 2026-07-13T12:25:47.867+0800
[main]V/SignerInstance: Signing all the parameters begin: 2026-07-13T12:25:47.872+0800
[main]V/SignerInstance: Calling native begin: 2026-07-13T12:25:47.872+0800
[main]V/SignerInstance: SDKv5 Signing all the parameters begin: 2026-07-13T12:25:48.865+0800
[main]V/SignerInstance: Signing all the parameters begin: 2026-07-13T12:25:48.870+0800
[main]V/SignerInstance: Calling native begin: 2026-07-13T12:25:48.880+0800
[main]V/SignerInstance: Calling native end  : 2026-07-13T12:25:48.880+0800
[main]V/SignerInstance: Signing all the parameters end  : 2026-07-13T12:25:48.881+0800
[main]V/SignerInstance: SDKv5 Signing all the parameters end  : 2026-07-13T12:25:48.886+0800
[main]V/SignerInstance: Signing all the parameters begin: 2026-07-13T12:25:48.894+0800
[main]V/SignerInstance: Calling native begin: 2026-07-13T12:25:48.894+0800
[main]V/SignerInstance: Calling native end  : 2026-07-13T12:25:48.894+0800
[main]V/SignerInstance: Signing all the parameters end  : 2026-07-13T12:25:48.895+0800
[main]V/SignerInstance: Signing all the parameters begin: 2026-07-13T12:25:48.895+0800
[main]V/SignerInstance: Calling native begin: 2026-07-13T12:25:48.895+0800
[main]V/SignerInstance: Calling native end  : 2026-07-13T12:25:48.895+0800
[main]V/SignerInstance: Signing all the parameters end  : 2026-07-13T12:25:48.895+0800
loaded libsigner.so base=0x12340000 size=0x148000
[main]V/SignerInstance: Signing all the parameters begin: 2026-07-13T12:25:50.758+0800
[main]V/SignerInstance: Calling native begin: 2026-07-13T12:25:50.773+0800
[main]V/SignerInstance: Calling native end  : 2026-07-13T12:25:54.629+0800
[main]V/SignerInstance: Signing all the parameters end  : 2026-07-13T12:25:54.630+0800
[main]V/SignerInstance: Signing all the parameters begin: 2026-07-13T12:25:54.630+0800
[main]V/SignerInstance: Calling native begin: 2026-07-13T12:25:54.630+0800
[main]V/SignerInstance: Calling native end  : 2026-07-13T12:25:58.454+0800
[main]V/SignerInstance: Signing all the parameters end  : 2026-07-13T12:25:58.455+0800
[main]V/SignerInstance: SDKv5 Signing all the parameters begin: 2026-07-13T12:25:58.455+0800
[main]V/SignerInstance: Signing all the parameters begin: 2026-07-13T12:25:58.455+0800
[main]V/SignerInstance: Calling native begin: 2026-07-13T12:25:58.456+0800
[main]V/SignerInstance: Calling native end  : 2026-07-13T12:26:02.528+0800
[main]V/SignerInstance: Signing all the parameters end  : 2026-07-13T12:26:02.528+0800
[main]V/SignerInstance: SDKv5 Signing all the parameters end  : 2026-07-13T12:26:02.532+0800
loaded libsigner.so base=0x12340000 size=0x148000
[main]V/SignerInstance: Signing all the parameters begin: 2026-07-13T12:26:04.675+0800
[main]V/SignerInstance: Calling native begin: 2026-07-13T12:26:04.680+0800
[main]V/SignerInstance: Calling native end  : 2026-07-13T12:26:19.005+0800
[main]V/SignerInstance: Signing all the parameters end  : 2026-07-13T12:26:19.005+0800
[main]V/SignerInstance: Signing all the parameters begin: 2026-07-13T12:26:19.019+0800
[main]V/SignerInstance: Calling native begin: 2026-07-13T12:26:19.024+0800
[main]V/SignerInstance: Calling native end  : 2026-07-13T12:26:19.053+0800
[main]V/SignerInstance: Signing all the parameters end  : 2026-07-13T12:26:19.053+0800
loaded libsigner.so base=0x12340000 size=0x148000
[main]V/SignerInstance: Signing all the parameters begin: 2026-07-13T12:26:19.272+0800
[main]V/SignerInstance: Calling native begin: 2026-07-13T12:26:19.322+0800
[main]V/SignerInstance: Calling native end  : 2026-07-13T12:26:33.954+0800
[main]V/SignerInstance: Signing all the parameters end  : 2026-07-13T12:26:33.954+0800
[main]V/SignerInstance: Signing all the parameters begin: 2026-07-13T12:26:35.248+0800
[main]V/SignerInstance: Calling native begin: 2026-07-13T12:26:35.263+0800
[main]V/SignerInstance: Calling native end  : 2026-07-13T12:26:35.263+0800
[main]V/SignerInstance: Signing all the parameters end  : 2026-07-13T12:26:35.264+0800
[main]V/SignerInstance: SDKv5 Signing all the parameters begin: 2026-07-13T12:26:35.281+0800
[main]V/SignerInstance: Signing all the parameters begin: 2026-07-13T12:26:35.281+0800
[main]V/SignerInstance: Calling native begin: 2026-07-13T12:26:35.281+0800
[main]V/SignerInstance: Calling native end  : 2026-07-13T12:26:35.282+0800
[main]V/SignerInstance: Signing all the parameters end  : 2026-07-13T12:26:35.282+0800
[main]V/SignerInstance: SDKv5 Signing all the parameters end  : 2026-07-13T12:26:35.288+0800
[main]V/SignerInstance: Signing all the parameters begin: 2026-07-13T12:26:35.291+0800
[main]V/SignerInstance: Calling native begin: 2026-07-13T12:26:35.291+0800
[main]V/SignerInstance: Calling native end  : 2026-07-13T12:26:35.291+0800
[main]V/SignerInstance: Signing all the parameters end  : 2026-07-13T12:26:35.291+0800
[main]V/SignerInstance: Signing all the parameters begin: 2026-07-13T12:26:35.292+0800
[main]V/SignerInstance: Calling native begin: 2026-07-13T12:26:35.292+0800
[main]V/SignerInstance: Calling native end  : 2026-07-13T12:26:35.292+0800
[main]V/SignerInstance: Signing all the parameters end  : 2026-07-13T12:26:35.292+0800
[main]V/SignerInstance: Signing all the parameters begin: 2026-07-13T12:26:35.297+0800
[main]V/SignerInstance: Calling native begin: 2026-07-13T12:26:35.297+0800
[main]V/SignerInstance: Calling native end  : 2026-07-13T12:26:35.297+0800
[main]V/SignerInstance: Signing all the parameters end  : 2026-07-13T12:26:35.297+0800
[main]V/SignerInstance: Signing all the parameters begin: 2026-07-13T12:26:35.303+0800
[main]V/SignerInstance: Calling native begin: 2026-07-13T12:26:35.303+0800
[main]V/SignerInstance: Calling native end  : 2026-07-13T12:26:35.303+0800
[main]V/SignerInstance: Signing all the parameters end  : 2026-07-13T12:26:35.303+0800
[main]V/SignerInstance: Signing all the parameters begin: 2026-07-13T12:26:35.305+0800
[main]V/SignerInstance: Calling native begin: 2026-07-13T12:26:35.305+0800
[main]V/SignerInstance: Calling native end  : 2026-07-13T12:26:35.305+0800
[main]V/SignerInstance: Signing all the parameters end  : 2026-07-13T12:26:35.305+0800
[main]V/SignerInstance: Signing all the parameters begin: 2026-07-13T12:26:35.711+0800
[main]V/SignerInstance: Calling native begin: 2026-07-13T12:26:35.727+0800
[main]V/SignerInstance: Calling native end  : 2026-07-13T12:26:35.727+0800
[main]V/SignerInstance: Signing all the parameters end  : 2026-07-13T12:26:35.727+0800
[main]V/SignerInstance: Signing all the parameters begin: 2026-07-13T12:26:35.738+0800
[main]V/SignerInstance: Signing all the parameters begin: 2026-07-13T12:26:35.739+0800
[main]V/SignerInstance: Calling native begin: 2026-07-13T12:26:35.739+0800
[main]V/SignerInstance: Calling native end  : 2026-07-13T12:26:35.739+0800
[main]V/SignerInstance: Signing all the parameters end  : 2026-07-13T12:26:35.739+0800
[main]V/SignerInstance: Signing all the parameters begin: 2026-07-13T12:26:35.742+0800
[main]V/SignerInstance: Calling native begin: 2026-07-13T12:26:35.824+0800
[main]V/SignerInstance: Calling native end  : 2026-07-13T12:26:35.824+0800
[main]V/SignerInstance: Signing all the parameters end  : 2026-07-13T12:26:35.824+0800
[main]V/SignerInstance: SDKv5 Signing all the parameters begin: 2026-07-13T12:26:35.825+0800
[main]V/SignerInstance: Signing all the parameters begin: 2026-07-13T12:26:35.825+0800
[main]V/SignerInstance: Calling native begin: 2026-07-13T12:26:35.826+0800
[main]V/SignerInstance: Calling native end  : 2026-07-13T12:26:35.826+0800
[main]V/SignerInstance: Signing all the parameters end  : 2026-07-13T12:26:35.826+0800
[main]V/SignerInstance: SDKv5 Signing all the parameters end  : 2026-07-13T12:26:35.833+0800
[main]V/SignerInstance: SDKv5 Signing all the parameters begin: 2026-07-13T12:26:35.834+0800
[main]V/SignerInstance: SDKv5 Signing all the parameters end  : 2026-07-13T12:26:35.835+0800
loaded libsigner.so base=0x12340000 size=0x148000
[main]V/SignerInstance: Signing all the parameters begin: 2026-07-13T12:26:38.991+0800
[main]V/SignerInstance: Calling native begin: 2026-07-13T12:26:39.003+0800
[main]V/SignerInstance: Calling native end  : 2026-07-13T12:26:42.764+0800
[main]V/SignerInstance: Signing all the parameters end  : 2026-07-13T12:26:42.764+0800
[main]V/SignerInstance: Signing all the parameters begin: 2026-07-13T12:26:42.766+0800
[main]V/SignerInstance: Calling native begin: 2026-07-13T12:26:42.766+0800
[main]V/SignerInstance: Calling native end  : 2026-07-13T12:26:47.167+0800
[main]V/SignerInstance: Signing all the parameters end  : 2026-07-13T12:26:47.167+0800
[ERROR] Failed to execute goal org.apache.maven.plugins:maven-surefire-plugin:3.2.5:test (default-test) on project unidbg-adjust-runner: 
[ERROR] 
[ERROR] Please refer to /Users/sanbo/Desktop/api/qbdi/unidbg-adjust-runner/target/surefire-reports for the individual test results.
[ERROR] Please refer to dump files (if any exist) [date].dump, [date]-jvmRun[N].dump and [date].dumpstream.
[ERROR] ExecutionException The forked VM terminated without properly saying goodbye. VM crash or System.exit called?
[ERROR] Command was /bin/sh -c cd '/Users/sanbo/Desktop/api/qbdi/unidbg-adjust-runner' && '/Library/Java/JavaVirtualMachines/jdk-11.0.16.1.jdk/Contents/Home/bin/java' '-XX:TieredStopAtLevel=1' '-jar' '/Users/sanbo/Desktop/api/qbdi/unidbg-adjust-runner/target/surefire/surefirebooter-20260713122524165_6.jar' '/Users/sanbo/Desktop/api/qbdi/unidbg-adjust-runner/target/surefire' '2026-07-13T12-25-23_868-jvmRun1' 'surefire-20260713122524165_4tmp' 'surefire_1-20260713122524165_5tmp'
[ERROR] Error occurred in starting fork, check output in log
[ERROR] Process Exit Code: 134
[ERROR] Crashed tests:
[ERROR] local.RecoveredNativeBackendIntegrationTest
[ERROR] ExecutionException The forked VM terminated without properly saying goodbye. VM crash or System.exit called?
[ERROR] Command was /bin/sh -c cd '/Users/sanbo/Desktop/api/qbdi/unidbg-adjust-runner' && '/Library/Java/JavaVirtualMachines/jdk-11.0.16.1.jdk/Contents/Home/bin/java' '-XX:TieredStopAtLevel=1' '-jar' '/Users/sanbo/Desktop/api/qbdi/unidbg-adjust-runner/target/surefire/surefirebooter-20260713122524165_43.jar' '/Users/sanbo/Desktop/api/qbdi/unidbg-adjust-runner/target/surefire' '2026-07-13T12-25-23_868-jvmRun1' 'surefire-20260713122524165_41tmp' 'surefire_5-20260713122524165_42tmp'
[ERROR] Error occurred in starting fork, check output in log
[ERROR] Process Exit Code: 134
[ERROR] Crashed tests:
[ERROR] local.LegacyAndroidApiNativeIntegrationTest
[ERROR] org.apache.maven.surefire.booter.SurefireBooterForkException: ExecutionException The forked VM terminated without properly saying goodbye. VM crash or System.exit called?
[ERROR] Command was /bin/sh -c cd '/Users/sanbo/Desktop/api/qbdi/unidbg-adjust-runner' && '/Library/Java/JavaVirtualMachines/jdk-11.0.16.1.jdk/Contents/Home/bin/java' '-XX:TieredStopAtLevel=1' '-jar' '/Users/sanbo/Desktop/api/qbdi/unidbg-adjust-runner/target/surefire/surefirebooter-20260713122524165_6.jar' '/Users/sanbo/Desktop/api/qbdi/unidbg-adjust-runner/target/surefire' '2026-07-13T12-25-23_868-jvmRun1' 'surefire-20260713122524165_4tmp' 'surefire_1-20260713122524165_5tmp'
[ERROR] Error occurred in starting fork, check output in log
[ERROR] Process Exit Code: 134
[ERROR] Crashed tests:
[ERROR] local.RecoveredNativeBackendIntegrationTest
[ERROR] ExecutionException The forked VM terminated without properly saying goodbye. VM crash or System.exit called?
[ERROR] Command was /bin/sh -c cd '/Users/sanbo/Desktop/api/qbdi/unidbg-adjust-runner' && '/Library/Java/JavaVirtualMachines/jdk-11.0.16.1.jdk/Contents/Home/bin/java' '-XX:TieredStopAtLevel=1' '-jar' '/Users/sanbo/Desktop/api/qbdi/unidbg-adjust-runner/target/surefire/surefirebooter-20260713122524165_43.jar' '/Users/sanbo/Desktop/api/qbdi/unidbg-adjust-runner/target/surefire' '2026-07-13T12-25-23_868-jvmRun1' 'surefire-20260713122524165_41tmp' 'surefire_5-20260713122524165_42tmp'
[ERROR] Error occurred in starting fork, check output in log
[ERROR] Process Exit Code: 134
[ERROR] Crashed tests:
[ERROR] local.LegacyAndroidApiNativeIntegrationTest
[ERROR] 	at org.apache.maven.plugin.surefire.booterclient.ForkStarter.awaitResultsDone(ForkStarter.java:456)
[ERROR] 	at org.apache.maven.plugin.surefire.booterclient.ForkStarter.runSuitesForkPerTestSet(ForkStarter.java:418)
[ERROR] 	at org.apache.maven.plugin.surefire.booterclient.ForkStarter.run(ForkStarter.java:297)
[ERROR] 	at org.apache.maven.plugin.surefire.booterclient.ForkStarter.run(ForkStarter.java:250)
[ERROR] 	at org.apache.maven.plugin.surefire.AbstractSurefireMojo.executeProvider(AbstractSurefireMojo.java:1241)
[ERROR] 	at org.apache.maven.plugin.surefire.AbstractSurefireMojo.executeAfterPreconditionsChecked(AbstractSurefireMojo.java:1090)
[ERROR] 	at org.apache.maven.plugin.surefire.AbstractSurefireMojo.execute(AbstractSurefireMojo.java:910)
[ERROR] 	at org.apache.maven.plugin.DefaultBuildPluginManager.executeMojo(DefaultBuildPluginManager.java:126)
[ERROR] 	at org.apache.maven.lifecycle.internal.MojoExecutor.doExecute2(MojoExecutor.java:328)
[ERROR] 	at org.apache.maven.lifecycle.internal.MojoExecutor.doExecute(MojoExecutor.java:316)
[ERROR] 	at org.apache.maven.lifecycle.internal.MojoExecutor.execute(MojoExecutor.java:212)
[ERROR] 	at org.apache.maven.lifecycle.internal.MojoExecutor.execute(MojoExecutor.java:174)
[ERROR] 	at org.apache.maven.lifecycle.internal.MojoExecutor.access$000(MojoExecutor.java:75)
[ERROR] 	at org.apache.maven.lifecycle.internal.MojoExecutor$1.run(MojoExecutor.java:162)
[ERROR] 	at org.apache.maven.plugin.DefaultMojosExecutionStrategy.execute(DefaultMojosExecutionStrategy.java:39)
[ERROR] 	at org.apache.maven.lifecycle.internal.MojoExecutor.execute(MojoExecutor.java:159)
[ERROR] 	at org.apache.maven.lifecycle.internal.LifecycleModuleBuilder.buildProject(LifecycleModuleBuilder.java:105)
[ERROR] 	at org.apache.maven.lifecycle.internal.LifecycleModuleBuilder.buildProject(LifecycleModuleBuilder.java:73)
[ERROR] 	at org.apache.maven.lifecycle.internal.builder.singlethreaded.SingleThreadedBuilder.build(SingleThreadedBuilder.java:53)
[ERROR] 	at org.apache.maven.lifecycle.internal.LifecycleStarter.execute(LifecycleStarter.java:118)
[ERROR] 	at org.apache.maven.DefaultMaven.doExecute(DefaultMaven.java:261)
[ERROR] 	at org.apache.maven.DefaultMaven.doExecute(DefaultMaven.java:173)
[ERROR] 	at org.apache.maven.DefaultMaven.execute(DefaultMaven.java:101)
[ERROR] 	at org.apache.maven.cli.MavenCli.execute(MavenCli.java:919)
[ERROR] 	at org.apache.maven.cli.MavenCli.doMain(MavenCli.java:285)
[ERROR] 	at org.apache.maven.cli.MavenCli.main(MavenCli.java:207)
[ERROR] 	at java.base/jdk.internal.reflect.NativeMethodAccessorImpl.invoke0(Native Method)
[ERROR] 	at java.base/jdk.internal.reflect.NativeMethodAccessorImpl.invoke(NativeMethodAccessorImpl.java:62)
[ERROR] 	at java.base/jdk.internal.reflect.DelegatingMethodAccessorImpl.invoke(DelegatingMethodAccessorImpl.java:43)
[ERROR] 	at java.base/java.lang.reflect.Method.invoke(Method.java:566)
[ERROR] 	at org.codehaus.plexus.classworlds.launcher.Launcher.launchEnhanced(Launcher.java:255)
[ERROR] 	at org.codehaus.plexus.classworlds.launcher.Launcher.launch(Launcher.java:201)
[ERROR] 	at org.codehaus.plexus.classworlds.launcher.Launcher.mainWithExitCode(Launcher.java:361)
[ERROR] 	at org.codehaus.plexus.classworlds.launcher.Launcher.main(Launcher.java:314)
[ERROR] Caused by: org.apache.maven.surefire.booter.SurefireBooterForkException: The forked VM terminated without properly saying goodbye. VM crash or System.exit called?
[ERROR] Command was /bin/sh -c cd '/Users/sanbo/Desktop/api/qbdi/unidbg-adjust-runner' && '/Library/Java/JavaVirtualMachines/jdk-11.0.16.1.jdk/Contents/Home/bin/java' '-XX:TieredStopAtLevel=1' '-jar' '/Users/sanbo/Desktop/api/qbdi/unidbg-adjust-runner/target/surefire/surefirebooter-20260713122524165_43.jar' '/Users/sanbo/Desktop/api/qbdi/unidbg-adjust-runner/target/surefire' '2026-07-13T12-25-23_868-jvmRun1' 'surefire-20260713122524165_41tmp' 'surefire_5-20260713122524165_42tmp'
[ERROR] Error occurred in starting fork, check output in log
[ERROR] Process Exit Code: 134
[ERROR] Crashed tests:
[ERROR] local.LegacyAndroidApiNativeIntegrationTest
[ERROR] 	at org.apache.maven.plugin.surefire.booterclient.ForkStarter.fork(ForkStarter.java:643)
[ERROR] 	at org.apache.maven.plugin.surefire.booterclient.ForkStarter.lambda$null$7(ForkStarter.java:401)
[ERROR] 	at java.base/java.util.concurrent.FutureTask.run(FutureTask.java:264)
[ERROR] 	at java.base/java.util.concurrent.ThreadPoolExecutor.runWorker(ThreadPoolExecutor.java:1128)
[ERROR] 	at java.base/java.util.concurrent.ThreadPoolExecutor$Worker.run(ThreadPoolExecutor.java:628)
[ERROR] 	at java.base/java.lang.Thread.run(Thread.java:834)
[ERROR] 
[ERROR] -> [Help 1]
[ERROR] 
[ERROR] To see the full stack trace of the errors, re-run Maven with the -e switch.
[ERROR] Re-run Maven using the -X switch to enable full debug logging.
[ERROR] 
[ERROR] For more information about the errors and possible solutions, please read the following articles:
[ERROR] [Help 1] http://cwiki.apache.org/confluence/display/MAVEN/MojoExecutionException
