=== maven attempt 1 ===
[main]V/SignerInstance: Signing all the parameters begin: 2026-07-12T19:15:51.821+0800
[main]V/SignerInstance: Calling native begin: 2026-07-12T19:15:51.835+0800
[main]V/SignerInstance: Calling native end  : 2026-07-12T19:15:51.869+0800
[main]V/SignerInstance: Signing all the parameters end  : 2026-07-12T19:15:51.870+0800
[main]V/SignerInstance: Signing all the parameters begin: 2026-07-12T19:15:51.885+0800
[main]V/SignerInstance: Calling native begin: 2026-07-12T19:15:51.962+0800
[main]V/SignerInstance: Calling native end  : 2026-07-12T19:15:51.975+0800
[main]V/SignerInstance: Signing all the parameters end  : 2026-07-12T19:15:51.975+0800
[main]V/SignerInstance: Signing all the parameters begin: 2026-07-12T19:15:51.982+0800
[main]V/SignerInstance: Calling native begin: 2026-07-12T19:15:51.983+0800
[main]V/SignerInstance: Calling native end  : 2026-07-12T19:15:51.994+0800
[main]V/SignerInstance: Signing all the parameters end  : 2026-07-12T19:15:51.994+0800
[main]V/SignerInstance: Signing all the parameters begin: 2026-07-12T19:15:51.999+0800
[main]V/SignerInstance: Calling native begin: 2026-07-12T19:15:51.999+0800
[main]V/SignerInstance: Calling native end  : 2026-07-12T19:15:52.007+0800
[main]V/SignerInstance: Signing all the parameters end  : 2026-07-12T19:15:52.008+0800
[main]V/SignerInstance: Signing all the parameters begin: 2026-07-12T19:15:52.013+0800
[main]V/SignerInstance: Calling native begin: 2026-07-12T19:15:52.013+0800
[main]V/SignerInstance: Calling native end  : 2026-07-12T19:15:52.019+0800
[main]V/SignerInstance: Signing all the parameters end  : 2026-07-12T19:15:52.020+0800
[main]V/SignerInstance: Signing all the parameters begin: 2026-07-12T19:15:52.024+0800
[main]V/SignerInstance: Calling native begin: 2026-07-12T19:15:52.024+0800
[main]V/SignerInstance: Calling native end  : 2026-07-12T19:15:52.031+0800
[main]V/SignerInstance: Signing all the parameters end  : 2026-07-12T19:15:52.031+0800
[main]V/SignerInstance: Signing all the parameters begin: 2026-07-12T19:15:52.035+0800
[main]V/SignerInstance: Calling native begin: 2026-07-12T19:15:52.080+0800
[main]V/SignerInstance: Calling native end  : 2026-07-12T19:15:52.089+0800
[main]V/SignerInstance: Signing all the parameters end  : 2026-07-12T19:15:52.089+0800
[main]V/SignerInstance: Signing all the parameters begin: 2026-07-12T19:15:52.094+0800
[main]V/SignerInstance: Calling native begin: 2026-07-12T19:15:52.094+0800
[main]V/SignerInstance: Calling native end  : 2026-07-12T19:15:52.102+0800
[main]V/SignerInstance: Signing all the parameters end  : 2026-07-12T19:15:52.102+0800
[main]V/SignerInstance: Signing all the parameters begin: 2026-07-12T19:15:52.106+0800
[main]V/SignerInstance: Calling native begin: 2026-07-12T19:15:52.106+0800
[main]V/SignerInstance: Calling native end  : 2026-07-12T19:15:52.114+0800
[main]V/SignerInstance: Signing all the parameters end  : 2026-07-12T19:15:52.114+0800
[main]V/SignerInstance: Signing all the parameters begin: 2026-07-12T19:15:52.119+0800
[main]V/SignerInstance: Calling native begin: 2026-07-12T19:15:52.119+0800
[main]V/SignerInstance: Calling native end  : 2026-07-12T19:15:52.129+0800
[main]V/SignerInstance: Signing all the parameters end  : 2026-07-12T19:15:52.129+0800
[main]V/SignerInstance: Signing all the parameters begin: 2026-07-12T19:15:52.135+0800
[main]V/SignerInstance: Calling native begin: 2026-07-12T19:15:52.135+0800
[main]V/SignerInstance: Calling native end  : 2026-07-12T19:15:52.144+0800
[main]V/SignerInstance: Signing all the parameters end  : 2026-07-12T19:15:52.144+0800
[main]V/SignerInstance: Signing all the parameters begin: 2026-07-12T19:15:52.147+0800
[main]V/SignerInstance: Calling native begin: 2026-07-12T19:15:52.148+0800
[main]V/SignerInstance: Calling native end  : 2026-07-12T19:15:52.157+0800
[main]V/SignerInstance: Signing all the parameters end  : 2026-07-12T19:15:52.157+0800
[main]V/SignerInstance: Signing all the parameters begin: 2026-07-12T19:15:52.161+0800
[main]V/SignerInstance: Calling native begin: 2026-07-12T19:15:52.161+0800
[main]V/SignerInstance: Calling native end  : 2026-07-12T19:15:52.170+0800
[main]V/SignerInstance: Signing all the parameters end  : 2026-07-12T19:15:52.170+0800
[main]V/SignerInstance: Signing all the parameters begin: 2026-07-12T19:15:52.183+0800
[main]V/SignerInstance: Calling native begin: 2026-07-12T19:15:52.243+0800
[main]V/SignerInstance: Calling native end  : 2026-07-12T19:15:52.256+0800
[main]V/SignerInstance: Signing all the parameters end  : 2026-07-12T19:15:52.256+0800
[main]V/SignerInstance: SDKv5 Signing all the parameters begin: 2026-07-12T19:15:53.205+0800
[main]V/SignerInstance: Signing all the parameters begin: 2026-07-12T19:15:53.210+0800
[main]V/SignerInstance: Calling native begin: 2026-07-12T19:15:53.220+0800
[main]V/SignerInstance: Calling native end  : 2026-07-12T19:15:53.220+0800
[main]V/SignerInstance: Signing all the parameters end  : 2026-07-12T19:15:53.221+0800
[main]V/SignerInstance: SDKv5 Signing all the parameters end  : 2026-07-12T19:15:53.226+0800
[main]V/SignerInstance: Signing all the parameters begin: 2026-07-12T19:15:53.237+0800
[main]V/SignerInstance: Calling native begin: 2026-07-12T19:15:53.238+0800
[main]V/SignerInstance: Calling native end  : 2026-07-12T19:15:53.238+0800
[main]V/SignerInstance: Signing all the parameters end  : 2026-07-12T19:15:53.238+0800
[main]V/SignerInstance: Signing all the parameters begin: 2026-07-12T19:15:53.238+0800
[main]V/SignerInstance: Calling native begin: 2026-07-12T19:15:53.239+0800
[main]V/SignerInstance: Calling native end  : 2026-07-12T19:15:53.239+0800
[main]V/SignerInstance: Signing all the parameters end  : 2026-07-12T19:15:53.239+0800
loaded libsigner.so base=0x12340000 size=0x148000
[main]V/SignerInstance: Signing all the parameters begin: 2026-07-12T19:15:55.203+0800
[main]V/SignerInstance: Calling native begin: 2026-07-12T19:15:55.213+0800
[main]V/signer: Signing all the parameters begin: 2025-10-09T04:53:20.123Z-0400
[main]V/signer: Signing all the parameters end  : 2025-10-09T04:53:20.123Z-0400
[main]V/SignerInstance: Calling native end  : 2026-07-12T19:15:58.581+0800
[main]V/SignerInstance: Signing all the parameters end  : 2026-07-12T19:15:58.581+0800
[main]V/SignerInstance: Signing all the parameters begin: 2026-07-12T19:15:58.582+0800
[main]V/SignerInstance: Calling native begin: 2026-07-12T19:15:58.582+0800
[main]V/signer: Signing all the parameters begin: 2025-10-09T04:53:20.123Z-0400
[main]V/signer: Signing all the parameters end  : 2025-10-09T04:53:20.123Z-0400
[main]V/SignerInstance: Calling native end  : 2026-07-12T19:16:01.937+0800
[main]V/SignerInstance: Signing all the parameters end  : 2026-07-12T19:16:01.937+0800
[main]V/SignerInstance: SDKv5 Signing all the parameters begin: 2026-07-12T19:16:01.938+0800
[main]V/SignerInstance: Signing all the parameters begin: 2026-07-12T19:16:01.938+0800
[main]V/SignerInstance: Calling native begin: 2026-07-12T19:16:01.938+0800
[main]V/signer: Signing all the parameters begin: 2025-10-09T04:53:20.123Z-0400
[main]V/signer: Signing all the parameters end  : 2025-10-09T04:53:20.123Z-0400
[main]V/SignerInstance: Calling native end  : 2026-07-12T19:16:05.291+0800
[main]V/SignerInstance: Signing all the parameters end  : 2026-07-12T19:16:05.291+0800
[main]V/SignerInstance: SDKv5 Signing all the parameters end  : 2026-07-12T19:16:05.295+0800
loaded libsigner.so base=0x12340000 size=0x148000
[main]V/SignerInstance: Signing all the parameters begin: 2026-07-12T19:16:06.776+0800
[main]V/SignerInstance: Calling native begin: 2026-07-12T19:16:06.835+0800
[main] WARN com.github.unidbg.Utils - read path=java.io.RandomAccessFile@2cd2c8fe, fp=10674152, _count=4096, length=10670710, buffer=RW@0x12309000
[main]V/SignerInstance: Calling native end  : 2026-07-12T19:16:20.175+0800
[main]V/SignerInstance: Signing all the parameters end  : 2026-07-12T19:16:20.175+0800
[main]V/SignerInstance: Signing all the parameters begin: 2026-07-12T19:16:20.869+0800
[main]V/SignerInstance: Calling native begin: 2026-07-12T19:16:20.882+0800
[main]V/SignerInstance: Calling native end  : 2026-07-12T19:16:20.882+0800
[main]V/SignerInstance: Signing all the parameters end  : 2026-07-12T19:16:20.883+0800
[main]V/SignerInstance: SDKv5 Signing all the parameters begin: 2026-07-12T19:16:20.896+0800
[main]V/SignerInstance: Signing all the parameters begin: 2026-07-12T19:16:20.897+0800
[main]V/SignerInstance: Calling native begin: 2026-07-12T19:16:20.897+0800
[main]V/SignerInstance: Calling native end  : 2026-07-12T19:16:20.897+0800
[main]V/SignerInstance: Signing all the parameters end  : 2026-07-12T19:16:20.897+0800
[main]V/SignerInstance: SDKv5 Signing all the parameters end  : 2026-07-12T19:16:20.903+0800
[main]V/SignerInstance: Signing all the parameters begin: 2026-07-12T19:16:20.905+0800
[main]V/SignerInstance: Calling native begin: 2026-07-12T19:16:20.905+0800
[main]V/SignerInstance: Calling native end  : 2026-07-12T19:16:20.905+0800
[main]V/SignerInstance: Signing all the parameters end  : 2026-07-12T19:16:20.905+0800
[main]V/SignerInstance: Signing all the parameters begin: 2026-07-12T19:16:20.906+0800
[main]V/SignerInstance: Calling native begin: 2026-07-12T19:16:20.906+0800
[main]V/SignerInstance: Calling native end  : 2026-07-12T19:16:20.906+0800
[main]V/SignerInstance: Signing all the parameters end  : 2026-07-12T19:16:20.906+0800
[main]V/SignerInstance: Signing all the parameters begin: 2026-07-12T19:16:20.911+0800
[main]V/SignerInstance: Calling native begin: 2026-07-12T19:16:20.911+0800
[main]V/SignerInstance: Calling native end  : 2026-07-12T19:16:20.911+0800
[main]V/SignerInstance: Signing all the parameters end  : 2026-07-12T19:16:20.911+0800
[main]V/SignerInstance: Signing all the parameters begin: 2026-07-12T19:16:20.916+0800
[main]V/SignerInstance: Calling native begin: 2026-07-12T19:16:20.916+0800
[main]V/SignerInstance: Calling native end  : 2026-07-12T19:16:20.916+0800
[main]V/SignerInstance: Signing all the parameters end  : 2026-07-12T19:16:20.916+0800
[main]V/SignerInstance: Signing all the parameters begin: 2026-07-12T19:16:20.917+0800
[main]V/SignerInstance: Calling native begin: 2026-07-12T19:16:20.917+0800
[main]V/SignerInstance: Calling native end  : 2026-07-12T19:16:20.917+0800
[main]V/SignerInstance: Signing all the parameters end  : 2026-07-12T19:16:20.917+0800
[main]V/SignerInstance: Signing all the parameters begin: 2026-07-12T19:16:21.235+0800
[main]V/SignerInstance: Calling native begin: 2026-07-12T19:16:21.248+0800
[main]V/SignerInstance: Calling native end  : 2026-07-12T19:16:21.249+0800
[main]V/SignerInstance: Signing all the parameters end  : 2026-07-12T19:16:21.249+0800
[main]V/SignerInstance: Signing all the parameters begin: 2026-07-12T19:16:21.258+0800
[main]E/SignerInstance: sign: Api is less than JellyBean-4-18
[main]V/SignerInstance: Signing all the parameters begin: 2026-07-12T19:16:21.259+0800
[main]V/SignerInstance: Calling native begin: 2026-07-12T19:16:21.259+0800
[main]V/SignerInstance: Calling native end  : 2026-07-12T19:16:21.259+0800
[main]V/SignerInstance: Signing all the parameters end  : 2026-07-12T19:16:21.259+0800
[main]V/SignerInstance: Signing all the parameters begin: 2026-07-12T19:16:21.260+0800
[main]V/SignerInstance: Calling native begin: 2026-07-12T19:16:21.342+0800
[main]V/SignerInstance: Calling native end  : 2026-07-12T19:16:21.342+0800
[main]V/SignerInstance: Signing all the parameters end  : 2026-07-12T19:16:21.342+0800
[main]V/SignerInstance: SDKv5 Signing all the parameters begin: 2026-07-12T19:16:21.344+0800
[main]V/SignerInstance: Signing all the parameters begin: 2026-07-12T19:16:21.344+0800
[main]V/SignerInstance: Calling native begin: 2026-07-12T19:16:21.344+0800
[main]V/SignerInstance: Calling native end  : 2026-07-12T19:16:21.344+0800
[main]V/SignerInstance: Signing all the parameters end  : 2026-07-12T19:16:21.344+0800
[main]V/SignerInstance: SDKv5 Signing all the parameters end  : 2026-07-12T19:16:21.350+0800
[main]V/SignerInstance: SDKv5 Signing all the parameters begin: 2026-07-12T19:16:21.351+0800
[main]V/SignerInstance: SDKv5 Signing all the parameters end  : 2026-07-12T19:16:21.351+0800
loaded libsigner.so base=0x12340000 size=0x148000
[main] WARN com.github.unidbg.linux.ARM64SyscallHandler - handleInterrupt intno=2, NR=107, svcNumber=0x0, PC=RX@0x121aa74c[libc.so]0x6a74c, LR=RX@0x121630e0[libc.so]0x230e0, syscall=null
[main] WARN com.github.unidbg.linux.ARM64SyscallHandler - handleInterrupt intno=2, NR=110, svcNumber=0x0, PC=RX@0x121aab6c[libc.so]0x6ab6c, LR=RX@0x12414b3c[libsigner.so]0xd4b3c, syscall=null
[main]V/SignerInstance: Signing all the parameters begin: 2026-07-12T19:16:23.194+0800
[main]V/SignerInstance: Calling native begin: 2026-07-12T19:16:23.204+0800
[main]V/signer: Signing all the parameters begin: 2026-07-12T07:16:23.212Z-0400
[main]V/signer: Signing all the parameters end  : 2026-07-12T07:16:26.571Z-0400
[main]V/SignerInstance: Calling native end  : 2026-07-12T19:16:26.599+0800
[main]V/SignerInstance: Signing all the parameters end  : 2026-07-12T19:16:26.599+0800
[main]V/SignerInstance: Signing all the parameters begin: 2026-07-12T19:16:26.601+0800
[main]V/SignerInstance: Calling native begin: 2026-07-12T19:16:26.601+0800
[main]V/signer: Signing all the parameters begin: 2026-07-12T07:16:26.611Z-0400
[main]V/signer: Signing all the parameters end  : 2026-07-12T07:16:30.179Z-0400
[main]V/SignerInstance: Calling native end  : 2026-07-12T19:16:30.213+0800
[main]V/SignerInstance: Signing all the parameters end  : 2026-07-12T19:16:30.214+0800
=== maven PASS ===
=== test-api-contract.sh attempt 1 ===
API contract and runtime independence OK
=== test-api-contract.sh PASS ===
=== test-one-click-signer.sh attempt 1 ===
{"signed":true,"version":"V4","rawSignatureHex":"3b273362218b186a73e7349775b93f11815370821c07e8db8bfb4b7b8819281ded02455b535ccd4b2654bd6edee4f1ffeafa124c5f03111ef8b0ad10cfad9686f87d0de3bf77ae83f8f171670d960d0c65656399a092d771fe9fa5a6ff75351ec8312e4feb7b9cb0c3b27f383cd2cb6a77a8fd2a3a8daea1b558262ebaab5ae470f0089b47fadcfc3e5f480109987a53bd4f09210345cad61358392e18b52e2b2dc093a4acef479f05ddc2586a21db8e","signatureBase64":"OyczYiGLGGpz5zSXdbk/EYFTcIIcB+jbi/tLe4gZKB3tAkVbU1zNSyZUvW7e5PH/6voSTF8DER74sK0Qz62Whvh9DeO/d66D+PFxZw2WDQxlZWOZoJLXcf6fpab/dTUeyDEuT+t7nLDDsn84PNLLaneo/So6ja6htVgmLrqrWuRw8AibR/rc/D5fSAEJmHpTvU8JIQNFytYTWDkuGLUuKy3Ak6Ss70efBd3CWGoh244=","metadata":{"signature":"OyczYiGLGGpz5zSXdbk/EYFTcIIcB+jbi/tLe4gZKB3tAkVbU1zNSyZUvW7e5PH/6voSTF8DER74sK0Qz62Whvh9DeO/d66D+PFxZw2WDQxlZWOZoJLXcf6fpab/dTUeyDEuT+t7nLDDsn84PNLLaneo/So6ja6htVgmLrqrWuRw8AibR/rc/D5fSAEJmHpTvU8JIQNFytYTWDkuGLUuKy3Ak6Ss70efBd3CWGoh244=","adj_signing_id":"1400000","algorithm":"adj8","headers_id":"9","native_version":"3.67.0"},"output":{"environment":"sandbox","app_token":"abc123","created_at":"2026-07-10T00:00:00.000+0800","gps_adid":"11111111-1111-1111-1111-111111111111","android_id":"0123456789abcdef","device_type":"phone","device_name":"Pixel 9 Pro","os_name":"android","os_version":"15","language":"zh","country":"CN","headers_id":"9","adj_signing_id":"1400000","native_version":"3.67.0","algorithm":"adj8","signature":"OyczYiGLGGpz5zSXdbk/EYFTcIIcB+jbi/tLe4gZKB3tAkVbU1zNSyZUvW7e5PH/6voSTF8DER74sK0Qz62Whvh9DeO/d66D+PFxZw2WDQxlZWOZoJLXcf6fpab/dTUeyDEuT+t7nLDDsn84PNLLaneo/So6ja6htVgmLrqrWuRw8AibR/rc/D5fSAEJmHpTvU8JIQNFytYTWDkuGLUuKy3Ak6Ss70efBd3CWGoh244="}}
one-click deterministic signer and strict reference verification OK
=== test-one-click-signer.sh PASS ===
=== test-device-reference.sh attempt 1 ===
{"signed":true,"version":"V4","rawSignatureHex":"3b273362218b186a73e7349775b93f1151da6894512660bd1e9809e7c17c3898a2d0c5508f89e6c3022e6c8f7b442797abef7d1d32d8a04d887d2d1bf24b19b1f9ab2e878f79e9e4403f2fbb71ee5609443039c0ce6fc355892096d63e697e9ca2794cf0628c4403e0d6e9e452c356cbf881e5aebd431e2b583b6d923875d3eb9b3b2de520ab291ca72a1f1cd661d6af510d952d14921db3ae61537b5fccc21e45554bf72a6d107816fbbf28ebd8f6f7","signatureBase64":"OyczYiGLGGpz5zSXdbk/EVHaaJRRJmC9HpgJ58F8OJii0MVQj4nmwwIubI97RCeXq+99HTLYoE2IfS0b8ksZsfmrLoePeenkQD8vu3HuVglEMDnAzm/DVYkgltY+aX6conlM8GKMRAPg1unkUsNWy/iB5a69Qx4rWDttkjh10+ubOy3lIKspHKcqHxzWYdavUQ2VLRSSHbOuYVN7X8zCHkVVS/cqbRB4Fvu/KOvY9vc=","metadata":{"signature":"OyczYiGLGGpz5zSXdbk/EVHaaJRRJmC9HpgJ58F8OJii0MVQj4nmwwIubI97RCeXq+99HTLYoE2IfS0b8ksZsfmrLoePeenkQD8vu3HuVglEMDnAzm/DVYkgltY+aX6conlM8GKMRAPg1unkUsNWy/iB5a69Qx4rWDttkjh10+ubOy3lIKspHKcqHxzWYdavUQ2VLRSSHbOuYVN7X8zCHkVVS/cqbRB4Fvu/KOvY9vc=","adj_signing_id":"1400000","algorithm":"adj8","headers_id":"9","native_version":"3.67.0"},"output":{"environment":"sandbox","app_token":"abc123","created_at":"2026-07-10T00:00:00.000+0800","gps_adid":"11111111-1111-1111-1111-111111111111","android_id":"0123456789abcdef","device_type":"phone","device_name":"Pixel 9 Pro","os_name":"android","os_version":"15","language":"zh","country":"CN","headers_id":"9","adj_signing_id":"1400000","native_version":"3.67.0","algorithm":"adj8","signature":"OyczYiGLGGpz5zSXdbk/EVHaaJRRJmC9HpgJ58F8OJii0MVQj4nmwwIubI97RCeXq+99HTLYoE2IfS0b8ksZsfmrLoePeenkQD8vu3HuVglEMDnAzm/DVYkgltY+aX6conlM8GKMRAPg1unkUsNWy/iB5a69Qx4rWDttkjh10+ubOy3lIKspHKcqHxzWYdavUQ2VLRSSHbOuYVN7X8zCHkVVS/cqbRB4Fvu/KOvY9vc="}}
Pixel 8 device reference exact structured JSON match OK
=== test-device-reference.sh PASS ===
=== test-recovered-backend.sh attempt 1 ===
{"signed":true,"version":"V4","rawSignatureHex":"3b273362218b186a73e7349775b93f1151da6894512660bd1e9809e7c17c3898a2d0c5508f89e6c3022e6c8f7b442797abef7d1d32d8a04d887d2d1bf24b19b1f9ab2e878f79e9e4403f2fbb71ee5609443039c0ce6fc355892096d63e697e9ca2794cf0628c4403e0d6e9e452c356cbf881e5aebd431e2b583b6d923875d3eb9b3b2de520ab291ca72a1f1cd661d6af510d952d14921db3ae61537b5fccc21e45554bf72a6d107816fbbf28ebd8f6f7","signatureBase64":"OyczYiGLGGpz5zSXdbk/EVHaaJRRJmC9HpgJ58F8OJii0MVQj4nmwwIubI97RCeXq+99HTLYoE2IfS0b8ksZsfmrLoePeenkQD8vu3HuVglEMDnAzm/DVYkgltY+aX6conlM8GKMRAPg1unkUsNWy/iB5a69Qx4rWDttkjh10+ubOy3lIKspHKcqHxzWYdavUQ2VLRSSHbOuYVN7X8zCHkVVS/cqbRB4Fvu/KOvY9vc=","metadata":{"signature":"OyczYiGLGGpz5zSXdbk/EVHaaJRRJmC9HpgJ58F8OJii0MVQj4nmwwIubI97RCeXq+99HTLYoE2IfS0b8ksZsfmrLoePeenkQD8vu3HuVglEMDnAzm/DVYkgltY+aX6conlM8GKMRAPg1unkUsNWy/iB5a69Qx4rWDttkjh10+ubOy3lIKspHKcqHxzWYdavUQ2VLRSSHbOuYVN7X8zCHkVVS/cqbRB4Fvu/KOvY9vc=","adj_signing_id":"1400000","algorithm":"adj8","headers_id":"9","native_version":"3.67.0"},"output":{"environment":"sandbox","app_token":"abc123","created_at":"2026-07-10T00:00:00.000+0800","gps_adid":"11111111-1111-1111-1111-111111111111","android_id":"0123456789abcdef","device_type":"phone","device_name":"Pixel 9 Pro","os_name":"android","os_version":"15","language":"zh","country":"CN","headers_id":"9","adj_signing_id":"1400000","native_version":"3.67.0","algorithm":"adj8","signature":"OyczYiGLGGpz5zSXdbk/EVHaaJRRJmC9HpgJ58F8OJii0MVQj4nmwwIubI97RCeXq+99HTLYoE2IfS0b8ksZsfmrLoePeenkQD8vu3HuVglEMDnAzm/DVYkgltY+aX6conlM8GKMRAPg1unkUsNWy/iB5a69Qx4rWDttkjh10+ubOy3lIKspHKcqHxzWYdavUQ2VLRSSHbOuYVN7X8zCHkVVS/cqbRB4Fvu/KOvY9vc="}}
recovered C++ backend exact frozen Pixel reference match OK
=== test-recovered-backend.sh PASS ===
=== native-reimplementation attempt 1 ===
recovered native primitives: PASS
AES-256 Pixel first block: 51da6894512660bd1e9809e7c17c3898
Bionic rand-derived Pixel IV: 3b273362218b186a73e7349775b93f11
custom-state SHA-256 Pixel field 4: PASS
source-built Pixel payload: 113 plaintext bytes -> 128 ciphertext bytes
HMAC-SHA256 Pixel ciphertext tag: 32 bytes
Pixel native result layout: 16 IV + 128 ciphertext + 32 tag = 176 bytes
complete source-built Pixel 176-byte signature: PASS
corrections: 2b=d49d 36=b5d3 25=cacc 05=6ee6
SIGNATURE_HEX=123549ac1e84afbe4c96620b74fe22321ff754e352209fad235c4c83b2d4063e1560946d440193da1451cccc148c32a09bd4e5e6eec3b057551645502d01c0633cc7a4df2c63a8bd74ce36903d3e09f4b0bb3c6cfacede9ed89f40feca71810ed44d8ce4d70d952831879f740e9027e9f24719a8db8913328d32f23c158b8ac4c3b5894f6df16c09a466152bd2179e8c86fd68442db22ba1b8d24612bd10990f72b555a3fbff26a686f009db0d90ed02
timeSeconds=1760000001 original-SO oracle exact 176-byte match: PASS
signerCodeTrampolineDetected=false original-SO oracle exact 176-byte match: PASS
correction05Enabled=false original-SO oracle exact 176-byte match: PASS
empty /proc/self/maps original-SO oracle exact 176-byte match: PASS
missing /proc/self/maps original-SO oracle exact 176-byte match: PASS
changed device_name/nativePlaintext original-SO oracle exact 176-byte match: PASS
missing android_id/country/device_name original-SO oracle exact 176-byte match: PASS
APK/package certificate mismatch correction 0x2a original-SO oracle exact 176-byte match: PASS
/proc/self/cmdline package mismatch correction 0x09 original-SO exact 176-byte match: PASS
missing/empty /proc/self/cmdline correction 0x34 original-SO exact 176-byte match: PASS
nine corrections -> 16 halfwords -> 129-byte payload -> 192-byte result original-SO exact match: PASS
=== native-reimplementation PASS ===
b163eb800b2a425158f6b825e8e9439b4b9bd1bca8b0ed0be2a155f2ef9ceca0  device-reference/references/pixel8-api36/reference-result.json
Tests run: 1, Failures: 0, Errors: 0, Skipped: 0, Time elapsed: 0.025 s -- in com.adjust.sdk.sig.ApkManifestReaderTest
Tests run: 7, Failures: 0, Errors: 0, Skipped: 0, Time elapsed: 0.165 s -- in com.adjust.sdk.sig.SignerContractTest
Tests run: 1, Failures: 0, Errors: 0, Skipped: 0, Time elapsed: 8.326 s -- in com.adjust.sdk.sig.SignerNativeIntegrationTest
Tests run: 21, Failures: 0, Errors: 0, Skipped: 0, Time elapsed: 0.049 s -- in local.AdjustSignatureRunnerDiagnosticsTest
Tests run: 1, Failures: 0, Errors: 0, Skipped: 0, Time elapsed: 0.031 s -- in local.BionicRandomTest
Tests run: 1, Failures: 0, Errors: 0, Skipped: 0, Time elapsed: 0.025 s -- in local.DeviceProfileFlexibleTest
Tests run: 1, Failures: 0, Errors: 0, Skipped: 0, Time elapsed: 14.62 s -- in local.LegacyAndroidApiNativeIntegrationTest
Tests run: 14, Failures: 0, Errors: 0, Skipped: 0, Time elapsed: 0.558 s -- in local.RecoveredNativeBackendIntegrationTest
Tests run: 1, Failures: 0, Errors: 0, Skipped: 0, Time elapsed: 11.71 s -- in local.SignerEngineNativeIntegrationTest
Tests run: 3, Failures: 0, Errors: 0, Skipped: 0, Time elapsed: 0.121 s -- in local.SignerEngineTest
Tests run: 4, Failures: 0, Errors: 0, Skipped: 0, Time elapsed: 0.140 s -- in local.SignerOneClickTest
