[main]V/SignerInstance: Signing all the parameters begin: 2026-07-12T20:12:42.971+0800
[main]V/SignerInstance: Calling native begin: 2026-07-12T20:12:42.984+0800
[main]V/SignerInstance: Calling native end  : 2026-07-12T20:12:43.016+0800
[main]V/SignerInstance: Signing all the parameters end  : 2026-07-12T20:12:43.016+0800
[main]V/SignerInstance: Signing all the parameters begin: 2026-07-12T20:12:43.031+0800
[main]V/SignerInstance: Calling native begin: 2026-07-12T20:12:43.099+0800
[main]V/SignerInstance: Calling native end  : 2026-07-12T20:12:43.110+0800
[main]V/SignerInstance: Signing all the parameters end  : 2026-07-12T20:12:43.110+0800
[main]V/SignerInstance: Signing all the parameters begin: 2026-07-12T20:12:43.116+0800
[main]V/SignerInstance: Calling native begin: 2026-07-12T20:12:43.116+0800
[main]V/SignerInstance: Calling native end  : 2026-07-12T20:12:43.126+0800
[main]V/SignerInstance: Signing all the parameters end  : 2026-07-12T20:12:43.126+0800
[main]V/SignerInstance: Signing all the parameters begin: 2026-07-12T20:12:43.130+0800
[main]V/SignerInstance: Calling native begin: 2026-07-12T20:12:43.130+0800
[main]V/SignerInstance: Calling native end  : 2026-07-12T20:12:43.138+0800
[main]V/SignerInstance: Signing all the parameters end  : 2026-07-12T20:12:43.138+0800
[main]V/SignerInstance: Signing all the parameters begin: 2026-07-12T20:12:43.142+0800
[main]V/SignerInstance: Calling native begin: 2026-07-12T20:12:43.142+0800
[main]V/SignerInstance: Calling native end  : 2026-07-12T20:12:43.148+0800
[main]V/SignerInstance: Signing all the parameters end  : 2026-07-12T20:12:43.148+0800
[main]V/SignerInstance: Signing all the parameters begin: 2026-07-12T20:12:43.151+0800
[main]V/SignerInstance: Calling native begin: 2026-07-12T20:12:43.151+0800
[main]V/SignerInstance: Calling native end  : 2026-07-12T20:12:43.157+0800
[main]V/SignerInstance: Signing all the parameters end  : 2026-07-12T20:12:43.157+0800
[main]V/SignerInstance: Signing all the parameters begin: 2026-07-12T20:12:43.160+0800
[main]V/SignerInstance: Calling native begin: 2026-07-12T20:12:43.186+0800
[main]V/SignerInstance: Calling native end  : 2026-07-12T20:12:43.194+0800
[main]V/SignerInstance: Signing all the parameters end  : 2026-07-12T20:12:43.194+0800
[main]V/SignerInstance: Signing all the parameters begin: 2026-07-12T20:12:43.197+0800
[main]V/SignerInstance: Calling native begin: 2026-07-12T20:12:43.197+0800
[main]V/SignerInstance: Calling native end  : 2026-07-12T20:12:43.203+0800
[main]V/SignerInstance: Signing all the parameters end  : 2026-07-12T20:12:43.203+0800
[main]V/SignerInstance: Signing all the parameters begin: 2026-07-12T20:12:43.206+0800
[main]V/SignerInstance: Calling native begin: 2026-07-12T20:12:43.206+0800
[main]V/SignerInstance: Calling native end  : 2026-07-12T20:12:43.211+0800
[main]V/SignerInstance: Signing all the parameters end  : 2026-07-12T20:12:43.211+0800
[main]V/SignerInstance: Signing all the parameters begin: 2026-07-12T20:12:43.214+0800
[main]V/SignerInstance: Calling native begin: 2026-07-12T20:12:43.215+0800
[main]V/SignerInstance: Calling native end  : 2026-07-12T20:12:43.222+0800
[main]V/SignerInstance: Signing all the parameters end  : 2026-07-12T20:12:43.222+0800
[main]V/SignerInstance: Signing all the parameters begin: 2026-07-12T20:12:43.225+0800
[main]V/SignerInstance: Calling native begin: 2026-07-12T20:12:43.226+0800
[main]V/SignerInstance: Calling native end  : 2026-07-12T20:12:43.233+0800
[main]V/SignerInstance: Signing all the parameters end  : 2026-07-12T20:12:43.234+0800
[main]V/SignerInstance: Signing all the parameters begin: 2026-07-12T20:12:43.237+0800
[main]V/SignerInstance: Calling native begin: 2026-07-12T20:12:43.237+0800
[main]V/SignerInstance: Calling native end  : 2026-07-12T20:12:43.244+0800
[main]V/SignerInstance: Signing all the parameters end  : 2026-07-12T20:12:43.244+0800
[main]V/SignerInstance: Signing all the parameters begin: 2026-07-12T20:12:43.248+0800
[main]V/SignerInstance: Calling native begin: 2026-07-12T20:12:43.248+0800
[main]V/SignerInstance: Calling native end  : 2026-07-12T20:12:43.255+0800
[main]V/SignerInstance: Signing all the parameters end  : 2026-07-12T20:12:43.255+0800
[main]V/SignerInstance: Signing all the parameters begin: 2026-07-12T20:12:43.263+0800
[main]V/SignerInstance: Calling native begin: 2026-07-12T20:12:43.355+0800
[main]V/SignerInstance: Calling native end  : 2026-07-12T20:12:43.362+0800
[main]V/SignerInstance: Signing all the parameters end  : 2026-07-12T20:12:43.363+0800
loaded libsigner.so base=0x12340000 size=0x148000
[main]V/SignerInstance: Signing all the parameters begin: 2026-07-12T20:12:44.578+0800
[main]V/SignerInstance: Calling native begin: 2026-07-12T20:12:44.578+0800
[main]V/SignerInstance: Calling native end  : 2026-07-12T20:12:57.871+0800
[main]V/SignerInstance: Signing all the parameters end  : 2026-07-12T20:12:57.871+0800
[main]V/SignerInstance: Signing all the parameters begin: 2026-07-12T20:12:57.874+0800
[main]V/SignerInstance: Calling native begin: 2026-07-12T20:12:57.874+0800
[main]V/SignerInstance: Calling native end  : 2026-07-12T20:12:57.891+0800
[main]V/SignerInstance: Signing all the parameters end  : 2026-07-12T20:12:57.891+0800
loaded libsigner.so base=0x12340000 size=0x148000
[main]V/SignerInstance: Signing all the parameters begin: 2026-07-12T20:12:58.078+0800
[main]V/SignerInstance: Calling native begin: 2026-07-12T20:12:58.078+0800
[main]V/SignerInstance: Calling native end  : 2026-07-12T20:13:11.589+0800
[main]V/SignerInstance: Signing all the parameters end  : 2026-07-12T20:13:11.589+0800
[main]V/SignerInstance: Signing all the parameters begin: 2026-07-12T20:13:11.593+0800
[main]V/SignerInstance: Calling native begin: 2026-07-12T20:13:11.593+0800
[main]V/SignerInstance: Calling native end  : 2026-07-12T20:13:11.604+0800
[main]V/SignerInstance: Signing all the parameters end  : 2026-07-12T20:13:11.604+0800
[main]V/SignerInstance: SDKv5 Signing all the parameters begin: 2026-07-12T20:13:12.439+0800
[main]V/SignerInstance: Signing all the parameters begin: 2026-07-12T20:13:12.447+0800
[main]V/SignerInstance: Calling native begin: 2026-07-12T20:13:12.468+0800
[main]V/SignerInstance: Calling native end  : 2026-07-12T20:13:12.468+0800
[main]V/SignerInstance: Signing all the parameters end  : 2026-07-12T20:13:12.470+0800
[main]V/SignerInstance: SDKv5 Signing all the parameters end  : 2026-07-12T20:13:12.476+0800
[main]V/SignerInstance: Signing all the parameters begin: 2026-07-12T20:13:12.486+0800
[main]V/SignerInstance: Calling native begin: 2026-07-12T20:13:12.486+0800
[main]V/SignerInstance: Calling native end  : 2026-07-12T20:13:12.486+0800
[main]V/SignerInstance: Signing all the parameters end  : 2026-07-12T20:13:12.486+0800
[main]V/SignerInstance: Signing all the parameters begin: 2026-07-12T20:13:12.486+0800
[main]V/SignerInstance: Calling native begin: 2026-07-12T20:13:12.487+0800
[main]V/SignerInstance: Calling native end  : 2026-07-12T20:13:12.487+0800
[main]V/SignerInstance: Signing all the parameters end  : 2026-07-12T20:13:12.487+0800
loaded libsigner.so base=0x12340000 size=0x148000
[main]V/SignerInstance: Signing all the parameters begin: 2026-07-12T20:13:13.978+0800
[main]V/SignerInstance: Calling native begin: 2026-07-12T20:13:13.988+0800
[main]V/SignerInstance: Calling native end  : 2026-07-12T20:13:17.278+0800
[main]V/SignerInstance: Signing all the parameters end  : 2026-07-12T20:13:17.278+0800
[main]V/SignerInstance: Signing all the parameters begin: 2026-07-12T20:13:17.279+0800
[main]V/SignerInstance: Calling native begin: 2026-07-12T20:13:17.279+0800
[main]V/SignerInstance: Calling native end  : 2026-07-12T20:13:20.610+0800
[main]V/SignerInstance: Signing all the parameters end  : 2026-07-12T20:13:20.610+0800
[main]V/SignerInstance: SDKv5 Signing all the parameters begin: 2026-07-12T20:13:20.610+0800
[main]V/SignerInstance: Signing all the parameters begin: 2026-07-12T20:13:20.610+0800
[main]V/SignerInstance: Calling native begin: 2026-07-12T20:13:20.610+0800
[main]V/SignerInstance: Calling native end  : 2026-07-12T20:13:24.089+0800
[main]V/SignerInstance: Signing all the parameters end  : 2026-07-12T20:13:24.089+0800
[main]V/SignerInstance: SDKv5 Signing all the parameters end  : 2026-07-12T20:13:24.093+0800
loaded libsigner.so base=0x12340000 size=0x148000
[main]V/SignerInstance: Signing all the parameters begin: 2026-07-12T20:13:25.605+0800
[main]V/SignerInstance: Calling native begin: 2026-07-12T20:13:25.686+0800
[main]V/SignerInstance: Calling native end  : 2026-07-12T20:13:39.245+0800
[main]V/SignerInstance: Signing all the parameters end  : 2026-07-12T20:13:39.246+0800
[main]V/SignerInstance: Signing all the parameters begin: 2026-07-12T20:13:39.920+0800
[main]V/SignerInstance: Calling native begin: 2026-07-12T20:13:39.932+0800
[main]V/SignerInstance: Calling native end  : 2026-07-12T20:13:39.932+0800
[main]V/SignerInstance: Signing all the parameters end  : 2026-07-12T20:13:39.932+0800
[main]V/SignerInstance: SDKv5 Signing all the parameters begin: 2026-07-12T20:13:39.945+0800
[main]V/SignerInstance: Signing all the parameters begin: 2026-07-12T20:13:39.946+0800
[main]V/SignerInstance: Calling native begin: 2026-07-12T20:13:39.946+0800
[main]V/SignerInstance: Calling native end  : 2026-07-12T20:13:39.946+0800
[main]V/SignerInstance: Signing all the parameters end  : 2026-07-12T20:13:39.946+0800
[main]V/SignerInstance: SDKv5 Signing all the parameters end  : 2026-07-12T20:13:39.951+0800
[main]V/SignerInstance: Signing all the parameters begin: 2026-07-12T20:13:39.953+0800
[main]V/SignerInstance: Calling native begin: 2026-07-12T20:13:39.954+0800
[main]V/SignerInstance: Calling native end  : 2026-07-12T20:13:39.954+0800
[main]V/SignerInstance: Signing all the parameters end  : 2026-07-12T20:13:39.954+0800
[main]V/SignerInstance: Signing all the parameters begin: 2026-07-12T20:13:39.955+0800
[main]V/SignerInstance: Calling native begin: 2026-07-12T20:13:39.955+0800
[main]V/SignerInstance: Calling native end  : 2026-07-12T20:13:39.955+0800
[main]V/SignerInstance: Signing all the parameters end  : 2026-07-12T20:13:39.955+0800
[main]V/SignerInstance: Signing all the parameters begin: 2026-07-12T20:13:39.959+0800
[main]V/SignerInstance: Calling native begin: 2026-07-12T20:13:39.959+0800
[main]V/SignerInstance: Calling native end  : 2026-07-12T20:13:39.959+0800
[main]V/SignerInstance: Signing all the parameters end  : 2026-07-12T20:13:39.959+0800
[main]V/SignerInstance: Signing all the parameters begin: 2026-07-12T20:13:39.964+0800
[main]V/SignerInstance: Calling native begin: 2026-07-12T20:13:39.964+0800
[main]V/SignerInstance: Calling native end  : 2026-07-12T20:13:39.964+0800
[main]V/SignerInstance: Signing all the parameters end  : 2026-07-12T20:13:39.964+0800
[main]V/SignerInstance: Signing all the parameters begin: 2026-07-12T20:13:39.965+0800
[main]V/SignerInstance: Calling native begin: 2026-07-12T20:13:39.965+0800
[main]V/SignerInstance: Calling native end  : 2026-07-12T20:13:39.965+0800
[main]V/SignerInstance: Signing all the parameters end  : 2026-07-12T20:13:39.965+0800
[main]V/SignerInstance: Signing all the parameters begin: 2026-07-12T20:13:40.268+0800
[main]V/SignerInstance: Calling native begin: 2026-07-12T20:13:40.281+0800
[main]V/SignerInstance: Calling native end  : 2026-07-12T20:13:40.282+0800
[main]V/SignerInstance: Signing all the parameters end  : 2026-07-12T20:13:40.282+0800
[main]V/SignerInstance: Signing all the parameters begin: 2026-07-12T20:13:40.290+0800
[main]V/SignerInstance: Signing all the parameters begin: 2026-07-12T20:13:40.291+0800
[main]V/SignerInstance: Calling native begin: 2026-07-12T20:13:40.292+0800
[main]V/SignerInstance: Calling native end  : 2026-07-12T20:13:40.292+0800
[main]V/SignerInstance: Signing all the parameters end  : 2026-07-12T20:13:40.292+0800
[main]V/SignerInstance: Signing all the parameters begin: 2026-07-12T20:13:40.293+0800
[main]V/SignerInstance: Calling native begin: 2026-07-12T20:13:40.347+0800
[main]V/SignerInstance: Calling native end  : 2026-07-12T20:13:40.347+0800
[main]V/SignerInstance: Signing all the parameters end  : 2026-07-12T20:13:40.347+0800
[main]V/SignerInstance: SDKv5 Signing all the parameters begin: 2026-07-12T20:13:40.348+0800
[main]V/SignerInstance: Signing all the parameters begin: 2026-07-12T20:13:40.349+0800
[main]V/SignerInstance: Calling native begin: 2026-07-12T20:13:40.349+0800
[main]V/SignerInstance: Calling native end  : 2026-07-12T20:13:40.349+0800
[main]V/SignerInstance: Signing all the parameters end  : 2026-07-12T20:13:40.349+0800
[main]V/SignerInstance: SDKv5 Signing all the parameters end  : 2026-07-12T20:13:40.355+0800
[main]V/SignerInstance: SDKv5 Signing all the parameters begin: 2026-07-12T20:13:40.356+0800
[main]V/SignerInstance: SDKv5 Signing all the parameters end  : 2026-07-12T20:13:40.356+0800
loaded libsigner.so base=0x12340000 size=0x148000
[main]V/SignerInstance: Signing all the parameters begin: 2026-07-12T20:13:43.001+0800
[main]V/SignerInstance: Calling native begin: 2026-07-12T20:13:43.011+0800
[main]V/SignerInstance: Calling native end  : 2026-07-12T20:13:46.477+0800
[main]V/SignerInstance: Signing all the parameters end  : 2026-07-12T20:13:46.478+0800
[main]V/SignerInstance: Signing all the parameters begin: 2026-07-12T20:13:46.480+0800
[main]V/SignerInstance: Calling native begin: 2026-07-12T20:13:46.480+0800
[main]V/SignerInstance: Calling native end  : 2026-07-12T20:13:50.133+0800
[main]V/SignerInstance: Signing all the parameters end  : 2026-07-12T20:13:50.133+0800
