[main]V/SignerInstance: Signing all the parameters begin: 2026-07-13T12:27:23.222+0800
[main]V/SignerInstance: Calling native begin: 2026-07-13T12:27:23.234+0800
[main]V/SignerInstance: Calling native end  : 2026-07-13T12:27:23.266+0800
[main]V/SignerInstance: Signing all the parameters end  : 2026-07-13T12:27:23.267+0800
[main]V/SignerInstance: Signing all the parameters begin: 2026-07-13T12:27:23.281+0800
[main]V/SignerInstance: Calling native begin: 2026-07-13T12:27:23.281+0800
[main]V/SignerInstance: Calling native end  : 2026-07-13T12:27:23.295+0800
[main]V/SignerInstance: Signing all the parameters end  : 2026-07-13T12:27:23.295+0800
[main]V/SignerInstance: Signing all the parameters begin: 2026-07-13T12:27:23.300+0800
[main]V/SignerInstance: Calling native begin: 2026-07-13T12:27:23.300+0800
[main]V/SignerInstance: Calling native end  : 2026-07-13T12:27:23.306+0800
[main]V/SignerInstance: Signing all the parameters end  : 2026-07-13T12:27:23.306+0800
[main]V/SignerInstance: Signing all the parameters begin: 2026-07-13T12:27:23.311+0800
[main]V/SignerInstance: Calling native begin: 2026-07-13T12:27:23.378+0800
[main]V/SignerInstance: Calling native end  : 2026-07-13T12:27:23.388+0800
[main]V/SignerInstance: Signing all the parameters end  : 2026-07-13T12:27:23.388+0800
[main]V/SignerInstance: Signing all the parameters begin: 2026-07-13T12:27:23.394+0800
[main]V/SignerInstance: Calling native begin: 2026-07-13T12:27:23.394+0800
[main]V/SignerInstance: Calling native end  : 2026-07-13T12:27:23.408+0800
[main]V/SignerInstance: Signing all the parameters end  : 2026-07-13T12:27:23.408+0800
[main]V/SignerInstance: Signing all the parameters begin: 2026-07-13T12:27:23.414+0800
[main]V/SignerInstance: Calling native begin: 2026-07-13T12:27:23.415+0800
[main]V/SignerInstance: Calling native end  : 2026-07-13T12:27:23.426+0800
[main]V/SignerInstance: Signing all the parameters end  : 2026-07-13T12:27:23.426+0800
[main]V/SignerInstance: Signing all the parameters begin: 2026-07-13T12:27:23.430+0800
[main]V/SignerInstance: Calling native begin: 2026-07-13T12:27:23.430+0800
[main]V/SignerInstance: Calling native end  : 2026-07-13T12:27:23.443+0800
[main]V/SignerInstance: Signing all the parameters end  : 2026-07-13T12:27:23.444+0800
[main]V/SignerInstance: Signing all the parameters begin: 2026-07-13T12:27:23.450+0800
[main]V/SignerInstance: Calling native begin: 2026-07-13T12:27:23.450+0800
[main]V/SignerInstance: Calling native end  : 2026-07-13T12:27:23.458+0800
[main]V/SignerInstance: Signing all the parameters end  : 2026-07-13T12:27:23.458+0800
[main]V/SignerInstance: Signing all the parameters begin: 2026-07-13T12:27:23.469+0800
[main]V/SignerInstance: Calling native begin: 2026-07-13T12:27:23.469+0800
[main]V/SignerInstance: Calling native end  : 2026-07-13T12:27:23.478+0800
[main]V/SignerInstance: Signing all the parameters end  : 2026-07-13T12:27:23.478+0800
[main]V/SignerInstance: Signing all the parameters begin: 2026-07-13T12:27:23.486+0800
[main]V/SignerInstance: Calling native begin: 2026-07-13T12:27:23.676+0800
[main]V/SignerInstance: Calling native end  : 2026-07-13T12:27:23.685+0800
[main]V/SignerInstance: Signing all the parameters end  : 2026-07-13T12:27:23.685+0800
[main]V/SignerInstance: Signing all the parameters begin: 2026-07-13T12:27:23.689+0800
[main]V/SignerInstance: Calling native begin: 2026-07-13T12:27:23.689+0800
[main]V/SignerInstance: Calling native end  : 2026-07-13T12:27:23.696+0800
[main]V/SignerInstance: Signing all the parameters end  : 2026-07-13T12:27:23.696+0800
[main]V/SignerInstance: Signing all the parameters begin: 2026-07-13T12:27:23.700+0800
[main]V/SignerInstance: Calling native begin: 2026-07-13T12:27:23.700+0800
[main]V/SignerInstance: Calling native end  : 2026-07-13T12:27:23.706+0800
[main]V/SignerInstance: Signing all the parameters end  : 2026-07-13T12:27:23.706+0800
[main]V/SignerInstance: Signing all the parameters begin: 2026-07-13T12:27:23.710+0800
[main]V/SignerInstance: Calling native begin: 2026-07-13T12:27:23.710+0800
[main]V/SignerInstance: Calling native end  : 2026-07-13T12:27:23.719+0800
[main]V/SignerInstance: Signing all the parameters end  : 2026-07-13T12:27:23.719+0800
[main]V/SignerInstance: Signing all the parameters begin: 2026-07-13T12:27:23.735+0800
[main]V/SignerInstance: Calling native begin: 2026-07-13T12:27:23.735+0800
[main]V/SignerInstance: Calling native end  : 2026-07-13T12:27:23.746+0800
[main]V/SignerInstance: Signing all the parameters end  : 2026-07-13T12:27:23.746+0800
[main]V/SignerInstance: Signing all the parameters begin: 2026-07-13T12:27:23.749+0800
[main]V/SignerInstance: Calling native begin: 2026-07-13T12:27:23.749+0800
[main]V/SignerInstance: Calling native end  : 2026-07-13T12:27:23.762+0800
[main]V/SignerInstance: Signing all the parameters end  : 2026-07-13T12:27:23.762+0800
[main]V/SignerInstance: Signing all the parameters begin: 2026-07-13T12:27:23.767+0800
[main]V/SignerInstance: Calling native begin: 2026-07-13T12:27:23.768+0800
[main]V/SignerInstance: Calling native end  : 2026-07-13T12:27:23.780+0800
[main]V/SignerInstance: Signing all the parameters end  : 2026-07-13T12:27:23.780+0800
[main]V/SignerInstance: Signing all the parameters begin: 2026-07-13T12:27:23.785+0800
[main]V/SignerInstance: Calling native begin: 2026-07-13T12:27:23.828+0800
[main]V/SignerInstance: Calling native end  : 2026-07-13T12:27:23.838+0800
[main]V/SignerInstance: Signing all the parameters end  : 2026-07-13T12:27:23.839+0800
[main]V/SignerInstance: Signing all the parameters begin: 2026-07-13T12:27:23.843+0800
[main]V/SignerInstance: Calling native begin: 2026-07-13T12:27:23.843+0800
[main]V/SignerInstance: Calling native end  : 2026-07-13T12:27:23.855+0800
[main]V/SignerInstance: Signing all the parameters end  : 2026-07-13T12:27:23.855+0800
[main]V/SignerInstance: Signing all the parameters begin: 2026-07-13T12:27:23.858+0800
[main]V/SignerInstance: Calling native begin: 2026-07-13T12:27:23.858+0800
[main]V/SignerInstance: Calling native end  : 2026-07-13T12:27:23.865+0800
[main]V/SignerInstance: Signing all the parameters end  : 2026-07-13T12:27:23.865+0800
loaded libsigner.so base=0x12340000 size=0x148000
[main]V/SignerInstance: Signing all the parameters begin: 2026-07-13T12:27:30.400+0800
[main]V/SignerInstance: Calling native begin: 2026-07-13T12:27:30.400+0800
[main] WARN com.github.unidbg.Utils - read path=java.io.RandomAccessFile@375b5b7f, fp=10674152, _count=4096, length=10670511, buffer=RW@0x12309000
/bin/sh: line 1: 43219 Abort trap: 6           '/Library/Java/JavaVirtualMachines/jdk-17.0.4.1.jdk/Contents/Home/bin/java' '-XX:TieredStopAtLevel=1' '-jar' '/Users/sanbo/Desktop/api/qbdi/unidbg-adjust-runner/target/surefire/surefirebooter-20260713122722368_6.jar' '/Users/sanbo/Desktop/api/qbdi/unidbg-adjust-runner/target/surefire' '2026-07-13T12-27-22_215-jvmRun1' 'surefire-20260713122722368_4tmp' 'surefire_1-20260713122722368_5tmp'
[main]V/SignerInstance: SDKv5 Signing all the parameters begin: 2026-07-13T12:27:46.162+0800
[main]V/SignerInstance: Signing all the parameters begin: 2026-07-13T12:27:46.164+0800
[main]V/SignerInstance: Calling native begin: 2026-07-13T12:27:46.177+0800
[main]V/SignerInstance: Calling native end  : 2026-07-13T12:27:46.177+0800
[main]V/SignerInstance: Signing all the parameters end  : 2026-07-13T12:27:46.177+0800
[main]V/SignerInstance: SDKv5 Signing all the parameters end  : 2026-07-13T12:27:46.180+0800
[main]V/SignerInstance: Signing all the parameters begin: 2026-07-13T12:27:46.191+0800
[main]V/SignerInstance: Calling native begin: 2026-07-13T12:27:46.191+0800
[main]V/SignerInstance: Calling native end  : 2026-07-13T12:27:46.191+0800
[main]V/SignerInstance: Signing all the parameters end  : 2026-07-13T12:27:46.191+0800
[main]V/SignerInstance: Signing all the parameters begin: 2026-07-13T12:27:46.191+0800
[main]V/SignerInstance: Calling native begin: 2026-07-13T12:27:46.191+0800
[main]V/SignerInstance: Calling native end  : 2026-07-13T12:27:46.191+0800
[main]V/SignerInstance: Signing all the parameters end  : 2026-07-13T12:27:46.191+0800
loaded libsigner.so base=0x12340000 size=0x148000
[main]V/SignerInstance: Signing all the parameters begin: 2026-07-13T12:27:47.928+0800
[main]V/SignerInstance: Calling native begin: 2026-07-13T12:27:47.937+0800
[main]V/signer: Signing all the parameters begin: 2025-10-09T04:53:20.123Z-0400
[main]V/signer: Signing all the parameters end  : 2025-10-09T04:53:20.123Z-0400
[main]V/SignerInstance: Calling native end  : 2026-07-13T12:27:51.629+0800
[main]V/SignerInstance: Signing all the parameters end  : 2026-07-13T12:27:51.630+0800
[main]V/SignerInstance: Signing all the parameters begin: 2026-07-13T12:27:51.630+0800
[main]V/SignerInstance: Calling native begin: 2026-07-13T12:27:51.630+0800
[main]V/signer: Signing all the parameters begin: 2025-10-09T04:53:20.123Z-0400
[main]V/signer: Signing all the parameters end  : 2025-10-09T04:53:20.123Z-0400
[main]V/SignerInstance: Calling native end  : 2026-07-13T12:27:55.408+0800
[main]V/SignerInstance: Signing all the parameters end  : 2026-07-13T12:27:55.408+0800
[main]V/SignerInstance: SDKv5 Signing all the parameters begin: 2026-07-13T12:27:55.409+0800
[main]V/SignerInstance: Signing all the parameters begin: 2026-07-13T12:27:55.409+0800
[main]V/SignerInstance: Calling native begin: 2026-07-13T12:27:55.409+0800
[main]V/signer: Signing all the parameters begin: 2025-10-09T04:53:20.123Z-0400
[main]V/signer: Signing all the parameters end  : 2025-10-09T04:53:20.123Z-0400
[main]V/SignerInstance: Calling native end  : 2026-07-13T12:27:59.157+0800
[main]V/SignerInstance: Signing all the parameters end  : 2026-07-13T12:27:59.157+0800
[main]V/SignerInstance: SDKv5 Signing all the parameters end  : 2026-07-13T12:27:59.159+0800
loaded libsigner.so base=0x12340000 size=0x148000
[main]V/SignerInstance: Signing all the parameters begin: 2026-07-13T12:28:01.102+0800
[main]V/SignerInstance: Calling native begin: 2026-07-13T12:28:01.105+0800
[main] WARN com.github.unidbg.Utils - read path=java.io.RandomAccessFile@a4ca3f6, fp=10674152, _count=4096, length=10670710, buffer=RW@0x12309000
[main]V/SignerInstance: Calling native end  : 2026-07-13T12:28:15.571+0800
[main]V/SignerInstance: Signing all the parameters end  : 2026-07-13T12:28:15.571+0800
[main]V/SignerInstance: Signing all the parameters begin: 2026-07-13T12:28:15.577+0800
[main]V/SignerInstance: Calling native begin: 2026-07-13T12:28:15.579+0800
[main]V/SignerInstance: Calling native end  : 2026-07-13T12:28:17.116+0800
[main]V/SignerInstance: Signing all the parameters end  : 2026-07-13T12:28:17.117+0800
loaded libsigner.so base=0x12340000 size=0x148000
[main]V/SignerInstance: Signing all the parameters begin: 2026-07-13T12:28:17.389+0800
[main]V/SignerInstance: Calling native begin: 2026-07-13T12:28:17.416+0800
[main] WARN com.github.unidbg.Utils - read path=java.io.RandomAccessFile@54709809, fp=10674152, _count=4096, length=10670710, buffer=RW@0x12309000
[main]V/SignerInstance: Calling native end  : 2026-07-13T12:28:31.885+0800
[main]V/SignerInstance: Signing all the parameters end  : 2026-07-13T12:28:31.886+0800
/bin/sh: line 1: 47230 Abort trap: 6           '/Library/Java/JavaVirtualMachines/jdk-17.0.4.1.jdk/Contents/Home/bin/java' '-XX:TieredStopAtLevel=1' '-jar' '/Users/sanbo/Desktop/api/qbdi/unidbg-adjust-runner/target/surefire/surefirebooter-20260713122722368_43.jar' '/Users/sanbo/Desktop/api/qbdi/unidbg-adjust-runner/target/surefire' '2026-07-13T12-27-22_215-jvmRun1' 'surefire-20260713122722368_41tmp' 'surefire_5-20260713122722368_42tmp'
[main]V/SignerInstance: Signing all the parameters begin: 2026-07-13T12:28:32.839+0800
[main]V/SignerInstance: Calling native begin: 2026-07-13T12:28:32.858+0800
[main]V/SignerInstance: Calling native end  : 2026-07-13T12:28:32.858+0800
[main]V/SignerInstance: Signing all the parameters end  : 2026-07-13T12:28:32.858+0800
[main]V/SignerInstance: SDKv5 Signing all the parameters begin: 2026-07-13T12:28:32.878+0800
[main]V/SignerInstance: Signing all the parameters begin: 2026-07-13T12:28:32.879+0800
[main]V/SignerInstance: Calling native begin: 2026-07-13T12:28:32.879+0800
[main]V/SignerInstance: Calling native end  : 2026-07-13T12:28:32.879+0800
[main]V/SignerInstance: Signing all the parameters end  : 2026-07-13T12:28:32.879+0800
[main]V/SignerInstance: SDKv5 Signing all the parameters end  : 2026-07-13T12:28:32.882+0800
[main]V/SignerInstance: Signing all the parameters begin: 2026-07-13T12:28:32.885+0800
[main]V/SignerInstance: Calling native begin: 2026-07-13T12:28:32.885+0800
[main]V/SignerInstance: Calling native end  : 2026-07-13T12:28:32.885+0800
[main]V/SignerInstance: Signing all the parameters end  : 2026-07-13T12:28:32.885+0800
[main]V/SignerInstance: Signing all the parameters begin: 2026-07-13T12:28:32.886+0800
[main]V/SignerInstance: Calling native begin: 2026-07-13T12:28:32.887+0800
[main]V/SignerInstance: Calling native end  : 2026-07-13T12:28:32.887+0800
[main]V/SignerInstance: Signing all the parameters end  : 2026-07-13T12:28:32.887+0800
[main]V/SignerInstance: Signing all the parameters begin: 2026-07-13T12:28:32.888+0800
[main]V/SignerInstance: Calling native begin: 2026-07-13T12:28:32.888+0800
[main]V/SignerInstance: Calling native end  : 2026-07-13T12:28:32.888+0800
[main]V/SignerInstance: Signing all the parameters end  : 2026-07-13T12:28:32.889+0800
[main]V/SignerInstance: Signing all the parameters begin: 2026-07-13T12:28:32.891+0800
[main]V/SignerInstance: Calling native begin: 2026-07-13T12:28:32.892+0800
[main]V/SignerInstance: Calling native end  : 2026-07-13T12:28:32.892+0800
[main]V/SignerInstance: Signing all the parameters end  : 2026-07-13T12:28:32.892+0800
[main]V/SignerInstance: Signing all the parameters begin: 2026-07-13T12:28:32.893+0800
[main]V/SignerInstance: Calling native begin: 2026-07-13T12:28:32.893+0800
[main]V/SignerInstance: Calling native end  : 2026-07-13T12:28:32.893+0800
[main]V/SignerInstance: Signing all the parameters end  : 2026-07-13T12:28:32.893+0800
[main]V/SignerInstance: Signing all the parameters begin: 2026-07-13T12:28:33.183+0800
[main]V/SignerInstance: Calling native begin: 2026-07-13T12:28:33.201+0800
[main]V/SignerInstance: Calling native end  : 2026-07-13T12:28:33.202+0800
[main]V/SignerInstance: Signing all the parameters end  : 2026-07-13T12:28:33.202+0800
[main]V/SignerInstance: Signing all the parameters begin: 2026-07-13T12:28:33.211+0800
[main]E/SignerInstance: sign: Api is less than JellyBean-4-18
[main]V/SignerInstance: Signing all the parameters begin: 2026-07-13T12:28:33.212+0800
[main]V/SignerInstance: Calling native begin: 2026-07-13T12:28:33.212+0800
[main]V/SignerInstance: Calling native end  : 2026-07-13T12:28:33.212+0800
[main]V/SignerInstance: Signing all the parameters end  : 2026-07-13T12:28:33.213+0800
[main]V/SignerInstance: Signing all the parameters begin: 2026-07-13T12:28:33.214+0800
[main]V/SignerInstance: Calling native begin: 2026-07-13T12:28:33.296+0800
[main]V/SignerInstance: Calling native end  : 2026-07-13T12:28:33.296+0800
[main]V/SignerInstance: Signing all the parameters end  : 2026-07-13T12:28:33.296+0800
[main]V/SignerInstance: SDKv5 Signing all the parameters begin: 2026-07-13T12:28:33.298+0800
[main]V/SignerInstance: Signing all the parameters begin: 2026-07-13T12:28:33.298+0800
[main]V/SignerInstance: Calling native begin: 2026-07-13T12:28:33.298+0800
[main]V/SignerInstance: Calling native end  : 2026-07-13T12:28:33.298+0800
[main]V/SignerInstance: Signing all the parameters end  : 2026-07-13T12:28:33.298+0800
[main]V/SignerInstance: SDKv5 Signing all the parameters end  : 2026-07-13T12:28:33.304+0800
[main]V/SignerInstance: SDKv5 Signing all the parameters begin: 2026-07-13T12:28:33.305+0800
[main]V/SignerInstance: SDKv5 Signing all the parameters end  : 2026-07-13T12:28:33.305+0800
loaded libsigner.so base=0x12340000 size=0x148000
[main] WARN com.github.unidbg.linux.ARM64SyscallHandler - handleInterrupt intno=2, NR=107, svcNumber=0x0, PC=RX@0x121aa74c[libc.so]0x6a74c, LR=RX@0x121630e0[libc.so]0x230e0, syscall=null
[main] WARN com.github.unidbg.linux.ARM64SyscallHandler - handleInterrupt intno=2, NR=110, svcNumber=0x0, PC=RX@0x121aab6c[libc.so]0x6ab6c, LR=RX@0x12414b3c[libsigner.so]0xd4b3c, syscall=null
[main]V/SignerInstance: Signing all the parameters begin: 2026-07-13T12:28:35.668+0800
[main]V/SignerInstance: Calling native begin: 2026-07-13T12:28:35.677+0800
[main]V/signer: Signing all the parameters begin: 2026-07-13T00:28:35.686Z-0400
[main]V/signer: Signing all the parameters end  : 2026-07-13T00:28:39.640Z-0400
[main]V/SignerInstance: Calling native end  : 2026-07-13T12:28:39.670+0800
[main]V/SignerInstance: Signing all the parameters end  : 2026-07-13T12:28:39.670+0800
[main]V/SignerInstance: Signing all the parameters begin: 2026-07-13T12:28:39.671+0800
[main]V/SignerInstance: Calling native begin: 2026-07-13T12:28:39.671+0800
[main]V/signer: Signing all the parameters begin: 2026-07-13T00:28:39.682Z-0400
[main]V/signer: Signing all the parameters end  : 2026-07-13T00:28:43.361Z-0400
[main]V/SignerInstance: Calling native end  : 2026-07-13T12:28:43.391+0800
[main]V/SignerInstance: Signing all the parameters end  : 2026-07-13T12:28:43.391+0800
[ERROR] Failed to execute goal org.apache.maven.plugins:maven-surefire-plugin:3.2.5:test (default-test) on project unidbg-adjust-runner: 
[ERROR] 
[ERROR] Please refer to /Users/sanbo/Desktop/api/qbdi/unidbg-adjust-runner/target/surefire-reports for the individual test results.
[ERROR] Please refer to dump files (if any exist) [date].dump, [date]-jvmRun[N].dump and [date].dumpstream.
[ERROR] ExecutionException The forked VM terminated without properly saying goodbye. VM crash or System.exit called?
[ERROR] Command was /bin/sh -c cd '/Users/sanbo/Desktop/api/qbdi/unidbg-adjust-runner' && '/Library/Java/JavaVirtualMachines/jdk-17.0.4.1.jdk/Contents/Home/bin/java' '-XX:TieredStopAtLevel=1' '-jar' '/Users/sanbo/Desktop/api/qbdi/unidbg-adjust-runner/target/surefire/surefirebooter-20260713122722368_6.jar' '/Users/sanbo/Desktop/api/qbdi/unidbg-adjust-runner/target/surefire' '2026-07-13T12-27-22_215-jvmRun1' 'surefire-20260713122722368_4tmp' 'surefire_1-20260713122722368_5tmp'
[ERROR] Error occurred in starting fork, check output in log
[ERROR] Process Exit Code: 134
[ERROR] Crashed tests:
[ERROR] local.RecoveredNativeBackendIntegrationTest
[ERROR] ExecutionException The forked VM terminated without properly saying goodbye. VM crash or System.exit called?
[ERROR] Command was /bin/sh -c cd '/Users/sanbo/Desktop/api/qbdi/unidbg-adjust-runner' && '/Library/Java/JavaVirtualMachines/jdk-17.0.4.1.jdk/Contents/Home/bin/java' '-XX:TieredStopAtLevel=1' '-jar' '/Users/sanbo/Desktop/api/qbdi/unidbg-adjust-runner/target/surefire/surefirebooter-20260713122722368_43.jar' '/Users/sanbo/Desktop/api/qbdi/unidbg-adjust-runner/target/surefire' '2026-07-13T12-27-22_215-jvmRun1' 'surefire-20260713122722368_41tmp' 'surefire_5-20260713122722368_42tmp'
[ERROR] Error occurred in starting fork, check output in log
[ERROR] Process Exit Code: 134
[ERROR] Crashed tests:
[ERROR] local.LegacyAndroidApiNativeIntegrationTest
[ERROR] org.apache.maven.surefire.booter.SurefireBooterForkException: ExecutionException The forked VM terminated without properly saying goodbye. VM crash or System.exit called?
[ERROR] Command was /bin/sh -c cd '/Users/sanbo/Desktop/api/qbdi/unidbg-adjust-runner' && '/Library/Java/JavaVirtualMachines/jdk-17.0.4.1.jdk/Contents/Home/bin/java' '-XX:TieredStopAtLevel=1' '-jar' '/Users/sanbo/Desktop/api/qbdi/unidbg-adjust-runner/target/surefire/surefirebooter-20260713122722368_6.jar' '/Users/sanbo/Desktop/api/qbdi/unidbg-adjust-runner/target/surefire' '2026-07-13T12-27-22_215-jvmRun1' 'surefire-20260713122722368_4tmp' 'surefire_1-20260713122722368_5tmp'
[ERROR] Error occurred in starting fork, check output in log
[ERROR] Process Exit Code: 134
[ERROR] Crashed tests:
[ERROR] local.RecoveredNativeBackendIntegrationTest
[ERROR] ExecutionException The forked VM terminated without properly saying goodbye. VM crash or System.exit called?
[ERROR] Command was /bin/sh -c cd '/Users/sanbo/Desktop/api/qbdi/unidbg-adjust-runner' && '/Library/Java/JavaVirtualMachines/jdk-17.0.4.1.jdk/Contents/Home/bin/java' '-XX:TieredStopAtLevel=1' '-jar' '/Users/sanbo/Desktop/api/qbdi/unidbg-adjust-runner/target/surefire/surefirebooter-20260713122722368_43.jar' '/Users/sanbo/Desktop/api/qbdi/unidbg-adjust-runner/target/surefire' '2026-07-13T12-27-22_215-jvmRun1' 'surefire-20260713122722368_41tmp' 'surefire_5-20260713122722368_42tmp'
[ERROR] Error occurred in starting fork, check output in log
[ERROR] Process Exit Code: 134
[ERROR] Crashed tests:
[ERROR] local.LegacyAndroidApiNativeIntegrationTest
[ERROR] 	at org.apache.maven.plugin.surefire.booterclient.ForkStarter.awaitResultsDone(ForkStarter.java:456)
[ERROR] 	at org.apache.maven.plugin.surefire.booterclient.ForkStarter.runSuitesForkPerTestSet(ForkStarter.java:418)
[ERROR] 	at org.apache.maven.plugin.surefire.booterclient.ForkStarter.run(ForkStarter.java:297)
[ERROR] 	at org.apache.maven.plugin.surefire.booterclient.ForkStarter.run(ForkStarter.java:250)
[ERROR] 	at org.apache.maven.plugin.surefire.AbstractSurefireMojo.executeProvider(AbstractSurefireMojo.java:1241)
[ERROR] 	at org.apache.maven.plugin.surefire.AbstractSurefireMojo.executeAfterPreconditionsChecked(AbstractSurefireMojo.java:1090)
[ERROR] 	at org.apache.maven.plugin.surefire.AbstractSurefireMojo.execute(AbstractSurefireMojo.java:910)
[ERROR] 	at org.apache.maven.plugin.DefaultBuildPluginManager.executeMojo(DefaultBuildPluginManager.java:126)
[ERROR] 	at org.apache.maven.lifecycle.internal.MojoExecutor.doExecute2(MojoExecutor.java:328)
[ERROR] 	at org.apache.maven.lifecycle.internal.MojoExecutor.doExecute(MojoExecutor.java:316)
[ERROR] 	at org.apache.maven.lifecycle.internal.MojoExecutor.execute(MojoExecutor.java:212)
[ERROR] 	at org.apache.maven.lifecycle.internal.MojoExecutor.execute(MojoExecutor.java:174)
[ERROR] 	at org.apache.maven.lifecycle.internal.MojoExecutor.access$000(MojoExecutor.java:75)
[ERROR] 	at org.apache.maven.lifecycle.internal.MojoExecutor$1.run(MojoExecutor.java:162)
[ERROR] 	at org.apache.maven.plugin.DefaultMojosExecutionStrategy.execute(DefaultMojosExecutionStrategy.java:39)
[ERROR] 	at org.apache.maven.lifecycle.internal.MojoExecutor.execute(MojoExecutor.java:159)
[ERROR] 	at org.apache.maven.lifecycle.internal.LifecycleModuleBuilder.buildProject(LifecycleModuleBuilder.java:105)
[ERROR] 	at org.apache.maven.lifecycle.internal.LifecycleModuleBuilder.buildProject(LifecycleModuleBuilder.java:73)
[ERROR] 	at org.apache.maven.lifecycle.internal.builder.singlethreaded.SingleThreadedBuilder.build(SingleThreadedBuilder.java:53)
[ERROR] 	at org.apache.maven.lifecycle.internal.LifecycleStarter.execute(LifecycleStarter.java:118)
[ERROR] 	at org.apache.maven.DefaultMaven.doExecute(DefaultMaven.java:261)
[ERROR] 	at org.apache.maven.DefaultMaven.doExecute(DefaultMaven.java:173)
[ERROR] 	at org.apache.maven.DefaultMaven.execute(DefaultMaven.java:101)
[ERROR] 	at org.apache.maven.cli.MavenCli.execute(MavenCli.java:919)
[ERROR] 	at org.apache.maven.cli.MavenCli.doMain(MavenCli.java:285)
[ERROR] 	at org.apache.maven.cli.MavenCli.main(MavenCli.java:207)
[ERROR] 	at java.base/jdk.internal.reflect.NativeMethodAccessorImpl.invoke0(Native Method)
[ERROR] 	at java.base/jdk.internal.reflect.NativeMethodAccessorImpl.invoke(NativeMethodAccessorImpl.java:77)
[ERROR] 	at java.base/jdk.internal.reflect.DelegatingMethodAccessorImpl.invoke(DelegatingMethodAccessorImpl.java:43)
[ERROR] 	at java.base/java.lang.reflect.Method.invoke(Method.java:568)
[ERROR] 	at org.codehaus.plexus.classworlds.launcher.Launcher.launchEnhanced(Launcher.java:255)
[ERROR] 	at org.codehaus.plexus.classworlds.launcher.Launcher.launch(Launcher.java:201)
[ERROR] 	at org.codehaus.plexus.classworlds.launcher.Launcher.mainWithExitCode(Launcher.java:361)
[ERROR] 	at org.codehaus.plexus.classworlds.launcher.Launcher.main(Launcher.java:314)
[ERROR] Caused by: org.apache.maven.surefire.booter.SurefireBooterForkException: The forked VM terminated without properly saying goodbye. VM crash or System.exit called?
[ERROR] Command was /bin/sh -c cd '/Users/sanbo/Desktop/api/qbdi/unidbg-adjust-runner' && '/Library/Java/JavaVirtualMachines/jdk-17.0.4.1.jdk/Contents/Home/bin/java' '-XX:TieredStopAtLevel=1' '-jar' '/Users/sanbo/Desktop/api/qbdi/unidbg-adjust-runner/target/surefire/surefirebooter-20260713122722368_43.jar' '/Users/sanbo/Desktop/api/qbdi/unidbg-adjust-runner/target/surefire' '2026-07-13T12-27-22_215-jvmRun1' 'surefire-20260713122722368_41tmp' 'surefire_5-20260713122722368_42tmp'
[ERROR] Error occurred in starting fork, check output in log
[ERROR] Process Exit Code: 134
[ERROR] Crashed tests:
[ERROR] local.LegacyAndroidApiNativeIntegrationTest
[ERROR] 	at org.apache.maven.plugin.surefire.booterclient.ForkStarter.fork(ForkStarter.java:643)
[ERROR] 	at org.apache.maven.plugin.surefire.booterclient.ForkStarter.lambda$null$7(ForkStarter.java:401)
[ERROR] 	at java.base/java.util.concurrent.FutureTask.run(FutureTask.java:264)
[ERROR] 	at java.base/java.util.concurrent.ThreadPoolExecutor.runWorker(ThreadPoolExecutor.java:1136)
[ERROR] 	at java.base/java.util.concurrent.ThreadPoolExecutor$Worker.run(ThreadPoolExecutor.java:635)
[ERROR] 	at java.base/java.lang.Thread.run(Thread.java:833)
[ERROR] 
[ERROR] -> [Help 1]
[ERROR] 
[ERROR] To see the full stack trace of the errors, re-run Maven with the -e switch.
[ERROR] Re-run Maven using the -X switch to enable full debug logging.
[ERROR] 
[ERROR] For more information about the errors and possible solutions, please read the following articles:
[ERROR] [Help 1] http://cwiki.apache.org/confluence/display/MAVEN/MojoExecutionException
