[main]V/SignerInstance: Signing all the parameters begin: 2026-07-13T11:20:53.621+0800
[main]V/SignerInstance: Calling native begin: 2026-07-13T11:20:53.638+0800
[main]V/SignerInstance: Calling native end  : 2026-07-13T11:20:53.685+0800
[main]V/SignerInstance: Signing all the parameters end  : 2026-07-13T11:20:53.685+0800
[main]V/SignerInstance: Signing all the parameters begin: 2026-07-13T11:20:53.713+0800
[main]V/SignerInstance: Calling native begin: 2026-07-13T11:20:53.713+0800
[main]V/SignerInstance: Calling native end  : 2026-07-13T11:20:53.732+0800
[main]V/SignerInstance: Signing all the parameters end  : 2026-07-13T11:20:53.733+0800
[main]V/SignerInstance: Signing all the parameters begin: 2026-07-13T11:20:53.741+0800
[main]V/SignerInstance: Calling native begin: 2026-07-13T11:20:53.742+0800
[main]V/SignerInstance: Calling native end  : 2026-07-13T11:20:53.747+0800
[main]V/SignerInstance: Signing all the parameters end  : 2026-07-13T11:20:53.748+0800
[main]V/SignerInstance: Signing all the parameters begin: 2026-07-13T11:20:53.752+0800
[main]V/SignerInstance: Calling native begin: 2026-07-13T11:20:53.884+0800
[main]V/SignerInstance: Calling native end  : 2026-07-13T11:20:53.895+0800
[main]V/SignerInstance: Signing all the parameters end  : 2026-07-13T11:20:53.895+0800
[main]V/SignerInstance: Signing all the parameters begin: 2026-07-13T11:20:53.899+0800
[main]V/SignerInstance: Calling native begin: 2026-07-13T11:20:53.899+0800
[main]V/SignerInstance: Calling native end  : 2026-07-13T11:20:53.912+0800
[main]V/SignerInstance: Signing all the parameters end  : 2026-07-13T11:20:53.912+0800
[main]V/SignerInstance: Signing all the parameters begin: 2026-07-13T11:20:53.918+0800
[main]V/SignerInstance: Calling native begin: 2026-07-13T11:20:53.918+0800
[main]V/SignerInstance: Calling native end  : 2026-07-13T11:20:53.930+0800
[main]V/SignerInstance: Signing all the parameters end  : 2026-07-13T11:20:53.930+0800
[main]V/SignerInstance: Signing all the parameters begin: 2026-07-13T11:20:53.935+0800
[main]V/SignerInstance: Calling native begin: 2026-07-13T11:20:53.936+0800
[main]V/SignerInstance: Calling native end  : 2026-07-13T11:20:53.947+0800
[main]V/SignerInstance: Signing all the parameters end  : 2026-07-13T11:20:53.947+0800
[main]V/SignerInstance: Signing all the parameters begin: 2026-07-13T11:20:53.953+0800
[main]V/SignerInstance: Calling native begin: 2026-07-13T11:20:53.954+0800
[main]V/SignerInstance: Calling native end  : 2026-07-13T11:20:53.959+0800
[main]V/SignerInstance: Signing all the parameters end  : 2026-07-13T11:20:53.959+0800
[main]V/SignerInstance: Signing all the parameters begin: 2026-07-13T11:20:53.964+0800
[main]V/SignerInstance: Calling native begin: 2026-07-13T11:20:53.964+0800
[main]V/SignerInstance: Calling native end  : 2026-07-13T11:20:53.973+0800
[main]V/SignerInstance: Signing all the parameters end  : 2026-07-13T11:20:53.973+0800
[main]V/SignerInstance: Signing all the parameters begin: 2026-07-13T11:20:53.976+0800
[main]V/SignerInstance: Calling native begin: 2026-07-13T11:20:54.010+0800
[main]V/SignerInstance: Calling native end  : 2026-07-13T11:20:54.021+0800
[main]V/SignerInstance: Signing all the parameters end  : 2026-07-13T11:20:54.021+0800
[main]V/SignerInstance: Signing all the parameters begin: 2026-07-13T11:20:54.025+0800
[main]V/SignerInstance: Calling native begin: 2026-07-13T11:20:54.025+0800
[main]V/SignerInstance: Calling native end  : 2026-07-13T11:20:54.034+0800
[main]V/SignerInstance: Signing all the parameters end  : 2026-07-13T11:20:54.034+0800
[main]V/SignerInstance: Signing all the parameters begin: 2026-07-13T11:20:54.039+0800
[main]V/SignerInstance: Calling native begin: 2026-07-13T11:20:54.039+0800
[main]V/SignerInstance: Calling native end  : 2026-07-13T11:20:54.046+0800
[main]V/SignerInstance: Signing all the parameters end  : 2026-07-13T11:20:54.046+0800
[main]V/SignerInstance: Signing all the parameters begin: 2026-07-13T11:20:54.049+0800
[main]V/SignerInstance: Calling native begin: 2026-07-13T11:20:54.049+0800
[main]V/SignerInstance: Calling native end  : 2026-07-13T11:20:54.058+0800
[main]V/SignerInstance: Signing all the parameters end  : 2026-07-13T11:20:54.058+0800
[main]V/SignerInstance: Signing all the parameters begin: 2026-07-13T11:20:54.063+0800
[main]V/SignerInstance: Calling native begin: 2026-07-13T11:20:54.063+0800
[main]V/SignerInstance: Calling native end  : 2026-07-13T11:20:54.071+0800
[main]V/SignerInstance: Signing all the parameters end  : 2026-07-13T11:20:54.072+0800
[main]V/SignerInstance: Signing all the parameters begin: 2026-07-13T11:20:54.075+0800
[main]V/SignerInstance: Calling native begin: 2026-07-13T11:20:54.075+0800
[main]V/SignerInstance: Calling native end  : 2026-07-13T11:20:54.085+0800
[main]V/SignerInstance: Signing all the parameters end  : 2026-07-13T11:20:54.085+0800
[main]V/SignerInstance: Signing all the parameters begin: 2026-07-13T11:20:54.089+0800
[main]V/SignerInstance: Calling native begin: 2026-07-13T11:20:54.090+0800
[main]V/SignerInstance: Calling native end  : 2026-07-13T11:20:54.100+0800
[main]V/SignerInstance: Signing all the parameters end  : 2026-07-13T11:20:54.100+0800
[main]V/SignerInstance: Signing all the parameters begin: 2026-07-13T11:20:54.109+0800
[main]V/SignerInstance: Calling native begin: 2026-07-13T11:20:54.202+0800
[main]V/SignerInstance: Calling native end  : 2026-07-13T11:20:54.212+0800
[main]V/SignerInstance: Signing all the parameters end  : 2026-07-13T11:20:54.212+0800
[main]V/SignerInstance: Signing all the parameters begin: 2026-07-13T11:20:54.217+0800
[main]V/SignerInstance: Calling native begin: 2026-07-13T11:20:54.217+0800
[main]V/SignerInstance: Calling native end  : 2026-07-13T11:20:54.227+0800
[main]V/SignerInstance: Signing all the parameters end  : 2026-07-13T11:20:54.227+0800
[main]V/SignerInstance: Signing all the parameters begin: 2026-07-13T11:20:54.229+0800
[main]V/SignerInstance: Calling native begin: 2026-07-13T11:20:54.229+0800
[main]V/SignerInstance: Calling native end  : 2026-07-13T11:20:54.235+0800
[main]V/SignerInstance: Signing all the parameters end  : 2026-07-13T11:20:54.235+0800
loaded libsigner.so base=0x12340000 size=0x148000
[main]V/SignerInstance: Signing all the parameters begin: 2026-07-13T11:21:01.046+0800
[main]V/SignerInstance: Calling native begin: 2026-07-13T11:21:01.046+0800
[main]V/SignerInstance: Calling native end  : 2026-07-13T11:21:15.494+0800
[main]V/SignerInstance: Signing all the parameters end  : 2026-07-13T11:21:15.494+0800
[main]V/SignerInstance: Signing all the parameters begin: 2026-07-13T11:21:15.500+0800
[main]V/SignerInstance: Calling native begin: 2026-07-13T11:21:15.500+0800
[main]V/SignerInstance: Calling native end  : 2026-07-13T11:21:15.525+0800
[main]V/SignerInstance: Signing all the parameters end  : 2026-07-13T11:21:15.526+0800
loaded libsigner.so base=0x12340000 size=0x148000
[main]V/SignerInstance: Signing all the parameters begin: 2026-07-13T11:21:15.739+0800
[main]V/SignerInstance: Calling native begin: 2026-07-13T11:21:15.740+0800
[main]V/SignerInstance: Calling native end  : 2026-07-13T11:21:30.323+0800
[main]V/SignerInstance: Signing all the parameters end  : 2026-07-13T11:21:30.324+0800
[main]V/SignerInstance: Signing all the parameters begin: 2026-07-13T11:21:30.327+0800
[main]V/SignerInstance: Calling native begin: 2026-07-13T11:21:30.327+0800
[main]V/SignerInstance: Calling native end  : 2026-07-13T11:21:30.340+0800
[main]V/SignerInstance: Signing all the parameters end  : 2026-07-13T11:21:30.340+0800
[main]V/SignerInstance: SDKv5 Signing all the parameters begin: 2026-07-13T11:21:31.130+0800
[main]V/SignerInstance: Signing all the parameters begin: 2026-07-13T11:21:31.135+0800
[main]V/SignerInstance: Calling native begin: 2026-07-13T11:21:31.145+0800
[main]V/SignerInstance: Calling native end  : 2026-07-13T11:21:31.145+0800
[main]V/SignerInstance: Signing all the parameters end  : 2026-07-13T11:21:31.146+0800
[main]V/SignerInstance: SDKv5 Signing all the parameters end  : 2026-07-13T11:21:31.151+0800
[main]V/SignerInstance: Signing all the parameters begin: 2026-07-13T11:21:31.159+0800
[main]V/SignerInstance: Calling native begin: 2026-07-13T11:21:31.159+0800
[main]V/SignerInstance: Calling native end  : 2026-07-13T11:21:31.159+0800
[main]V/SignerInstance: Signing all the parameters end  : 2026-07-13T11:21:31.159+0800
[main]V/SignerInstance: Signing all the parameters begin: 2026-07-13T11:21:31.160+0800
[main]V/SignerInstance: Calling native begin: 2026-07-13T11:21:31.160+0800
[main]V/SignerInstance: Calling native end  : 2026-07-13T11:21:31.160+0800
[main]V/SignerInstance: Signing all the parameters end  : 2026-07-13T11:21:31.160+0800
loaded libsigner.so base=0x12340000 size=0x148000
[main]V/SignerInstance: Signing all the parameters begin: 2026-07-13T11:21:33.559+0800
[main]V/SignerInstance: Calling native begin: 2026-07-13T11:21:33.573+0800
[main]V/SignerInstance: Calling native end  : 2026-07-13T11:21:37.422+0800
[main]V/SignerInstance: Signing all the parameters end  : 2026-07-13T11:21:37.423+0800
[main]V/SignerInstance: Signing all the parameters begin: 2026-07-13T11:21:37.423+0800
[main]V/SignerInstance: Calling native begin: 2026-07-13T11:21:37.423+0800
[main]V/SignerInstance: Calling native end  : 2026-07-13T11:21:41.246+0800
[main]V/SignerInstance: Signing all the parameters end  : 2026-07-13T11:21:41.247+0800
[main]V/SignerInstance: SDKv5 Signing all the parameters begin: 2026-07-13T11:21:41.247+0800
[main]V/SignerInstance: Signing all the parameters begin: 2026-07-13T11:21:41.247+0800
[main]V/SignerInstance: Calling native begin: 2026-07-13T11:21:41.247+0800
[main]V/SignerInstance: Calling native end  : 2026-07-13T11:21:45.002+0800
[main]V/SignerInstance: Signing all the parameters end  : 2026-07-13T11:21:45.002+0800
[main]V/SignerInstance: SDKv5 Signing all the parameters end  : 2026-07-13T11:21:45.007+0800
loaded libsigner.so base=0x12340000 size=0x148000
[main]V/SignerInstance: Signing all the parameters begin: 2026-07-13T11:21:47.071+0800
[main]V/SignerInstance: Calling native begin: 2026-07-13T11:21:47.076+0800
[main]V/SignerInstance: Calling native end  : 2026-07-13T11:22:01.855+0800
[main]V/SignerInstance: Signing all the parameters end  : 2026-07-13T11:22:01.855+0800
loaded libsigner.so base=0x12340000 size=0x148000
[main]V/SignerInstance: Signing all the parameters begin: 2026-07-13T11:22:02.086+0800
[main]V/SignerInstance: Calling native begin: 2026-07-13T11:22:02.111+0800
[main]V/SignerInstance: Calling native end  : 2026-07-13T11:22:17.399+0800
[main]V/SignerInstance: Signing all the parameters end  : 2026-07-13T11:22:17.399+0800
[main]V/SignerInstance: Signing all the parameters begin: 2026-07-13T11:22:18.189+0800
[main]V/SignerInstance: Calling native begin: 2026-07-13T11:22:18.204+0800
[main]V/SignerInstance: Calling native end  : 2026-07-13T11:22:18.205+0800
[main]V/SignerInstance: Signing all the parameters end  : 2026-07-13T11:22:18.206+0800
[main]V/SignerInstance: SDKv5 Signing all the parameters begin: 2026-07-13T11:22:18.221+0800
[main]V/SignerInstance: Signing all the parameters begin: 2026-07-13T11:22:18.221+0800
[main]V/SignerInstance: Calling native begin: 2026-07-13T11:22:18.221+0800
[main]V/SignerInstance: Calling native end  : 2026-07-13T11:22:18.221+0800
[main]V/SignerInstance: Signing all the parameters end  : 2026-07-13T11:22:18.221+0800
[main]V/SignerInstance: SDKv5 Signing all the parameters end  : 2026-07-13T11:22:18.228+0800
[main]V/SignerInstance: Signing all the parameters begin: 2026-07-13T11:22:18.231+0800
[main]V/SignerInstance: Calling native begin: 2026-07-13T11:22:18.231+0800
[main]V/SignerInstance: Calling native end  : 2026-07-13T11:22:18.231+0800
[main]V/SignerInstance: Signing all the parameters end  : 2026-07-13T11:22:18.231+0800
[main]V/SignerInstance: Signing all the parameters begin: 2026-07-13T11:22:18.232+0800
[main]V/SignerInstance: Calling native begin: 2026-07-13T11:22:18.232+0800
[main]V/SignerInstance: Calling native end  : 2026-07-13T11:22:18.233+0800
[main]V/SignerInstance: Signing all the parameters end  : 2026-07-13T11:22:18.233+0800
[main]V/SignerInstance: Signing all the parameters begin: 2026-07-13T11:22:18.238+0800
[main]V/SignerInstance: Calling native begin: 2026-07-13T11:22:18.238+0800
[main]V/SignerInstance: Calling native end  : 2026-07-13T11:22:18.238+0800
[main]V/SignerInstance: Signing all the parameters end  : 2026-07-13T11:22:18.238+0800
[main]V/SignerInstance: Signing all the parameters begin: 2026-07-13T11:22:18.243+0800
[main]V/SignerInstance: Calling native begin: 2026-07-13T11:22:18.243+0800
[main]V/SignerInstance: Calling native end  : 2026-07-13T11:22:18.243+0800
[main]V/SignerInstance: Signing all the parameters end  : 2026-07-13T11:22:18.243+0800
[main]V/SignerInstance: Signing all the parameters begin: 2026-07-13T11:22:18.244+0800
[main]V/SignerInstance: Calling native begin: 2026-07-13T11:22:18.244+0800
[main]V/SignerInstance: Calling native end  : 2026-07-13T11:22:18.244+0800
[main]V/SignerInstance: Signing all the parameters end  : 2026-07-13T11:22:18.244+0800
[main]V/SignerInstance: Signing all the parameters begin: 2026-07-13T11:22:18.622+0800
[main]V/SignerInstance: Calling native begin: 2026-07-13T11:22:18.642+0800
[main]V/SignerInstance: Calling native end  : 2026-07-13T11:22:18.642+0800
[main]V/SignerInstance: Signing all the parameters end  : 2026-07-13T11:22:18.643+0800
[main]V/SignerInstance: Signing all the parameters begin: 2026-07-13T11:22:18.657+0800
[main]V/SignerInstance: Signing all the parameters begin: 2026-07-13T11:22:18.659+0800
[main]V/SignerInstance: Calling native begin: 2026-07-13T11:22:18.659+0800
[main]V/SignerInstance: Calling native end  : 2026-07-13T11:22:18.659+0800
[main]V/SignerInstance: Signing all the parameters end  : 2026-07-13T11:22:18.659+0800
[main]V/SignerInstance: Signing all the parameters begin: 2026-07-13T11:22:18.661+0800
[main]V/SignerInstance: Calling native begin: 2026-07-13T11:22:18.882+0800
[main]V/SignerInstance: Calling native end  : 2026-07-13T11:22:18.882+0800
[main]V/SignerInstance: Signing all the parameters end  : 2026-07-13T11:22:18.882+0800
[main]V/SignerInstance: SDKv5 Signing all the parameters begin: 2026-07-13T11:22:18.884+0800
[main]V/SignerInstance: Signing all the parameters begin: 2026-07-13T11:22:18.884+0800
[main]V/SignerInstance: Calling native begin: 2026-07-13T11:22:18.884+0800
[main]V/SignerInstance: Calling native end  : 2026-07-13T11:22:18.884+0800
[main]V/SignerInstance: Signing all the parameters end  : 2026-07-13T11:22:18.884+0800
[main]V/SignerInstance: SDKv5 Signing all the parameters end  : 2026-07-13T11:22:18.892+0800
[main]V/SignerInstance: SDKv5 Signing all the parameters begin: 2026-07-13T11:22:18.893+0800
[main]V/SignerInstance: SDKv5 Signing all the parameters end  : 2026-07-13T11:22:18.893+0800
loaded libsigner.so base=0x12340000 size=0x148000
[main]V/SignerInstance: Signing all the parameters begin: 2026-07-13T11:22:26.690+0800
[main]V/SignerInstance: Calling native begin: 2026-07-13T11:22:26.700+0800
[main]V/SignerInstance: Calling native end  : 2026-07-13T11:22:30.646+0800
[main]V/SignerInstance: Signing all the parameters end  : 2026-07-13T11:22:30.647+0800
[main]V/SignerInstance: Signing all the parameters begin: 2026-07-13T11:22:30.650+0800
[main]V/SignerInstance: Calling native begin: 2026-07-13T11:22:30.650+0800
[main]V/SignerInstance: Calling native end  : 2026-07-13T11:22:34.462+0800
[main]V/SignerInstance: Signing all the parameters end  : 2026-07-13T11:22:34.462+0800
