[qbdi-host] native-metadata stage=on-resume-flag-set context=unidbg@0xe4fff3c8 flags=0x41183fffffd1e
[qbdi-host] native-metadata stage=builder-entry arg0=0xe4fff3c4 arg1=0xfffe1640 arg2=0x59e32960 key-data=0x12482ea8 value-data=0x12482eb4
[qbdi-host] native-metadata stage=new-string-call site=0x99f10 value=headers_id
[qbdi-host] native-metadata stage=new-string-return site=0x99f14 object=0x68be8808
[qbdi-host] native-metadata stage=new-string-call site=0x99de8 value=9
[qbdi-host] native-metadata stage=new-string-return site=0x99dec object=0x32193bea
[qbdi-host] native-metadata stage=map-put-call map=0x59e32960 key=0x68be8808 value=0x32193bea
[qbdi-host] native-metadata stage=builder-entry arg0=0xe4fff3c4 arg1=0xfffe1640 arg2=0x59e32960 key-data=0x12482ed0 value-data=0x12482ea0
[qbdi-host] native-metadata stage=new-string-call site=0x99f10 value=adj_signing_id
[qbdi-host] native-metadata stage=new-string-return site=0x99f14 object=0x6b8d96d9
[qbdi-host] native-metadata stage=new-string-call site=0x99de8 value=1400000
[qbdi-host] native-metadata stage=new-string-return site=0x99dec object=0x69653e16
[qbdi-host] native-metadata stage=map-put-call map=0x59e32960 key=0x6b8d96d9 value=0x69653e16
[qbdi-host] native-metadata stage=builder-entry arg0=0xe4fff3c4 arg1=0xfffe1640 arg2=0x59e32960 key-data=0x12482eb8 value-data=0x12482ec8
[qbdi-host] native-metadata stage=new-string-call site=0x99f10 value=native_version
[qbdi-host] native-metadata stage=new-string-return site=0x99f14 object=0x758705fa
[qbdi-host] native-metadata stage=new-string-call site=0x99de8 value=3.67.0
[qbdi-host] native-metadata stage=new-string-return site=0x99dec object=0xebaa6cb
[qbdi-host] native-metadata stage=map-put-call map=0x59e32960 key=0x758705fa value=0xebaa6cb
[qbdi-host] native-metadata stage=builder-entry arg0=0xe4fff3c4 arg1=0xfffe1640 arg2=0x59e32960 key-data=0x12482ee0 value-data=0x12482eec
[qbdi-host] native-metadata stage=new-string-call site=0x99f10 value=algorithm
[qbdi-host] native-metadata stage=new-string-return site=0x99f14 object=0x906d29b
[qbdi-host] native-metadata stage=new-string-call site=0x99de8 value=adj8
[qbdi-host] native-metadata stage=new-string-return site=0x99dec object=0x49d3c823
[qbdi-host] native-metadata stage=map-put-call map=0x59e32960 key=0x906d29b value=0x49d3c823
