[qbdi-host] native-metadata stage=on-resume-flag-set context=unidbg@0xe4fff3c8 flags=0x41183fffffd1e
[qbdi-host] native-metadata stage=builder-entry arg0=0xe4fff3c4 arg1=0xfffe1640 arg2=0x10f7f7de key-data=0x12482ea8 value-data=0x12482eb4
[qbdi-host] native-metadata stage=new-string-call site=0x99f10 value=headers_id
[qbdi-host] native-metadata stage=new-string-return site=0x99f14 object=0x49cb9cb5
[qbdi-host] native-metadata stage=new-string-call site=0x99de8 value=9
[qbdi-host] native-metadata stage=new-string-return site=0x99dec object=0x55322aab
[qbdi-host] native-metadata stage=map-put-call map=0x10f7f7de key=0x49cb9cb5 value=0x55322aab
[qbdi-host] native-metadata stage=builder-entry arg0=0xe4fff3c4 arg1=0xfffe1640 arg2=0x10f7f7de key-data=0x12482ed0 value-data=0x12482ea0
[qbdi-host] native-metadata stage=new-string-call site=0x99f10 value=adj_signing_id
[qbdi-host] native-metadata stage=new-string-return site=0x99f14 object=0x2b4c1d96
[qbdi-host] native-metadata stage=new-string-call site=0x99de8 value=1400000
[qbdi-host] native-metadata stage=new-string-return site=0x99dec object=0x45fd9a4d
[qbdi-host] native-metadata stage=map-put-call map=0x10f7f7de key=0x2b4c1d96 value=0x45fd9a4d
[qbdi-host] native-metadata stage=builder-entry arg0=0xe4fff3c4 arg1=0xfffe1640 arg2=0x10f7f7de key-data=0x12482eb8 value-data=0x12482ec8
[qbdi-host] native-metadata stage=new-string-call site=0x99f10 value=native_version
[qbdi-host] native-metadata stage=new-string-return site=0x99f14 object=0x50468873
[qbdi-host] native-metadata stage=new-string-call site=0x99de8 value=3.67.0
[qbdi-host] native-metadata stage=new-string-return site=0x99dec object=0x146587a2
[qbdi-host] native-metadata stage=map-put-call map=0x10f7f7de key=0x50468873 value=0x146587a2
[qbdi-host] native-metadata stage=builder-entry arg0=0xe4fff3c4 arg1=0xfffe1640 arg2=0x10f7f7de key-data=0x12482ee0 value-data=0x12482eec
[qbdi-host] native-metadata stage=new-string-call site=0x99f10 value=algorithm
[qbdi-host] native-metadata stage=new-string-return site=0x99f14 object=0x5f0e9815
[qbdi-host] native-metadata stage=new-string-call site=0x99de8 value=adj8
[qbdi-host] native-metadata stage=new-string-return site=0x99dec object=0x76884e4b
[qbdi-host] native-metadata stage=map-put-call map=0x10f7f7de key=0x5f0e9815 value=0x76884e4b
