[main]V/signer: Signing all the parameters begin: 2025-10-09T04:53:20.123Z-0400
[qbdi-host] native-metadata stage=on-resume-flag-set context=unidbg@0xe4fff3d8 flags=0x41183fffffd1e
[qbdi-host] native-metadata stage=builder-entry arg0=0xe4fff3d4 arg1=0xfffe1640 arg2=0x13d4992d key-data=0x12482ea8 value-data=0x12482eb4
[qbdi-host] native-metadata stage=new-string-call site=0x99f10 value=headers_id
[qbdi-host] native-metadata stage=new-string-return site=0x99f14 object=0x535779e4
[qbdi-host] native-metadata stage=new-string-call site=0x99de8 value=9
[qbdi-host] native-metadata stage=new-string-return site=0x99dec object=0x53fd0d10
[qbdi-host] native-metadata stage=map-put-call map=0x13d4992d key=0x535779e4 value=0x53fd0d10
[qbdi-host] native-metadata stage=builder-entry arg0=0xe4fff3d4 arg1=0xfffe1640 arg2=0x13d4992d key-data=0x12482ed0 value-data=0x12482ea0
[qbdi-host] native-metadata stage=new-string-call site=0x99f10 value=adj_signing_id
[qbdi-host] native-metadata stage=new-string-return site=0x99f14 object=0x6c0d9d86
[qbdi-host] native-metadata stage=new-string-call site=0x99de8 value=1400000
[qbdi-host] native-metadata stage=new-string-return site=0x99dec object=0x4ce1d6d0
[qbdi-host] native-metadata stage=map-put-call map=0x13d4992d key=0x6c0d9d86 value=0x4ce1d6d0
[qbdi-host] native-metadata stage=builder-entry arg0=0xe4fff3d4 arg1=0xfffe1640 arg2=0x13d4992d key-data=0x12482eb8 value-data=0x12482ec8
[qbdi-host] native-metadata stage=new-string-call site=0x99f10 value=native_version
[qbdi-host] native-metadata stage=new-string-return site=0x99f14 object=0x24111ef1
[qbdi-host] native-metadata stage=new-string-call site=0x99de8 value=3.67.0
[qbdi-host] native-metadata stage=new-string-return site=0x99dec object=0x1f3f02ee
[qbdi-host] native-metadata stage=map-put-call map=0x13d4992d key=0x24111ef1 value=0x1f3f02ee
[qbdi-host] native-metadata stage=builder-entry arg0=0xe4fff3d4 arg1=0xfffe1640 arg2=0x13d4992d key-data=0x12482ee0 value-data=0x12482eec
[qbdi-host] native-metadata stage=new-string-call site=0x99f10 value=algorithm
[qbdi-host] native-metadata stage=new-string-return site=0x99f14 object=0x1fde5d22
[qbdi-host] native-metadata stage=new-string-call site=0x99de8 value=adj8
[qbdi-host] native-metadata stage=new-string-return site=0x99dec object=0x5dcb4f5f
[qbdi-host] native-metadata stage=map-put-call map=0x13d4992d key=0x1fde5d22 value=0x5dcb4f5f
[main]V/signer: Signing all the parameters end  : 2025-10-09T04:53:20.123Z-0400
