--- 18 32 0x11
>>> x0=0xfffe1640(-125376) x1=0x14bdbc74 x2=0x2c5b4190 x3=0x12591ac8 x4=0x0 x5=0xe5088f588126a7c3 x6=0xcab88adc458b06e2 x7=0x8dd1a8c9624d2ddc x8=0xfffe0270 x9=0x8bf683981de07804 x10=0x8bf683981de07804 x11=0x5cdd6a785d13a1d0 x12=0xca7e4085479d0b8d x13=0xc7073984675dd38e x14=0xbef96ee129655b72
>>> x15=0xb3de1cae17ecc375 x16=0xb332d9978eb5e320 x17=0xb1e7a1505df33abd x18=0x12229f50 x19=0x60abb7c30996edbd x20=0x12591ac8 x21=0xfffe1640 x22=0x0 x23=0xfffe1640 x24=0x2c5b4190 x25=0xfffe1640 x26=0xc4313302219bf789 x27=0x8bf59466a4a7d70a x28=0x869fb1721e471801 fp=0xe4ffef10
>>> q0=0x6e69727453746567(7.358764061799372E223) q1=0x676e616c2f6176616a4c293b676e6972(1.1036620799261696E204, 1.692010343618467E190) q2=0x646d626f2c627562694f2a38646d6a71(1.8636880011653989E199, 5.814145900946195E175) q3=0x3030303030303030303030303030303(3.7209743448696E-294, 3.7209743448696E-294) q4=0x10000000000000001(4.9E-324, 4.9E-324) q5=0x40000000000000004(2.0E-323, 2.0E-323) q6=0x20000000000000002(1.0E-323, 1.0E-323) q7=0x510000000000000051(4.0E-322, 4.0E-322) q8=0x303030303030303(3.7209743448696E-294) q9=0xb6b6b6b6b6b6b6b6(-3.978588581063402E-45) q10=0x1a1a1a1a1a1a1a1a(6.14293298947794E-183) q11=0x2828282828282828(3.0654356309538037E-115) q12=0x0(0.0) q13=0x0(0.0) q14=0x0(0.0) q15=0x0(0.0)
>>> q16=0x30510000000000002051(4.0874E-320, 6.111E-320) q17=0x0(0.0) q18=0x30510000000000002051(4.0874E-320, 6.111E-320) q19=0x0(0.0) q20=0x0(0.0) q21=0x0(0.0) q22=0x0(0.0) q23=0x0(0.0) q24=0x0(0.0) q25=0x0(0.0) q26=0x0(0.0) q27=0x0(0.0) q28=0x0(0.0) q29=0x0(0.0) q30=0x0(0.0) q31=0x0(0.0)
LR=RX@0x124014fc[libsigner.so]0xc14fc
SP=0xe4ffee80
PC=unidbg@0xfffe0274
nzcv: N=0, Z=1, C=1, V=0, EL0, use SP_EL0
    [Arm64Svc     0x000270] [c12300d4] 0xfffe0270: "svc #0x11e"
=> *[Arm64Svc    *0x000274]*[c0035fd6]*0xfffe0274:*"ret"

api=18 inputLength=32 inputByte=0x11 resultLength=-1 sha256=null algorithm=null
--- 22 32 0x11
>>> x0=0xfffe1640(-125376) x1=0x14bdbc74 x2=0x2c5b4190 x3=0x12591ac8 x4=0x0 x5=0xe5088f588126a7c3 x6=0xcab88adc458b06e2 x7=0x8dd1a8c9624d2ddc x8=0xfffe0270 x9=0x8bf683981de07804 x10=0x8bf683981de07804 x11=0x5cdd6a785d13a1d0 x12=0xca7e4085479d0b8d x13=0xc7073984675dd38e x14=0xbef96ee129655b72
>>> x15=0xb3de1cae17ecc375 x16=0xb332d9978eb5e320 x17=0xb1e7a1505df33abd x18=0x12229f50 x19=0x60abb7c30996edbd x20=0x12591ac8 x21=0xfffe1640 x22=0x0 x23=0xfffe1640 x24=0x2c5b4190 x25=0xfffe1640 x26=0xc4313302219bf789 x27=0x8bf59466a4a7d70a x28=0x869fb1721e471801 fp=0xe4ffef10
>>> q0=0x6e69727453746567(7.358764061799372E223) q1=0x676e616c2f6176616a4c293b676e6972(1.1036620799261696E204, 1.692010343618467E190) q2=0x646d626f2c627562694f2a38646d6a71(1.8636880011653989E199, 5.814145900946195E175) q3=0x3030303030303030303030303030303(3.7209743448696E-294, 3.7209743448696E-294) q4=0x10000000000000001(4.9E-324, 4.9E-324) q5=0x40000000000000004(2.0E-323, 2.0E-323) q6=0x20000000000000002(1.0E-323, 1.0E-323) q7=0x510000000000000051(4.0E-322, 4.0E-322) q8=0x303030303030303(3.7209743448696E-294) q9=0xb6b6b6b6b6b6b6b6(-3.978588581063402E-45) q10=0x1a1a1a1a1a1a1a1a(6.14293298947794E-183) q11=0x2828282828282828(3.0654356309538037E-115) q12=0x0(0.0) q13=0x0(0.0) q14=0x0(0.0) q15=0x0(0.0)
>>> q16=0x30510000000000002051(4.0874E-320, 6.111E-320) q17=0x0(0.0) q18=0x30510000000000002051(4.0874E-320, 6.111E-320) q19=0x0(0.0) q20=0x0(0.0) q21=0x0(0.0) q22=0x0(0.0) q23=0x0(0.0) q24=0x0(0.0) q25=0x0(0.0) q26=0x0(0.0) q27=0x0(0.0) q28=0x0(0.0) q29=0x0(0.0) q30=0x0(0.0) q31=0x0(0.0)
LR=RX@0x124014fc[libsigner.so]0xc14fc
SP=0xe4ffee80
PC=unidbg@0xfffe0274
nzcv: N=0, Z=1, C=1, V=0, EL0, use SP_EL0
    [Arm64Svc     0x000270] [c12300d4] 0xfffe0270: "svc #0x11e"
=> *[Arm64Svc    *0x000274]*[c0035fd6]*0xfffe0274:*"ret"

api=22 inputLength=32 inputByte=0x11 resultLength=-1 sha256=null algorithm=null
--- 23 32 0x11
loaded libsigner.so base=0x12340000 size=0x148000
api=23 inputLength=32 inputByte=0x11 resultLength=176 sha256=079d8e74bf5c4dc60df9647a4ebd67cc3d955528cb2d0d01d66b2c2e0e50d1c0 algorithm=adj8
--- 36 32 0x11
loaded libsigner.so base=0x12340000 size=0x148000
api=36 inputLength=32 inputByte=0x11 resultLength=176 sha256=8a7834525f661829a655c2e1ee76b34a5299dff38307dc35201db9f8700e6b7c algorithm=adj8
--- 36 0 0x00
loaded libsigner.so base=0x12340000 size=0x148000
api=36 inputLength=0 inputByte=0x00 resultLength=176 sha256=295f862aad9a3efc83b68ec3f9d6954763574426997838b8d6b20ce4143e6793 algorithm=adj8
--- 36 16 0x11
loaded libsigner.so base=0x12340000 size=0x148000
api=36 inputLength=16 inputByte=0x11 resultLength=176 sha256=b9eebe8eccdfa90b83c382344372e67a386f18de03adcfef4142aac9b687acb6 algorithm=adj8
--- 36 32 0x22
loaded libsigner.so base=0x12340000 size=0x148000
api=36 inputLength=32 inputByte=0x22 resultLength=176 sha256=07cb27cae21667e24c375154b08c5fb83b92c778c33bf00f0796653d70de69fb algorithm=adj8
--- 36 64 0x11
loaded libsigner.so base=0x12340000 size=0x148000
api=36 inputLength=64 inputByte=0x11 resultLength=176 sha256=98fbf79a28183a8896c799f14290e7eca9df18da0cf9f443e9a18a2caf67cfdf algorithm=adj8
