[qbdi-reference] hooks installed
[qbdi-reference] libsigner.so loaded base=0x7597a28000 size=1339392
[qbdi-reference] import syscall module=/apex/com.android.runtime/lib64/bionic/libc.so address=0x78ced21840 slot=undefined
[qbdi-reference] import clock_gettime module=/apex/com.android.runtime/lib64/bionic/libc.so address=0x78ced17410 slot=undefined
[qbdi-reference] import read module=/apex/com.android.runtime/lib64/bionic/libc.so address=0x78ced5f980 slot=undefined
[qbdi-reference] import rand module=/apex/com.android.runtime/lib64/bionic/libc.so address=0x78ced0e910 slot=undefined
[qbdi-reference] import time module=/apex/com.android.runtime/lib64/bionic/libc.so address=0x78ced17530 slot=undefined
[qbdi-reference] import srand module=/apex/com.android.runtime/lib64/bionic/libc.so address=0x78ced0e930 slot=undefined
[qbdi-reference] import gettimeofday module=/apex/com.android.runtime/lib64/bionic/libc.so address=0x78ced174d0 slot=undefined
[qbdi-reference] import getpid module=/apex/com.android.runtime/lib64/bionic/libc.so address=0x78cecffd60 slot=undefined
[qbdi-reference] import getauxval module=/apex/com.android.runtime/lib64/bionic/libc.so address=0x78ced21f60 slot=undefined
[qbdi-reference] Java_com_adjust_sdk_sig_NativeLibHelper_nOnResume enter thread=31864
[qbdi-reference] syscall getpid fixed=4242
[qbdi-reference] access path=/proc/4242/status result=0xffffffffffffffff
[qbdi-reference] getpid actual=31864 fixed=4242
[qbdi-reference] timer_create args=0x1,0x7ff868d1f0,0x7597b6eb28,0x95de285d491e8ca0 result=0
[qbdi-reference] timer_settime args=0xb40000769c154690,0x0,0x7ff868d190,0x0 result=0
[qbdi-reference] Java_com_adjust_sdk_sig_NativeLibHelper_nOnResume leave result=0x0
[qbdi-reference] NativeLibHelper.nSign enter thread=31864
[qbdi-reference] nSign-input-native bytes=62876b08dac9ca39bd9d4761388f59ac65fb36a1b539d7f5fff140ef19fcbf5f
[qbdi-reference] Java_com_adjust_sdk_sig_NativeLibHelper_nOnResume enter thread=31864
[qbdi-reference] Java_com_adjust_sdk_sig_NativeLibHelper_nOnResume leave result=0x9968646d3b15f4ff
[qbdi-reference] clock_gettime clock=0 fixed=1760000000.123000000
[qbdi-reference] read fd=114 requested=24 result=24 bytes=747a64617461323032356200000000180000795c00063cb5
[qbdi-reference] clock_gettime clock=6 fixed=1760000000.123000000
[qbdi-reference] clock_gettime clock=0 fixed=1760000000.123000000
[qbdi-reference] getuid=10513
[qbdi-reference] clock_gettime clock=0 fixed=1760000000.123000000
[qbdi-reference] access path=/dev/urandom result=0x0
[qbdi-reference] syscall openat /dev/urandom fd=114
[qbdi-reference] read fd=114 /dev/urandom fixed=0001020304050607
[qbdi-reference] clock_gettime clock=7 fixed=1760000000.123000000
[qbdi-reference] clock_gettime clock=-254914 fixed=1760000000.123000000
[qbdi-reference] clock_gettime clock=-254914 fixed=1760000000.123000000
[qbdi-reference] clock_gettime clock=-254914 fixed=1760000000.123000000
[qbdi-reference] clock_gettime clock=-254914 fixed=1760000000.123000000
[qbdi-reference] syscall number=113 result=0x0
[qbdi-reference] access path=/proc/net/tcp result=0xffffffffffffffff
[qbdi-reference] access path=/dev/__properties__/property_info result=0x0
[qbdi-reference] syscall number=56 result=0x72
[qbdi-reference] access path=/dev/__properties__/u:object_r:bootloader_boot_reason_prop:s0 result=0xffffffffffffffff
[qbdi-reference] access path=/dev/__properties__/u:object_r:build_odm_prop:s0 result=0x0
[qbdi-reference] __system_property_get ro.product.manufacturer=Google
[qbdi-reference] access path=/dev/__properties__/u:object_r:build_odm_prop:s0 result=0x0
[qbdi-reference] __system_property_get ro.product.model=Pixel 8
[qbdi-reference] access path=/dev/__properties__/u:object_r:build_odm_prop:s0 result=0x0
[qbdi-reference] __system_property_get ro.product.device=shiba
[qbdi-reference] access path=/dev/__properties__/u:object_r:build_odm_prop:s0 result=0x0
[qbdi-reference] __system_property_get ro.build.display.id=CP1A.260505.005
[qbdi-reference] access path=/dev/__properties__/u:object_r:build_odm_prop:s0 result=0x0
[qbdi-reference] __system_property_get ro.product.name=shiba
[qbdi-reference] access path=/dev/__properties__/u:object_r:build_odm_prop:s0 result=0x0
[qbdi-reference] __system_property_get ro.build.host=aa64758413cd
[qbdi-reference] access path=/dev/__properties__/u:object_r:fingerprint_ghbm_prop:s0 result=0xffffffffffffffff
[qbdi-reference] access path=/dev/__properties__/u:object_r:build_odm_prop:s0 result=0x0
[qbdi-reference] __system_property_get ro.build.type=user
[qbdi-reference] access path=/dev/__properties__/u:object_r:build_odm_prop:s0 result=0x0
[qbdi-reference] __system_property_get ro.product.brand=google
[qbdi-reference] access path=/dev/__properties__/u:object_r:build_odm_prop:s0 result=0x0
[qbdi-reference] __system_property_get ro.build.user=android-build
[qbdi-reference] access path=/dev/__properties__/u:object_r:bootloader_boot_reason_prop:s0 result=0xffffffffffffffff
[qbdi-reference] access path=/dev/__properties__/u:object_r:build_odm_prop:s0 result=0x0
[qbdi-reference] __system_property_get ro.product.cpu.abilist=arm64-v8a
[qbdi-reference] access path=/dev/socket/qemud result=0xffffffffffffffff
[qbdi-reference] access path=/dev/qemu_pipe result=0xffffffffffffffff
[qbdi-reference] access path=/dev/socket/genyd result=0xffffffffffffffff
[qbdi-reference] access path=/dev/socket/baseband_genyd result=0xffffffffffffffff
[qbdi-reference] access path=/system/lib/libc_malloc_debug_qemu.so result=0xffffffffffffffff
[qbdi-reference] access path=/sys/qemu_trace result=0xffffffffffffffff
[qbdi-reference] access path=/system/bin/qemu-props result=0xffffffffffffffff
[qbdi-reference] access path=/system/bin/qemud result=0xffffffffffffffff
[qbdi-reference] access path=ueventd.android_x86.rc result=0xffffffffffffffff
[qbdi-reference] access path=x86.prop result=0xffffffffffffffff
[qbdi-reference] access path=ueventd.ttVM_x86.rc result=0xffffffffffffffff
[qbdi-reference] access path=init.ttVM_x86.rc result=0xffffffffffffffff
[qbdi-reference] access path=fstab.ttVM_x86 result=0xffffffffffffffff
[qbdi-reference] access path=fstab.vbox86 result=0xffffffffffffffff
[qbdi-reference] access path=init.vbox86.rc result=0xffffffffffffffff
[qbdi-reference] access path=ueventd.vbox86.rc result=0xffffffffffffffff
[qbdi-reference] access path=fstab.andy result=0xffffffffffffffff
[qbdi-reference] access path=ueventd.andy.rc result=0xffffffffffffffff
[qbdi-reference] access path=fstab.nox result=0xffffffffffffffff
[qbdi-reference] access path=init.nox.rc result=0xffffffffffffffff
[qbdi-reference] access path=ueventd.nox.rc result=0xffffffffffffffff
[qbdi-reference] access path=/proc/tty/drivers result=0xffffffffffffffff
[qbdi-reference] access path=/proc/cpuinfo result=0x0
[qbdi-reference] syscall number=56 result=0x72
[qbdi-reference] syscall number=63 result=0x801
[qbdi-reference] access path=/proc/version result=0xffffffffffffffff
[qbdi-reference] __system_property_get init.svc.qemud=
[qbdi-reference] __system_property_get init.svc.qemud-props=
[qbdi-reference] access path=/dev/__properties__/u:object_r:provisioned_prop:s0 result=0xffffffffffffffff
[qbdi-reference] __system_property_get qemu.sf.fake.camera=
[qbdi-reference] __system_property_get qemu.sf.lcd.density=
[qbdi-reference] __system_property_get ro.kernel.android.qemud=
[qbdi-reference] __system_property_get ro.kernel.qemu.gles=
[qbdi-reference] syscall number=198 result=0x72
[qbdi-reference] connect fd=114 address=unix:/dev/socket/logdw result=0
[qbdi-reference] clock_gettime clock=0 fixed=1760000000.123000000
[qbdi-reference] __system_property_get ro.boot.serialno=
[qbdi-reference] access path=/dev/__properties__/u:object_r:bootloader_boot_reason_prop:s0 result=0xffffffffffffffff
[qbdi-reference] access path=/dev/__properties__/u:object_r:build_odm_prop:s0 result=0x0
[qbdi-reference] __system_property_get ro.build.host=aa64758413cd
[qbdi-reference] access path=/dev/__properties__/u:object_r:bootloader_boot_reason_prop:s0 result=0xffffffffffffffff
[qbdi-reference] access path=/dev/__properties__/u:object_r:bootloader_boot_reason_prop:s0 result=0xffffffffffffffff
[qbdi-reference] access path=/dev/__properties__/u:object_r:build_odm_prop:s0 result=0x0
[qbdi-reference] __system_property_get ro.product.manufacturer=Google
[qbdi-reference] access path=/dev/__properties__/u:object_r:build_odm_prop:s0 result=0x0
[qbdi-reference] __system_property_get ro.product.model=Pixel 8
[qbdi-reference] access path=/dev/__properties__/u:object_r:build_odm_prop:s0 result=0x0
[qbdi-reference] __system_property_get ro.product.brand=google
[qbdi-reference] access path=/dev/__properties__/u:object_r:build_odm_prop:s0 result=0x0
[qbdi-reference] __system_property_get ro.product.device=shiba
[qbdi-reference] access path=/dev/__properties__/u:object_r:build_prop:s0 result=0x0
[qbdi-reference] __system_property_get ro.product.board=shiba
[qbdi-reference] access path=/dev/__properties__/u:object_r:build_odm_prop:s0 result=0x0
[qbdi-reference] __system_property_get ro.product.name=shiba
[qbdi-reference] __system_property_get ro.product.user=
[qbdi-reference] access path=/dev/__properties__/u:object_r:fingerprint_ghbm_prop:s0 result=0xffffffffffffffff
[qbdi-reference] access path=/dev/__properties__/u:object_r:exported_config_prop:s0 result=0x0
[qbdi-reference] __system_property_get ro.kernel.qemu=
[qbdi-reference] access path=/dev/__properties__/u:object_r:build_attestation_prop:s0 result=0xffffffffffffffff
[qbdi-reference] __system_property_get ro.brand=
[qbdi-reference] __system_property_get ro.device=
[qbdi-reference] access path=/dev/__properties__/u:object_r:build_odm_prop:s0 result=0x0
[qbdi-reference] __system_property_get ro.build.characteristics=nosdcard
[qbdi-reference] access path=/dev/__properties__/u:object_r:userdata_alias_remove_prop:s0 result=0xffffffffffffffff
[qbdi-reference] syscall number=198 result=0x72
[qbdi-reference] connect fd=114 address=unix:/dev/socket/logdw result=0
[qbdi-reference] clock_gettime clock=0 fixed=1760000000.123000000
[qbdi-reference] __system_property_get ro.serialno=
[qbdi-reference] access path=/dev/__properties__/u:object_r:build_odm_prop:s0 result=0x0
[qbdi-reference] __system_property_get ro.system.build.type=user
[qbdi-reference] access path=/dev/__properties__/u:object_r:build_odm_prop:s0 result=0x0
[qbdi-reference] __system_property_get ro.product.manufacturer=Google
[qbdi-reference] access path=/dev/__properties__/u:object_r:build_prop:s0 result=0x0
[qbdi-reference] __system_property_get ro.product.vendor.manufacturer=Google
[qbdi-reference] access path=/dev/__properties__/u:object_r:build_odm_prop:s0 result=0x0
[qbdi-reference] __system_property_get ro.product.manufacturer=Google
[qbdi-reference] access path=/dev/__properties__/u:object_r:build_prop:s0 result=0x0
[qbdi-reference] __system_property_get ro.product.vendor.manufacturer=Google
[qbdi-reference] access path=/dev/__properties__/u:object_r:build_odm_prop:s0 result=0x0
[qbdi-reference] __system_property_get ro.product.model=Pixel 8
[qbdi-reference] access path=/dev/__properties__/u:object_r:build_prop:s0 result=0x0
[qbdi-reference] __system_property_get ro.product.vendor.model=Pixel 8
[qbdi-reference] access path=/dev/__properties__/u:object_r:build_odm_prop:s0 result=0x0
[qbdi-reference] __system_property_get ro.build.display.id=CP1A.260505.005
[qbdi-reference] __system_property_get ro.boot.qemu.gltransport.name=
[qbdi-reference] __system_property_get ro.boot.qemu.hwcodec.avcdec=
[qbdi-reference] __system_property_get ro.kernel.mac80211_hwsim.channels=
[qbdi-reference] __system_property_get init.svc.qemu-adb-setup=
[qbdi-reference] syscall number=198 result=0x72
[qbdi-reference] connect fd=114 address=unix:/dev/socket/logdw result=0
[qbdi-reference] clock_gettime clock=0 fixed=1760000000.123000000
[qbdi-reference] __system_property_get vendor.qemu.timezone=
[qbdi-reference] __system_property_get ro.kernel.qemu.gltransport=
[qbdi-reference] __system_property_get ro.kernel.qemu.settings.system.screen_off_timeout=
[qbdi-reference] access path=/dev/__properties__/u:object_r:exported_config_prop:s0 result=0x0
[qbdi-reference] __system_property_get ro.hardware.power=
[qbdi-reference] __system_property_get qemu.networknamespace=
[qbdi-reference] __system_property_get init.svc.goldfish-logcat=
[qbdi-reference] __system_property_get ro.kernel.qemu.uirenderer=
[qbdi-reference] __system_property_get ro.boot.qemu.gltransport.drawFlushInterval=
[qbdi-reference] __system_property_get ro.adb.qemud=
[qbdi-reference] syscall number=198 result=0x72
[qbdi-reference] connect fd=114 address=unix:/dev/socket/logdw result=0
[qbdi-reference] clock_gettime clock=0 fixed=1760000000.123000000
[qbdi-reference] __system_property_get vendor.qemu.vport.bluetooth=
[qbdi-reference] __system_property_get qemu.cmdline=
[qbdi-reference] access path=/dev/__properties__/u:object_r:build_prop:s0 result=0x0
[qbdi-reference] __system_property_get ro.product.board=shiba
[qbdi-reference] __system_property_get ro.boot.qemu.camera_hq_edge_processing=
[qbdi-reference] __system_property_get ro.kernel.qemu.encrypt=
[qbdi-reference] __system_property_get ro.boot.qemu.avd_name=
[qbdi-reference] __system_property_get init.svc.qemu-props-bootcomplete=
[qbdi-reference] syscall number=198 result=0x72
[qbdi-reference] connect fd=114 address=unix:/dev/socket/logdw result=0
[qbdi-reference] clock_gettime clock=0 fixed=1760000000.123000000
[qbdi-reference] __system_property_get vendor.qemu.sf.fake_camera=
[qbdi-reference] __system_property_get qemu.gles=
[qbdi-reference] __system_property_get qemu.timezone=
[qbdi-reference] __system_property_get init.svc.goldfish-setup=
[qbdi-reference] __system_property_get ro.kernel.qemu.camera_hq_edge_processing=
[qbdi-reference] access path=/dev/__properties__/u:object_r:exported_config_prop:s0 result=0x0
[qbdi-reference] __system_property_get ro.hardware.egl=mali
[qbdi-reference] __system_property_get init.svc.qemu-props=
[qbdi-reference] __system_property_get ro.boot.qemu.cpuvulkan.version=
[qbdi-reference] __system_property_get ro.kernel.qemu.wifi=
[qbdi-reference] __system_property_get ro.kernel.qemu.gltransport.drawFlushInterval=
[qbdi-reference] __system_property_get ro.kernel.qemu.dalvik.vm.heapsize=
[qbdi-reference] __system_property_get ro.kernel.qemu.camera_protocol_ver=
[qbdi-reference] syscall number=198 result=0x72
[qbdi-reference] connect fd=114 address=unix:/dev/socket/logdw result=0
[qbdi-reference] clock_gettime clock=0 fixed=1760000000.123000000
[qbdi-reference] __system_property_get vendor.qemu.dev.bootcomplete=
[qbdi-reference] __system_property_get init.svc.ranchu-net=
[qbdi-reference] __system_property_get init.svc.qemu-adb-keys=
[qbdi-reference] __system_property_get ro.kernel.qemu.avd_name=
[qbdi-reference] syscall number=198 result=0x72
[qbdi-reference] connect fd=114 address=unix:/dev/socket/logdw result=0
[qbdi-reference] clock_gettime clock=0 fixed=1760000000.123000000
[qbdi-reference] __system_property_get vendor.qemu.vport.modem=
[qbdi-reference] __system_property_get qemu.adb.secure=
[qbdi-reference] __system_property_get init.svc.android-hardware-media-c2-goldfish-hal-1-0=
[qbdi-reference] __system_property_get ro.boot.qemu.virtiowifi=
[qbdi-reference] __system_property_get ro.kernel.qemu.vsync=
[qbdi-reference] access path=/dev/__properties__/u:object_r:qemu_hw_prop:s0 result=0xffffffffffffffff
[qbdi-reference] __system_property_get init.svc.ranchu-setup=
[qbdi-reference] __system_property_get ro.qemu.initrc=
[qbdi-reference] __system_property_get ro.boot.qemu.hwcodec.hevcdec=
[qbdi-reference] __system_property_get ro.boot.qemu.camera_protocol_ver=
[qbdi-reference] access path=/dev/__properties__/u:object_r:snapuserd_prop:s0 result=0xffffffffffffffff
[qbdi-reference] __system_property_get qemu.sf.fake_camera=
[qbdi-reference] __system_property_get ro.kernel.qemu.opengles.version=
[qbdi-reference] access path=/dev/__properties__/u:object_r:bootloader_boot_reason_prop:s0 result=0xffffffffffffffff
[qbdi-reference] __system_property_get ro.boot.qemu.vsync=
[qbdi-reference] __system_property_get ro.boot.qemu.settings.system.screen_off_timeout=
[qbdi-reference] access path=/dev/__properties__/u:object_r:snapuserd_prop:s0 result=0xffffffffffffffff
[qbdi-reference] __system_property_get qemu.logcat=
[qbdi-reference] access path=/sys/devices/virtual/dmi/id/product_name result=0xffffffffffffffff
[qbdi-reference] access path=/sys/devices/virtual/dmi/id/sys_vendor result=0xffffffffffffffff
[qbdi-reference] access path=/system/bin/microvirtd result=0xffffffffffffffff
[qbdi-reference] access path=/system/etc/init.microvirt.sh result=0xffffffffffffffff
[qbdi-reference] access path=/system/bin/memud result=0xffffffffffffffff
[qbdi-reference] access path=/system/bin/emud result=0xffffffffffffffff
[qbdi-reference] access path=/system/lib/memuguest.ko result=0xffffffffffffffff
[qbdi-reference] access path=/system/lib.memuguest.ko result=0xffffffffffffffff
[qbdi-reference] access path=/system/build.prop result=0xffffffffffffffff
[qbdi-reference] clock_gettime clock=1 fixed=1760000000.123000000
[qbdi-reference] clock_gettime clock=7 fixed=1760000000.123000000
[qbdi-reference] clock_gettime clock=1 fixed=1760000000.123000000
[qbdi-reference] clock_gettime clock=1 fixed=1760000000.123000000
[qbdi-reference] clock_gettime clock=1 fixed=1760000000.123000000
[qbdi-reference] clock_gettime clock=7 fixed=1760000000.123000000
[qbdi-reference] getuid=10513
[qbdi-reference] clock_gettime clock=1 fixed=1760000000.123000000
[qbdi-reference] clock_gettime clock=7 fixed=1760000000.123000000
[qbdi-reference] clock_gettime clock=7 fixed=1760000000.123000000
[qbdi-reference] clock_gettime clock=-254914 fixed=1760000000.123000000
[qbdi-reference] clock_gettime clock=-254914 fixed=1760000000.123000000
[qbdi-reference] clock_gettime clock=7 fixed=1760000000.123000000
[qbdi-reference] clock_gettime clock=-254914 fixed=1760000000.123000000
[qbdi-reference] clock_gettime clock=-254914 fixed=1760000000.123000000
[qbdi-reference] clock_gettime clock=7 fixed=1760000000.123000000
[qbdi-reference] access path=/proc/self/cmdline result=0x0
[qbdi-reference] syscall number=56 result=0x72
[qbdi-reference] syscall number=63 result=0x63
[qbdi-reference] clock_gettime clock=7 fixed=1760000000.123000000
[qbdi-reference] access path=/proc/self/maps result=0x0
[qbdi-reference] fopen path=/proc/self/maps result=0xb4000077fc0ed0e8
[qbdi-reference] access path=/data/app/~~7_posD2Xt1__e0e3j-WT5Q==/local.qbdi.adjustreference-g0OvN03MKCT_ocLhy-EC4Q==/base.apk result=0x0
[qbdi-reference] fopen path=/data/app/~~7_posD2Xt1__e0e3j-WT5Q==/local.qbdi.adjustreference-g0OvN03MKCT_ocLhy-EC4Q==/base.apk result=0xb4000077fc0ed0e8
[qbdi-reference] fread size=4 requested=1 result=1 bytes=504b0506
[qbdi-reference] fread size=4 requested=1 result=1 bytes=00d0a200
[qbdi-reference] fread size=4 requested=1 result=1 bytes=504b0102
[qbdi-reference] fread size=16 requested=1 result=1 bytes=41504b2053696720426c6f636b203432
[qbdi-reference] fread size=8 requested=1 result=1 bytes=f80f000000000000
[qbdi-reference] fread size=8 requested=1 result=1 bytes=f80f000000000000
[qbdi-reference] fread size=8 requested=1 result=1 bytes=a705000000000000
[qbdi-reference] fread size=4 requested=1 result=1 bytes=1a870971
[qbdi-reference] fread size=4 requested=1 result=1 bytes=9f050000
[qbdi-reference] fread size=4 requested=1 result=1 bytes=9b050000
[qbdi-reference] fread size=4 requested=1 result=1 bytes=5d030000
[qbdi-reference] fread size=4 requested=1 result=1 bytes=2c000000
[qbdi-reference] fread size=4 requested=1 result=1 bytes=28000000
[qbdi-reference] fread size=4 requested=1 result=1 bytes=03010000
[qbdi-reference] fread size=4 requested=1 result=1 bytes=20000000
[qbdi-reference] fread size=32 requested=1 result=1 bytes=4803051dbb35f1fa07b650fa2ce6884ba58813a0653b0cbc65494e5db4a109cb
[qbdi-reference] fread size=4 requested=1 result=1 bytes=15030000
[qbdi-reference] fread size=4 requested=1 result=1 bytes=11030000
[qbdi-reference] fread size=785 requested=1 result=1 bytes=3082030d308201f5a003020102020405551aab300d06092a864886f70d01010b05003036310b300906035504061302434e310e300c060355040a13054c6f6361
[qbdi-reference] fread size=4 requested=1 result=1 bytes=0c000000
[qbdi-reference] fread size=4 requested=1 result=1 bytes=08000000
[qbdi-reference] fread size=4 requested=1 result=1 bytes=0df0efbe
[qbdi-reference] fread size=4 requested=1 result=1 bytes=03000000
[qbdi-reference] fread size=4 requested=1 result=1 bytes=0c010000
[qbdi-reference] fread size=4 requested=1 result=1 bytes=08010000
[qbdi-reference] fread size=4 requested=1 result=1 bytes=03010000
[qbdi-reference] fread size=4 requested=1 result=1 bytes=00010000
[qbdi-reference] fread size=256 requested=1 result=1 bytes=2d06df810dfb2b5cc0000104420548f7be271c1ea87db8e98aaaf04c8db0b20d8b27b911c6355e4ef78511fc9f820bdd11be56140d992ce7adfe8d83509d9a3e
[qbdi-reference] fread size=4 requested=1 result=1 bytes=26010000
[qbdi-reference] fread size=294 requested=1 result=1 bytes=30820122300d06092a864886f70d01010105000382010f003082010a02820101009743d10ab038aeef218dd3fdf7b58601e0c1fd70accdf34928b69cfca59aad
[qbdi-reference] fread size=8 requested=1 result=1 bytes=a705000000000000
[qbdi-reference] fread size=4 requested=1 result=1 bytes=c06853f0
[qbdi-reference] fread size=4 requested=1 result=1 bytes=9f050000
[qbdi-reference] fread size=4 requested=1 result=1 bytes=9b050000
[qbdi-reference] fread size=4 requested=1 result=1 bytes=55030000
[qbdi-reference] fread size=4 requested=1 result=1 bytes=2c000000
[qbdi-reference] fread size=4 requested=1 result=1 bytes=28000000
[qbdi-reference] fread size=4 requested=1 result=1 bytes=03010000
[qbdi-reference] fread size=4 requested=1 result=1 bytes=20000000
[qbdi-reference] fread size=32 requested=1 result=1 bytes=4803051dbb35f1fa07b650fa2ce6884ba58813a0653b0cbc65494e5db4a109cb
[qbdi-reference] fread size=4 requested=1 result=1 bytes=15030000
[qbdi-reference] fread size=4 requested=1 result=1 bytes=11030000
[qbdi-reference] fread size=785 requested=1 result=1 bytes=3082030d308201f5a003020102020405551aab300d06092a864886f70d01010b05003036310b300906035504061302434e310e300c060355040a13054c6f6361
[qbdi-reference] fread size=4 requested=1 result=1 bytes=18000000
[qbdi-reference] fread size=4 requested=1 result=1 bytes=ffffff7f
[qbdi-reference] fread size=4 requested=1 result=1 bytes=00000000
[qbdi-reference] fread size=4 requested=1 result=1 bytes=18000000
[qbdi-reference] fread size=4 requested=1 result=1 bytes=ffffff7f
[qbdi-reference] fread size=4 requested=1 result=1 bytes=0c010000
[qbdi-reference] fread size=4 requested=1 result=1 bytes=08010000
[qbdi-reference] fread size=4 requested=1 result=1 bytes=03010000
[qbdi-reference] fread size=4 requested=1 result=1 bytes=00010000
[qbdi-reference] fread size=256 requested=1 result=1 bytes=7eb612f72290c6cd3ebc198e01ddec2d7f70a55cf3b53d93087b505011767382176c604d91f14f6ede91899667805b41b06f98c5e7a6553ec879f937d19efcb3
[qbdi-reference] fread size=4 requested=1 result=1 bytes=26010000
[qbdi-reference] fread size=294 requested=1 result=1 bytes=30820122300d06092a864886f70d01010105000382010f003082010a02820101009743d10ab038aeef218dd3fdf7b58601e0c1fd70accdf34928b69cfca59aad
[qbdi-reference] fread size=8 requested=1 result=1 bytes=7a04000000000000
[qbdi-reference] fread size=4 requested=1 result=1 bytes=77657242
[qbdi-reference] fread size=8 requested=1 result=1 bytes=f80f000000000000
[qbdi-reference] fread size=4 requested=1 result=1 bytes=41504b20
[qbdi-reference] fread size=8 requested=1 result=0 bytes=
[qbdi-reference] stat path=/system/lib64/libart.so result=0xffffffffffffffff
[qbdi-reference] stat path=/system/lib64/ld-android.so result=0x0
[qbdi-reference] access path=/dev/__properties__/u:object_r:build_odm_prop:s0 result=0x0
[qbdi-reference] __system_property_get ro.build.version.release=16
[qbdi-reference] access path=/dev/__properties__/u:object_r:build_odm_prop:s0 result=0x0
[qbdi-reference] __system_property_get ro.build.version.sdk=36
[qbdi-reference] access path=/proc/self/maps result=0x0
[qbdi-reference] fopen path=/proc/self/maps result=0xb4000077fc0ed0e8
[qbdi-reference] opendir path=/proc/self/fd forced=ENOENT
[qbdi-reference] socket domain=2 type=1 protocol=0 result=115
[qbdi-reference] socket domain=1 type=524289 protocol=0 result=116
[qbdi-reference] connect fd=116 address=unix:/dev/socket/fwmarkd result=0
[qbdi-reference] recvfrom fd=116 requested=4 result=4 bytes=00000000
[qbdi-reference] clock_gettime clock=1 fixed=1760000000.123000000
[qbdi-reference] clock_gettime clock=1 fixed=1760000000.123000000
[qbdi-reference] socket domain=1 type=524289 protocol=0 result=117
[qbdi-reference] connect fd=117 address=unix:/dev/socket/fwmarkd result=0
[qbdi-reference] recvfrom fd=117 requested=4 result=4 bytes=00000000
[qbdi-reference] connect fd=115 address=inet:127.0.0.1:27042 forced=ECONNREFUSED
[qbdi-reference] socket domain=2 type=1 protocol=0 result=115
[qbdi-reference] socket domain=1 type=524289 protocol=0 result=116
[qbdi-reference] connect fd=116 address=unix:/dev/socket/fwmarkd result=0
[qbdi-reference] recvfrom fd=116 requested=4 result=4 bytes=00000000
[qbdi-reference] clock_gettime clock=1 fixed=1760000000.123000000
[qbdi-reference] clock_gettime clock=1 fixed=1760000000.123000000
[qbdi-reference] socket domain=1 type=524289 protocol=0 result=117
[qbdi-reference] connect fd=117 address=unix:/dev/socket/fwmarkd result=0
[qbdi-reference] recvfrom fd=117 requested=4 result=4 bytes=00000000
[qbdi-reference] connect fd=115 address=inet:127.0.0.1:27042 forced=ECONNREFUSED
[qbdi-reference] time actual=0x6a55dc99 fixed=1760000000
[qbdi-reference] srand actual=1760000000 fixed=1760000000
[qbdi-reference] plaintext-allocation pointer=0xb40000763c12e390 length=155
[qbdi-reference] rand=708751583
[qbdi-reference] rand=286884797
[qbdi-reference] rand=1500726753
[qbdi-reference] rand=2029542795
[qbdi-reference] rand=1992164192
[qbdi-reference] rand=89733111
[qbdi-reference] rand=1363640712
[qbdi-reference] rand=620674713
[qbdi-reference] syscall getpid fixed=4242
[qbdi-reference] access path=/proc/4242/status result=0xffffffffffffffff
[qbdi-reference] set-byte-array-region caller=libsigner.so+0xbd38 length=176 pointer=0xb4000077ec0e2f90 bytes=3b273362218b186a73e7349775b93f1151da6894512660bd1e9809e7c17c3898a2d0c5508f89e6c3022e6c8f7b442797abef7d1d32d8a04d887d2d1bf24b19b1f9ab2e878f79e9e4403f2fbb71ee5609443039c0ce6fc355892096d63e697e9ca2794cf0628c4403e0d6e9e452c356cbf881e5aebd431e2b583b6d923875d3eb9b3b2de520ab291ca72a1f1cd661d6af510d952d14921db3ae61537b5fccc21e45554bf72a6d107816fbbf28ebd8f6f7
[qbdi-reference] clock_gettime clock=0 fixed=1760000000.123000000
[qbdi-reference] clock_gettime clock=0 fixed=1760000000.123000000
[qbdi-reference] getuid=10513
[qbdi-reference] environment-flags hex=40b3b697750000000000000000000000000000000000000000000000000000000000000000000000000000000000000000000000000000000000000000000000
[qbdi-reference] plaintext-at-sign-return hex=b243020a000000c010adde48554302000000000600000090554302000000000000000006000000d05543020000000000000000060000001056430200000000000000000600000048564302000000000000000006000000a0564302000000000000000006000000d0564302000000000000000006000000285743020000000000000000060000005857430200000000000000000000000000000000
[qbdi-reference] NativeLibHelper.nSign leave jobject=0x79050cc36d
[qbdi-reference] syscall getpid fixed=4242
[qbdi-reference] access path=/proc/4242/status result=0xffffffffffffffff
